2025-12-08 08:44:24 | INFO | ================================================================================
2025-12-08 08:44:24 | INFO | KEYSTROKE DYNAMICS - ZERO TRUST TELEHEALTH PLATFORM
2025-12-08 08:44:24 | INFO | ================================================================================
2025-12-08 08:44:24 | INFO | Starting training pipeline...
2025-12-08 08:44:25 | INFO | Loading configuration from: config.yaml
2025-12-08 08:44:25 | INFO | Configuration loaded successfully
2025-12-08 08:44:25 | INFO | Using device: cpu
2025-12-08 08:44:25 | INFO | KeystrokePreprocessor initialized
2025-12-08 08:44:25 | INFO | Loading dataset...
2025-12-08 08:44:25 | INFO | Loading DSL dataset from: Dataset\DSL-StrongPasswordData-Original_Dataset.xls
2025-12-08 08:44:28 | INFO | Loaded dataset: 20400 samples, 34 features
2025-12-08 08:44:28 | INFO | Subjects: 51
2025-12-08 08:44:28 | INFO | Splitting dataset by subject...
2025-12-08 08:44:28 | INFO | Split: Train=12000 (30 subjects), Val=4000 (10 subjects), Test=4400 (11 subjects)
2025-12-08 08:44:28 | INFO | Preprocessing training data...
2025-12-08 08:44:28 | INFO | Running preprocessing pipeline...
2025-12-08 08:44:28 | INFO | Extracting timing features...
2025-12-08 08:44:28 | INFO | Extracted 31 timing features
2025-12-08 08:44:28 | INFO | Feature types: 11 hold, 10 DD, 10 UD
2025-12-08 08:44:28 | INFO | Handling outliers...
2025-12-08 08:44:28 | INFO | Clipped 5530 outlier values
2025-12-08 08:44:28 | INFO | Computing statistical features...
2025-12-08 08:44:28 | INFO | Added 7 statistical features
2025-12-08 08:44:28 | INFO | Fitting scaler on training data...
2025-12-08 08:44:29 | INFO | Augmenting data with factor 2...
2025-12-08 08:44:29 | INFO | Augmented dataset: 12000 -> 24000 samples
2025-12-08 08:44:29 | INFO | Preprocessing complete: torch.Size([24000, 38])
2025-12-08 08:44:29 | INFO | Preprocessing validation data...
2025-12-08 08:44:29 | INFO | Running preprocessing pipeline...
2025-12-08 08:44:29 | INFO | Extracting timing features...
2025-12-08 08:44:29 | INFO | Extracted 31 timing features
2025-12-08 08:44:29 | INFO | Feature types: 11 hold, 10 DD, 10 UD
2025-12-08 08:44:29 | INFO | Handling outliers...
2025-12-08 08:44:29 | INFO | Clipped 1318 outlier values
2025-12-08 08:44:29 | INFO | Computing statistical features...
2025-12-08 08:44:29 | INFO | Added 7 statistical features
2025-12-08 08:44:29 | INFO | Preprocessing complete: torch.Size([4000, 38])
2025-12-08 08:44:29 | INFO | Preprocessing test data...
2025-12-08 08:44:29 | INFO | Running preprocessing pipeline...
2025-12-08 08:44:29 | INFO | Extracting timing features...
2025-12-08 08:44:29 | INFO | Extracted 31 timing features
2025-12-08 08:44:29 | INFO | Feature types: 11 hold, 10 DD, 10 UD
2025-12-08 08:44:29 | INFO | Handling outliers...
2025-12-08 08:44:29 | INFO | Clipped 2282 outlier values
2025-12-08 08:44:29 | INFO | Computing statistical features...
2025-12-08 08:44:29 | INFO | Added 7 statistical features
2025-12-08 08:44:29 | INFO | Preprocessing complete: torch.Size([4400, 38])
2025-12-08 08:44:29 | INFO | Data loaded: Train=24000, Val=4000, Test=4400
2025-12-08 08:44:29 | INFO | Building model...
2025-12-08 08:44:29 | INFO | KeystrokeEmbeddingModel initialized: 38 -> 128
2025-12-08 08:44:29 | INFO | Architecture: [256, 512, 256, 128]
2025-12-08 08:44:30 | INFO | Model built with 324608 parameters
2025-12-08 08:44:30 | INFO | Starting training...
2025-12-08 08:45:09 | INFO | Epoch 1/100 - Train Loss: 0.1848, Val Loss: 0.0072
2025-12-08 08:45:09 | INFO | New best model saved! Val Loss: 0.0072
2025-12-08 08:45:37 | INFO | Epoch 2/100 - Train Loss: 0.1322, Val Loss: 0.0067
2025-12-08 08:45:37 | INFO | New best model saved! Val Loss: 0.0067
2025-12-08 08:46:05 | INFO | Epoch 3/100 - Train Loss: 0.1111, Val Loss: 0.0026
2025-12-08 08:46:05 | INFO | New best model saved! Val Loss: 0.0026
2025-12-08 08:46:30 | INFO | Epoch 4/100 - Train Loss: 0.1035, Val Loss: 0.0049
2025-12-08 08:47:01 | INFO | Epoch 5/100 - Train Loss: 0.0936, Val Loss: 0.0048
2025-12-08 08:47:38 | INFO | Epoch 6/100 - Train Loss: 0.0861, Val Loss: 0.0089
2025-12-08 08:48:17 | INFO | Epoch 7/100 - Train Loss: 0.0865, Val Loss: 0.0088
2025-12-08 08:48:52 | INFO | Epoch 8/100 - Train Loss: 0.0848, Val Loss: 0.0130
2025-12-08 08:49:28 | INFO | Epoch 9/100 - Train Loss: 0.0812, Val Loss: 0.0082
2025-12-08 08:50:13 | INFO | Epoch 10/100 - Train Loss: 0.0791, Val Loss: 0.0079
2025-12-08 08:50:51 | INFO | Epoch 11/100 - Train Loss: 0.0807, Val Loss: 0.0065
2025-12-08 08:51:21 | INFO | Epoch 12/100 - Train Loss: 0.0787, Val Loss: 0.0072
2025-12-08 08:51:51 | INFO | Epoch 13/100 - Train Loss: 0.0788, Val Loss: 0.0089
2025-12-08 08:52:20 | INFO | Epoch 14/100 - Train Loss: 0.0763, Val Loss: 0.0079
2025-12-08 08:52:49 | INFO | Epoch 15/100 - Train Loss: 0.0756, Val Loss: 0.0077
2025-12-08 08:53:18 | INFO | Epoch 16/100 - Train Loss: 0.0719, Val Loss: 0.0079
2025-12-08 08:53:47 | INFO | Epoch 17/100 - Train Loss: 0.0718, Val Loss: 0.0088
2025-12-08 08:54:16 | INFO | Epoch 18/100 - Train Loss: 0.0720, Val Loss: 0.0113
2025-12-08 08:54:16 | INFO | Early stopping triggered after 18 epochs
2025-12-08 08:54:16 | INFO | Training completed!
2025-12-08 08:54:18 | INFO | Training history plot saved: logs\training_history.png
2025-12-08 08:54:18 | INFO | Training script completed successfully!
