2025-12-08 10:29:11 | INFO | ================================================================================
2025-12-08 10:29:11 | INFO | KEYSTROKE DYNAMICS - ZERO TRUST TELEHEALTH PLATFORM
2025-12-08 10:29:11 | INFO | ================================================================================
2025-12-08 10:29:11 | INFO | Starting testing pipeline...
2025-12-08 10:29:15 | INFO | Loading configuration from: config.yaml
2025-12-08 10:29:15 | INFO | Configuration loaded successfully
2025-12-08 10:29:15 | INFO | Using device: cpu
2025-12-08 10:29:15 | INFO | KeystrokePreprocessor initialized
2025-12-08 10:29:15 | INFO | AnomalyDetector initialized with method: isolation_forest
2025-12-08 10:29:15 | INFO | Loading model from: models/checkpoints\best_model.pth
2025-12-08 10:29:15 | INFO | Running comprehensive tests...
2025-12-08 10:29:15 | INFO | Loading test dataset...
2025-12-08 10:29:15 | INFO | Loading DSL dataset from: Dataset\DSL-StrongPasswordData-Original_Dataset.xls
2025-12-08 10:29:21 | INFO | Loaded dataset: 20400 samples, 34 features
2025-12-08 10:29:21 | INFO | Subjects: 51
2025-12-08 10:29:21 | INFO | Splitting dataset by subject...
2025-12-08 10:29:21 | INFO | Split: Train=12000 (30 subjects), Val=4000 (10 subjects), Test=4400 (11 subjects)
2025-12-08 10:29:21 | INFO | Running preprocessing pipeline...
2025-12-08 10:29:21 | INFO | Extracting timing features...
2025-12-08 10:29:21 | INFO | Extracted 31 timing features
2025-12-08 10:29:21 | INFO | Feature types: 11 hold, 10 DD, 10 UD
2025-12-08 10:29:21 | INFO | Handling outliers...
2025-12-08 10:29:21 | INFO | Clipped 1808 outlier values
2025-12-08 10:29:21 | INFO | Computing statistical features...
2025-12-08 10:29:21 | INFO | Added 7 statistical features
2025-12-08 10:29:21 | WARNING | Scaler not fitted, fitting now...
2025-12-08 10:29:21 | INFO | Preprocessing complete: torch.Size([4400, 38])
2025-12-08 10:29:21 | INFO | Test data loaded: torch.Size([4400, 38])
2025-12-08 10:29:21 | INFO | KeystrokeEmbeddingModel initialized: 38 -> 128
2025-12-08 10:29:21 | INFO | Architecture: [256, 512, 256, 128]
2025-12-08 10:29:21 | INFO | Model loaded successfully
2025-12-08 10:29:21 | INFO | Evaluating verification performance...
2025-12-08 10:29:21 | INFO | KeystrokeVerifier initialized
2025-12-08 10:29:21 | INFO | Enrolling user: s003
2025-12-08 10:29:22 | INFO | User s003 enrolled successfully with 50 samples
2025-12-08 10:29:22 | INFO | Verification: s003 - Verified=True, Confidence=0.969, Latency=48.9ms
2025-12-08 10:29:22 | INFO | Verification: s003 - Verified=True, Confidence=0.888, Latency=4.0ms
2025-12-08 10:29:22 | INFO | Verification: s003 - Verified=True, Confidence=0.963, Latency=8.0ms
2025-12-08 10:29:22 | INFO | Verification: s003 - Verified=True, Confidence=0.955, Latency=3.0ms
2025-12-08 10:29:22 | INFO | Verification: s003 - Verified=True, Confidence=0.956, Latency=7.7ms
2025-12-08 10:29:22 | INFO | Verification: s003 - Verified=True, Confidence=0.965, Latency=6.8ms
2025-12-08 10:29:22 | INFO | Verification: s003 - Verified=True, Confidence=0.790, Latency=29.2ms
2025-12-08 10:29:22 | INFO | Verification: s003 - Verified=True, Confidence=0.967, Latency=2.0ms
2025-12-08 10:29:22 | INFO | Verification: s003 - Verified=True, Confidence=0.933, Latency=8.0ms
2025-12-08 10:29:22 | INFO | Verification: s003 - Verified=True, Confidence=0.943, Latency=19.9ms
2025-12-08 10:29:22 | INFO | Verification: s003 - Verified=True, Confidence=0.943, Latency=6.0ms
2025-12-08 10:29:22 | INFO | Verification: s003 - Verified=True, Confidence=0.891, Latency=9.3ms
2025-12-08 10:29:22 | INFO | Verification: s003 - Verified=True, Confidence=0.784, Latency=2.0ms
2025-12-08 10:29:22 | INFO | Verification: s003 - Verified=True, Confidence=0.903, Latency=5.8ms
2025-12-08 10:29:22 | INFO | Verification: s003 - Verified=True, Confidence=0.896, Latency=2.0ms
2025-12-08 10:29:22 | INFO | Verification: s003 - Verified=True, Confidence=0.942, Latency=17.6ms
2025-12-08 10:29:22 | INFO | Verification: s003 - Verified=True, Confidence=0.767, Latency=5.3ms
2025-12-08 10:29:22 | INFO | Verification: s003 - Verified=True, Confidence=0.773, Latency=13.6ms
2025-12-08 10:29:22 | INFO | Verification: s003 - Verified=True, Confidence=0.820, Latency=14.2ms
2025-12-08 10:29:22 | INFO | Verification: s003 - Verified=True, Confidence=0.980, Latency=26.5ms
2025-12-08 10:29:22 | INFO | Verification: s003 - Verified=True, Confidence=0.986, Latency=6.0ms
2025-12-08 10:29:22 | INFO | Verification: s003 - Verified=True, Confidence=0.845, Latency=14.1ms
2025-12-08 10:29:22 | INFO | Verification: s003 - Verified=True, Confidence=0.875, Latency=8.3ms
2025-12-08 10:29:22 | INFO | Verification: s003 - Verified=True, Confidence=0.985, Latency=11.4ms
2025-12-08 10:29:22 | INFO | Verification: s003 - Verified=True, Confidence=0.982, Latency=4.0ms
2025-12-08 10:29:22 | INFO | Verification: s003 - Verified=True, Confidence=0.964, Latency=9.8ms
2025-12-08 10:29:22 | INFO | Verification: s003 - Verified=True, Confidence=0.955, Latency=6.3ms
2025-12-08 10:29:22 | INFO | Verification: s003 - Verified=True, Confidence=0.954, Latency=5.0ms
2025-12-08 10:29:22 | INFO | Verification: s003 - Verified=True, Confidence=0.992, Latency=11.2ms
2025-12-08 10:29:22 | INFO | Verification: s003 - Verified=True, Confidence=0.778, Latency=3.4ms
2025-12-08 10:29:22 | INFO | Verification: s003 - Verified=True, Confidence=0.766, Latency=14.4ms
2025-12-08 10:29:22 | INFO | Verification: s003 - Verified=False, Confidence=0.487, Latency=14.4ms
2025-12-08 10:29:22 | INFO | Verification: s003 - Verified=False, Confidence=0.431, Latency=4.0ms
2025-12-08 10:29:22 | INFO | Verification: s003 - Verified=False, Confidence=0.555, Latency=17.7ms
2025-12-08 10:29:22 | INFO | Verification: s003 - Verified=False, Confidence=0.603, Latency=4.0ms
2025-12-08 10:29:22 | INFO | Verification: s003 - Verified=False, Confidence=0.475, Latency=4.1ms
2025-12-08 10:29:22 | INFO | Verification: s003 - Verified=False, Confidence=0.496, Latency=7.6ms
2025-12-08 10:29:22 | INFO | Verification: s003 - Verified=False, Confidence=0.429, Latency=4.0ms
2025-12-08 10:29:22 | INFO | Verification: s003 - Verified=False, Confidence=0.416, Latency=14.5ms
2025-12-08 10:29:22 | INFO | Verification: s003 - Verified=False, Confidence=0.442, Latency=24.7ms
2025-12-08 10:29:22 | INFO | Verification: s003 - Verified=False, Confidence=0.650, Latency=5.0ms
2025-12-08 10:29:22 | INFO | Verification: s003 - Verified=False, Confidence=0.546, Latency=13.7ms
2025-12-08 10:29:22 | INFO | Verification: s003 - Verified=False, Confidence=0.496, Latency=32.7ms
2025-12-08 10:29:22 | INFO | Verification: s003 - Verified=False, Confidence=0.617, Latency=6.2ms
2025-12-08 10:29:22 | INFO | Verification: s003 - Verified=False, Confidence=0.437, Latency=16.5ms
2025-12-08 10:29:22 | INFO | Verification: s003 - Verified=False, Confidence=0.748, Latency=4.7ms
2025-12-08 10:29:22 | INFO | Verification: s003 - Verified=True, Confidence=0.786, Latency=2.0ms
2025-12-08 10:29:22 | INFO | Verification: s003 - Verified=True, Confidence=0.926, Latency=40.9ms
2025-12-08 10:29:22 | INFO | Verification: s003 - Verified=True, Confidence=0.873, Latency=7.9ms
2025-12-08 10:29:22 | INFO | Verification: s003 - Verified=True, Confidence=0.872, Latency=6.1ms
2025-12-08 10:29:22 | INFO | Enrolling user: s012
2025-12-08 10:29:22 | INFO | User s012 enrolled successfully with 50 samples
2025-12-08 10:29:22 | INFO | Verification: s012 - Verified=True, Confidence=0.913, Latency=2.0ms
2025-12-08 10:29:22 | INFO | Verification: s012 - Verified=True, Confidence=0.803, Latency=4.8ms
2025-12-08 10:29:22 | INFO | Verification: s012 - Verified=False, Confidence=0.630, Latency=3.0ms
2025-12-08 10:29:22 | INFO | Verification: s012 - Verified=False, Confidence=0.588, Latency=2.0ms
2025-12-08 10:29:22 | INFO | Verification: s012 - Verified=True, Confidence=0.821, Latency=6.6ms
2025-12-08 10:29:22 | INFO | Verification: s012 - Verified=True, Confidence=0.812, Latency=5.1ms
2025-12-08 10:29:22 | INFO | Verification: s012 - Verified=False, Confidence=0.737, Latency=3.0ms
2025-12-08 10:29:22 | INFO | Verification: s012 - Verified=True, Confidence=0.783, Latency=8.7ms
2025-12-08 10:29:22 | INFO | Verification: s012 - Verified=True, Confidence=0.878, Latency=13.9ms
2025-12-08 10:29:22 | INFO | Verification: s012 - Verified=False, Confidence=0.584, Latency=2.0ms
2025-12-08 10:29:22 | INFO | Verification: s012 - Verified=True, Confidence=0.901, Latency=11.7ms
2025-12-08 10:29:22 | INFO | Verification: s012 - Verified=True, Confidence=0.967, Latency=2.0ms
2025-12-08 10:29:23 | INFO | Verification: s012 - Verified=True, Confidence=0.969, Latency=6.0ms
2025-12-08 10:29:23 | INFO | Verification: s012 - Verified=True, Confidence=0.948, Latency=14.7ms
2025-12-08 10:29:23 | INFO | Verification: s012 - Verified=False, Confidence=0.702, Latency=2.0ms
2025-12-08 10:29:23 | INFO | Verification: s012 - Verified=False, Confidence=0.624, Latency=7.3ms
2025-12-08 10:29:23 | INFO | Verification: s012 - Verified=True, Confidence=0.984, Latency=8.6ms
2025-12-08 10:29:23 | INFO | Verification: s012 - Verified=True, Confidence=0.766, Latency=19.0ms
2025-12-08 10:29:23 | INFO | Verification: s012 - Verified=True, Confidence=0.750, Latency=12.7ms
2025-12-08 10:29:23 | INFO | Verification: s012 - Verified=True, Confidence=0.932, Latency=2.6ms
2025-12-08 10:29:23 | INFO | Verification: s012 - Verified=False, Confidence=0.726, Latency=7.3ms
2025-12-08 10:29:23 | INFO | Verification: s012 - Verified=True, Confidence=0.914, Latency=2.8ms
2025-12-08 10:29:23 | INFO | Verification: s012 - Verified=False, Confidence=0.695, Latency=2.0ms
2025-12-08 10:29:23 | INFO | Verification: s012 - Verified=True, Confidence=0.978, Latency=12.6ms
2025-12-08 10:29:23 | INFO | Verification: s012 - Verified=True, Confidence=0.865, Latency=2.0ms
2025-12-08 10:29:23 | INFO | Verification: s012 - Verified=True, Confidence=0.932, Latency=8.8ms
2025-12-08 10:29:23 | INFO | Verification: s012 - Verified=False, Confidence=0.725, Latency=2.0ms
2025-12-08 10:29:23 | INFO | Verification: s012 - Verified=True, Confidence=0.854, Latency=10.5ms
2025-12-08 10:29:23 | INFO | Verification: s012 - Verified=True, Confidence=0.984, Latency=2.2ms
2025-12-08 10:29:23 | INFO | Verification: s012 - Verified=True, Confidence=0.854, Latency=1.9ms
2025-12-08 10:29:23 | INFO | Verification: s012 - Verified=False, Confidence=0.749, Latency=5.0ms
2025-12-08 10:29:23 | INFO | Verification: s012 - Verified=False, Confidence=0.496, Latency=2.2ms
2025-12-08 10:29:23 | INFO | Verification: s012 - Verified=False, Confidence=0.570, Latency=3.2ms
2025-12-08 10:29:23 | INFO | Verification: s012 - Verified=False, Confidence=0.664, Latency=6.3ms
2025-12-08 10:29:23 | INFO | Verification: s012 - Verified=False, Confidence=0.638, Latency=5.5ms
2025-12-08 10:29:23 | INFO | Verification: s012 - Verified=False, Confidence=0.457, Latency=5.4ms
2025-12-08 10:29:23 | INFO | Verification: s012 - Verified=False, Confidence=0.350, Latency=4.8ms
2025-12-08 10:29:23 | INFO | Verification: s012 - Verified=False, Confidence=0.458, Latency=5.8ms
2025-12-08 10:29:23 | INFO | Verification: s012 - Verified=False, Confidence=0.483, Latency=3.1ms
2025-12-08 10:29:23 | INFO | Verification: s012 - Verified=False, Confidence=0.385, Latency=8.9ms
2025-12-08 10:29:23 | INFO | Verification: s012 - Verified=False, Confidence=0.653, Latency=3.0ms
2025-12-08 10:29:23 | INFO | Verification: s012 - Verified=False, Confidence=0.646, Latency=6.0ms
2025-12-08 10:29:23 | INFO | Verification: s012 - Verified=False, Confidence=0.600, Latency=2.0ms
2025-12-08 10:29:23 | INFO | Verification: s012 - Verified=False, Confidence=0.686, Latency=7.2ms
2025-12-08 10:29:23 | INFO | Verification: s012 - Verified=False, Confidence=0.468, Latency=2.5ms
2025-12-08 10:29:23 | INFO | Verification: s012 - Verified=False, Confidence=0.602, Latency=3.9ms
2025-12-08 10:29:23 | INFO | Verification: s012 - Verified=True, Confidence=0.765, Latency=6.7ms
2025-12-08 10:29:23 | INFO | Verification: s012 - Verified=True, Confidence=0.881, Latency=4.1ms
2025-12-08 10:29:23 | INFO | Verification: s012 - Verified=True, Confidence=0.861, Latency=1.0ms
2025-12-08 10:29:23 | INFO | Verification: s012 - Verified=True, Confidence=0.878, Latency=8.5ms
2025-12-08 10:29:23 | INFO | Enrolling user: s018
2025-12-08 10:29:23 | INFO | User s018 enrolled successfully with 50 samples
2025-12-08 10:29:23 | INFO | Verification: s018 - Verified=True, Confidence=0.829, Latency=4.0ms
2025-12-08 10:29:23 | INFO | Verification: s018 - Verified=True, Confidence=0.849, Latency=9.9ms
2025-12-08 10:29:23 | INFO | Verification: s018 - Verified=True, Confidence=0.900, Latency=4.2ms
2025-12-08 10:29:23 | INFO | Verification: s018 - Verified=True, Confidence=0.938, Latency=9.4ms
2025-12-08 10:29:23 | INFO | Verification: s018 - Verified=True, Confidence=0.902, Latency=3.9ms
2025-12-08 10:29:23 | INFO | Verification: s018 - Verified=True, Confidence=0.904, Latency=2.4ms
2025-12-08 10:29:23 | INFO | Verification: s018 - Verified=True, Confidence=0.985, Latency=12.7ms
2025-12-08 10:29:23 | INFO | Verification: s018 - Verified=True, Confidence=0.895, Latency=3.0ms
2025-12-08 10:29:23 | INFO | Verification: s018 - Verified=False, Confidence=0.679, Latency=6.4ms
2025-12-08 10:29:23 | INFO | Verification: s018 - Verified=True, Confidence=0.760, Latency=2.6ms
2025-12-08 10:29:23 | INFO | Verification: s018 - Verified=True, Confidence=0.882, Latency=7.5ms
2025-12-08 10:29:23 | INFO | Verification: s018 - Verified=True, Confidence=0.947, Latency=4.2ms
2025-12-08 10:29:23 | INFO | Verification: s018 - Verified=True, Confidence=0.935, Latency=7.2ms
2025-12-08 10:29:23 | INFO | Verification: s018 - Verified=True, Confidence=0.955, Latency=2.8ms
2025-12-08 10:29:23 | INFO | Verification: s018 - Verified=True, Confidence=0.928, Latency=3.0ms
2025-12-08 10:29:23 | INFO | Verification: s018 - Verified=True, Confidence=0.977, Latency=3.7ms
2025-12-08 10:29:23 | INFO | Verification: s018 - Verified=True, Confidence=0.964, Latency=3.6ms
2025-12-08 10:29:23 | INFO | Verification: s018 - Verified=True, Confidence=0.902, Latency=7.5ms
2025-12-08 10:29:23 | INFO | Verification: s018 - Verified=True, Confidence=0.967, Latency=4.5ms
2025-12-08 10:29:23 | INFO | Verification: s018 - Verified=True, Confidence=0.914, Latency=3.0ms
2025-12-08 10:29:23 | INFO | Verification: s018 - Verified=True, Confidence=0.957, Latency=2.0ms
2025-12-08 10:29:23 | INFO | Verification: s018 - Verified=True, Confidence=0.898, Latency=7.1ms
2025-12-08 10:29:23 | INFO | Verification: s018 - Verified=True, Confidence=0.960, Latency=1.6ms
2025-12-08 10:29:23 | INFO | Verification: s018 - Verified=True, Confidence=0.942, Latency=2.0ms
2025-12-08 10:29:23 | INFO | Verification: s018 - Verified=True, Confidence=0.932, Latency=11.3ms
2025-12-08 10:29:23 | INFO | Verification: s018 - Verified=False, Confidence=0.481, Latency=2.0ms
2025-12-08 10:29:23 | INFO | Verification: s018 - Verified=False, Confidence=0.361, Latency=9.0ms
2025-12-08 10:29:23 | INFO | Verification: s018 - Verified=False, Confidence=0.340, Latency=2.0ms
2025-12-08 10:29:23 | INFO | Verification: s018 - Verified=False, Confidence=0.530, Latency=8.6ms
2025-12-08 10:29:23 | INFO | Verification: s018 - Verified=False, Confidence=0.421, Latency=4.0ms
2025-12-08 10:29:23 | INFO | Verification: s018 - Verified=False, Confidence=0.458, Latency=4.0ms
2025-12-08 10:29:23 | INFO | Verification: s018 - Verified=False, Confidence=0.512, Latency=4.3ms
2025-12-08 10:29:23 | INFO | Verification: s018 - Verified=False, Confidence=0.431, Latency=5.0ms
2025-12-08 10:29:23 | INFO | Verification: s018 - Verified=False, Confidence=0.407, Latency=15.3ms
2025-12-08 10:29:23 | INFO | Verification: s018 - Verified=False, Confidence=0.498, Latency=3.4ms
2025-12-08 10:29:23 | INFO | Verification: s018 - Verified=False, Confidence=0.600, Latency=3.1ms
2025-12-08 10:29:23 | INFO | Verification: s018 - Verified=False, Confidence=0.503, Latency=3.2ms
2025-12-08 10:29:23 | INFO | Verification: s018 - Verified=True, Confidence=0.858, Latency=11.1ms
2025-12-08 10:29:23 | INFO | Verification: s018 - Verified=True, Confidence=0.775, Latency=2.0ms
2025-12-08 10:29:23 | INFO | Verification: s018 - Verified=True, Confidence=0.772, Latency=12.2ms
2025-12-08 10:29:23 | INFO | Verification: s018 - Verified=False, Confidence=0.713, Latency=2.0ms
2025-12-08 10:29:23 | INFO | Verification: s018 - Verified=True, Confidence=0.824, Latency=8.7ms
2025-12-08 10:29:23 | INFO | Verification: s018 - Verified=True, Confidence=0.963, Latency=2.0ms
2025-12-08 10:29:23 | INFO | Verification: s018 - Verified=True, Confidence=0.836, Latency=3.9ms
2025-12-08 10:29:23 | INFO | Verification: s018 - Verified=True, Confidence=0.873, Latency=7.5ms
2025-12-08 10:29:23 | INFO | Verification: s018 - Verified=False, Confidence=0.390, Latency=3.4ms
2025-12-08 10:29:23 | INFO | Verification: s018 - Verified=False, Confidence=0.398, Latency=2.6ms
2025-12-08 10:29:23 | INFO | Verification: s018 - Verified=False, Confidence=0.519, Latency=6.1ms
2025-12-08 10:29:23 | INFO | Verification: s018 - Verified=False, Confidence=0.455, Latency=3.0ms
2025-12-08 10:29:23 | INFO | Verification: s018 - Verified=False, Confidence=0.441, Latency=10.7ms
2025-12-08 10:29:23 | INFO | Enrolling user: s025
2025-12-08 10:29:23 | INFO | User s025 enrolled successfully with 50 samples
2025-12-08 10:29:23 | INFO | Verification: s025 - Verified=False, Confidence=0.411, Latency=2.0ms
2025-12-08 10:29:23 | INFO | Verification: s025 - Verified=True, Confidence=0.766, Latency=4.1ms
2025-12-08 10:29:23 | INFO | Verification: s025 - Verified=False, Confidence=0.643, Latency=11.6ms
2025-12-08 10:29:23 | INFO | Verification: s025 - Verified=True, Confidence=0.934, Latency=2.5ms
2025-12-08 10:29:23 | INFO | Verification: s025 - Verified=True, Confidence=0.832, Latency=6.8ms
2025-12-08 10:29:23 | INFO | Verification: s025 - Verified=True, Confidence=0.843, Latency=4.7ms
2025-12-08 10:29:23 | INFO | Verification: s025 - Verified=True, Confidence=0.968, Latency=2.0ms
2025-12-08 10:29:23 | INFO | Verification: s025 - Verified=True, Confidence=0.850, Latency=2.2ms
2025-12-08 10:29:23 | INFO | Verification: s025 - Verified=True, Confidence=0.886, Latency=4.6ms
2025-12-08 10:29:23 | INFO | Verification: s025 - Verified=True, Confidence=0.921, Latency=8.8ms
2025-12-08 10:29:23 | INFO | Verification: s025 - Verified=True, Confidence=0.882, Latency=2.0ms
2025-12-08 10:29:23 | INFO | Verification: s025 - Verified=False, Confidence=0.646, Latency=2.9ms
2025-12-08 10:29:23 | INFO | Verification: s025 - Verified=True, Confidence=0.954, Latency=4.0ms
2025-12-08 10:29:23 | INFO | Verification: s025 - Verified=True, Confidence=0.952, Latency=2.0ms
2025-12-08 10:29:23 | INFO | Verification: s025 - Verified=True, Confidence=0.917, Latency=2.2ms
2025-12-08 10:29:23 | INFO | Verification: s025 - Verified=False, Confidence=0.568, Latency=9.0ms
2025-12-08 10:29:23 | INFO | Verification: s025 - Verified=True, Confidence=0.907, Latency=1.5ms
2025-12-08 10:29:23 | INFO | Verification: s025 - Verified=True, Confidence=0.893, Latency=5.6ms
2025-12-08 10:29:23 | INFO | Verification: s025 - Verified=True, Confidence=0.900, Latency=11.5ms
2025-12-08 10:29:23 | INFO | Verification: s025 - Verified=True, Confidence=0.914, Latency=2.0ms
2025-12-08 10:29:23 | INFO | Verification: s025 - Verified=True, Confidence=0.929, Latency=1.1ms
2025-12-08 10:29:23 | INFO | Verification: s025 - Verified=True, Confidence=0.883, Latency=6.8ms
2025-12-08 10:29:23 | INFO | Verification: s025 - Verified=True, Confidence=0.947, Latency=2.0ms
2025-12-08 10:29:23 | INFO | Verification: s025 - Verified=True, Confidence=0.933, Latency=6.4ms
2025-12-08 10:29:23 | INFO | Verification: s025 - Verified=True, Confidence=0.895, Latency=4.5ms
2025-12-08 10:29:23 | INFO | Verification: s025 - Verified=False, Confidence=0.555, Latency=2.0ms
2025-12-08 10:29:23 | INFO | Verification: s025 - Verified=False, Confidence=0.480, Latency=5.1ms
2025-12-08 10:29:23 | INFO | Verification: s025 - Verified=False, Confidence=0.415, Latency=3.0ms
2025-12-08 10:29:23 | INFO | Verification: s025 - Verified=False, Confidence=0.592, Latency=11.8ms
2025-12-08 10:29:23 | INFO | Verification: s025 - Verified=False, Confidence=0.569, Latency=2.0ms
2025-12-08 10:29:23 | INFO | Verification: s025 - Verified=False, Confidence=0.517, Latency=2.0ms
2025-12-08 10:29:23 | INFO | Verification: s025 - Verified=False, Confidence=0.566, Latency=11.8ms
2025-12-08 10:29:23 | INFO | Verification: s025 - Verified=False, Confidence=0.496, Latency=2.0ms
2025-12-08 10:29:23 | INFO | Verification: s025 - Verified=False, Confidence=0.484, Latency=4.0ms
2025-12-08 10:29:24 | INFO | Verification: s025 - Verified=False, Confidence=0.420, Latency=27.4ms
2025-12-08 10:29:24 | INFO | Verification: s025 - Verified=True, Confidence=0.896, Latency=2.0ms
2025-12-08 10:29:24 | INFO | Verification: s025 - Verified=True, Confidence=0.846, Latency=14.1ms
2025-12-08 10:29:24 | INFO | Verification: s025 - Verified=True, Confidence=0.848, Latency=11.4ms
2025-12-08 10:29:24 | INFO | Verification: s025 - Verified=True, Confidence=0.868, Latency=3.0ms
2025-12-08 10:29:24 | INFO | Verification: s025 - Verified=True, Confidence=0.860, Latency=12.7ms
2025-12-08 10:29:24 | INFO | Verification: s025 - Verified=True, Confidence=0.857, Latency=5.0ms
2025-12-08 10:29:24 | INFO | Verification: s025 - Verified=True, Confidence=0.926, Latency=3.0ms
2025-12-08 10:29:24 | INFO | Verification: s025 - Verified=True, Confidence=0.946, Latency=3.6ms
2025-12-08 10:29:24 | INFO | Verification: s025 - Verified=True, Confidence=0.950, Latency=8.3ms
2025-12-08 10:29:24 | INFO | Verification: s025 - Verified=True, Confidence=0.875, Latency=2.0ms
2025-12-08 10:29:24 | INFO | Verification: s025 - Verified=False, Confidence=0.479, Latency=2.0ms
2025-12-08 10:29:24 | INFO | Verification: s025 - Verified=False, Confidence=0.407, Latency=9.7ms
2025-12-08 10:29:24 | INFO | Verification: s025 - Verified=False, Confidence=0.622, Latency=18.5ms
2025-12-08 10:29:24 | INFO | Verification: s025 - Verified=False, Confidence=0.480, Latency=10.7ms
2025-12-08 10:29:24 | INFO | Verification: s025 - Verified=False, Confidence=0.453, Latency=4.4ms
2025-12-08 10:29:24 | INFO | Enrolling user: s029
2025-12-08 10:29:24 | INFO | User s029 enrolled successfully with 50 samples
2025-12-08 10:29:24 | INFO | Verification: s029 - Verified=True, Confidence=0.961, Latency=4.0ms
2025-12-08 10:29:24 | INFO | Verification: s029 - Verified=True, Confidence=0.969, Latency=8.7ms
2025-12-08 10:29:24 | INFO | Verification: s029 - Verified=True, Confidence=0.937, Latency=2.0ms
2025-12-08 10:29:24 | INFO | Verification: s029 - Verified=True, Confidence=0.963, Latency=3.4ms
2025-12-08 10:29:24 | INFO | Verification: s029 - Verified=True, Confidence=0.906, Latency=13.1ms
2025-12-08 10:29:24 | INFO | Verification: s029 - Verified=True, Confidence=0.844, Latency=10.8ms
2025-12-08 10:29:24 | INFO | Verification: s029 - Verified=True, Confidence=0.926, Latency=13.5ms
2025-12-08 10:29:24 | INFO | Verification: s029 - Verified=False, Confidence=0.722, Latency=5.0ms
2025-12-08 10:29:24 | INFO | Verification: s029 - Verified=True, Confidence=0.954, Latency=2.4ms
2025-12-08 10:29:24 | INFO | Verification: s029 - Verified=True, Confidence=0.961, Latency=2.1ms
2025-12-08 10:29:24 | INFO | Verification: s029 - Verified=True, Confidence=0.932, Latency=27.3ms
2025-12-08 10:29:24 | INFO | Verification: s029 - Verified=True, Confidence=0.930, Latency=3.0ms
2025-12-08 10:29:24 | INFO | Verification: s029 - Verified=True, Confidence=0.845, Latency=11.1ms
2025-12-08 10:29:24 | INFO | Verification: s029 - Verified=True, Confidence=0.846, Latency=2.0ms
2025-12-08 10:29:24 | INFO | Verification: s029 - Verified=True, Confidence=0.895, Latency=5.1ms
2025-12-08 10:29:24 | INFO | Verification: s029 - Verified=True, Confidence=0.980, Latency=4.8ms
2025-12-08 10:29:24 | INFO | Verification: s029 - Verified=True, Confidence=0.939, Latency=3.3ms
2025-12-08 10:29:24 | INFO | Verification: s029 - Verified=True, Confidence=0.972, Latency=7.0ms
2025-12-08 10:29:24 | INFO | Verification: s029 - Verified=True, Confidence=0.904, Latency=3.0ms
2025-12-08 10:29:24 | INFO | Verification: s029 - Verified=True, Confidence=0.959, Latency=5.5ms
2025-12-08 10:29:24 | INFO | Verification: s029 - Verified=True, Confidence=0.936, Latency=3.0ms
2025-12-08 10:29:24 | INFO | Verification: s029 - Verified=True, Confidence=0.883, Latency=5.2ms
2025-12-08 10:29:24 | INFO | Verification: s029 - Verified=True, Confidence=0.911, Latency=1.8ms
2025-12-08 10:29:24 | INFO | Verification: s029 - Verified=True, Confidence=0.830, Latency=2.0ms
2025-12-08 10:29:24 | INFO | Verification: s029 - Verified=True, Confidence=0.896, Latency=4.1ms
2025-12-08 10:29:24 | INFO | Verification: s029 - Verified=False, Confidence=0.583, Latency=27.7ms
2025-12-08 10:29:24 | INFO | Verification: s029 - Verified=False, Confidence=0.433, Latency=1.3ms
2025-12-08 10:29:24 | INFO | Verification: s029 - Verified=False, Confidence=0.423, Latency=5.5ms
2025-12-08 10:29:24 | INFO | Verification: s029 - Verified=False, Confidence=0.631, Latency=2.0ms
2025-12-08 10:29:24 | INFO | Verification: s029 - Verified=False, Confidence=0.601, Latency=10.4ms
2025-12-08 10:29:24 | INFO | Verification: s029 - Verified=False, Confidence=0.555, Latency=4.0ms
2025-12-08 10:29:24 | INFO | Verification: s029 - Verified=False, Confidence=0.613, Latency=13.0ms
2025-12-08 10:29:24 | INFO | Verification: s029 - Verified=False, Confidence=0.507, Latency=2.0ms
2025-12-08 10:29:24 | INFO | Verification: s029 - Verified=False, Confidence=0.541, Latency=9.3ms
2025-12-08 10:29:24 | INFO | Verification: s029 - Verified=False, Confidence=0.511, Latency=2.0ms
2025-12-08 10:29:24 | INFO | Verification: s029 - Verified=True, Confidence=0.848, Latency=4.5ms
2025-12-08 10:29:24 | INFO | Verification: s029 - Verified=True, Confidence=0.884, Latency=10.2ms
2025-12-08 10:29:24 | INFO | Verification: s029 - Verified=True, Confidence=0.899, Latency=3.0ms
2025-12-08 10:29:24 | INFO | Verification: s029 - Verified=True, Confidence=0.834, Latency=9.6ms
2025-12-08 10:29:24 | INFO | Verification: s029 - Verified=True, Confidence=0.873, Latency=4.5ms
2025-12-08 10:29:24 | INFO | Verification: s029 - Verified=False, Confidence=0.703, Latency=7.0ms
2025-12-08 10:29:24 | INFO | Verification: s029 - Verified=False, Confidence=0.485, Latency=3.0ms
2025-12-08 10:29:24 | INFO | Verification: s029 - Verified=True, Confidence=0.862, Latency=7.3ms
2025-12-08 10:29:24 | INFO | Verification: s029 - Verified=True, Confidence=0.802, Latency=5.2ms
2025-12-08 10:29:24 | INFO | Verification: s029 - Verified=True, Confidence=0.793, Latency=9.4ms
2025-12-08 10:29:24 | INFO | Verification: s029 - Verified=False, Confidence=0.384, Latency=2.0ms
2025-12-08 10:29:24 | INFO | Verification: s029 - Verified=False, Confidence=0.379, Latency=9.6ms
2025-12-08 10:29:24 | INFO | Verification: s029 - Verified=False, Confidence=0.598, Latency=4.1ms
2025-12-08 10:29:24 | INFO | Verification: s029 - Verified=False, Confidence=0.467, Latency=9.0ms
2025-12-08 10:29:24 | INFO | Verification: s029 - Verified=False, Confidence=0.454, Latency=2.0ms
2025-12-08 10:29:24 | INFO | Enrolling user: s033
2025-12-08 10:29:24 | INFO | User s033 enrolled successfully with 50 samples
2025-12-08 10:29:24 | INFO | Verification: s033 - Verified=True, Confidence=0.919, Latency=2.0ms
2025-12-08 10:29:24 | INFO | Verification: s033 - Verified=True, Confidence=0.956, Latency=7.7ms
2025-12-08 10:29:24 | INFO | Verification: s033 - Verified=True, Confidence=0.890, Latency=3.5ms
2025-12-08 10:29:24 | INFO | Verification: s033 - Verified=True, Confidence=0.906, Latency=8.8ms
2025-12-08 10:29:24 | INFO | Verification: s033 - Verified=True, Confidence=0.982, Latency=1.9ms
2025-12-08 10:29:24 | INFO | Verification: s033 - Verified=True, Confidence=0.965, Latency=4.0ms
2025-12-08 10:29:24 | INFO | Verification: s033 - Verified=True, Confidence=0.979, Latency=7.9ms
2025-12-08 10:29:24 | INFO | Verification: s033 - Verified=True, Confidence=0.970, Latency=2.6ms
2025-12-08 10:29:24 | INFO | Verification: s033 - Verified=True, Confidence=0.958, Latency=6.1ms
2025-12-08 10:29:24 | INFO | Verification: s033 - Verified=True, Confidence=0.993, Latency=4.5ms
2025-12-08 10:29:24 | INFO | Verification: s033 - Verified=True, Confidence=0.974, Latency=2.3ms
2025-12-08 10:29:24 | INFO | Verification: s033 - Verified=True, Confidence=0.941, Latency=10.6ms
2025-12-08 10:29:24 | INFO | Verification: s033 - Verified=True, Confidence=0.982, Latency=3.0ms
2025-12-08 10:29:24 | INFO | Verification: s033 - Verified=True, Confidence=0.977, Latency=9.9ms
2025-12-08 10:29:24 | INFO | Verification: s033 - Verified=True, Confidence=0.975, Latency=2.3ms
2025-12-08 10:29:24 | INFO | Verification: s033 - Verified=True, Confidence=0.935, Latency=2.0ms
2025-12-08 10:29:24 | INFO | Verification: s033 - Verified=True, Confidence=0.963, Latency=9.5ms
2025-12-08 10:29:24 | INFO | Verification: s033 - Verified=True, Confidence=0.953, Latency=2.0ms
2025-12-08 10:29:24 | INFO | Verification: s033 - Verified=True, Confidence=0.984, Latency=3.4ms
2025-12-08 10:29:24 | INFO | Verification: s033 - Verified=True, Confidence=0.993, Latency=11.3ms
2025-12-08 10:29:24 | INFO | Verification: s033 - Verified=True, Confidence=0.988, Latency=3.0ms
2025-12-08 10:29:24 | INFO | Verification: s033 - Verified=True, Confidence=0.974, Latency=9.5ms
2025-12-08 10:29:24 | INFO | Verification: s033 - Verified=True, Confidence=0.977, Latency=2.0ms
2025-12-08 10:29:24 | INFO | Verification: s033 - Verified=True, Confidence=0.985, Latency=2.4ms
2025-12-08 10:29:24 | INFO | Verification: s033 - Verified=True, Confidence=0.980, Latency=8.4ms
2025-12-08 10:29:24 | INFO | Verification: s033 - Verified=True, Confidence=0.882, Latency=4.1ms
2025-12-08 10:29:24 | INFO | Verification: s033 - Verified=True, Confidence=0.854, Latency=4.0ms
2025-12-08 10:29:24 | INFO | Verification: s033 - Verified=True, Confidence=0.875, Latency=9.8ms
2025-12-08 10:29:24 | INFO | Verification: s033 - Verified=True, Confidence=0.887, Latency=3.4ms
2025-12-08 10:29:24 | INFO | Verification: s033 - Verified=False, Confidence=0.723, Latency=9.9ms
2025-12-08 10:29:24 | INFO | Verification: s033 - Verified=True, Confidence=0.833, Latency=3.6ms
2025-12-08 10:29:24 | INFO | Verification: s033 - Verified=True, Confidence=0.889, Latency=4.4ms
2025-12-08 10:29:24 | INFO | Verification: s033 - Verified=True, Confidence=0.882, Latency=2.0ms
2025-12-08 10:29:24 | INFO | Verification: s033 - Verified=True, Confidence=0.827, Latency=2.0ms
2025-12-08 10:29:24 | INFO | Verification: s033 - Verified=False, Confidence=0.709, Latency=13.4ms
2025-12-08 10:29:24 | INFO | Verification: s033 - Verified=True, Confidence=0.785, Latency=2.0ms
2025-12-08 10:29:24 | INFO | Verification: s033 - Verified=False, Confidence=0.353, Latency=2.3ms
2025-12-08 10:29:24 | INFO | Verification: s033 - Verified=False, Confidence=0.341, Latency=3.0ms
2025-12-08 10:29:24 | INFO | Verification: s033 - Verified=False, Confidence=0.600, Latency=11.1ms
2025-12-08 10:29:24 | INFO | Verification: s033 - Verified=False, Confidence=0.605, Latency=18.4ms
2025-12-08 10:29:24 | INFO | Verification: s033 - Verified=False, Confidence=0.627, Latency=11.2ms
2025-12-08 10:29:24 | INFO | Verification: s033 - Verified=False, Confidence=0.695, Latency=12.9ms
2025-12-08 10:29:24 | INFO | Verification: s033 - Verified=False, Confidence=0.508, Latency=2.0ms
2025-12-08 10:29:24 | INFO | Verification: s033 - Verified=False, Confidence=0.565, Latency=2.1ms
2025-12-08 10:29:24 | INFO | Verification: s033 - Verified=False, Confidence=0.465, Latency=11.0ms
2025-12-08 10:29:24 | INFO | Verification: s033 - Verified=False, Confidence=0.459, Latency=12.8ms
2025-12-08 10:29:24 | INFO | Verification: s033 - Verified=False, Confidence=0.570, Latency=2.0ms
2025-12-08 10:29:24 | INFO | Verification: s033 - Verified=False, Confidence=0.476, Latency=8.0ms
2025-12-08 10:29:24 | INFO | Verification: s033 - Verified=False, Confidence=0.459, Latency=6.5ms
2025-12-08 10:29:25 | INFO | Verification: s033 - Verified=False, Confidence=0.375, Latency=6.4ms
2025-12-08 10:29:25 | INFO | Enrolling user: s035
2025-12-08 10:29:25 | INFO | User s035 enrolled successfully with 50 samples
2025-12-08 10:29:25 | INFO | Verification: s035 - Verified=True, Confidence=0.913, Latency=11.5ms
2025-12-08 10:29:25 | INFO | Verification: s035 - Verified=True, Confidence=0.966, Latency=2.0ms
2025-12-08 10:29:25 | INFO | Verification: s035 - Verified=True, Confidence=0.904, Latency=2.5ms
2025-12-08 10:29:25 | INFO | Verification: s035 - Verified=True, Confidence=0.835, Latency=10.1ms
2025-12-08 10:29:25 | INFO | Verification: s035 - Verified=True, Confidence=0.788, Latency=3.0ms
2025-12-08 10:29:25 | INFO | Verification: s035 - Verified=False, Confidence=0.710, Latency=2.0ms
2025-12-08 10:29:25 | INFO | Verification: s035 - Verified=True, Confidence=0.968, Latency=2.1ms
2025-12-08 10:29:25 | INFO | Verification: s035 - Verified=True, Confidence=0.860, Latency=3.1ms
2025-12-08 10:29:25 | INFO | Verification: s035 - Verified=True, Confidence=0.850, Latency=27.7ms
2025-12-08 10:29:25 | INFO | Verification: s035 - Verified=True, Confidence=0.897, Latency=4.0ms
2025-12-08 10:29:25 | INFO | Verification: s035 - Verified=True, Confidence=0.839, Latency=2.4ms
2025-12-08 10:29:25 | INFO | Verification: s035 - Verified=True, Confidence=0.900, Latency=3.0ms
2025-12-08 10:29:25 | INFO | Verification: s035 - Verified=True, Confidence=0.949, Latency=12.5ms
2025-12-08 10:29:25 | INFO | Verification: s035 - Verified=True, Confidence=0.916, Latency=3.3ms
2025-12-08 10:29:25 | INFO | Verification: s035 - Verified=True, Confidence=0.872, Latency=12.5ms
2025-12-08 10:29:25 | INFO | Verification: s035 - Verified=True, Confidence=0.826, Latency=2.0ms
2025-12-08 10:29:25 | INFO | Verification: s035 - Verified=True, Confidence=0.915, Latency=9.5ms
2025-12-08 10:29:25 | INFO | Verification: s035 - Verified=True, Confidence=0.947, Latency=3.0ms
2025-12-08 10:29:25 | INFO | Verification: s035 - Verified=True, Confidence=0.942, Latency=9.1ms
2025-12-08 10:29:25 | INFO | Verification: s035 - Verified=True, Confidence=0.885, Latency=3.5ms
2025-12-08 10:29:25 | INFO | Verification: s035 - Verified=True, Confidence=0.867, Latency=5.5ms
2025-12-08 10:29:25 | INFO | Verification: s035 - Verified=True, Confidence=0.899, Latency=3.2ms
2025-12-08 10:29:25 | INFO | Verification: s035 - Verified=True, Confidence=0.892, Latency=2.5ms
2025-12-08 10:29:25 | INFO | Verification: s035 - Verified=True, Confidence=0.835, Latency=25.4ms
2025-12-08 10:29:25 | INFO | Verification: s035 - Verified=True, Confidence=0.823, Latency=2.0ms
2025-12-08 10:29:25 | INFO | Verification: s035 - Verified=False, Confidence=0.534, Latency=2.1ms
2025-12-08 10:29:25 | INFO | Verification: s035 - Verified=False, Confidence=0.626, Latency=8.2ms
2025-12-08 10:29:25 | INFO | Verification: s035 - Verified=False, Confidence=0.465, Latency=2.7ms
2025-12-08 10:29:25 | INFO | Verification: s035 - Verified=False, Confidence=0.518, Latency=3.5ms
2025-12-08 10:29:25 | INFO | Verification: s035 - Verified=False, Confidence=0.535, Latency=8.5ms
2025-12-08 10:29:25 | INFO | Verification: s035 - Verified=False, Confidence=0.542, Latency=2.0ms
2025-12-08 10:29:25 | INFO | Verification: s035 - Verified=False, Confidence=0.511, Latency=10.6ms
2025-12-08 10:29:25 | INFO | Verification: s035 - Verified=False, Confidence=0.529, Latency=2.0ms
2025-12-08 10:29:25 | INFO | Verification: s035 - Verified=False, Confidence=0.444, Latency=11.7ms
2025-12-08 10:29:25 | INFO | Verification: s035 - Verified=False, Confidence=0.242, Latency=4.0ms
2025-12-08 10:29:25 | INFO | Verification: s035 - Verified=True, Confidence=0.877, Latency=2.0ms
2025-12-08 10:29:25 | INFO | Verification: s035 - Verified=False, Confidence=0.729, Latency=8.0ms
2025-12-08 10:29:25 | INFO | Verification: s035 - Verified=False, Confidence=0.615, Latency=2.0ms
2025-12-08 10:29:25 | INFO | Verification: s035 - Verified=False, Confidence=0.693, Latency=4.3ms
2025-12-08 10:29:25 | INFO | Verification: s035 - Verified=True, Confidence=0.835, Latency=2.0ms
2025-12-08 10:29:25 | INFO | Verification: s035 - Verified=True, Confidence=0.821, Latency=3.0ms
2025-12-08 10:29:25 | INFO | Verification: s035 - Verified=True, Confidence=0.913, Latency=2.8ms
2025-12-08 10:29:25 | INFO | Verification: s035 - Verified=True, Confidence=0.858, Latency=9.1ms
2025-12-08 10:29:25 | INFO | Verification: s035 - Verified=True, Confidence=0.809, Latency=2.0ms
2025-12-08 10:29:25 | INFO | Verification: s035 - Verified=True, Confidence=0.882, Latency=3.4ms
2025-12-08 10:29:25 | INFO | Verification: s035 - Verified=False, Confidence=0.723, Latency=2.0ms
2025-12-08 10:29:25 | INFO | Verification: s035 - Verified=True, Confidence=0.751, Latency=3.5ms
2025-12-08 10:29:25 | INFO | Verification: s035 - Verified=True, Confidence=0.769, Latency=10.2ms
2025-12-08 10:29:25 | INFO | Verification: s035 - Verified=False, Confidence=0.735, Latency=2.0ms
2025-12-08 10:29:25 | INFO | Verification: s035 - Verified=False, Confidence=0.749, Latency=3.9ms
2025-12-08 10:29:25 | INFO | Enrolling user: s042
2025-12-08 10:29:25 | INFO | User s042 enrolled successfully with 50 samples
2025-12-08 10:29:25 | INFO | Verification: s042 - Verified=True, Confidence=0.867, Latency=4.2ms
2025-12-08 10:29:25 | INFO | Verification: s042 - Verified=True, Confidence=0.927, Latency=3.5ms
2025-12-08 10:29:25 | INFO | Verification: s042 - Verified=True, Confidence=0.993, Latency=2.0ms
2025-12-08 10:29:25 | INFO | Verification: s042 - Verified=True, Confidence=0.983, Latency=2.0ms
2025-12-08 10:29:25 | INFO | Verification: s042 - Verified=True, Confidence=0.967, Latency=7.0ms
2025-12-08 10:29:25 | INFO | Verification: s042 - Verified=True, Confidence=0.966, Latency=3.4ms
2025-12-08 10:29:25 | INFO | Verification: s042 - Verified=True, Confidence=0.972, Latency=2.0ms
2025-12-08 10:29:25 | INFO | Verification: s042 - Verified=True, Confidence=0.966, Latency=1.5ms
2025-12-08 10:29:25 | INFO | Verification: s042 - Verified=True, Confidence=0.983, Latency=2.0ms
2025-12-08 10:29:25 | INFO | Verification: s042 - Verified=True, Confidence=0.959, Latency=4.7ms
2025-12-08 10:29:25 | INFO | Verification: s042 - Verified=True, Confidence=0.984, Latency=10.4ms
2025-12-08 10:29:25 | INFO | Verification: s042 - Verified=True, Confidence=0.938, Latency=2.0ms
2025-12-08 10:29:25 | INFO | Verification: s042 - Verified=True, Confidence=0.970, Latency=10.3ms
2025-12-08 10:29:25 | INFO | Verification: s042 - Verified=True, Confidence=0.974, Latency=4.9ms
2025-12-08 10:29:25 | INFO | Verification: s042 - Verified=True, Confidence=0.983, Latency=6.7ms
2025-12-08 10:29:25 | INFO | Verification: s042 - Verified=True, Confidence=0.974, Latency=9.4ms
2025-12-08 10:29:25 | INFO | Verification: s042 - Verified=True, Confidence=0.980, Latency=5.3ms
2025-12-08 10:29:25 | INFO | Verification: s042 - Verified=True, Confidence=0.981, Latency=10.4ms
2025-12-08 10:29:25 | INFO | Verification: s042 - Verified=True, Confidence=0.965, Latency=3.1ms
2025-12-08 10:29:25 | INFO | Verification: s042 - Verified=True, Confidence=0.980, Latency=2.0ms
2025-12-08 10:29:25 | INFO | Verification: s042 - Verified=True, Confidence=0.969, Latency=5.9ms
2025-12-08 10:29:25 | INFO | Verification: s042 - Verified=True, Confidence=0.968, Latency=10.9ms
2025-12-08 10:29:25 | INFO | Verification: s042 - Verified=True, Confidence=0.970, Latency=4.1ms
2025-12-08 10:29:25 | INFO | Verification: s042 - Verified=True, Confidence=0.971, Latency=2.3ms
2025-12-08 10:29:25 | INFO | Verification: s042 - Verified=True, Confidence=0.966, Latency=2.0ms
2025-12-08 10:29:25 | INFO | Verification: s042 - Verified=False, Confidence=0.487, Latency=7.5ms
2025-12-08 10:29:25 | INFO | Verification: s042 - Verified=False, Confidence=0.545, Latency=2.5ms
2025-12-08 10:29:25 | INFO | Verification: s042 - Verified=False, Confidence=0.448, Latency=2.0ms
2025-12-08 10:29:25 | INFO | Verification: s042 - Verified=False, Confidence=0.410, Latency=4.6ms
2025-12-08 10:29:25 | INFO | Verification: s042 - Verified=False, Confidence=0.444, Latency=2.0ms
2025-12-08 10:29:25 | INFO | Verification: s042 - Verified=False, Confidence=0.376, Latency=6.9ms
2025-12-08 10:29:25 | INFO | Verification: s042 - Verified=False, Confidence=0.378, Latency=10.5ms
2025-12-08 10:29:25 | INFO | Verification: s042 - Verified=False, Confidence=0.509, Latency=2.0ms
2025-12-08 10:29:25 | INFO | Verification: s042 - Verified=False, Confidence=0.322, Latency=9.1ms
2025-12-08 10:29:25 | INFO | Verification: s042 - Verified=False, Confidence=0.393, Latency=0.0ms
2025-12-08 10:29:25 | INFO | Verification: s042 - Verified=False, Confidence=0.702, Latency=2.0ms
2025-12-08 10:29:25 | INFO | Verification: s042 - Verified=True, Confidence=0.755, Latency=9.6ms
2025-12-08 10:29:25 | INFO | Verification: s042 - Verified=False, Confidence=0.560, Latency=0.0ms
2025-12-08 10:29:25 | INFO | Verification: s042 - Verified=False, Confidence=0.741, Latency=6.4ms
2025-12-08 10:29:25 | INFO | Verification: s042 - Verified=False, Confidence=0.659, Latency=9.4ms
2025-12-08 10:29:25 | INFO | Verification: s042 - Verified=False, Confidence=0.665, Latency=2.0ms
2025-12-08 10:29:25 | INFO | Verification: s042 - Verified=False, Confidence=0.671, Latency=8.3ms
2025-12-08 10:29:25 | INFO | Verification: s042 - Verified=False, Confidence=0.658, Latency=0.0ms
2025-12-08 10:29:25 | INFO | Verification: s042 - Verified=False, Confidence=0.659, Latency=4.7ms
2025-12-08 10:29:25 | INFO | Verification: s042 - Verified=True, Confidence=0.823, Latency=3.1ms
2025-12-08 10:29:25 | INFO | Verification: s042 - Verified=False, Confidence=0.543, Latency=3.4ms
2025-12-08 10:29:25 | INFO | Verification: s042 - Verified=False, Confidence=0.718, Latency=3.2ms
2025-12-08 10:29:25 | INFO | Verification: s042 - Verified=False, Confidence=0.674, Latency=5.9ms
2025-12-08 10:29:25 | INFO | Verification: s042 - Verified=False, Confidence=0.635, Latency=2.0ms
2025-12-08 10:29:25 | INFO | Verification: s042 - Verified=True, Confidence=0.856, Latency=10.0ms
2025-12-08 10:29:25 | INFO | Enrolling user: s052
2025-12-08 10:29:25 | INFO | User s052 enrolled successfully with 50 samples
2025-12-08 10:29:25 | INFO | Verification: s052 - Verified=True, Confidence=0.947, Latency=3.7ms
2025-12-08 10:29:25 | INFO | Verification: s052 - Verified=True, Confidence=0.759, Latency=10.7ms
2025-12-08 10:29:25 | INFO | Verification: s052 - Verified=True, Confidence=0.883, Latency=2.0ms
2025-12-08 10:29:25 | INFO | Verification: s052 - Verified=True, Confidence=0.969, Latency=2.0ms
2025-12-08 10:29:25 | INFO | Verification: s052 - Verified=True, Confidence=0.913, Latency=10.2ms
2025-12-08 10:29:25 | INFO | Verification: s052 - Verified=True, Confidence=0.870, Latency=2.0ms
2025-12-08 10:29:25 | INFO | Verification: s052 - Verified=True, Confidence=0.933, Latency=3.8ms
2025-12-08 10:29:25 | INFO | Verification: s052 - Verified=True, Confidence=0.871, Latency=7.9ms
2025-12-08 10:29:25 | INFO | Verification: s052 - Verified=True, Confidence=0.936, Latency=2.0ms
2025-12-08 10:29:25 | INFO | Verification: s052 - Verified=True, Confidence=0.908, Latency=3.0ms
2025-12-08 10:29:25 | INFO | Verification: s052 - Verified=True, Confidence=0.895, Latency=11.7ms
2025-12-08 10:29:25 | INFO | Verification: s052 - Verified=True, Confidence=0.789, Latency=2.0ms
2025-12-08 10:29:25 | INFO | Verification: s052 - Verified=True, Confidence=0.862, Latency=4.0ms
2025-12-08 10:29:25 | INFO | Verification: s052 - Verified=True, Confidence=0.819, Latency=7.9ms
2025-12-08 10:29:25 | INFO | Verification: s052 - Verified=False, Confidence=0.709, Latency=2.2ms
2025-12-08 10:29:25 | INFO | Verification: s052 - Verified=True, Confidence=0.824, Latency=3.0ms
2025-12-08 10:29:25 | INFO | Verification: s052 - Verified=False, Confidence=0.734, Latency=7.7ms
2025-12-08 10:29:25 | INFO | Verification: s052 - Verified=True, Confidence=0.940, Latency=2.0ms
2025-12-08 10:29:25 | INFO | Verification: s052 - Verified=True, Confidence=0.942, Latency=3.9ms
2025-12-08 10:29:25 | INFO | Verification: s052 - Verified=True, Confidence=0.925, Latency=8.7ms
2025-12-08 10:29:25 | INFO | Verification: s052 - Verified=True, Confidence=0.942, Latency=3.0ms
2025-12-08 10:29:25 | INFO | Verification: s052 - Verified=True, Confidence=0.802, Latency=2.4ms
2025-12-08 10:29:25 | INFO | Verification: s052 - Verified=True, Confidence=0.805, Latency=8.9ms
2025-12-08 10:29:25 | INFO | Verification: s052 - Verified=True, Confidence=0.980, Latency=2.0ms
2025-12-08 10:29:25 | INFO | Verification: s052 - Verified=True, Confidence=0.928, Latency=2.9ms
2025-12-08 10:29:25 | INFO | Verification: s052 - Verified=False, Confidence=0.616, Latency=3.2ms
2025-12-08 10:29:25 | INFO | Verification: s052 - Verified=False, Confidence=0.465, Latency=34.1ms
2025-12-08 10:29:25 | INFO | Verification: s052 - Verified=False, Confidence=0.602, Latency=10.4ms
2025-12-08 10:29:25 | INFO | Verification: s052 - Verified=False, Confidence=0.715, Latency=2.0ms
2025-12-08 10:29:25 | INFO | Verification: s052 - Verified=False, Confidence=0.396, Latency=2.0ms
2025-12-08 10:29:26 | INFO | Verification: s052 - Verified=False, Confidence=0.540, Latency=1.9ms
2025-12-08 10:29:26 | INFO | Verification: s052 - Verified=False, Confidence=0.733, Latency=2.7ms
2025-12-08 10:29:26 | INFO | Verification: s052 - Verified=False, Confidence=0.591, Latency=2.0ms
2025-12-08 10:29:26 | INFO | Verification: s052 - Verified=False, Confidence=0.595, Latency=151.5ms
2025-12-08 10:29:26 | INFO | Verification: s052 - Verified=True, Confidence=0.820, Latency=4.0ms
2025-12-08 10:29:26 | INFO | Verification: s052 - Verified=False, Confidence=0.545, Latency=10.7ms
2025-12-08 10:29:26 | INFO | Verification: s052 - Verified=False, Confidence=0.254, Latency=5.2ms
2025-12-08 10:29:26 | INFO | Verification: s052 - Verified=False, Confidence=0.486, Latency=4.7ms
2025-12-08 10:29:26 | INFO | Verification: s052 - Verified=False, Confidence=0.662, Latency=3.0ms
2025-12-08 10:29:26 | INFO | Verification: s052 - Verified=False, Confidence=0.419, Latency=3.6ms
2025-12-08 10:29:26 | INFO | Verification: s052 - Verified=False, Confidence=0.647, Latency=1.9ms
2025-12-08 10:29:26 | INFO | Verification: s052 - Verified=False, Confidence=0.349, Latency=11.8ms
2025-12-08 10:29:26 | INFO | Verification: s052 - Verified=False, Confidence=0.524, Latency=2.0ms
2025-12-08 10:29:26 | INFO | Verification: s052 - Verified=False, Confidence=0.683, Latency=10.5ms
2025-12-08 10:29:26 | INFO | Verification: s052 - Verified=False, Confidence=0.273, Latency=2.0ms
2025-12-08 10:29:26 | INFO | Verification: s052 - Verified=False, Confidence=0.332, Latency=5.1ms
2025-12-08 10:29:26 | INFO | Verification: s052 - Verified=False, Confidence=0.616, Latency=5.3ms
2025-12-08 10:29:26 | INFO | Verification: s052 - Verified=False, Confidence=0.533, Latency=2.0ms
2025-12-08 10:29:26 | INFO | Verification: s052 - Verified=False, Confidence=0.413, Latency=10.9ms
2025-12-08 10:29:26 | INFO | Verification: s052 - Verified=False, Confidence=0.334, Latency=3.0ms
2025-12-08 10:29:26 | INFO | Enrolling user: s053
2025-12-08 10:29:26 | INFO | User s053 enrolled successfully with 50 samples
2025-12-08 10:29:26 | INFO | Verification: s053 - Verified=True, Confidence=0.761, Latency=9.3ms
2025-12-08 10:29:26 | INFO | Verification: s053 - Verified=False, Confidence=0.620, Latency=2.0ms
2025-12-08 10:29:26 | INFO | Verification: s053 - Verified=True, Confidence=0.879, Latency=3.9ms
2025-12-08 10:29:26 | INFO | Verification: s053 - Verified=True, Confidence=0.751, Latency=2.0ms
2025-12-08 10:29:26 | INFO | Verification: s053 - Verified=True, Confidence=0.873, Latency=2.8ms
2025-12-08 10:29:26 | INFO | Verification: s053 - Verified=False, Confidence=0.693, Latency=3.0ms
2025-12-08 10:29:26 | INFO | Verification: s053 - Verified=True, Confidence=0.796, Latency=9.4ms
2025-12-08 10:29:26 | INFO | Verification: s053 - Verified=True, Confidence=0.823, Latency=3.5ms
2025-12-08 10:29:26 | INFO | Verification: s053 - Verified=True, Confidence=0.887, Latency=2.0ms
2025-12-08 10:29:26 | INFO | Verification: s053 - Verified=True, Confidence=0.847, Latency=10.0ms
2025-12-08 10:29:26 | INFO | Verification: s053 - Verified=False, Confidence=0.473, Latency=3.0ms
2025-12-08 10:29:26 | INFO | Verification: s053 - Verified=False, Confidence=0.695, Latency=2.1ms
2025-12-08 10:29:26 | INFO | Verification: s053 - Verified=True, Confidence=0.863, Latency=8.9ms
2025-12-08 10:29:26 | INFO | Verification: s053 - Verified=True, Confidence=0.887, Latency=0.0ms
2025-12-08 10:29:26 | INFO | Verification: s053 - Verified=True, Confidence=0.929, Latency=2.4ms
2025-12-08 10:29:26 | INFO | Verification: s053 - Verified=True, Confidence=0.870, Latency=9.6ms
2025-12-08 10:29:26 | INFO | Verification: s053 - Verified=True, Confidence=0.808, Latency=2.0ms
2025-12-08 10:29:26 | INFO | Verification: s053 - Verified=True, Confidence=0.888, Latency=2.0ms
2025-12-08 10:29:26 | INFO | Verification: s053 - Verified=True, Confidence=0.910, Latency=2.0ms
2025-12-08 10:29:26 | INFO | Verification: s053 - Verified=True, Confidence=0.936, Latency=2.0ms
2025-12-08 10:29:26 | INFO | Verification: s053 - Verified=True, Confidence=0.927, Latency=3.4ms
2025-12-08 10:29:26 | INFO | Verification: s053 - Verified=True, Confidence=0.866, Latency=4.0ms
2025-12-08 10:29:26 | INFO | Verification: s053 - Verified=True, Confidence=0.967, Latency=3.0ms
2025-12-08 10:29:26 | INFO | Verification: s053 - Verified=True, Confidence=0.938, Latency=13.3ms
2025-12-08 10:29:26 | INFO | Verification: s053 - Verified=True, Confidence=0.864, Latency=2.8ms
2025-12-08 10:29:26 | INFO | Verification: s053 - Verified=False, Confidence=0.386, Latency=3.5ms
2025-12-08 10:29:26 | INFO | Verification: s053 - Verified=False, Confidence=0.264, Latency=2.0ms
2025-12-08 10:29:26 | INFO | Verification: s053 - Verified=False, Confidence=0.398, Latency=4.9ms
2025-12-08 10:29:26 | INFO | Verification: s053 - Verified=False, Confidence=0.445, Latency=3.9ms
2025-12-08 10:29:26 | INFO | Verification: s053 - Verified=False, Confidence=0.247, Latency=2.0ms
2025-12-08 10:29:26 | INFO | Verification: s053 - Verified=False, Confidence=0.344, Latency=2.4ms
2025-12-08 10:29:26 | INFO | Verification: s053 - Verified=False, Confidence=0.491, Latency=7.0ms
2025-12-08 10:29:26 | INFO | Verification: s053 - Verified=False, Confidence=0.378, Latency=2.6ms
2025-12-08 10:29:26 | INFO | Verification: s053 - Verified=False, Confidence=0.381, Latency=9.9ms
2025-12-08 10:29:26 | INFO | Verification: s053 - Verified=False, Confidence=0.665, Latency=2.0ms
2025-12-08 10:29:26 | INFO | Verification: s053 - Verified=False, Confidence=0.383, Latency=2.0ms
2025-12-08 10:29:26 | INFO | Verification: s053 - Verified=False, Confidence=0.336, Latency=5.5ms
2025-12-08 10:29:26 | INFO | Verification: s053 - Verified=False, Confidence=0.464, Latency=4.1ms
2025-12-08 10:29:26 | INFO | Verification: s053 - Verified=False, Confidence=0.538, Latency=3.8ms
2025-12-08 10:29:26 | INFO | Verification: s053 - Verified=False, Confidence=0.264, Latency=3.0ms
2025-12-08 10:29:26 | INFO | Verification: s053 - Verified=False, Confidence=0.679, Latency=3.0ms
2025-12-08 10:29:26 | INFO | Verification: s053 - Verified=False, Confidence=0.271, Latency=2.2ms
2025-12-08 10:29:26 | INFO | Verification: s053 - Verified=False, Confidence=0.544, Latency=4.7ms
2025-12-08 10:29:26 | INFO | Verification: s053 - Verified=False, Confidence=0.646, Latency=2.4ms
2025-12-08 10:29:26 | INFO | Verification: s053 - Verified=False, Confidence=0.336, Latency=10.1ms
2025-12-08 10:29:26 | INFO | Verification: s053 - Verified=False, Confidence=0.357, Latency=4.0ms
2025-12-08 10:29:26 | INFO | Verification: s053 - Verified=False, Confidence=0.511, Latency=2.8ms
2025-12-08 10:29:26 | INFO | Verification: s053 - Verified=False, Confidence=0.482, Latency=10.1ms
2025-12-08 10:29:26 | INFO | Verification: s053 - Verified=False, Confidence=0.390, Latency=2.0ms
2025-12-08 10:29:26 | INFO | Verification: s053 - Verified=False, Confidence=0.417, Latency=9.6ms
2025-12-08 10:29:26 | INFO | EER: 0.3300, Optimal Threshold: 0.9409
2025-12-08 10:29:28 | INFO | ROC curve saved: logs\roc_curve.png
2025-12-08 10:29:28 | INFO | Evaluating anomaly detection...
2025-12-08 10:29:28 | INFO | Fitting anomaly detector on 100 samples
2025-12-08 10:29:28 | INFO | Anomaly detector fitted successfully
2025-12-08 10:29:28 | INFO | Anomaly Report: 10/100 anomalies (10.0%)
2025-12-08 10:29:28 | INFO | Anomaly Detection Report: {'total_samples': 100, 'anomaly_count': 10, 'normal_count': 90, 'anomaly_rate': 0.1, 'mean_score': 0.6338520858497995, 'min_score': 0.0, 'max_score': 0.999999944375285, 'std_score': 0.20040803932741547}
2025-12-08 10:29:28 | INFO | Test report saved: logs\test_report.txt
2025-12-08 10:29:28 | INFO | Comprehensive testing completed!
2025-12-08 10:29:28 | INFO | Testing script completed successfully!
