2025-12-08 13:48:02 | INFO | ================================================================================
2025-12-08 13:48:02 | INFO | KEYSTROKE DYNAMICS - ZERO TRUST TELEHEALTH PLATFORM
2025-12-08 13:48:02 | INFO | ================================================================================
2025-12-08 13:48:02 | INFO | Starting testing pipeline...
2025-12-08 13:48:03 | INFO | Loading configuration from: config.yaml
2025-12-08 13:48:03 | INFO | Configuration loaded successfully
2025-12-08 13:48:03 | INFO | Using device: cpu
2025-12-08 13:48:03 | INFO | KeystrokePreprocessor initialized
2025-12-08 13:48:03 | INFO | AnomalyDetector initialized with method: isolation_forest
2025-12-08 13:48:03 | INFO | Loading model from: models/checkpoints\best_model.pth
2025-12-08 13:48:03 | INFO | Running comprehensive tests...
2025-12-08 13:48:03 | INFO | Loading test dataset...
2025-12-08 13:48:03 | INFO | Loading tuplet dataset from: Dataset/tuplet_dataset_with_subjects1.xlsx
2025-12-08 13:48:13 | INFO | Loaded tuplet dataset: 10000 pairs
2025-12-08 13:48:13 | INFO | Features per sample: 31
2025-12-08 13:48:13 | INFO | Genuine pairs: 5000 (50.0%)
2025-12-08 13:48:13 | INFO | Impostor pairs: 5000 (50.0%)
2025-12-08 13:48:13 | INFO | Unique A subjects: 51
2025-12-08 13:48:13 | INFO | Unique B subjects: 51
2025-12-08 13:48:13 | INFO | Tuplet test data loaded: 1000 pairs
2025-12-08 13:48:13 | INFO | Features: 31
2025-12-08 13:48:13 | INFO | Genuine: 481, Impostor: 519
2025-12-08 13:48:13 | INFO | KeystrokeEmbeddingModel initialized: 31 -> 128
2025-12-08 13:48:13 | INFO | Architecture: [256, 512, 256, 128]
2025-12-08 13:48:13 | INFO | Model loaded successfully
2025-12-08 13:48:13 | INFO | Evaluating verification performance (tuplet dataset)...
2025-12-08 13:48:13 | INFO | Genuine scores: 481, Impostor scores: 519
