2025-12-08 11:41:05 | INFO | ================================================================================
2025-12-08 11:41:05 | INFO | KEYSTROKE DYNAMICS - ZERO TRUST TELEHEALTH PLATFORM
2025-12-08 11:41:05 | INFO | ================================================================================
2025-12-08 11:41:05 | INFO | Starting testing pipeline...
2025-12-08 11:41:06 | INFO | Loading configuration from: config.yaml
2025-12-08 11:41:06 | INFO | Configuration loaded successfully
2025-12-08 11:41:06 | INFO | Using device: cpu
2025-12-08 11:41:06 | INFO | KeystrokePreprocessor initialized
2025-12-08 11:41:06 | INFO | AnomalyDetector initialized with method: isolation_forest
2025-12-08 11:41:06 | INFO | Loading model from: models/checkpoints\best_model.pth
2025-12-08 11:41:06 | INFO | Running comprehensive tests...
2025-12-08 11:41:06 | INFO | Loading test dataset...
2025-12-08 11:41:06 | INFO | Loading DSL dataset from: Dataset\DSL-StrongPasswordData-Original_Dataset.xls
2025-12-08 11:41:08 | INFO | Loaded dataset: 20400 samples, 34 features
2025-12-08 11:41:08 | INFO | Subjects: 51
2025-12-08 11:41:08 | INFO | Splitting dataset by subject...
2025-12-08 11:41:08 | INFO | Split: Train=12000 (30 subjects), Val=4000 (10 subjects), Test=4400 (11 subjects)
2025-12-08 11:41:08 | INFO | Running preprocessing pipeline...
2025-12-08 11:41:08 | INFO | Extracting timing features...
2025-12-08 11:41:08 | INFO | Extracted 31 timing features
2025-12-08 11:41:08 | INFO | Feature types: 11 hold, 10 DD, 10 UD
2025-12-08 11:41:08 | INFO | Handling outliers...
2025-12-08 11:41:08 | INFO | Clipped 1897 outlier values
2025-12-08 11:41:08 | INFO | Computing statistical features...
2025-12-08 11:41:08 | INFO | Added 7 statistical features
2025-12-08 11:41:08 | WARNING | Scaler not fitted, fitting now...
2025-12-08 11:41:08 | INFO | Preprocessing complete: torch.Size([4400, 38])
2025-12-08 11:41:08 | INFO | Test data loaded: torch.Size([4400, 38])
2025-12-08 11:41:08 | INFO | KeystrokeEmbeddingModel initialized: 38 -> 128
2025-12-08 11:41:08 | INFO | Architecture: [256, 512, 256, 128]
2025-12-08 11:41:08 | INFO | Model loaded successfully
2025-12-08 11:41:08 | INFO | Evaluating verification performance...
2025-12-08 11:41:08 | INFO | KeystrokeVerifier initialized
2025-12-08 11:41:08 | INFO | Adaptive threshold: True
2025-12-08 11:41:08 | INFO | Enrolling user: s012
2025-12-08 11:41:08 | INFO | Adaptive threshold for s012: 0.9521 (mean: 0.9852, std: 0.0133)
2025-12-08 11:41:08 | INFO | User s012 enrolled successfully with 50 samples
2025-12-08 11:41:08 | INFO | Verification: s012 - Verified=True, Confidence=0.998, Latency=3.0ms
2025-12-08 11:41:08 | INFO | Verification: s012 - Verified=True, Confidence=0.971, Latency=2.0ms
2025-12-08 11:41:08 | INFO | Verification: s012 - Verified=True, Confidence=0.989, Latency=8.4ms
2025-12-08 11:41:08 | INFO | Verification: s012 - Verified=True, Confidence=0.962, Latency=2.1ms
2025-12-08 11:41:08 | INFO | Verification: s012 - Verified=True, Confidence=0.992, Latency=3.1ms
2025-12-08 11:41:08 | INFO | Verification: s012 - Verified=False, Confidence=0.925, Latency=7.3ms
2025-12-08 11:41:08 | INFO | Verification: s012 - Verified=True, Confidence=0.971, Latency=3.0ms
2025-12-08 11:41:08 | INFO | Verification: s012 - Verified=True, Confidence=0.965, Latency=4.0ms
2025-12-08 11:41:08 | INFO | Verification: s012 - Verified=True, Confidence=0.967, Latency=7.0ms
2025-12-08 11:41:08 | INFO | Verification: s012 - Verified=False, Confidence=0.893, Latency=1.0ms
2025-12-08 11:41:08 | INFO | Verification: s012 - Verified=True, Confidence=0.973, Latency=2.5ms
2025-12-08 11:41:08 | INFO | Verification: s012 - Verified=True, Confidence=0.967, Latency=3.0ms
2025-12-08 11:41:08 | INFO | Verification: s012 - Verified=True, Confidence=0.986, Latency=7.0ms
2025-12-08 11:41:08 | INFO | Verification: s012 - Verified=True, Confidence=0.991, Latency=4.9ms
2025-12-08 11:41:08 | INFO | Verification: s012 - Verified=False, Confidence=0.714, Latency=4.0ms
2025-12-08 11:41:08 | INFO | Verification: s012 - Verified=False, Confidence=0.928, Latency=2.0ms
2025-12-08 11:41:08 | INFO | Verification: s012 - Verified=True, Confidence=0.993, Latency=3.0ms
2025-12-08 11:41:08 | INFO | Verification: s012 - Verified=False, Confidence=0.907, Latency=3.0ms
2025-12-08 11:41:08 | INFO | Verification: s012 - Verified=True, Confidence=0.968, Latency=4.0ms
2025-12-08 11:41:08 | INFO | Verification: s012 - Verified=True, Confidence=0.973, Latency=4.1ms
2025-12-08 11:41:08 | INFO | Verification: s012 - Verified=True, Confidence=0.958, Latency=4.0ms
2025-12-08 11:41:08 | INFO | Verification: s012 - Verified=True, Confidence=0.985, Latency=2.0ms
2025-12-08 11:41:08 | INFO | Verification: s012 - Verified=True, Confidence=0.989, Latency=3.0ms
2025-12-08 11:41:08 | INFO | Verification: s012 - Verified=True, Confidence=0.977, Latency=2.4ms
2025-12-08 11:41:08 | INFO | Verification: s012 - Verified=True, Confidence=0.984, Latency=3.0ms
2025-12-08 11:41:08 | INFO | Verification: s012 - Verified=False, Confidence=0.559, Latency=3.0ms
2025-12-08 11:41:08 | INFO | Verification: s012 - Verified=False, Confidence=0.448, Latency=4.3ms
2025-12-08 11:41:08 | INFO | Verification: s012 - Verified=False, Confidence=0.421, Latency=2.0ms
2025-12-08 11:41:08 | INFO | Verification: s012 - Verified=False, Confidence=0.408, Latency=4.5ms
2025-12-08 11:41:08 | INFO | Verification: s012 - Verified=False, Confidence=0.190, Latency=2.0ms
2025-12-08 11:41:08 | INFO | Verification: s012 - Verified=False, Confidence=0.522, Latency=5.2ms
2025-12-08 11:41:08 | INFO | Verification: s012 - Verified=False, Confidence=0.447, Latency=2.4ms
2025-12-08 11:41:08 | INFO | Verification: s012 - Verified=False, Confidence=0.602, Latency=8.2ms
2025-12-08 11:41:08 | INFO | Verification: s012 - Verified=False, Confidence=0.498, Latency=3.2ms
2025-12-08 11:41:08 | INFO | Verification: s012 - Verified=False, Confidence=0.307, Latency=2.4ms
2025-12-08 11:41:08 | INFO | Verification: s012 - Verified=False, Confidence=0.776, Latency=2.0ms
2025-12-08 11:41:08 | INFO | Verification: s012 - Verified=False, Confidence=0.694, Latency=1.0ms
2025-12-08 11:41:08 | INFO | Verification: s012 - Verified=False, Confidence=0.552, Latency=2.2ms
2025-12-08 11:41:08 | INFO | Verification: s012 - Verified=False, Confidence=0.386, Latency=2.3ms
2025-12-08 11:41:08 | INFO | Verification: s012 - Verified=False, Confidence=0.444, Latency=2.5ms
2025-12-08 11:41:08 | INFO | Verification: s012 - Verified=False, Confidence=0.214, Latency=5.0ms
2025-12-08 11:41:08 | INFO | Verification: s012 - Verified=False, Confidence=0.133, Latency=3.6ms
2025-12-08 11:41:08 | INFO | Verification: s012 - Verified=False, Confidence=0.190, Latency=4.1ms
2025-12-08 11:41:08 | INFO | Verification: s012 - Verified=False, Confidence=0.141, Latency=2.2ms
2025-12-08 11:41:08 | INFO | Verification: s012 - Verified=False, Confidence=0.162, Latency=4.2ms
2025-12-08 11:41:08 | INFO | Verification: s012 - Verified=False, Confidence=0.186, Latency=2.0ms
2025-12-08 11:41:08 | INFO | Verification: s012 - Verified=False, Confidence=0.397, Latency=3.5ms
2025-12-08 11:41:08 | INFO | Verification: s012 - Verified=False, Confidence=0.364, Latency=2.0ms
2025-12-08 11:41:08 | INFO | Verification: s012 - Verified=False, Confidence=0.174, Latency=5.5ms
2025-12-08 11:41:08 | INFO | Verification: s012 - Verified=False, Confidence=0.239, Latency=2.0ms
2025-12-08 11:41:08 | INFO | Enrolling user: s013
2025-12-08 11:41:08 | INFO | Adaptive threshold for s013: 0.7175 (mean: 0.8976, std: 0.0720)
2025-12-08 11:41:08 | INFO | User s013 enrolled successfully with 50 samples
2025-12-08 11:41:08 | INFO | Verification: s013 - Verified=True, Confidence=0.869, Latency=3.0ms
2025-12-08 11:41:08 | INFO | Verification: s013 - Verified=True, Confidence=0.962, Latency=2.0ms
2025-12-08 11:41:08 | INFO | Verification: s013 - Verified=True, Confidence=0.938, Latency=2.0ms
2025-12-08 11:41:08 | INFO | Verification: s013 - Verified=True, Confidence=0.950, Latency=5.0ms
2025-12-08 11:41:08 | INFO | Verification: s013 - Verified=True, Confidence=0.928, Latency=4.0ms
2025-12-08 11:41:08 | INFO | Verification: s013 - Verified=True, Confidence=0.924, Latency=3.0ms
2025-12-08 11:41:08 | INFO | Verification: s013 - Verified=True, Confidence=0.973, Latency=5.5ms
2025-12-08 11:41:08 | INFO | Verification: s013 - Verified=True, Confidence=0.965, Latency=2.0ms
2025-12-08 11:41:08 | INFO | Verification: s013 - Verified=True, Confidence=0.838, Latency=2.0ms
2025-12-08 11:41:08 | INFO | Verification: s013 - Verified=True, Confidence=0.859, Latency=1.1ms
2025-12-08 11:41:08 | INFO | Verification: s013 - Verified=True, Confidence=0.935, Latency=1.0ms
2025-12-08 11:41:08 | INFO | Verification: s013 - Verified=True, Confidence=0.860, Latency=3.4ms
2025-12-08 11:41:08 | INFO | Verification: s013 - Verified=True, Confidence=0.957, Latency=2.2ms
2025-12-08 11:41:08 | INFO | Verification: s013 - Verified=True, Confidence=0.882, Latency=2.7ms
2025-12-08 11:41:08 | INFO | Verification: s013 - Verified=True, Confidence=0.868, Latency=1.0ms
2025-12-08 11:41:08 | INFO | Verification: s013 - Verified=True, Confidence=0.982, Latency=5.8ms
2025-12-08 11:41:08 | INFO | Verification: s013 - Verified=True, Confidence=0.922, Latency=2.0ms
2025-12-08 11:41:08 | INFO | Verification: s013 - Verified=True, Confidence=0.901, Latency=3.2ms
2025-12-08 11:41:08 | INFO | Verification: s013 - Verified=True, Confidence=0.937, Latency=2.0ms
2025-12-08 11:41:08 | INFO | Verification: s013 - Verified=True, Confidence=0.863, Latency=1.0ms
2025-12-08 11:41:08 | INFO | Verification: s013 - Verified=True, Confidence=0.971, Latency=5.2ms
2025-12-08 11:41:08 | INFO | Verification: s013 - Verified=True, Confidence=0.954, Latency=2.1ms
2025-12-08 11:41:08 | INFO | Verification: s013 - Verified=True, Confidence=0.897, Latency=4.4ms
2025-12-08 11:41:08 | INFO | Verification: s013 - Verified=True, Confidence=0.969, Latency=2.3ms
2025-12-08 11:41:08 | INFO | Verification: s013 - Verified=True, Confidence=0.925, Latency=1.0ms
2025-12-08 11:41:08 | INFO | Verification: s013 - Verified=False, Confidence=0.419, Latency=3.1ms
2025-12-08 11:41:08 | INFO | Verification: s013 - Verified=False, Confidence=0.397, Latency=3.0ms
2025-12-08 11:41:08 | INFO | Verification: s013 - Verified=False, Confidence=0.431, Latency=4.0ms
2025-12-08 11:41:08 | INFO | Verification: s013 - Verified=False, Confidence=0.408, Latency=1.0ms
2025-12-08 11:41:08 | INFO | Verification: s013 - Verified=False, Confidence=0.400, Latency=6.0ms
2025-12-08 11:41:08 | INFO | Verification: s013 - Verified=True, Confidence=0.869, Latency=3.0ms
2025-12-08 11:41:08 | INFO | Verification: s013 - Verified=True, Confidence=0.806, Latency=6.0ms
2025-12-08 11:41:08 | INFO | Verification: s013 - Verified=False, Confidence=0.703, Latency=2.0ms
2025-12-08 11:41:08 | INFO | Verification: s013 - Verified=False, Confidence=0.716, Latency=3.0ms
2025-12-08 11:41:08 | INFO | Verification: s013 - Verified=True, Confidence=0.803, Latency=2.3ms
2025-12-08 11:41:08 | INFO | Verification: s013 - Verified=False, Confidence=0.678, Latency=4.4ms
2025-12-08 11:41:08 | INFO | Verification: s013 - Verified=True, Confidence=0.727, Latency=2.0ms
2025-12-08 11:41:08 | INFO | Verification: s013 - Verified=True, Confidence=0.902, Latency=3.2ms
2025-12-08 11:41:08 | INFO | Verification: s013 - Verified=True, Confidence=0.909, Latency=2.8ms
2025-12-08 11:41:08 | INFO | Verification: s013 - Verified=True, Confidence=0.828, Latency=5.2ms
2025-12-08 11:41:08 | INFO | Verification: s013 - Verified=False, Confidence=0.632, Latency=3.2ms
2025-12-08 11:41:08 | INFO | Verification: s013 - Verified=False, Confidence=0.502, Latency=3.4ms
2025-12-08 11:41:08 | INFO | Verification: s013 - Verified=False, Confidence=0.578, Latency=2.1ms
2025-12-08 11:41:08 | INFO | Verification: s013 - Verified=False, Confidence=0.619, Latency=6.0ms
2025-12-08 11:41:08 | INFO | Verification: s013 - Verified=False, Confidence=0.493, Latency=2.0ms
2025-12-08 11:41:08 | INFO | Verification: s013 - Verified=True, Confidence=0.784, Latency=2.1ms
2025-12-08 11:41:08 | INFO | Verification: s013 - Verified=True, Confidence=0.942, Latency=2.0ms
2025-12-08 11:41:08 | INFO | Verification: s013 - Verified=True, Confidence=0.928, Latency=4.4ms
2025-12-08 11:41:08 | INFO | Verification: s013 - Verified=True, Confidence=0.732, Latency=3.1ms
2025-12-08 11:41:08 | INFO | Verification: s013 - Verified=True, Confidence=0.911, Latency=3.3ms
2025-12-08 11:41:08 | INFO | Enrolling user: s015
2025-12-08 11:41:08 | INFO | Adaptive threshold for s015: 0.7373 (mean: 0.9203, std: 0.0732)
2025-12-08 11:41:08 | INFO | User s015 enrolled successfully with 50 samples
2025-12-08 11:41:08 | INFO | Verification: s015 - Verified=True, Confidence=0.975, Latency=1.3ms
2025-12-08 11:41:08 | INFO | Verification: s015 - Verified=True, Confidence=0.914, Latency=5.5ms
2025-12-08 11:41:08 | INFO | Verification: s015 - Verified=True, Confidence=0.922, Latency=2.3ms
2025-12-08 11:41:08 | INFO | Verification: s015 - Verified=True, Confidence=0.932, Latency=3.2ms
2025-12-08 11:41:08 | INFO | Verification: s015 - Verified=True, Confidence=0.976, Latency=2.1ms
2025-12-08 11:41:08 | INFO | Verification: s015 - Verified=True, Confidence=0.926, Latency=7.0ms
2025-12-08 11:41:08 | INFO | Verification: s015 - Verified=True, Confidence=0.966, Latency=5.0ms
2025-12-08 11:41:08 | INFO | Verification: s015 - Verified=True, Confidence=0.967, Latency=2.3ms
2025-12-08 11:41:09 | INFO | Verification: s015 - Verified=True, Confidence=0.911, Latency=4.2ms
2025-12-08 11:41:09 | INFO | Verification: s015 - Verified=True, Confidence=0.931, Latency=1.5ms
2025-12-08 11:41:09 | INFO | Verification: s015 - Verified=True, Confidence=0.924, Latency=2.2ms
2025-12-08 11:41:09 | INFO | Verification: s015 - Verified=True, Confidence=0.963, Latency=2.3ms
2025-12-08 11:41:09 | INFO | Verification: s015 - Verified=True, Confidence=0.936, Latency=2.2ms
2025-12-08 11:41:09 | INFO | Verification: s015 - Verified=True, Confidence=0.960, Latency=3.0ms
2025-12-08 11:41:09 | INFO | Verification: s015 - Verified=True, Confidence=0.908, Latency=4.4ms
2025-12-08 11:41:09 | INFO | Verification: s015 - Verified=True, Confidence=0.963, Latency=2.0ms
2025-12-08 11:41:09 | INFO | Verification: s015 - Verified=True, Confidence=0.769, Latency=2.2ms
2025-12-08 11:41:09 | INFO | Verification: s015 - Verified=True, Confidence=0.952, Latency=1.0ms
2025-12-08 11:41:09 | INFO | Verification: s015 - Verified=True, Confidence=0.947, Latency=2.0ms
2025-12-08 11:41:09 | INFO | Verification: s015 - Verified=True, Confidence=0.954, Latency=2.0ms
2025-12-08 11:41:09 | INFO | Verification: s015 - Verified=True, Confidence=0.957, Latency=2.7ms
2025-12-08 11:41:09 | INFO | Verification: s015 - Verified=True, Confidence=0.938, Latency=2.0ms
2025-12-08 11:41:09 | INFO | Verification: s015 - Verified=True, Confidence=0.947, Latency=3.3ms
2025-12-08 11:41:09 | INFO | Verification: s015 - Verified=True, Confidence=0.966, Latency=2.0ms
2025-12-08 11:41:09 | INFO | Verification: s015 - Verified=True, Confidence=0.957, Latency=2.0ms
2025-12-08 11:41:09 | INFO | Verification: s015 - Verified=False, Confidence=0.449, Latency=3.3ms
2025-12-08 11:41:09 | INFO | Verification: s015 - Verified=False, Confidence=0.437, Latency=4.0ms
2025-12-08 11:41:09 | INFO | Verification: s015 - Verified=False, Confidence=0.438, Latency=2.0ms
2025-12-08 11:41:09 | INFO | Verification: s015 - Verified=False, Confidence=0.375, Latency=2.0ms
2025-12-08 11:41:09 | INFO | Verification: s015 - Verified=False, Confidence=0.422, Latency=3.1ms
2025-12-08 11:41:09 | INFO | Verification: s015 - Verified=True, Confidence=0.965, Latency=4.0ms
2025-12-08 11:41:09 | INFO | Verification: s015 - Verified=True, Confidence=0.837, Latency=1.4ms
2025-12-08 11:41:09 | INFO | Verification: s015 - Verified=True, Confidence=0.968, Latency=3.1ms
2025-12-08 11:41:09 | INFO | Verification: s015 - Verified=False, Confidence=0.530, Latency=6.1ms
2025-12-08 11:41:09 | INFO | Verification: s015 - Verified=True, Confidence=0.794, Latency=4.1ms
2025-12-08 11:41:09 | INFO | Verification: s015 - Verified=False, Confidence=0.660, Latency=1.0ms
2025-12-08 11:41:09 | INFO | Verification: s015 - Verified=False, Confidence=0.620, Latency=2.3ms
2025-12-08 11:41:09 | INFO | Verification: s015 - Verified=False, Confidence=0.725, Latency=4.0ms
2025-12-08 11:41:09 | INFO | Verification: s015 - Verified=True, Confidence=0.982, Latency=3.4ms
2025-12-08 11:41:09 | INFO | Verification: s015 - Verified=False, Confidence=0.589, Latency=2.4ms
2025-12-08 11:41:09 | INFO | Verification: s015 - Verified=True, Confidence=0.792, Latency=1.2ms
2025-12-08 11:41:09 | INFO | Verification: s015 - Verified=False, Confidence=0.617, Latency=5.3ms
2025-12-08 11:41:09 | INFO | Verification: s015 - Verified=False, Confidence=0.728, Latency=4.2ms
2025-12-08 11:41:09 | INFO | Verification: s015 - Verified=False, Confidence=0.733, Latency=4.3ms
2025-12-08 11:41:09 | INFO | Verification: s015 - Verified=False, Confidence=0.619, Latency=7.0ms
2025-12-08 11:41:09 | INFO | Verification: s015 - Verified=True, Confidence=0.846, Latency=4.0ms
2025-12-08 11:41:09 | INFO | Verification: s015 - Verified=True, Confidence=0.815, Latency=3.6ms
2025-12-08 11:41:09 | INFO | Verification: s015 - Verified=True, Confidence=0.970, Latency=3.0ms
2025-12-08 11:41:09 | INFO | Verification: s015 - Verified=True, Confidence=0.845, Latency=3.1ms
2025-12-08 11:41:09 | INFO | Verification: s015 - Verified=True, Confidence=0.863, Latency=2.2ms
2025-12-08 11:41:09 | INFO | Enrolling user: s026
2025-12-08 11:41:09 | INFO | Adaptive threshold for s026: 0.7747 (mean: 0.9533, std: 0.0715)
2025-12-08 11:41:09 | INFO | User s026 enrolled successfully with 50 samples
2025-12-08 11:41:09 | INFO | Verification: s026 - Verified=True, Confidence=0.937, Latency=1.3ms
2025-12-08 11:41:09 | INFO | Verification: s026 - Verified=False, Confidence=0.601, Latency=2.2ms
2025-12-08 11:41:09 | INFO | Verification: s026 - Verified=True, Confidence=0.925, Latency=3.0ms
2025-12-08 11:41:09 | INFO | Verification: s026 - Verified=True, Confidence=0.810, Latency=4.2ms
2025-12-08 11:41:09 | INFO | Verification: s026 - Verified=True, Confidence=0.966, Latency=3.0ms
2025-12-08 11:41:09 | INFO | Verification: s026 - Verified=True, Confidence=0.973, Latency=2.0ms
2025-12-08 11:41:09 | INFO | Verification: s026 - Verified=True, Confidence=0.942, Latency=4.0ms
2025-12-08 11:41:09 | INFO | Verification: s026 - Verified=True, Confidence=0.979, Latency=2.0ms
2025-12-08 11:41:09 | INFO | Verification: s026 - Verified=True, Confidence=0.976, Latency=6.0ms
2025-12-08 11:41:09 | INFO | Verification: s026 - Verified=True, Confidence=0.983, Latency=6.0ms
2025-12-08 11:41:09 | INFO | Verification: s026 - Verified=True, Confidence=0.886, Latency=1.2ms
2025-12-08 11:41:09 | INFO | Verification: s026 - Verified=True, Confidence=0.973, Latency=2.1ms
2025-12-08 11:41:09 | INFO | Verification: s026 - Verified=True, Confidence=0.963, Latency=4.0ms
2025-12-08 11:41:09 | INFO | Verification: s026 - Verified=True, Confidence=0.973, Latency=5.8ms
2025-12-08 11:41:09 | INFO | Verification: s026 - Verified=True, Confidence=0.901, Latency=1.0ms
2025-12-08 11:41:09 | INFO | Verification: s026 - Verified=True, Confidence=0.936, Latency=1.0ms
2025-12-08 11:41:09 | INFO | Verification: s026 - Verified=True, Confidence=0.980, Latency=2.2ms
2025-12-08 11:41:09 | INFO | Verification: s026 - Verified=True, Confidence=0.984, Latency=3.0ms
2025-12-08 11:41:09 | INFO | Verification: s026 - Verified=True, Confidence=0.986, Latency=4.0ms
2025-12-08 11:41:09 | INFO | Verification: s026 - Verified=True, Confidence=0.979, Latency=3.0ms
2025-12-08 11:41:09 | INFO | Verification: s026 - Verified=True, Confidence=0.964, Latency=4.2ms
2025-12-08 11:41:09 | INFO | Verification: s026 - Verified=True, Confidence=0.952, Latency=7.0ms
2025-12-08 11:41:09 | INFO | Verification: s026 - Verified=True, Confidence=0.974, Latency=2.0ms
2025-12-08 11:41:09 | INFO | Verification: s026 - Verified=True, Confidence=0.924, Latency=2.0ms
2025-12-08 11:41:09 | INFO | Verification: s026 - Verified=True, Confidence=0.965, Latency=6.4ms
2025-12-08 11:41:09 | INFO | Verification: s026 - Verified=False, Confidence=0.505, Latency=5.0ms
2025-12-08 11:41:09 | INFO | Verification: s026 - Verified=False, Confidence=0.506, Latency=4.0ms
2025-12-08 11:41:09 | INFO | Verification: s026 - Verified=False, Confidence=0.575, Latency=7.2ms
2025-12-08 11:41:09 | INFO | Verification: s026 - Verified=False, Confidence=0.576, Latency=3.1ms
2025-12-08 11:41:09 | INFO | Verification: s026 - Verified=False, Confidence=0.501, Latency=4.7ms
2025-12-08 11:41:09 | INFO | Verification: s026 - Verified=False, Confidence=0.599, Latency=8.2ms
2025-12-08 11:41:09 | INFO | Verification: s026 - Verified=False, Confidence=0.733, Latency=2.4ms
2025-12-08 11:41:09 | INFO | Verification: s026 - Verified=False, Confidence=0.583, Latency=2.0ms
2025-12-08 11:41:09 | INFO | Verification: s026 - Verified=True, Confidence=0.957, Latency=6.0ms
2025-12-08 11:41:09 | INFO | Verification: s026 - Verified=True, Confidence=0.798, Latency=2.3ms
2025-12-08 11:41:09 | INFO | Verification: s026 - Verified=True, Confidence=0.992, Latency=4.1ms
2025-12-08 11:41:09 | INFO | Verification: s026 - Verified=False, Confidence=0.689, Latency=1.5ms
2025-12-08 11:41:09 | INFO | Verification: s026 - Verified=False, Confidence=0.579, Latency=7.4ms
2025-12-08 11:41:09 | INFO | Verification: s026 - Verified=False, Confidence=0.585, Latency=3.4ms
2025-12-08 11:41:09 | INFO | Verification: s026 - Verified=False, Confidence=0.595, Latency=1.4ms
2025-12-08 11:41:09 | INFO | Verification: s026 - Verified=False, Confidence=0.498, Latency=2.6ms
2025-12-08 11:41:09 | INFO | Verification: s026 - Verified=False, Confidence=0.431, Latency=3.0ms
2025-12-08 11:41:09 | INFO | Verification: s026 - Verified=False, Confidence=0.483, Latency=3.4ms
2025-12-08 11:41:09 | INFO | Verification: s026 - Verified=False, Confidence=0.469, Latency=2.0ms
2025-12-08 11:41:09 | INFO | Verification: s026 - Verified=False, Confidence=0.418, Latency=2.3ms
2025-12-08 11:41:09 | INFO | Verification: s026 - Verified=False, Confidence=0.634, Latency=3.5ms
2025-12-08 11:41:09 | INFO | Verification: s026 - Verified=True, Confidence=0.930, Latency=3.1ms
2025-12-08 11:41:09 | INFO | Verification: s026 - Verified=False, Confidence=0.761, Latency=1.4ms
2025-12-08 11:41:09 | INFO | Verification: s026 - Verified=False, Confidence=0.573, Latency=2.0ms
2025-12-08 11:41:09 | INFO | Verification: s026 - Verified=True, Confidence=0.790, Latency=4.5ms
2025-12-08 11:41:09 | INFO | Enrolling user: s028
2025-12-08 11:41:09 | INFO | Adaptive threshold for s028: 0.9327 (mean: 0.9879, std: 0.0221)
2025-12-08 11:41:09 | INFO | User s028 enrolled successfully with 50 samples
2025-12-08 11:41:09 | INFO | Verification: s028 - Verified=False, Confidence=0.930, Latency=1.4ms
2025-12-08 11:41:09 | INFO | Verification: s028 - Verified=True, Confidence=0.993, Latency=1.0ms
2025-12-08 11:41:09 | INFO | Verification: s028 - Verified=True, Confidence=0.995, Latency=2.0ms
2025-12-08 11:41:09 | INFO | Verification: s028 - Verified=True, Confidence=0.993, Latency=3.0ms
2025-12-08 11:41:09 | INFO | Verification: s028 - Verified=True, Confidence=0.981, Latency=2.4ms
2025-12-08 11:41:09 | INFO | Verification: s028 - Verified=True, Confidence=0.995, Latency=1.1ms
2025-12-08 11:41:09 | INFO | Verification: s028 - Verified=True, Confidence=0.993, Latency=2.5ms
2025-12-08 11:41:09 | INFO | Verification: s028 - Verified=True, Confidence=0.994, Latency=4.0ms
2025-12-08 11:41:09 | INFO | Verification: s028 - Verified=True, Confidence=0.995, Latency=2.3ms
2025-12-08 11:41:09 | INFO | Verification: s028 - Verified=True, Confidence=0.990, Latency=3.3ms
2025-12-08 11:41:09 | INFO | Verification: s028 - Verified=True, Confidence=0.998, Latency=3.0ms
2025-12-08 11:41:09 | INFO | Verification: s028 - Verified=True, Confidence=0.989, Latency=2.3ms
2025-12-08 11:41:09 | INFO | Verification: s028 - Verified=True, Confidence=0.986, Latency=3.2ms
2025-12-08 11:41:09 | INFO | Verification: s028 - Verified=True, Confidence=0.994, Latency=3.0ms
2025-12-08 11:41:09 | INFO | Verification: s028 - Verified=True, Confidence=0.997, Latency=3.5ms
2025-12-08 11:41:09 | INFO | Verification: s028 - Verified=True, Confidence=0.991, Latency=1.0ms
2025-12-08 11:41:09 | INFO | Verification: s028 - Verified=True, Confidence=0.997, Latency=4.1ms
2025-12-08 11:41:09 | INFO | Verification: s028 - Verified=True, Confidence=0.988, Latency=2.0ms
2025-12-08 11:41:09 | INFO | Verification: s028 - Verified=True, Confidence=0.994, Latency=4.4ms
2025-12-08 11:41:09 | INFO | Verification: s028 - Verified=True, Confidence=0.993, Latency=2.1ms
2025-12-08 11:41:09 | INFO | Verification: s028 - Verified=True, Confidence=0.991, Latency=1.0ms
2025-12-08 11:41:09 | INFO | Verification: s028 - Verified=True, Confidence=0.989, Latency=7.3ms
2025-12-08 11:41:09 | INFO | Verification: s028 - Verified=True, Confidence=0.996, Latency=4.4ms
2025-12-08 11:41:09 | INFO | Verification: s028 - Verified=True, Confidence=0.989, Latency=2.1ms
2025-12-08 11:41:09 | INFO | Verification: s028 - Verified=True, Confidence=0.998, Latency=2.2ms
2025-12-08 11:41:09 | INFO | Verification: s028 - Verified=False, Confidence=0.192, Latency=3.4ms
2025-12-08 11:41:09 | INFO | Verification: s028 - Verified=False, Confidence=0.186, Latency=3.0ms
2025-12-08 11:41:09 | INFO | Verification: s028 - Verified=False, Confidence=0.193, Latency=2.5ms
2025-12-08 11:41:09 | INFO | Verification: s028 - Verified=False, Confidence=0.174, Latency=3.2ms
2025-12-08 11:41:09 | INFO | Verification: s028 - Verified=False, Confidence=0.158, Latency=5.9ms
2025-12-08 11:41:09 | INFO | Verification: s028 - Verified=False, Confidence=0.624, Latency=2.0ms
2025-12-08 11:41:09 | INFO | Verification: s028 - Verified=False, Confidence=0.505, Latency=1.0ms
2025-12-08 11:41:09 | INFO | Verification: s028 - Verified=False, Confidence=0.738, Latency=1.3ms
2025-12-08 11:41:09 | INFO | Verification: s028 - Verified=False, Confidence=0.472, Latency=1.0ms
2025-12-08 11:41:09 | INFO | Verification: s028 - Verified=False, Confidence=0.809, Latency=4.5ms
2025-12-08 11:41:09 | INFO | Verification: s028 - Verified=False, Confidence=0.398, Latency=4.0ms
2025-12-08 11:41:09 | INFO | Verification: s028 - Verified=False, Confidence=0.770, Latency=2.0ms
2025-12-08 11:41:09 | INFO | Verification: s028 - Verified=False, Confidence=0.582, Latency=1.0ms
2025-12-08 11:41:09 | INFO | Verification: s028 - Verified=False, Confidence=0.741, Latency=3.0ms
2025-12-08 11:41:09 | INFO | Verification: s028 - Verified=False, Confidence=0.863, Latency=2.1ms
2025-12-08 11:41:09 | INFO | Verification: s028 - Verified=False, Confidence=0.357, Latency=1.0ms
2025-12-08 11:41:09 | INFO | Verification: s028 - Verified=False, Confidence=0.298, Latency=2.0ms
2025-12-08 11:41:09 | INFO | Verification: s028 - Verified=False, Confidence=0.464, Latency=2.6ms
2025-12-08 11:41:09 | INFO | Verification: s028 - Verified=False, Confidence=0.740, Latency=3.0ms
2025-12-08 11:41:09 | INFO | Verification: s028 - Verified=False, Confidence=0.457, Latency=1.4ms
2025-12-08 11:41:09 | INFO | Verification: s028 - Verified=False, Confidence=0.927, Latency=3.2ms
2025-12-08 11:41:09 | INFO | Verification: s028 - Verified=False, Confidence=0.629, Latency=5.0ms
2025-12-08 11:41:09 | INFO | Verification: s028 - Verified=False, Confidence=0.726, Latency=3.1ms
2025-12-08 11:41:09 | INFO | Verification: s028 - Verified=True, Confidence=0.947, Latency=2.5ms
2025-12-08 11:41:09 | INFO | Verification: s028 - Verified=False, Confidence=0.758, Latency=2.4ms
2025-12-08 11:41:09 | INFO | Enrolling user: s029
2025-12-08 11:41:09 | INFO | Adaptive threshold for s029: 0.8443 (mean: 0.9574, std: 0.0452)
2025-12-08 11:41:09 | INFO | User s029 enrolled successfully with 50 samples
2025-12-08 11:41:09 | INFO | Verification: s029 - Verified=True, Confidence=0.928, Latency=4.1ms
2025-12-08 11:41:09 | INFO | Verification: s029 - Verified=True, Confidence=0.915, Latency=4.0ms
2025-12-08 11:41:09 | INFO | Verification: s029 - Verified=True, Confidence=0.948, Latency=1.0ms
2025-12-08 11:41:09 | INFO | Verification: s029 - Verified=True, Confidence=0.984, Latency=2.2ms
2025-12-08 11:41:09 | INFO | Verification: s029 - Verified=True, Confidence=0.971, Latency=2.1ms
2025-12-08 11:41:09 | INFO | Verification: s029 - Verified=True, Confidence=0.958, Latency=2.1ms
2025-12-08 11:41:09 | INFO | Verification: s029 - Verified=True, Confidence=0.978, Latency=2.0ms
2025-12-08 11:41:09 | INFO | Verification: s029 - Verified=True, Confidence=0.979, Latency=1.0ms
2025-12-08 11:41:09 | INFO | Verification: s029 - Verified=True, Confidence=0.948, Latency=2.3ms
2025-12-08 11:41:09 | INFO | Verification: s029 - Verified=True, Confidence=0.989, Latency=2.3ms
2025-12-08 11:41:09 | INFO | Verification: s029 - Verified=True, Confidence=0.991, Latency=5.2ms
2025-12-08 11:41:09 | INFO | Verification: s029 - Verified=True, Confidence=0.991, Latency=4.0ms
2025-12-08 11:41:09 | INFO | Verification: s029 - Verified=True, Confidence=0.981, Latency=2.4ms
2025-12-08 11:41:09 | INFO | Verification: s029 - Verified=False, Confidence=0.698, Latency=2.0ms
2025-12-08 11:41:09 | INFO | Verification: s029 - Verified=True, Confidence=0.982, Latency=6.5ms
2025-12-08 11:41:09 | INFO | Verification: s029 - Verified=True, Confidence=0.985, Latency=2.2ms
2025-12-08 11:41:09 | INFO | Verification: s029 - Verified=True, Confidence=0.982, Latency=3.2ms
2025-12-08 11:41:09 | INFO | Verification: s029 - Verified=True, Confidence=0.969, Latency=2.0ms
2025-12-08 11:41:09 | INFO | Verification: s029 - Verified=True, Confidence=0.996, Latency=5.0ms
2025-12-08 11:41:09 | INFO | Verification: s029 - Verified=True, Confidence=0.985, Latency=3.0ms
2025-12-08 11:41:09 | INFO | Verification: s029 - Verified=True, Confidence=0.995, Latency=2.0ms
2025-12-08 11:41:09 | INFO | Verification: s029 - Verified=True, Confidence=0.944, Latency=4.1ms
2025-12-08 11:41:09 | INFO | Verification: s029 - Verified=True, Confidence=0.963, Latency=3.2ms
2025-12-08 11:41:09 | INFO | Verification: s029 - Verified=True, Confidence=0.882, Latency=2.4ms
2025-12-08 11:41:09 | INFO | Verification: s029 - Verified=True, Confidence=0.989, Latency=2.4ms
2025-12-08 11:41:09 | INFO | Verification: s029 - Verified=False, Confidence=0.265, Latency=4.0ms
2025-12-08 11:41:09 | INFO | Verification: s029 - Verified=False, Confidence=0.266, Latency=2.1ms
2025-12-08 11:41:09 | INFO | Verification: s029 - Verified=False, Confidence=0.276, Latency=3.0ms
2025-12-08 11:41:09 | INFO | Verification: s029 - Verified=False, Confidence=0.235, Latency=2.2ms
2025-12-08 11:41:09 | INFO | Verification: s029 - Verified=False, Confidence=0.266, Latency=2.6ms
2025-12-08 11:41:09 | INFO | Verification: s029 - Verified=False, Confidence=0.807, Latency=3.3ms
2025-12-08 11:41:09 | INFO | Verification: s029 - Verified=False, Confidence=0.831, Latency=3.2ms
2025-12-08 11:41:09 | INFO | Verification: s029 - Verified=True, Confidence=0.879, Latency=2.0ms
2025-12-08 11:41:09 | INFO | Verification: s029 - Verified=False, Confidence=0.643, Latency=1.0ms
2025-12-08 11:41:09 | INFO | Verification: s029 - Verified=True, Confidence=0.887, Latency=4.7ms
2025-12-08 11:41:09 | INFO | Verification: s029 - Verified=False, Confidence=0.679, Latency=2.2ms
2025-12-08 11:41:09 | INFO | Verification: s029 - Verified=False, Confidence=0.761, Latency=3.0ms
2025-12-08 11:41:09 | INFO | Verification: s029 - Verified=False, Confidence=0.772, Latency=2.0ms
2025-12-08 11:41:09 | INFO | Verification: s029 - Verified=False, Confidence=0.738, Latency=2.4ms
2025-12-08 11:41:09 | INFO | Verification: s029 - Verified=True, Confidence=0.866, Latency=4.3ms
2025-12-08 11:41:09 | INFO | Verification: s029 - Verified=False, Confidence=0.554, Latency=2.0ms
2025-12-08 11:41:09 | INFO | Verification: s029 - Verified=False, Confidence=0.632, Latency=2.4ms
2025-12-08 11:41:09 | INFO | Verification: s029 - Verified=False, Confidence=0.697, Latency=1.0ms
2025-12-08 11:41:09 | INFO | Verification: s029 - Verified=True, Confidence=0.905, Latency=2.6ms
2025-12-08 11:41:09 | INFO | Verification: s029 - Verified=False, Confidence=0.678, Latency=2.4ms
2025-12-08 11:41:09 | INFO | Verification: s029 - Verified=False, Confidence=0.726, Latency=3.0ms
2025-12-08 11:41:09 | INFO | Verification: s029 - Verified=False, Confidence=0.628, Latency=3.0ms
2025-12-08 11:41:09 | INFO | Verification: s029 - Verified=False, Confidence=0.683, Latency=2.0ms
2025-12-08 11:41:09 | INFO | Verification: s029 - Verified=False, Confidence=0.730, Latency=3.1ms
2025-12-08 11:41:09 | INFO | Verification: s029 - Verified=False, Confidence=0.595, Latency=3.0ms
2025-12-08 11:41:09 | INFO | Enrolling user: s035
2025-12-08 11:41:09 | INFO | Adaptive threshold for s035: 0.7369 (mean: 0.8949, std: 0.0632)
2025-12-08 11:41:09 | INFO | User s035 enrolled successfully with 50 samples
2025-12-08 11:41:09 | INFO | Verification: s035 - Verified=True, Confidence=0.940, Latency=5.2ms
2025-12-08 11:41:10 | INFO | Verification: s035 - Verified=True, Confidence=0.880, Latency=3.0ms
2025-12-08 11:41:10 | INFO | Verification: s035 - Verified=True, Confidence=0.883, Latency=1.4ms
2025-12-08 11:41:10 | INFO | Verification: s035 - Verified=True, Confidence=0.906, Latency=2.0ms
2025-12-08 11:41:10 | INFO | Verification: s035 - Verified=True, Confidence=0.854, Latency=3.1ms
2025-12-08 11:41:10 | INFO | Verification: s035 - Verified=True, Confidence=0.873, Latency=3.0ms
2025-12-08 11:41:10 | INFO | Verification: s035 - Verified=True, Confidence=0.969, Latency=3.4ms
2025-12-08 11:41:10 | INFO | Verification: s035 - Verified=True, Confidence=0.772, Latency=1.0ms
2025-12-08 11:41:10 | INFO | Verification: s035 - Verified=True, Confidence=0.828, Latency=2.0ms
2025-12-08 11:41:10 | INFO | Verification: s035 - Verified=True, Confidence=0.830, Latency=5.1ms
2025-12-08 11:41:10 | INFO | Verification: s035 - Verified=True, Confidence=0.966, Latency=2.0ms
2025-12-08 11:41:10 | INFO | Verification: s035 - Verified=True, Confidence=0.883, Latency=4.3ms
2025-12-08 11:41:10 | INFO | Verification: s035 - Verified=True, Confidence=0.979, Latency=1.4ms
2025-12-08 11:41:10 | INFO | Verification: s035 - Verified=True, Confidence=0.977, Latency=1.0ms
2025-12-08 11:41:10 | INFO | Verification: s035 - Verified=True, Confidence=0.944, Latency=6.6ms
2025-12-08 11:41:10 | INFO | Verification: s035 - Verified=True, Confidence=0.867, Latency=1.0ms
2025-12-08 11:41:10 | INFO | Verification: s035 - Verified=True, Confidence=0.979, Latency=2.6ms
2025-12-08 11:41:10 | INFO | Verification: s035 - Verified=True, Confidence=0.896, Latency=2.3ms
2025-12-08 11:41:10 | INFO | Verification: s035 - Verified=True, Confidence=0.949, Latency=2.0ms
2025-12-08 11:41:10 | INFO | Verification: s035 - Verified=True, Confidence=0.914, Latency=4.4ms
2025-12-08 11:41:10 | INFO | Verification: s035 - Verified=True, Confidence=0.929, Latency=3.0ms
2025-12-08 11:41:10 | INFO | Verification: s035 - Verified=True, Confidence=0.883, Latency=3.5ms
2025-12-08 11:41:10 | INFO | Verification: s035 - Verified=True, Confidence=0.831, Latency=1.0ms
2025-12-08 11:41:10 | INFO | Verification: s035 - Verified=True, Confidence=0.897, Latency=2.2ms
2025-12-08 11:41:10 | INFO | Verification: s035 - Verified=True, Confidence=0.834, Latency=5.4ms
2025-12-08 11:41:10 | INFO | Verification: s035 - Verified=False, Confidence=0.414, Latency=3.3ms
2025-12-08 11:41:10 | INFO | Verification: s035 - Verified=False, Confidence=0.431, Latency=2.2ms
2025-12-08 11:41:10 | INFO | Verification: s035 - Verified=False, Confidence=0.499, Latency=3.3ms
2025-12-08 11:41:10 | INFO | Verification: s035 - Verified=False, Confidence=0.509, Latency=5.4ms
2025-12-08 11:41:10 | INFO | Verification: s035 - Verified=False, Confidence=0.393, Latency=3.6ms
2025-12-08 11:41:10 | INFO | Verification: s035 - Verified=False, Confidence=0.469, Latency=3.0ms
2025-12-08 11:41:10 | INFO | Verification: s035 - Verified=False, Confidence=0.466, Latency=2.3ms
2025-12-08 11:41:10 | INFO | Verification: s035 - Verified=False, Confidence=0.542, Latency=2.2ms
2025-12-08 11:41:10 | INFO | Verification: s035 - Verified=True, Confidence=0.847, Latency=4.5ms
2025-12-08 11:41:10 | INFO | Verification: s035 - Verified=True, Confidence=0.777, Latency=3.0ms
2025-12-08 11:41:10 | INFO | Verification: s035 - Verified=True, Confidence=0.754, Latency=1.0ms
2025-12-08 11:41:10 | INFO | Verification: s035 - Verified=True, Confidence=0.738, Latency=1.0ms
2025-12-08 11:41:10 | INFO | Verification: s035 - Verified=False, Confidence=0.514, Latency=1.0ms
2025-12-08 11:41:10 | INFO | Verification: s035 - Verified=False, Confidence=0.663, Latency=3.0ms
2025-12-08 11:41:10 | INFO | Verification: s035 - Verified=False, Confidence=0.633, Latency=3.0ms
2025-12-08 11:41:10 | INFO | Verification: s035 - Verified=False, Confidence=0.680, Latency=2.2ms
2025-12-08 11:41:10 | INFO | Verification: s035 - Verified=False, Confidence=0.652, Latency=1.0ms
2025-12-08 11:41:10 | INFO | Verification: s035 - Verified=True, Confidence=0.759, Latency=5.5ms
2025-12-08 11:41:10 | INFO | Verification: s035 - Verified=False, Confidence=0.612, Latency=3.0ms
2025-12-08 11:41:10 | INFO | Verification: s035 - Verified=True, Confidence=0.813, Latency=3.0ms
2025-12-08 11:41:10 | INFO | Verification: s035 - Verified=False, Confidence=0.733, Latency=2.0ms
2025-12-08 11:41:10 | INFO | Verification: s035 - Verified=True, Confidence=0.739, Latency=2.0ms
2025-12-08 11:41:10 | INFO | Verification: s035 - Verified=True, Confidence=0.766, Latency=3.0ms
2025-12-08 11:41:10 | INFO | Verification: s035 - Verified=False, Confidence=0.677, Latency=8.7ms
2025-12-08 11:41:10 | INFO | Verification: s035 - Verified=True, Confidence=0.751, Latency=2.5ms
2025-12-08 11:41:10 | INFO | Enrolling user: s039
2025-12-08 11:41:10 | INFO | Adaptive threshold for s039: 0.7382 (mean: 0.9364, std: 0.0793)
2025-12-08 11:41:10 | INFO | User s039 enrolled successfully with 50 samples
2025-12-08 11:41:10 | INFO | Verification: s039 - Verified=True, Confidence=0.829, Latency=4.0ms
2025-12-08 11:41:10 | INFO | Verification: s039 - Verified=True, Confidence=0.945, Latency=4.1ms
2025-12-08 11:41:10 | INFO | Verification: s039 - Verified=True, Confidence=0.937, Latency=5.0ms
2025-12-08 11:41:10 | INFO | Verification: s039 - Verified=True, Confidence=0.921, Latency=2.0ms
2025-12-08 11:41:10 | INFO | Verification: s039 - Verified=True, Confidence=0.979, Latency=2.5ms
2025-12-08 11:41:10 | INFO | Verification: s039 - Verified=True, Confidence=0.800, Latency=5.3ms
2025-12-08 11:41:10 | INFO | Verification: s039 - Verified=True, Confidence=0.890, Latency=2.1ms
2025-12-08 11:41:10 | INFO | Verification: s039 - Verified=True, Confidence=0.985, Latency=2.4ms
2025-12-08 11:41:10 | INFO | Verification: s039 - Verified=True, Confidence=0.986, Latency=6.6ms
2025-12-08 11:41:10 | INFO | Verification: s039 - Verified=True, Confidence=0.986, Latency=4.2ms
2025-12-08 11:41:10 | INFO | Verification: s039 - Verified=True, Confidence=0.988, Latency=3.0ms
2025-12-08 11:41:10 | INFO | Verification: s039 - Verified=True, Confidence=0.978, Latency=2.0ms
2025-12-08 11:41:10 | INFO | Verification: s039 - Verified=True, Confidence=0.986, Latency=6.0ms
2025-12-08 11:41:10 | INFO | Verification: s039 - Verified=True, Confidence=0.983, Latency=3.0ms
2025-12-08 11:41:10 | INFO | Verification: s039 - Verified=True, Confidence=0.991, Latency=5.0ms
2025-12-08 11:41:10 | INFO | Verification: s039 - Verified=True, Confidence=0.935, Latency=4.0ms
2025-12-08 11:41:10 | INFO | Verification: s039 - Verified=True, Confidence=0.978, Latency=6.0ms
2025-12-08 11:41:10 | INFO | Verification: s039 - Verified=True, Confidence=0.970, Latency=7.0ms
2025-12-08 11:41:10 | INFO | Verification: s039 - Verified=True, Confidence=0.966, Latency=2.0ms
2025-12-08 11:41:10 | INFO | Verification: s039 - Verified=True, Confidence=0.978, Latency=2.0ms
2025-12-08 11:41:10 | INFO | Verification: s039 - Verified=True, Confidence=0.976, Latency=2.0ms
2025-12-08 11:41:10 | INFO | Verification: s039 - Verified=True, Confidence=0.984, Latency=4.5ms
2025-12-08 11:41:10 | INFO | Verification: s039 - Verified=True, Confidence=0.991, Latency=5.2ms
2025-12-08 11:41:10 | INFO | Verification: s039 - Verified=True, Confidence=0.966, Latency=2.2ms
2025-12-08 11:41:10 | INFO | Verification: s039 - Verified=True, Confidence=0.965, Latency=2.0ms
2025-12-08 11:41:10 | INFO | Verification: s039 - Verified=False, Confidence=0.631, Latency=3.0ms
2025-12-08 11:41:10 | INFO | Verification: s039 - Verified=False, Confidence=0.630, Latency=3.1ms
2025-12-08 11:41:10 | INFO | Verification: s039 - Verified=False, Confidence=0.701, Latency=1.0ms
2025-12-08 11:41:10 | INFO | Verification: s039 - Verified=False, Confidence=0.729, Latency=1.0ms
2025-12-08 11:41:10 | INFO | Verification: s039 - Verified=False, Confidence=0.623, Latency=6.2ms
2025-12-08 11:41:10 | INFO | Verification: s039 - Verified=False, Confidence=0.462, Latency=1.5ms
2025-12-08 11:41:10 | INFO | Verification: s039 - Verified=False, Confidence=0.630, Latency=3.1ms
2025-12-08 11:41:10 | INFO | Verification: s039 - Verified=False, Confidence=0.401, Latency=8.0ms
2025-12-08 11:41:10 | INFO | Verification: s039 - Verified=True, Confidence=0.901, Latency=4.5ms
2025-12-08 11:41:10 | INFO | Verification: s039 - Verified=False, Confidence=0.605, Latency=2.2ms
2025-12-08 11:41:10 | INFO | Verification: s039 - Verified=True, Confidence=0.937, Latency=4.9ms
2025-12-08 11:41:10 | INFO | Verification: s039 - Verified=False, Confidence=0.579, Latency=3.2ms
2025-12-08 11:41:10 | INFO | Verification: s039 - Verified=False, Confidence=0.434, Latency=1.0ms
2025-12-08 11:41:10 | INFO | Verification: s039 - Verified=False, Confidence=0.475, Latency=2.0ms
2025-12-08 11:41:10 | INFO | Verification: s039 - Verified=False, Confidence=0.428, Latency=2.8ms
2025-12-08 11:41:10 | INFO | Verification: s039 - Verified=True, Confidence=0.782, Latency=3.7ms
2025-12-08 11:41:10 | INFO | Verification: s039 - Verified=True, Confidence=0.810, Latency=3.1ms
2025-12-08 11:41:10 | INFO | Verification: s039 - Verified=True, Confidence=0.905, Latency=1.2ms
2025-12-08 11:41:10 | INFO | Verification: s039 - Verified=False, Confidence=0.536, Latency=1.5ms
2025-12-08 11:41:10 | INFO | Verification: s039 - Verified=True, Confidence=0.922, Latency=5.3ms
2025-12-08 11:41:10 | INFO | Verification: s039 - Verified=False, Confidence=0.394, Latency=1.5ms
2025-12-08 11:41:10 | INFO | Verification: s039 - Verified=False, Confidence=0.368, Latency=1.0ms
2025-12-08 11:41:10 | INFO | Verification: s039 - Verified=False, Confidence=0.398, Latency=2.6ms
2025-12-08 11:41:10 | INFO | Verification: s039 - Verified=False, Confidence=0.365, Latency=3.4ms
2025-12-08 11:41:10 | INFO | Verification: s039 - Verified=False, Confidence=0.379, Latency=3.0ms
2025-12-08 11:41:10 | INFO | Enrolling user: s043
2025-12-08 11:41:10 | INFO | Adaptive threshold for s043: 0.8542 (mean: 0.9401, std: 0.0344)
2025-12-08 11:41:10 | INFO | User s043 enrolled successfully with 50 samples
2025-12-08 11:41:10 | INFO | Verification: s043 - Verified=False, Confidence=0.786, Latency=2.2ms
2025-12-08 11:41:10 | INFO | Verification: s043 - Verified=True, Confidence=0.933, Latency=2.0ms
2025-12-08 11:41:10 | INFO | Verification: s043 - Verified=True, Confidence=0.935, Latency=6.2ms
2025-12-08 11:41:10 | INFO | Verification: s043 - Verified=False, Confidence=0.708, Latency=4.1ms
2025-12-08 11:41:10 | INFO | Verification: s043 - Verified=False, Confidence=0.823, Latency=1.0ms
2025-12-08 11:41:10 | INFO | Verification: s043 - Verified=True, Confidence=0.952, Latency=1.1ms
2025-12-08 11:41:10 | INFO | Verification: s043 - Verified=False, Confidence=0.854, Latency=2.0ms
2025-12-08 11:41:10 | INFO | Verification: s043 - Verified=True, Confidence=0.945, Latency=3.3ms
2025-12-08 11:41:10 | INFO | Verification: s043 - Verified=True, Confidence=0.907, Latency=3.0ms
2025-12-08 11:41:10 | INFO | Verification: s043 - Verified=True, Confidence=0.937, Latency=2.0ms
2025-12-08 11:41:10 | INFO | Verification: s043 - Verified=True, Confidence=0.941, Latency=2.2ms
2025-12-08 11:41:10 | INFO | Verification: s043 - Verified=True, Confidence=0.964, Latency=1.1ms
2025-12-08 11:41:10 | INFO | Verification: s043 - Verified=True, Confidence=0.959, Latency=4.0ms
2025-12-08 11:41:10 | INFO | Verification: s043 - Verified=True, Confidence=0.917, Latency=3.0ms
2025-12-08 11:41:10 | INFO | Verification: s043 - Verified=True, Confidence=0.950, Latency=2.0ms
2025-12-08 11:41:10 | INFO | Verification: s043 - Verified=True, Confidence=0.925, Latency=2.0ms
2025-12-08 11:41:10 | INFO | Verification: s043 - Verified=True, Confidence=0.932, Latency=3.5ms
2025-12-08 11:41:10 | INFO | Verification: s043 - Verified=True, Confidence=0.908, Latency=4.0ms
2025-12-08 11:41:10 | INFO | Verification: s043 - Verified=True, Confidence=0.962, Latency=2.0ms
2025-12-08 11:41:10 | INFO | Verification: s043 - Verified=True, Confidence=0.910, Latency=2.5ms
2025-12-08 11:41:10 | INFO | Verification: s043 - Verified=True, Confidence=0.936, Latency=1.2ms
2025-12-08 11:41:10 | INFO | Verification: s043 - Verified=True, Confidence=0.943, Latency=4.4ms
2025-12-08 11:41:10 | INFO | Verification: s043 - Verified=True, Confidence=0.913, Latency=3.7ms
2025-12-08 11:41:10 | INFO | Verification: s043 - Verified=True, Confidence=0.948, Latency=2.2ms
2025-12-08 11:41:10 | INFO | Verification: s043 - Verified=True, Confidence=0.982, Latency=2.2ms
2025-12-08 11:41:10 | INFO | Verification: s043 - Verified=False, Confidence=0.454, Latency=2.0ms
2025-12-08 11:41:10 | INFO | Verification: s043 - Verified=False, Confidence=0.474, Latency=4.5ms
2025-12-08 11:41:10 | INFO | Verification: s043 - Verified=False, Confidence=0.481, Latency=4.0ms
2025-12-08 11:41:10 | INFO | Verification: s043 - Verified=False, Confidence=0.479, Latency=3.0ms
2025-12-08 11:41:10 | INFO | Verification: s043 - Verified=False, Confidence=0.428, Latency=2.5ms
2025-12-08 11:41:10 | INFO | Verification: s043 - Verified=False, Confidence=0.450, Latency=4.2ms
2025-12-08 11:41:10 | INFO | Verification: s043 - Verified=False, Confidence=0.270, Latency=2.0ms
2025-12-08 11:41:10 | INFO | Verification: s043 - Verified=False, Confidence=0.539, Latency=3.3ms
2025-12-08 11:41:10 | INFO | Verification: s043 - Verified=False, Confidence=0.433, Latency=2.2ms
2025-12-08 11:41:10 | INFO | Verification: s043 - Verified=False, Confidence=0.519, Latency=7.0ms
2025-12-08 11:41:10 | INFO | Verification: s043 - Verified=False, Confidence=0.327, Latency=3.0ms
2025-12-08 11:41:10 | INFO | Verification: s043 - Verified=False, Confidence=0.634, Latency=7.0ms
2025-12-08 11:41:10 | INFO | Verification: s043 - Verified=False, Confidence=0.531, Latency=5.0ms
2025-12-08 11:41:10 | INFO | Verification: s043 - Verified=False, Confidence=0.672, Latency=2.0ms
2025-12-08 11:41:10 | INFO | Verification: s043 - Verified=False, Confidence=0.600, Latency=3.0ms
2025-12-08 11:41:10 | INFO | Verification: s043 - Verified=False, Confidence=0.457, Latency=4.3ms
2025-12-08 11:41:10 | INFO | Verification: s043 - Verified=False, Confidence=0.345, Latency=2.0ms
2025-12-08 11:41:10 | INFO | Verification: s043 - Verified=False, Confidence=0.368, Latency=2.0ms
2025-12-08 11:41:10 | INFO | Verification: s043 - Verified=False, Confidence=0.471, Latency=3.3ms
2025-12-08 11:41:10 | INFO | Verification: s043 - Verified=False, Confidence=0.377, Latency=5.2ms
2025-12-08 11:41:10 | INFO | Verification: s043 - Verified=False, Confidence=0.789, Latency=2.0ms
2025-12-08 11:41:10 | INFO | Verification: s043 - Verified=False, Confidence=0.828, Latency=2.0ms
2025-12-08 11:41:10 | INFO | Verification: s043 - Verified=False, Confidence=0.825, Latency=5.3ms
2025-12-08 11:41:10 | INFO | Verification: s043 - Verified=False, Confidence=0.731, Latency=2.7ms
2025-12-08 11:41:10 | INFO | Verification: s043 - Verified=True, Confidence=0.863, Latency=1.0ms
2025-12-08 11:41:10 | INFO | Enrolling user: s048
2025-12-08 11:41:10 | INFO | Adaptive threshold for s048: 0.6812 (mean: 0.8844, std: 0.0813)
2025-12-08 11:41:10 | INFO | User s048 enrolled successfully with 50 samples
2025-12-08 11:41:10 | INFO | Verification: s048 - Verified=True, Confidence=0.938, Latency=1.2ms
2025-12-08 11:41:10 | INFO | Verification: s048 - Verified=True, Confidence=0.921, Latency=1.2ms
2025-12-08 11:41:10 | INFO | Verification: s048 - Verified=True, Confidence=0.947, Latency=3.0ms
2025-12-08 11:41:10 | INFO | Verification: s048 - Verified=True, Confidence=0.946, Latency=6.0ms
2025-12-08 11:41:10 | INFO | Verification: s048 - Verified=True, Confidence=0.888, Latency=3.4ms
2025-12-08 11:41:10 | INFO | Verification: s048 - Verified=True, Confidence=0.873, Latency=2.0ms
2025-12-08 11:41:10 | INFO | Verification: s048 - Verified=True, Confidence=0.970, Latency=2.1ms
2025-12-08 11:41:10 | INFO | Verification: s048 - Verified=True, Confidence=0.779, Latency=4.0ms
2025-12-08 11:41:10 | INFO | Verification: s048 - Verified=True, Confidence=0.844, Latency=1.0ms
2025-12-08 11:41:10 | INFO | Verification: s048 - Verified=True, Confidence=0.900, Latency=2.7ms
2025-12-08 11:41:10 | INFO | Verification: s048 - Verified=True, Confidence=0.976, Latency=2.0ms
2025-12-08 11:41:10 | INFO | Verification: s048 - Verified=True, Confidence=0.961, Latency=2.7ms
2025-12-08 11:41:10 | INFO | Verification: s048 - Verified=True, Confidence=0.968, Latency=6.0ms
2025-12-08 11:41:10 | INFO | Verification: s048 - Verified=True, Confidence=0.937, Latency=2.0ms
2025-12-08 11:41:10 | INFO | Verification: s048 - Verified=True, Confidence=0.921, Latency=3.1ms
2025-12-08 11:41:10 | INFO | Verification: s048 - Verified=True, Confidence=0.934, Latency=3.6ms
2025-12-08 11:41:10 | INFO | Verification: s048 - Verified=True, Confidence=0.898, Latency=10.0ms
2025-12-08 11:41:10 | INFO | Verification: s048 - Verified=True, Confidence=0.956, Latency=2.2ms
2025-12-08 11:41:10 | INFO | Verification: s048 - Verified=True, Confidence=0.903, Latency=4.2ms
2025-12-08 11:41:10 | INFO | Verification: s048 - Verified=True, Confidence=0.746, Latency=4.0ms
2025-12-08 11:41:10 | INFO | Verification: s048 - Verified=True, Confidence=0.893, Latency=2.5ms
2025-12-08 11:41:10 | INFO | Verification: s048 - Verified=True, Confidence=0.716, Latency=1.0ms
2025-12-08 11:41:10 | INFO | Verification: s048 - Verified=True, Confidence=0.925, Latency=2.1ms
2025-12-08 11:41:10 | INFO | Verification: s048 - Verified=True, Confidence=0.849, Latency=4.0ms
2025-12-08 11:41:10 | INFO | Verification: s048 - Verified=True, Confidence=0.968, Latency=4.0ms
2025-12-08 11:41:10 | INFO | Verification: s048 - Verified=False, Confidence=0.589, Latency=1.0ms
2025-12-08 11:41:10 | INFO | Verification: s048 - Verified=False, Confidence=0.583, Latency=1.0ms
2025-12-08 11:41:10 | INFO | Verification: s048 - Verified=False, Confidence=0.624, Latency=2.2ms
2025-12-08 11:41:10 | INFO | Verification: s048 - Verified=False, Confidence=0.615, Latency=5.1ms
2025-12-08 11:41:10 | INFO | Verification: s048 - Verified=False, Confidence=0.592, Latency=2.2ms
2025-12-08 11:41:10 | INFO | Verification: s048 - Verified=True, Confidence=0.719, Latency=2.0ms
2025-12-08 11:41:10 | INFO | Verification: s048 - Verified=True, Confidence=0.890, Latency=2.2ms
2025-12-08 11:41:10 | INFO | Verification: s048 - Verified=False, Confidence=0.647, Latency=2.2ms
2025-12-08 11:41:10 | INFO | Verification: s048 - Verified=True, Confidence=0.811, Latency=3.9ms
2025-12-08 11:41:10 | INFO | Verification: s048 - Verified=False, Confidence=0.670, Latency=1.0ms
2025-12-08 11:41:10 | INFO | Verification: s048 - Verified=True, Confidence=0.928, Latency=1.8ms
2025-12-08 11:41:10 | INFO | Verification: s048 - Verified=False, Confidence=0.679, Latency=1.8ms
2025-12-08 11:41:10 | INFO | Verification: s048 - Verified=False, Confidence=0.641, Latency=4.4ms
2025-12-08 11:41:10 | INFO | Verification: s048 - Verified=False, Confidence=0.607, Latency=4.0ms
2025-12-08 11:41:10 | INFO | Verification: s048 - Verified=False, Confidence=0.606, Latency=2.0ms
2025-12-08 11:41:10 | INFO | Verification: s048 - Verified=True, Confidence=0.766, Latency=2.0ms
2025-12-08 11:41:10 | INFO | Verification: s048 - Verified=True, Confidence=0.829, Latency=3.9ms
2025-12-08 11:41:10 | INFO | Verification: s048 - Verified=True, Confidence=0.921, Latency=4.7ms
2025-12-08 11:41:10 | INFO | Verification: s048 - Verified=True, Confidence=0.752, Latency=3.4ms
2025-12-08 11:41:10 | INFO | Verification: s048 - Verified=True, Confidence=0.864, Latency=1.3ms
2025-12-08 11:41:10 | INFO | Verification: s048 - Verified=False, Confidence=0.426, Latency=2.0ms
2025-12-08 11:41:10 | INFO | Verification: s048 - Verified=False, Confidence=0.306, Latency=4.7ms
2025-12-08 11:41:10 | INFO | Verification: s048 - Verified=False, Confidence=0.389, Latency=3.3ms
2025-12-08 11:41:10 | INFO | Verification: s048 - Verified=False, Confidence=0.392, Latency=1.1ms
2025-12-08 11:41:10 | INFO | Verification: s048 - Verified=False, Confidence=0.304, Latency=1.4ms
2025-12-08 11:41:11 | INFO | EER: 0.3300, Optimal Threshold: 0.9710
2025-12-08 11:41:11 | INFO | ROC curve saved: logs\roc_curve.png
2025-12-08 11:41:11 | INFO | Evaluating anomaly detection...
2025-12-08 11:41:11 | INFO | Fitting anomaly detector on 100 samples
2025-12-08 11:41:11 | INFO | Anomaly detector fitted successfully
2025-12-08 11:41:11 | INFO | Anomaly Report: 9/100 anomalies (9.0%)
2025-12-08 11:41:11 | INFO | Anomaly Detection Report: {'total_samples': 100, 'anomaly_count': 9, 'normal_count': 91, 'anomaly_rate': 0.09, 'mean_score': 0.7556697956421421, 'min_score': 0.0, 'max_score': 0.9999999566716391, 'std_score': 0.14734583764408135}
2025-12-08 11:41:11 | INFO | Test report saved: logs\test_report.txt
2025-12-08 11:41:11 | INFO | Comprehensive testing completed!
2025-12-08 11:41:11 | INFO | Testing script completed successfully!
