2025-12-08 10:32:30 | INFO | ================================================================================
2025-12-08 10:32:30 | INFO | KEYSTROKE DYNAMICS - ZERO TRUST TELEHEALTH PLATFORM
2025-12-08 10:32:30 | INFO | ================================================================================
2025-12-08 10:32:30 | INFO | Starting training pipeline...
2025-12-08 10:32:31 | INFO | Loading configuration from: config.yaml
2025-12-08 10:32:31 | INFO | Configuration loaded successfully
2025-12-08 10:32:31 | INFO | Using device: cpu
2025-12-08 10:32:31 | INFO | KeystrokePreprocessor initialized
2025-12-08 10:32:31 | INFO | Loading dataset...
2025-12-08 10:32:31 | INFO | Loading DSL dataset from: Dataset\DSL-StrongPasswordData-Original_Dataset.xls
2025-12-08 10:32:33 | INFO | Loaded dataset: 20400 samples, 34 features
2025-12-08 10:32:33 | INFO | Subjects: 51
2025-12-08 10:32:33 | INFO | Splitting dataset by subject...
2025-12-08 10:32:33 | INFO | Split: Train=12000 (30 subjects), Val=4000 (10 subjects), Test=4400 (11 subjects)
2025-12-08 10:32:33 | INFO | Preprocessing training data...
2025-12-08 10:32:33 | INFO | Running preprocessing pipeline...
2025-12-08 10:32:33 | INFO | Extracting timing features...
2025-12-08 10:32:33 | INFO | Extracted 31 timing features
2025-12-08 10:32:33 | INFO | Feature types: 11 hold, 10 DD, 10 UD
2025-12-08 10:32:33 | INFO | Handling outliers...
2025-12-08 10:32:33 | INFO | Clipped 4553 outlier values
2025-12-08 10:32:33 | INFO | Computing statistical features...
2025-12-08 10:32:33 | INFO | Added 7 statistical features
2025-12-08 10:32:33 | INFO | Fitting scaler on training data...
2025-12-08 10:32:34 | INFO | Augmenting data with factor 2...
2025-12-08 10:32:34 | INFO | Augmented dataset: 12000 -> 24000 samples
2025-12-08 10:32:34 | INFO | Preprocessing complete: torch.Size([24000, 38])
2025-12-08 10:32:34 | INFO | Preprocessing validation data...
2025-12-08 10:32:34 | INFO | Running preprocessing pipeline...
2025-12-08 10:32:34 | INFO | Extracting timing features...
2025-12-08 10:32:34 | INFO | Extracted 31 timing features
2025-12-08 10:32:34 | INFO | Feature types: 11 hold, 10 DD, 10 UD
2025-12-08 10:32:34 | INFO | Handling outliers...
2025-12-08 10:32:34 | INFO | Clipped 1609 outlier values
2025-12-08 10:32:34 | INFO | Computing statistical features...
2025-12-08 10:32:34 | INFO | Added 7 statistical features
2025-12-08 10:32:34 | INFO | Preprocessing complete: torch.Size([4000, 38])
2025-12-08 10:32:34 | INFO | Preprocessing test data...
2025-12-08 10:32:34 | INFO | Running preprocessing pipeline...
2025-12-08 10:32:34 | INFO | Extracting timing features...
2025-12-08 10:32:34 | INFO | Extracted 31 timing features
2025-12-08 10:32:34 | INFO | Feature types: 11 hold, 10 DD, 10 UD
2025-12-08 10:32:34 | INFO | Handling outliers...
2025-12-08 10:32:34 | INFO | Clipped 1831 outlier values
2025-12-08 10:32:34 | INFO | Computing statistical features...
2025-12-08 10:32:34 | INFO | Added 7 statistical features
2025-12-08 10:32:34 | INFO | Preprocessing complete: torch.Size([4400, 38])
2025-12-08 10:32:34 | INFO | Data loaded: Train=24000, Val=4000, Test=4400
2025-12-08 10:32:34 | INFO | Building model...
2025-12-08 10:32:34 | INFO | KeystrokeEmbeddingModel initialized: 38 -> 128
2025-12-08 10:32:34 | INFO | Architecture: [256, 512, 256, 128]
2025-12-08 10:32:36 | INFO | Model built with 324608 parameters
2025-12-08 10:32:36 | INFO | Starting training...
2025-12-08 10:33:06 | INFO | Epoch 1/100 - Train Loss: 0.1932, Val Loss: 0.0048
2025-12-08 10:33:06 | INFO | New best model saved! Val Loss: 0.0048
2025-12-08 10:33:53 | INFO | Epoch 2/100 - Train Loss: 0.1224, Val Loss: 0.0075
2025-12-08 10:34:54 | INFO | Epoch 3/100 - Train Loss: 0.1122, Val Loss: 0.0025
2025-12-08 10:34:54 | INFO | New best model saved! Val Loss: 0.0025
2025-12-08 10:35:23 | INFO | Epoch 4/100 - Train Loss: 0.1027, Val Loss: 0.0035
2025-12-08 10:35:56 | INFO | Epoch 5/100 - Train Loss: 0.1023, Val Loss: 0.0019
2025-12-08 10:35:56 | INFO | New best model saved! Val Loss: 0.0019
2025-12-08 10:36:47 | INFO | Epoch 6/100 - Train Loss: 0.0939, Val Loss: 0.0031
2025-12-08 10:37:16 | INFO | Epoch 7/100 - Train Loss: 0.0944, Val Loss: 0.0031
2025-12-08 10:37:46 | INFO | Epoch 8/100 - Train Loss: 0.0847, Val Loss: 0.0014
2025-12-08 10:37:46 | INFO | New best model saved! Val Loss: 0.0014
2025-12-08 10:38:15 | INFO | Epoch 9/100 - Train Loss: 0.0841, Val Loss: 0.0020
2025-12-08 10:38:43 | INFO | Epoch 10/100 - Train Loss: 0.0803, Val Loss: 0.0014
2025-12-08 10:38:43 | INFO | New best model saved! Val Loss: 0.0014
2025-12-08 10:39:12 | INFO | Epoch 11/100 - Train Loss: 0.0816, Val Loss: 0.0027
2025-12-08 10:39:41 | INFO | Epoch 12/100 - Train Loss: 0.0772, Val Loss: 0.0017
2025-12-08 10:40:12 | INFO | Epoch 13/100 - Train Loss: 0.0760, Val Loss: 0.0025
2025-12-08 10:40:42 | INFO | Epoch 14/100 - Train Loss: 0.0748, Val Loss: 0.0029
2025-12-08 10:41:11 | INFO | Epoch 15/100 - Train Loss: 0.0729, Val Loss: 0.0030
2025-12-08 10:41:51 | INFO | Epoch 16/100 - Train Loss: 0.0724, Val Loss: 0.0041
2025-12-08 10:42:19 | INFO | Epoch 17/100 - Train Loss: 0.0737, Val Loss: 0.0045
2025-12-08 10:42:48 | INFO | Epoch 18/100 - Train Loss: 0.0712, Val Loss: 0.0027
2025-12-08 10:43:17 | INFO | Epoch 19/100 - Train Loss: 0.0698, Val Loss: 0.0025
2025-12-08 10:43:45 | INFO | Epoch 20/100 - Train Loss: 0.0656, Val Loss: 0.0032
2025-12-08 10:44:14 | INFO | Epoch 21/100 - Train Loss: 0.0696, Val Loss: 0.0064
2025-12-08 10:44:42 | INFO | Epoch 22/100 - Train Loss: 0.0704, Val Loss: 0.0050
2025-12-08 10:45:11 | INFO | Epoch 23/100 - Train Loss: 0.0685, Val Loss: 0.0036
2025-12-08 10:45:39 | INFO | Epoch 24/100 - Train Loss: 0.0666, Val Loss: 0.0047
2025-12-08 10:46:09 | INFO | Epoch 25/100 - Train Loss: 0.0651, Val Loss: 0.0055
2025-12-08 10:46:55 | INFO | Epoch 26/100 - Train Loss: 0.0654, Val Loss: 0.0039
2025-12-08 10:47:34 | INFO | Epoch 27/100 - Train Loss: 0.0623, Val Loss: 0.0028
2025-12-08 10:48:10 | INFO | Epoch 28/100 - Train Loss: 0.0640, Val Loss: 0.0044
2025-12-08 10:48:49 | INFO | Epoch 29/100 - Train Loss: 0.0612, Val Loss: 0.0039
2025-12-08 10:49:27 | INFO | Epoch 30/100 - Train Loss: 0.0595, Val Loss: 0.0067
2025-12-08 10:50:07 | INFO | Epoch 31/100 - Train Loss: 0.0621, Val Loss: 0.0050
2025-12-08 10:50:50 | INFO | Epoch 32/100 - Train Loss: 0.0620, Val Loss: 0.0039
2025-12-08 10:51:34 | INFO | Epoch 33/100 - Train Loss: 0.0587, Val Loss: 0.0032
2025-12-08 10:52:20 | INFO | Epoch 34/100 - Train Loss: 0.0617, Val Loss: 0.0038
2025-12-08 10:53:09 | INFO | Epoch 35/100 - Train Loss: 0.0624, Val Loss: 0.0049
2025-12-08 10:54:05 | INFO | Epoch 36/100 - Train Loss: 0.0571, Val Loss: 0.0039
2025-12-08 10:54:57 | INFO | Epoch 37/100 - Train Loss: 0.0554, Val Loss: 0.0039
2025-12-08 10:55:51 | INFO | Epoch 38/100 - Train Loss: 0.0545, Val Loss: 0.0050
2025-12-08 10:56:54 | INFO | Epoch 39/100 - Train Loss: 0.0543, Val Loss: 0.0047
2025-12-08 10:57:45 | INFO | Epoch 40/100 - Train Loss: 0.0580, Val Loss: 0.0044
2025-12-08 10:58:43 | INFO | Epoch 41/100 - Train Loss: 0.0573, Val Loss: 0.0044
2025-12-08 10:59:32 | INFO | Epoch 42/100 - Train Loss: 0.0555, Val Loss: 0.0046
2025-12-08 11:00:28 | INFO | Epoch 43/100 - Train Loss: 0.0541, Val Loss: 0.0045
2025-12-08 11:01:20 | INFO | Epoch 44/100 - Train Loss: 0.0538, Val Loss: 0.0040
2025-12-08 11:02:18 | INFO | Epoch 45/100 - Train Loss: 0.0517, Val Loss: 0.0028
2025-12-08 11:03:02 | INFO | Epoch 46/100 - Train Loss: 0.0479, Val Loss: 0.0025
2025-12-08 11:03:47 | INFO | Epoch 47/100 - Train Loss: 0.0538, Val Loss: 0.0056
2025-12-08 11:04:31 | INFO | Epoch 48/100 - Train Loss: 0.0524, Val Loss: 0.0046
2025-12-08 11:05:18 | INFO | Epoch 49/100 - Train Loss: 0.0487, Val Loss: 0.0061
2025-12-08 11:06:04 | INFO | Epoch 50/100 - Train Loss: 0.0500, Val Loss: 0.0030
2025-12-08 11:06:52 | INFO | Epoch 51/100 - Train Loss: 0.0511, Val Loss: 0.0046
2025-12-08 11:07:40 | INFO | Epoch 52/100 - Train Loss: 0.0484, Val Loss: 0.0028
2025-12-08 11:08:26 | INFO | Epoch 53/100 - Train Loss: 0.0510, Val Loss: 0.0046
2025-12-08 11:09:14 | INFO | Epoch 54/100 - Train Loss: 0.0462, Val Loss: 0.0038
2025-12-08 11:10:00 | INFO | Epoch 55/100 - Train Loss: 0.0464, Val Loss: 0.0029
2025-12-08 11:10:48 | INFO | Epoch 56/100 - Train Loss: 0.0472, Val Loss: 0.0036
2025-12-08 11:11:35 | INFO | Epoch 57/100 - Train Loss: 0.0464, Val Loss: 0.0049
2025-12-08 11:12:43 | INFO | Epoch 58/100 - Train Loss: 0.0454, Val Loss: 0.0045
2025-12-08 11:13:50 | INFO | Epoch 59/100 - Train Loss: 0.0478, Val Loss: 0.0040
2025-12-08 11:14:49 | INFO | Epoch 60/100 - Train Loss: 0.0447, Val Loss: 0.0036
2025-12-08 11:14:49 | INFO | Early stopping triggered after 60 epochs
2025-12-08 11:14:49 | INFO | Training completed!
2025-12-08 11:14:51 | INFO | Training history plot saved: logs\training_history.png
2025-12-08 11:14:51 | INFO | Training script completed successfully!
