2025-12-08 12:27:32 | INFO | ================================================================================
2025-12-08 12:27:32 | INFO | KEYSTROKE DYNAMICS - ZERO TRUST TELEHEALTH PLATFORM
2025-12-08 12:27:32 | INFO | ================================================================================
2025-12-08 12:27:32 | INFO | Starting testing pipeline...
2025-12-08 12:27:33 | INFO | Loading configuration from: config.yaml
2025-12-08 12:27:33 | INFO | Configuration loaded successfully
2025-12-08 12:27:33 | INFO | Using device: cpu
2025-12-08 12:27:33 | INFO | KeystrokePreprocessor initialized
2025-12-08 12:27:33 | INFO | AnomalyDetector initialized with method: isolation_forest
2025-12-08 12:27:33 | INFO | Loading model from: models/checkpoints\best_model.pth
2025-12-08 12:27:33 | INFO | Running comprehensive tests...
2025-12-08 12:27:33 | INFO | Loading test dataset...
2025-12-08 12:27:33 | INFO | Loading DSL dataset from: Dataset\DSL-StrongPasswordData-Original_Dataset.xls
2025-12-08 12:27:35 | INFO | Loaded dataset: 20400 samples, 34 features
2025-12-08 12:27:35 | INFO | Subjects: 51
2025-12-08 12:27:35 | INFO | Splitting dataset by subject...
2025-12-08 12:27:35 | INFO | Split: Train=12000 (30 subjects), Val=4000 (10 subjects), Test=4400 (11 subjects)
2025-12-08 12:27:35 | INFO | Running preprocessing pipeline...
2025-12-08 12:27:35 | INFO | Extracting timing features...
2025-12-08 12:27:35 | INFO | Extracted 31 timing features
2025-12-08 12:27:35 | INFO | Feature types: 11 hold, 10 DD, 10 UD
2025-12-08 12:27:35 | INFO | Handling outliers...
2025-12-08 12:27:35 | INFO | Clipped 1426 outlier values
2025-12-08 12:27:35 | INFO | Computing statistical features...
2025-12-08 12:27:35 | INFO | Added 7 statistical features
2025-12-08 12:27:35 | WARNING | Scaler not fitted, fitting now...
2025-12-08 12:27:35 | INFO | Preprocessing complete: torch.Size([4400, 38])
2025-12-08 12:27:35 | INFO | Test data loaded: torch.Size([4400, 38])
2025-12-08 12:27:35 | INFO | KeystrokeEmbeddingModel initialized: 38 -> 128
2025-12-08 12:27:35 | INFO | Architecture: [256, 512, 256, 128]
2025-12-08 12:27:35 | INFO | Model loaded successfully
2025-12-08 12:27:35 | INFO | Evaluating verification performance...
2025-12-08 12:27:35 | INFO | KeystrokeVerifier initialized
2025-12-08 12:27:35 | INFO | Adaptive threshold: True
2025-12-08 12:27:35 | INFO | Enrolling user: s011
2025-12-08 12:27:35 | INFO | Adaptive threshold for s011: 0.4829 (mean: 0.8577, std: 0.1249)
2025-12-08 12:27:35 | INFO | User s011 enrolled successfully with 50 samples
2025-12-08 12:27:35 | INFO | Verification: s011 - Verified=True, Confidence=0.792, Latency=4.0ms
2025-12-08 12:27:35 | INFO | Verification: s011 - Verified=True, Confidence=0.952, Latency=3.4ms
2025-12-08 12:27:35 | INFO | Verification: s011 - Verified=True, Confidence=0.908, Latency=3.0ms
2025-12-08 12:27:35 | INFO | Verification: s011 - Verified=True, Confidence=0.933, Latency=2.5ms
2025-12-08 12:27:35 | INFO | Verification: s011 - Verified=True, Confidence=0.935, Latency=3.6ms
2025-12-08 12:27:35 | INFO | Verification: s011 - Verified=True, Confidence=0.932, Latency=2.3ms
2025-12-08 12:27:35 | INFO | Verification: s011 - Verified=True, Confidence=0.955, Latency=5.0ms
2025-12-08 12:27:35 | INFO | Verification: s011 - Verified=True, Confidence=0.934, Latency=1.0ms
2025-12-08 12:27:35 | INFO | Verification: s011 - Verified=True, Confidence=0.852, Latency=8.5ms
2025-12-08 12:27:35 | INFO | Verification: s011 - Verified=True, Confidence=0.933, Latency=3.1ms
2025-12-08 12:27:35 | INFO | Verification: s011 - Verified=True, Confidence=0.926, Latency=3.0ms
2025-12-08 12:27:35 | INFO | Verification: s011 - Verified=True, Confidence=0.813, Latency=6.1ms
2025-12-08 12:27:35 | INFO | Verification: s011 - Verified=True, Confidence=0.859, Latency=3.0ms
2025-12-08 12:27:36 | INFO | Verification: s011 - Verified=False, Confidence=0.276, Latency=4.7ms
2025-12-08 12:27:36 | INFO | Verification: s011 - Verified=True, Confidence=0.854, Latency=2.0ms
2025-12-08 12:27:36 | INFO | Verification: s011 - Verified=True, Confidence=0.857, Latency=5.1ms
2025-12-08 12:27:36 | INFO | Verification: s011 - Verified=True, Confidence=0.946, Latency=3.0ms
2025-12-08 12:27:36 | INFO | Verification: s011 - Verified=True, Confidence=0.832, Latency=2.2ms
2025-12-08 12:27:36 | INFO | Verification: s011 - Verified=True, Confidence=0.928, Latency=1.5ms
2025-12-08 12:27:36 | INFO | Verification: s011 - Verified=True, Confidence=0.823, Latency=4.1ms
2025-12-08 12:27:36 | INFO | Verification: s011 - Verified=True, Confidence=0.920, Latency=2.0ms
2025-12-08 12:27:36 | INFO | Verification: s011 - Verified=True, Confidence=0.879, Latency=3.0ms
2025-12-08 12:27:36 | INFO | Verification: s011 - Verified=True, Confidence=0.912, Latency=2.2ms
2025-12-08 12:27:36 | INFO | Verification: s011 - Verified=True, Confidence=0.811, Latency=1.1ms
2025-12-08 12:27:36 | INFO | Verification: s011 - Verified=True, Confidence=0.942, Latency=2.0ms
2025-12-08 12:27:36 | INFO | Verification: s011 - Verified=False, Confidence=0.000, Latency=3.5ms
2025-12-08 12:27:36 | INFO | Verification: s011 - Verified=False, Confidence=0.044, Latency=1.5ms
2025-12-08 12:27:36 | INFO | Verification: s011 - Verified=False, Confidence=0.000, Latency=5.9ms
2025-12-08 12:27:36 | INFO | Verification: s011 - Verified=False, Confidence=0.000, Latency=2.2ms
2025-12-08 12:27:36 | INFO | Verification: s011 - Verified=False, Confidence=0.000, Latency=1.0ms
2025-12-08 12:27:36 | INFO | Verification: s011 - Verified=False, Confidence=0.254, Latency=2.5ms
2025-12-08 12:27:36 | INFO | Verification: s011 - Verified=False, Confidence=0.245, Latency=7.5ms
2025-12-08 12:27:36 | INFO | Verification: s011 - Verified=False, Confidence=0.105, Latency=2.1ms
2025-12-08 12:27:36 | INFO | Verification: s011 - Verified=False, Confidence=0.080, Latency=1.3ms
2025-12-08 12:27:36 | INFO | Verification: s011 - Verified=False, Confidence=0.128, Latency=5.6ms
2025-12-08 12:27:36 | INFO | Verification: s011 - Verified=False, Confidence=0.120, Latency=1.0ms
2025-12-08 12:27:36 | INFO | Verification: s011 - Verified=False, Confidence=0.213, Latency=3.6ms
2025-12-08 12:27:36 | INFO | Verification: s011 - Verified=False, Confidence=0.275, Latency=2.2ms
2025-12-08 12:27:36 | INFO | Verification: s011 - Verified=False, Confidence=0.084, Latency=6.9ms
2025-12-08 12:27:36 | INFO | Verification: s011 - Verified=False, Confidence=0.066, Latency=2.0ms
2025-12-08 12:27:36 | INFO | Verification: s011 - Verified=False, Confidence=0.000, Latency=2.5ms
2025-12-08 12:27:36 | INFO | Verification: s011 - Verified=False, Confidence=0.000, Latency=7.0ms
2025-12-08 12:27:36 | INFO | Verification: s011 - Verified=False, Confidence=0.000, Latency=3.0ms
2025-12-08 12:27:36 | INFO | Verification: s011 - Verified=False, Confidence=0.000, Latency=4.5ms
2025-12-08 12:27:36 | INFO | Verification: s011 - Verified=False, Confidence=0.000, Latency=2.8ms
2025-12-08 12:27:36 | INFO | Verification: s011 - Verified=False, Confidence=0.177, Latency=4.7ms
2025-12-08 12:27:36 | INFO | Verification: s011 - Verified=False, Confidence=0.189, Latency=8.1ms
2025-12-08 12:27:36 | INFO | Verification: s011 - Verified=False, Confidence=0.178, Latency=1.0ms
2025-12-08 12:27:36 | INFO | Verification: s011 - Verified=False, Confidence=0.000, Latency=5.6ms
2025-12-08 12:27:36 | INFO | Verification: s011 - Verified=False, Confidence=0.000, Latency=1.1ms
2025-12-08 12:27:36 | INFO | Enrolling user: s017
2025-12-08 12:27:36 | INFO | Adaptive threshold for s017: 0.6598 (mean: 0.8996, std: 0.0800)
2025-12-08 12:27:36 | INFO | User s017 enrolled successfully with 50 samples
2025-12-08 12:27:36 | INFO | Verification: s017 - Verified=False, Confidence=0.621, Latency=6.0ms
2025-12-08 12:27:36 | INFO | Verification: s017 - Verified=True, Confidence=0.831, Latency=2.0ms
2025-12-08 12:27:36 | INFO | Verification: s017 - Verified=True, Confidence=0.937, Latency=2.0ms
2025-12-08 12:27:36 | INFO | Verification: s017 - Verified=True, Confidence=0.891, Latency=2.4ms
2025-12-08 12:27:36 | INFO | Verification: s017 - Verified=True, Confidence=0.701, Latency=1.0ms
2025-12-08 12:27:36 | INFO | Verification: s017 - Verified=True, Confidence=0.828, Latency=3.5ms
2025-12-08 12:27:36 | INFO | Verification: s017 - Verified=True, Confidence=0.898, Latency=5.0ms
2025-12-08 12:27:36 | INFO | Verification: s017 - Verified=True, Confidence=0.858, Latency=1.1ms
2025-12-08 12:27:36 | INFO | Verification: s017 - Verified=True, Confidence=0.829, Latency=4.3ms
2025-12-08 12:27:36 | INFO | Verification: s017 - Verified=True, Confidence=0.795, Latency=2.5ms
2025-12-08 12:27:36 | INFO | Verification: s017 - Verified=True, Confidence=0.780, Latency=3.5ms
2025-12-08 12:27:36 | INFO | Verification: s017 - Verified=True, Confidence=0.919, Latency=2.2ms
2025-12-08 12:27:36 | INFO | Verification: s017 - Verified=True, Confidence=0.860, Latency=1.2ms
2025-12-08 12:27:36 | INFO | Verification: s017 - Verified=True, Confidence=0.853, Latency=7.6ms
2025-12-08 12:27:36 | INFO | Verification: s017 - Verified=True, Confidence=0.865, Latency=3.0ms
2025-12-08 12:27:36 | INFO | Verification: s017 - Verified=True, Confidence=0.849, Latency=2.5ms
2025-12-08 12:27:36 | INFO | Verification: s017 - Verified=True, Confidence=0.800, Latency=2.3ms
2025-12-08 12:27:36 | INFO | Verification: s017 - Verified=True, Confidence=0.842, Latency=5.1ms
2025-12-08 12:27:36 | INFO | Verification: s017 - Verified=True, Confidence=0.900, Latency=2.0ms
2025-12-08 12:27:36 | INFO | Verification: s017 - Verified=True, Confidence=0.943, Latency=3.0ms
2025-12-08 12:27:36 | INFO | Verification: s017 - Verified=True, Confidence=0.873, Latency=3.0ms
2025-12-08 12:27:36 | INFO | Verification: s017 - Verified=True, Confidence=0.911, Latency=2.3ms
2025-12-08 12:27:36 | INFO | Verification: s017 - Verified=True, Confidence=0.846, Latency=3.0ms
2025-12-08 12:27:36 | INFO | Verification: s017 - Verified=True, Confidence=0.873, Latency=2.2ms
2025-12-08 12:27:36 | INFO | Verification: s017 - Verified=True, Confidence=0.839, Latency=2.0ms
2025-12-08 12:27:36 | INFO | Verification: s017 - Verified=False, Confidence=0.000, Latency=4.0ms
2025-12-08 12:27:36 | INFO | Verification: s017 - Verified=False, Confidence=0.000, Latency=4.5ms
2025-12-08 12:27:36 | INFO | Verification: s017 - Verified=False, Confidence=0.000, Latency=2.5ms
2025-12-08 12:27:36 | INFO | Verification: s017 - Verified=False, Confidence=0.000, Latency=4.8ms
2025-12-08 12:27:36 | INFO | Verification: s017 - Verified=False, Confidence=0.000, Latency=2.5ms
2025-12-08 12:27:36 | INFO | Verification: s017 - Verified=False, Confidence=0.000, Latency=4.2ms
2025-12-08 12:27:36 | INFO | Verification: s017 - Verified=False, Confidence=0.000, Latency=3.2ms
2025-12-08 12:27:36 | INFO | Verification: s017 - Verified=False, Confidence=0.000, Latency=6.7ms
2025-12-08 12:27:36 | INFO | Verification: s017 - Verified=False, Confidence=0.000, Latency=2.0ms
2025-12-08 12:27:36 | INFO | Verification: s017 - Verified=False, Confidence=0.000, Latency=2.5ms
2025-12-08 12:27:36 | INFO | Verification: s017 - Verified=False, Confidence=0.290, Latency=4.0ms
2025-12-08 12:27:36 | INFO | Verification: s017 - Verified=False, Confidence=0.119, Latency=2.1ms
2025-12-08 12:27:36 | INFO | Verification: s017 - Verified=False, Confidence=0.000, Latency=2.0ms
2025-12-08 12:27:36 | INFO | Verification: s017 - Verified=False, Confidence=0.259, Latency=3.0ms
2025-12-08 12:27:36 | INFO | Verification: s017 - Verified=False, Confidence=0.434, Latency=2.6ms
2025-12-08 12:27:36 | INFO | Verification: s017 - Verified=True, Confidence=0.802, Latency=6.0ms
2025-12-08 12:27:36 | INFO | Verification: s017 - Verified=True, Confidence=0.828, Latency=5.5ms
2025-12-08 12:27:36 | INFO | Verification: s017 - Verified=True, Confidence=0.662, Latency=2.8ms
2025-12-08 12:27:36 | INFO | Verification: s017 - Verified=True, Confidence=0.872, Latency=2.0ms
2025-12-08 12:27:36 | INFO | Verification: s017 - Verified=True, Confidence=0.877, Latency=3.4ms
2025-12-08 12:27:36 | INFO | Verification: s017 - Verified=False, Confidence=0.547, Latency=5.5ms
2025-12-08 12:27:36 | INFO | Verification: s017 - Verified=False, Confidence=0.585, Latency=0.0ms
2025-12-08 12:27:36 | INFO | Verification: s017 - Verified=False, Confidence=0.465, Latency=4.9ms
2025-12-08 12:27:36 | INFO | Verification: s017 - Verified=True, Confidence=0.796, Latency=3.3ms
2025-12-08 12:27:36 | INFO | Verification: s017 - Verified=True, Confidence=0.684, Latency=4.0ms
2025-12-08 12:27:36 | INFO | Enrolling user: s019
2025-12-08 12:27:36 | INFO | Adaptive threshold for s019: 0.4905 (mean: 0.8576, std: 0.1224)
2025-12-08 12:27:36 | INFO | User s019 enrolled successfully with 50 samples
2025-12-08 12:27:36 | INFO | Verification: s019 - Verified=True, Confidence=0.816, Latency=3.0ms
2025-12-08 12:27:36 | INFO | Verification: s019 - Verified=True, Confidence=0.915, Latency=1.0ms
2025-12-08 12:27:36 | INFO | Verification: s019 - Verified=True, Confidence=0.919, Latency=3.0ms
2025-12-08 12:27:36 | INFO | Verification: s019 - Verified=True, Confidence=0.931, Latency=2.0ms
2025-12-08 12:27:36 | INFO | Verification: s019 - Verified=True, Confidence=0.870, Latency=2.0ms
2025-12-08 12:27:36 | INFO | Verification: s019 - Verified=True, Confidence=0.873, Latency=2.0ms
2025-12-08 12:27:36 | INFO | Verification: s019 - Verified=True, Confidence=0.856, Latency=3.4ms
2025-12-08 12:27:36 | INFO | Verification: s019 - Verified=True, Confidence=0.896, Latency=2.0ms
2025-12-08 12:27:36 | INFO | Verification: s019 - Verified=True, Confidence=0.913, Latency=5.5ms
2025-12-08 12:27:36 | INFO | Verification: s019 - Verified=True, Confidence=0.973, Latency=53.3ms
2025-12-08 12:27:36 | INFO | Verification: s019 - Verified=True, Confidence=0.908, Latency=13.0ms
2025-12-08 12:27:36 | INFO | Verification: s019 - Verified=True, Confidence=0.934, Latency=2.0ms
2025-12-08 12:27:36 | INFO | Verification: s019 - Verified=True, Confidence=0.926, Latency=4.0ms
2025-12-08 12:27:36 | INFO | Verification: s019 - Verified=True, Confidence=0.880, Latency=3.4ms
2025-12-08 12:27:36 | INFO | Verification: s019 - Verified=True, Confidence=0.513, Latency=24.3ms
2025-12-08 12:27:36 | INFO | Verification: s019 - Verified=True, Confidence=0.728, Latency=5.5ms
2025-12-08 12:27:36 | INFO | Verification: s019 - Verified=True, Confidence=0.745, Latency=3.5ms
2025-12-08 12:27:36 | INFO | Verification: s019 - Verified=True, Confidence=0.884, Latency=1.1ms
2025-12-08 12:27:36 | INFO | Verification: s019 - Verified=True, Confidence=0.873, Latency=2.2ms
2025-12-08 12:27:36 | INFO | Verification: s019 - Verified=True, Confidence=0.752, Latency=2.5ms
2025-12-08 12:27:36 | INFO | Verification: s019 - Verified=True, Confidence=0.752, Latency=4.5ms
2025-12-08 12:27:36 | INFO | Verification: s019 - Verified=True, Confidence=0.866, Latency=4.0ms
2025-12-08 12:27:36 | INFO | Verification: s019 - Verified=True, Confidence=0.719, Latency=2.3ms
2025-12-08 12:27:36 | INFO | Verification: s019 - Verified=True, Confidence=0.709, Latency=6.2ms
2025-12-08 12:27:36 | INFO | Verification: s019 - Verified=True, Confidence=0.766, Latency=3.6ms
2025-12-08 12:27:36 | INFO | Verification: s019 - Verified=False, Confidence=0.490, Latency=2.0ms
2025-12-08 12:27:36 | INFO | Verification: s019 - Verified=True, Confidence=0.684, Latency=2.0ms
2025-12-08 12:27:36 | INFO | Verification: s019 - Verified=False, Confidence=0.304, Latency=8.0ms
2025-12-08 12:27:36 | INFO | Verification: s019 - Verified=False, Confidence=0.226, Latency=6.5ms
2025-12-08 12:27:36 | INFO | Verification: s019 - Verified=False, Confidence=0.354, Latency=7.7ms
2025-12-08 12:27:36 | INFO | Verification: s019 - Verified=False, Confidence=0.085, Latency=4.0ms
2025-12-08 12:27:36 | INFO | Verification: s019 - Verified=True, Confidence=0.704, Latency=3.0ms
2025-12-08 12:27:36 | INFO | Verification: s019 - Verified=False, Confidence=0.010, Latency=3.0ms
2025-12-08 12:27:36 | INFO | Verification: s019 - Verified=False, Confidence=0.322, Latency=2.0ms
2025-12-08 12:27:36 | INFO | Verification: s019 - Verified=False, Confidence=0.272, Latency=2.1ms
2025-12-08 12:27:36 | INFO | Verification: s019 - Verified=True, Confidence=0.760, Latency=9.5ms
2025-12-08 12:27:36 | INFO | Verification: s019 - Verified=True, Confidence=0.820, Latency=3.3ms
2025-12-08 12:27:36 | INFO | Verification: s019 - Verified=True, Confidence=0.853, Latency=1.0ms
2025-12-08 12:27:36 | INFO | Verification: s019 - Verified=False, Confidence=0.424, Latency=5.7ms
2025-12-08 12:27:36 | INFO | Verification: s019 - Verified=False, Confidence=0.098, Latency=2.4ms
2025-12-08 12:27:36 | INFO | Verification: s019 - Verified=False, Confidence=0.164, Latency=1.2ms
2025-12-08 12:27:36 | INFO | Verification: s019 - Verified=False, Confidence=0.232, Latency=2.0ms
2025-12-08 12:27:36 | INFO | Verification: s019 - Verified=False, Confidence=0.000, Latency=8.2ms
2025-12-08 12:27:36 | INFO | Verification: s019 - Verified=False, Confidence=0.057, Latency=5.2ms
2025-12-08 12:27:36 | INFO | Verification: s019 - Verified=False, Confidence=0.105, Latency=2.3ms
2025-12-08 12:27:36 | INFO | Verification: s019 - Verified=False, Confidence=0.444, Latency=4.0ms
2025-12-08 12:27:36 | INFO | Verification: s019 - Verified=False, Confidence=0.428, Latency=2.2ms
2025-12-08 12:27:36 | INFO | Verification: s019 - Verified=False, Confidence=0.450, Latency=2.2ms
2025-12-08 12:27:36 | INFO | Verification: s019 - Verified=False, Confidence=0.267, Latency=3.0ms
2025-12-08 12:27:36 | INFO | Verification: s019 - Verified=False, Confidence=0.038, Latency=6.9ms
2025-12-08 12:27:36 | INFO | Enrolling user: s021
2025-12-08 12:27:36 | INFO | Adaptive threshold for s021: 0.3779 (mean: 0.8368, std: 0.1530)
2025-12-08 12:27:36 | INFO | User s021 enrolled successfully with 50 samples
2025-12-08 12:27:36 | INFO | Verification: s021 - Verified=True, Confidence=0.379, Latency=2.5ms
2025-12-08 12:27:36 | INFO | Verification: s021 - Verified=True, Confidence=0.509, Latency=1.4ms
2025-12-08 12:27:36 | INFO | Verification: s021 - Verified=False, Confidence=0.000, Latency=2.0ms
2025-12-08 12:27:36 | INFO | Verification: s021 - Verified=True, Confidence=0.622, Latency=6.8ms
2025-12-08 12:27:37 | INFO | Verification: s021 - Verified=True, Confidence=0.936, Latency=2.3ms
2025-12-08 12:27:37 | INFO | Verification: s021 - Verified=True, Confidence=0.852, Latency=10.6ms
2025-12-08 12:27:37 | INFO | Verification: s021 - Verified=True, Confidence=0.745, Latency=2.5ms
2025-12-08 12:27:37 | INFO | Verification: s021 - Verified=True, Confidence=0.801, Latency=2.2ms
2025-12-08 12:27:37 | INFO | Verification: s021 - Verified=True, Confidence=0.847, Latency=3.5ms
2025-12-08 12:27:37 | INFO | Verification: s021 - Verified=True, Confidence=0.548, Latency=3.1ms
2025-12-08 12:27:37 | INFO | Verification: s021 - Verified=True, Confidence=0.858, Latency=1.0ms
2025-12-08 12:27:37 | INFO | Verification: s021 - Verified=True, Confidence=0.850, Latency=9.0ms
2025-12-08 12:27:37 | INFO | Verification: s021 - Verified=True, Confidence=0.935, Latency=3.5ms
2025-12-08 12:27:37 | INFO | Verification: s021 - Verified=True, Confidence=0.845, Latency=12.1ms
2025-12-08 12:27:37 | INFO | Verification: s021 - Verified=True, Confidence=0.834, Latency=4.5ms
2025-12-08 12:27:37 | INFO | Verification: s021 - Verified=True, Confidence=0.894, Latency=5.5ms
2025-12-08 12:27:37 | INFO | Verification: s021 - Verified=True, Confidence=0.984, Latency=11.5ms
2025-12-08 12:27:37 | INFO | Verification: s021 - Verified=True, Confidence=0.872, Latency=9.6ms
2025-12-08 12:27:37 | INFO | Verification: s021 - Verified=True, Confidence=0.493, Latency=13.0ms
2025-12-08 12:27:37 | INFO | Verification: s021 - Verified=True, Confidence=0.822, Latency=17.1ms
2025-12-08 12:27:37 | INFO | Verification: s021 - Verified=True, Confidence=0.907, Latency=13.1ms
2025-12-08 12:27:37 | INFO | Verification: s021 - Verified=True, Confidence=0.689, Latency=9.2ms
2025-12-08 12:27:37 | INFO | Verification: s021 - Verified=True, Confidence=0.969, Latency=20.1ms
2025-12-08 12:27:37 | INFO | Verification: s021 - Verified=True, Confidence=0.769, Latency=9.5ms
2025-12-08 12:27:37 | INFO | Verification: s021 - Verified=True, Confidence=0.879, Latency=34.7ms
2025-12-08 12:27:37 | INFO | Verification: s021 - Verified=False, Confidence=0.138, Latency=4.0ms
2025-12-08 12:27:37 | INFO | Verification: s021 - Verified=False, Confidence=0.000, Latency=5.5ms
2025-12-08 12:27:37 | INFO | Verification: s021 - Verified=False, Confidence=0.000, Latency=3.0ms
2025-12-08 12:27:37 | INFO | Verification: s021 - Verified=False, Confidence=0.000, Latency=3.5ms
2025-12-08 12:27:37 | INFO | Verification: s021 - Verified=False, Confidence=0.004, Latency=2.2ms
2025-12-08 12:27:37 | INFO | Verification: s021 - Verified=True, Confidence=0.711, Latency=3.1ms
2025-12-08 12:27:37 | INFO | Verification: s021 - Verified=True, Confidence=0.586, Latency=7.0ms
2025-12-08 12:27:37 | INFO | Verification: s021 - Verified=True, Confidence=0.703, Latency=4.5ms
2025-12-08 12:27:37 | INFO | Verification: s021 - Verified=True, Confidence=0.547, Latency=3.5ms
2025-12-08 12:27:37 | INFO | Verification: s021 - Verified=False, Confidence=0.367, Latency=35.2ms
2025-12-08 12:27:37 | INFO | Verification: s021 - Verified=False, Confidence=0.000, Latency=8.5ms
2025-12-08 12:27:37 | INFO | Verification: s021 - Verified=False, Confidence=0.148, Latency=8.0ms
2025-12-08 12:27:37 | INFO | Verification: s021 - Verified=False, Confidence=0.207, Latency=7.5ms
2025-12-08 12:27:37 | INFO | Verification: s021 - Verified=False, Confidence=0.130, Latency=15.0ms
2025-12-08 12:27:37 | INFO | Verification: s021 - Verified=False, Confidence=0.000, Latency=21.2ms
2025-12-08 12:27:37 | INFO | Verification: s021 - Verified=True, Confidence=0.473, Latency=15.5ms
2025-12-08 12:27:37 | INFO | Verification: s021 - Verified=False, Confidence=0.356, Latency=2.0ms
2025-12-08 12:27:37 | INFO | Verification: s021 - Verified=False, Confidence=0.000, Latency=7.5ms
2025-12-08 12:27:37 | INFO | Verification: s021 - Verified=True, Confidence=0.623, Latency=4.0ms
2025-12-08 12:27:37 | INFO | Verification: s021 - Verified=False, Confidence=0.234, Latency=9.2ms
2025-12-08 12:27:37 | INFO | Verification: s021 - Verified=True, Confidence=0.794, Latency=2.0ms
2025-12-08 12:27:37 | INFO | Verification: s021 - Verified=True, Confidence=0.673, Latency=6.0ms
2025-12-08 12:27:37 | INFO | Verification: s021 - Verified=True, Confidence=0.479, Latency=22.1ms
2025-12-08 12:27:37 | INFO | Verification: s021 - Verified=True, Confidence=0.592, Latency=4.0ms
2025-12-08 12:27:37 | INFO | Verification: s021 - Verified=True, Confidence=0.879, Latency=2.5ms
2025-12-08 12:27:37 | INFO | Enrolling user: s028
2025-12-08 12:27:37 | INFO | Adaptive threshold for s028: 0.5507 (mean: 0.8801, std: 0.1098)
2025-12-08 12:27:37 | INFO | User s028 enrolled successfully with 50 samples
2025-12-08 12:27:37 | INFO | Verification: s028 - Verified=True, Confidence=0.629, Latency=3.5ms
2025-12-08 12:27:37 | INFO | Verification: s028 - Verified=False, Confidence=0.352, Latency=3.6ms
2025-12-08 12:27:37 | INFO | Verification: s028 - Verified=True, Confidence=0.981, Latency=3.0ms
2025-12-08 12:27:37 | INFO | Verification: s028 - Verified=True, Confidence=0.962, Latency=9.0ms
2025-12-08 12:27:37 | INFO | Verification: s028 - Verified=True, Confidence=0.963, Latency=16.1ms
2025-12-08 12:27:37 | INFO | Verification: s028 - Verified=True, Confidence=0.970, Latency=2.5ms
2025-12-08 12:27:37 | INFO | Verification: s028 - Verified=True, Confidence=0.950, Latency=5.9ms
2025-12-08 12:27:37 | INFO | Verification: s028 - Verified=True, Confidence=0.963, Latency=5.8ms
2025-12-08 12:27:37 | INFO | Verification: s028 - Verified=True, Confidence=0.967, Latency=3.4ms
2025-12-08 12:27:37 | INFO | Verification: s028 - Verified=True, Confidence=0.954, Latency=3.5ms
2025-12-08 12:27:37 | INFO | Verification: s028 - Verified=True, Confidence=0.984, Latency=4.0ms
2025-12-08 12:27:37 | INFO | Verification: s028 - Verified=True, Confidence=0.958, Latency=4.5ms
2025-12-08 12:27:37 | INFO | Verification: s028 - Verified=True, Confidence=0.900, Latency=7.5ms
2025-12-08 12:27:37 | INFO | Verification: s028 - Verified=True, Confidence=0.827, Latency=7.5ms
2025-12-08 12:27:37 | INFO | Verification: s028 - Verified=True, Confidence=0.940, Latency=11.8ms
2025-12-08 12:27:37 | INFO | Verification: s028 - Verified=True, Confidence=0.901, Latency=2.5ms
2025-12-08 12:27:37 | INFO | Verification: s028 - Verified=True, Confidence=0.929, Latency=10.0ms
2025-12-08 12:27:37 | INFO | Verification: s028 - Verified=True, Confidence=0.942, Latency=3.0ms
2025-12-08 12:27:37 | INFO | Verification: s028 - Verified=True, Confidence=0.904, Latency=3.0ms
2025-12-08 12:27:37 | INFO | Verification: s028 - Verified=True, Confidence=0.877, Latency=8.0ms
2025-12-08 12:27:37 | INFO | Verification: s028 - Verified=True, Confidence=0.803, Latency=5.0ms
2025-12-08 12:27:37 | INFO | Verification: s028 - Verified=True, Confidence=0.718, Latency=11.5ms
2025-12-08 12:27:37 | INFO | Verification: s028 - Verified=True, Confidence=0.896, Latency=5.5ms
2025-12-08 12:27:37 | INFO | Verification: s028 - Verified=True, Confidence=0.931, Latency=20.0ms
2025-12-08 12:27:37 | INFO | Verification: s028 - Verified=True, Confidence=0.959, Latency=2.6ms
2025-12-08 12:27:37 | INFO | Verification: s028 - Verified=False, Confidence=0.000, Latency=3.5ms
2025-12-08 12:27:37 | INFO | Verification: s028 - Verified=False, Confidence=0.000, Latency=8.7ms
2025-12-08 12:27:37 | INFO | Verification: s028 - Verified=False, Confidence=0.000, Latency=5.5ms
2025-12-08 12:27:38 | INFO | Verification: s028 - Verified=False, Confidence=0.000, Latency=3.3ms
2025-12-08 12:27:38 | INFO | Verification: s028 - Verified=False, Confidence=0.000, Latency=10.5ms
2025-12-08 12:27:38 | INFO | Verification: s028 - Verified=True, Confidence=0.787, Latency=10.0ms
2025-12-08 12:27:38 | INFO | Verification: s028 - Verified=False, Confidence=0.404, Latency=2.0ms
2025-12-08 12:27:38 | INFO | Verification: s028 - Verified=True, Confidence=0.779, Latency=2.0ms
2025-12-08 12:27:38 | INFO | Verification: s028 - Verified=True, Confidence=0.737, Latency=14.3ms
2025-12-08 12:27:38 | INFO | Verification: s028 - Verified=True, Confidence=0.810, Latency=3.5ms
2025-12-08 12:27:38 | INFO | Verification: s028 - Verified=False, Confidence=0.000, Latency=4.2ms
2025-12-08 12:27:38 | INFO | Verification: s028 - Verified=False, Confidence=0.000, Latency=3.5ms
2025-12-08 12:27:38 | INFO | Verification: s028 - Verified=False, Confidence=0.000, Latency=3.0ms
2025-12-08 12:27:38 | INFO | Verification: s028 - Verified=False, Confidence=0.000, Latency=12.1ms
2025-12-08 12:27:38 | INFO | Verification: s028 - Verified=False, Confidence=0.000, Latency=2.5ms
2025-12-08 12:27:38 | INFO | Verification: s028 - Verified=False, Confidence=0.196, Latency=5.1ms
2025-12-08 12:27:38 | INFO | Verification: s028 - Verified=False, Confidence=0.020, Latency=7.0ms
2025-12-08 12:27:38 | INFO | Verification: s028 - Verified=False, Confidence=0.000, Latency=2.0ms
2025-12-08 12:27:38 | INFO | Verification: s028 - Verified=False, Confidence=0.140, Latency=11.5ms
2025-12-08 12:27:38 | INFO | Verification: s028 - Verified=False, Confidence=0.266, Latency=3.0ms
2025-12-08 12:27:38 | INFO | Verification: s028 - Verified=False, Confidence=0.360, Latency=11.6ms
2025-12-08 12:27:38 | INFO | Verification: s028 - Verified=False, Confidence=0.397, Latency=2.0ms
2025-12-08 12:27:38 | INFO | Verification: s028 - Verified=False, Confidence=0.256, Latency=3.5ms
2025-12-08 12:27:38 | INFO | Verification: s028 - Verified=True, Confidence=0.613, Latency=2.5ms
2025-12-08 12:27:38 | INFO | Verification: s028 - Verified=False, Confidence=0.520, Latency=13.0ms
2025-12-08 12:27:38 | INFO | Enrolling user: s029
2025-12-08 12:27:38 | INFO | Adaptive threshold for s029: 0.3671 (mean: 0.8566, std: 0.1632)
2025-12-08 12:27:38 | INFO | User s029 enrolled successfully with 50 samples
2025-12-08 12:27:38 | INFO | Verification: s029 - Verified=True, Confidence=0.721, Latency=5.1ms
2025-12-08 12:27:38 | INFO | Verification: s029 - Verified=True, Confidence=0.610, Latency=4.0ms
2025-12-08 12:27:38 | INFO | Verification: s029 - Verified=False, Confidence=0.365, Latency=2.0ms
2025-12-08 12:27:38 | INFO | Verification: s029 - Verified=True, Confidence=0.954, Latency=2.5ms
2025-12-08 12:27:38 | INFO | Verification: s029 - Verified=True, Confidence=0.890, Latency=10.1ms
2025-12-08 12:27:38 | INFO | Verification: s029 - Verified=True, Confidence=0.869, Latency=2.0ms
2025-12-08 12:27:38 | INFO | Verification: s029 - Verified=True, Confidence=0.724, Latency=9.0ms
2025-12-08 12:27:38 | INFO | Verification: s029 - Verified=True, Confidence=0.454, Latency=2.0ms
2025-12-08 12:27:38 | INFO | Verification: s029 - Verified=True, Confidence=0.983, Latency=2.5ms
2025-12-08 12:27:38 | INFO | Verification: s029 - Verified=True, Confidence=0.989, Latency=7.5ms
2025-12-08 12:27:38 | INFO | Verification: s029 - Verified=True, Confidence=0.940, Latency=4.0ms
2025-12-08 12:27:38 | INFO | Verification: s029 - Verified=True, Confidence=0.974, Latency=6.6ms
2025-12-08 12:27:38 | INFO | Verification: s029 - Verified=True, Confidence=0.955, Latency=4.3ms
2025-12-08 12:27:38 | INFO | Verification: s029 - Verified=True, Confidence=0.779, Latency=5.7ms
2025-12-08 12:27:38 | INFO | Verification: s029 - Verified=True, Confidence=0.940, Latency=2.0ms
2025-12-08 12:27:38 | INFO | Verification: s029 - Verified=True, Confidence=0.872, Latency=7.5ms
2025-12-08 12:27:38 | INFO | Verification: s029 - Verified=True, Confidence=0.922, Latency=9.5ms
2025-12-08 12:27:38 | INFO | Verification: s029 - Verified=True, Confidence=0.919, Latency=4.0ms
2025-12-08 12:27:38 | INFO | Verification: s029 - Verified=True, Confidence=0.971, Latency=4.0ms
2025-12-08 12:27:38 | INFO | Verification: s029 - Verified=True, Confidence=0.966, Latency=8.5ms
2025-12-08 12:27:38 | INFO | Verification: s029 - Verified=True, Confidence=0.967, Latency=2.0ms
2025-12-08 12:27:38 | INFO | Verification: s029 - Verified=True, Confidence=0.834, Latency=3.0ms
2025-12-08 12:27:38 | INFO | Verification: s029 - Verified=True, Confidence=0.948, Latency=2.0ms
2025-12-08 12:27:38 | INFO | Verification: s029 - Verified=True, Confidence=0.788, Latency=10.6ms
2025-12-08 12:27:38 | INFO | Verification: s029 - Verified=True, Confidence=0.941, Latency=2.0ms
2025-12-08 12:27:38 | INFO | Verification: s029 - Verified=False, Confidence=0.000, Latency=2.1ms
2025-12-08 12:27:38 | INFO | Verification: s029 - Verified=False, Confidence=0.000, Latency=2.5ms
2025-12-08 12:27:38 | INFO | Verification: s029 - Verified=False, Confidence=0.000, Latency=3.1ms
2025-12-08 12:27:38 | INFO | Verification: s029 - Verified=False, Confidence=0.211, Latency=252.0ms
2025-12-08 12:27:39 | INFO | Verification: s029 - Verified=False, Confidence=0.000, Latency=94.4ms
2025-12-08 12:27:39 | INFO | Verification: s029 - Verified=True, Confidence=0.403, Latency=5.2ms
2025-12-08 12:27:39 | INFO | Verification: s029 - Verified=False, Confidence=0.356, Latency=3.6ms
2025-12-08 12:27:39 | INFO | Verification: s029 - Verified=False, Confidence=0.315, Latency=3.1ms
2025-12-08 12:27:39 | INFO | Verification: s029 - Verified=True, Confidence=0.406, Latency=1.0ms
2025-12-08 12:27:39 | INFO | Verification: s029 - Verified=False, Confidence=0.184, Latency=7.1ms
2025-12-08 12:27:39 | INFO | Verification: s029 - Verified=False, Confidence=0.000, Latency=2.0ms
2025-12-08 12:27:39 | INFO | Verification: s029 - Verified=False, Confidence=0.000, Latency=3.0ms
2025-12-08 12:27:39 | INFO | Verification: s029 - Verified=False, Confidence=0.000, Latency=9.0ms
2025-12-08 12:27:39 | INFO | Verification: s029 - Verified=False, Confidence=0.000, Latency=2.5ms
2025-12-08 12:27:39 | INFO | Verification: s029 - Verified=False, Confidence=0.000, Latency=2.2ms
2025-12-08 12:27:39 | INFO | Verification: s029 - Verified=False, Confidence=0.258, Latency=4.0ms
2025-12-08 12:27:39 | INFO | Verification: s029 - Verified=False, Confidence=0.247, Latency=2.4ms
2025-12-08 12:27:39 | INFO | Verification: s029 - Verified=False, Confidence=0.158, Latency=2.0ms
2025-12-08 12:27:39 | INFO | Verification: s029 - Verified=True, Confidence=0.490, Latency=5.6ms
2025-12-08 12:27:39 | INFO | Verification: s029 - Verified=False, Confidence=0.245, Latency=2.0ms
2025-12-08 12:27:39 | INFO | Verification: s029 - Verified=True, Confidence=0.835, Latency=2.1ms
2025-12-08 12:27:39 | INFO | Verification: s029 - Verified=False, Confidence=0.100, Latency=5.5ms
2025-12-08 12:27:39 | INFO | Verification: s029 - Verified=False, Confidence=0.058, Latency=2.0ms
2025-12-08 12:27:39 | INFO | Verification: s029 - Verified=True, Confidence=0.683, Latency=1.5ms
2025-12-08 12:27:39 | INFO | Verification: s029 - Verified=False, Confidence=0.138, Latency=2.0ms
2025-12-08 12:27:39 | INFO | Enrolling user: s039
2025-12-08 12:27:39 | INFO | Adaptive threshold for s039: 0.6486 (mean: 0.9255, std: 0.0923)
2025-12-08 12:27:39 | INFO | User s039 enrolled successfully with 50 samples
2025-12-08 12:27:39 | INFO | Verification: s039 - Verified=True, Confidence=0.824, Latency=4.8ms
2025-12-08 12:27:39 | INFO | Verification: s039 - Verified=True, Confidence=0.740, Latency=2.4ms
2025-12-08 12:27:39 | INFO | Verification: s039 - Verified=True, Confidence=0.852, Latency=1.0ms
2025-12-08 12:27:39 | INFO | Verification: s039 - Verified=True, Confidence=0.921, Latency=10.6ms
2025-12-08 12:27:39 | INFO | Verification: s039 - Verified=True, Confidence=0.933, Latency=2.7ms
2025-12-08 12:27:39 | INFO | Verification: s039 - Verified=True, Confidence=0.725, Latency=4.5ms
2025-12-08 12:27:39 | INFO | Verification: s039 - Verified=True, Confidence=0.834, Latency=2.0ms
2025-12-08 12:27:39 | INFO | Verification: s039 - Verified=True, Confidence=0.954, Latency=10.8ms
2025-12-08 12:27:39 | INFO | Verification: s039 - Verified=True, Confidence=0.983, Latency=2.9ms
2025-12-08 12:27:39 | INFO | Verification: s039 - Verified=True, Confidence=0.972, Latency=2.0ms
2025-12-08 12:27:39 | INFO | Verification: s039 - Verified=True, Confidence=0.977, Latency=6.0ms
2025-12-08 12:27:39 | INFO | Verification: s039 - Verified=True, Confidence=0.929, Latency=3.1ms
2025-12-08 12:27:39 | INFO | Verification: s039 - Verified=True, Confidence=0.965, Latency=3.6ms
2025-12-08 12:27:39 | INFO | Verification: s039 - Verified=True, Confidence=0.946, Latency=5.0ms
2025-12-08 12:27:39 | INFO | Verification: s039 - Verified=True, Confidence=0.943, Latency=2.1ms
2025-12-08 12:27:39 | INFO | Verification: s039 - Verified=True, Confidence=0.883, Latency=2.0ms
2025-12-08 12:27:39 | INFO | Verification: s039 - Verified=True, Confidence=0.890, Latency=8.5ms
2025-12-08 12:27:39 | INFO | Verification: s039 - Verified=True, Confidence=0.964, Latency=12.5ms
2025-12-08 12:27:39 | INFO | Verification: s039 - Verified=True, Confidence=0.988, Latency=2.0ms
2025-12-08 12:27:39 | INFO | Verification: s039 - Verified=True, Confidence=0.933, Latency=14.6ms
2025-12-08 12:27:39 | INFO | Verification: s039 - Verified=True, Confidence=0.884, Latency=1.0ms
2025-12-08 12:27:39 | INFO | Verification: s039 - Verified=True, Confidence=0.932, Latency=11.5ms
2025-12-08 12:27:39 | INFO | Verification: s039 - Verified=True, Confidence=0.953, Latency=1.0ms
2025-12-08 12:27:39 | INFO | Verification: s039 - Verified=True, Confidence=0.928, Latency=2.0ms
2025-12-08 12:27:39 | INFO | Verification: s039 - Verified=True, Confidence=0.901, Latency=11.5ms
2025-12-08 12:27:39 | INFO | Verification: s039 - Verified=False, Confidence=0.392, Latency=3.5ms
2025-12-08 12:27:39 | INFO | Verification: s039 - Verified=True, Confidence=0.932, Latency=6.6ms
2025-12-08 12:27:39 | INFO | Verification: s039 - Verified=False, Confidence=0.409, Latency=3.8ms
2025-12-08 12:27:39 | INFO | Verification: s039 - Verified=False, Confidence=0.444, Latency=2.0ms
2025-12-08 12:27:39 | INFO | Verification: s039 - Verified=False, Confidence=0.397, Latency=1.2ms
2025-12-08 12:27:39 | INFO | Verification: s039 - Verified=False, Confidence=0.000, Latency=1.0ms
2025-12-08 12:27:39 | INFO | Verification: s039 - Verified=False, Confidence=0.236, Latency=2.1ms
2025-12-08 12:27:39 | INFO | Verification: s039 - Verified=False, Confidence=0.000, Latency=2.0ms
2025-12-08 12:27:39 | INFO | Verification: s039 - Verified=False, Confidence=0.000, Latency=2.5ms
2025-12-08 12:27:39 | INFO | Verification: s039 - Verified=False, Confidence=0.000, Latency=9.8ms
2025-12-08 12:27:39 | INFO | Verification: s039 - Verified=False, Confidence=0.552, Latency=2.3ms
2025-12-08 12:27:39 | INFO | Verification: s039 - Verified=False, Confidence=0.557, Latency=2.0ms
2025-12-08 12:27:39 | INFO | Verification: s039 - Verified=False, Confidence=0.436, Latency=9.6ms
2025-12-08 12:27:39 | INFO | Verification: s039 - Verified=False, Confidence=0.444, Latency=1.5ms
2025-12-08 12:27:39 | INFO | Verification: s039 - Verified=False, Confidence=0.600, Latency=1.5ms
2025-12-08 12:27:39 | INFO | Verification: s039 - Verified=False, Confidence=0.174, Latency=1.0ms
2025-12-08 12:27:39 | INFO | Verification: s039 - Verified=False, Confidence=0.283, Latency=8.8ms
2025-12-08 12:27:39 | INFO | Verification: s039 - Verified=False, Confidence=0.512, Latency=3.2ms
2025-12-08 12:27:39 | INFO | Verification: s039 - Verified=False, Confidence=0.079, Latency=1.0ms
2025-12-08 12:27:39 | INFO | Verification: s039 - Verified=False, Confidence=0.219, Latency=2.5ms
2025-12-08 12:27:39 | INFO | Verification: s039 - Verified=False, Confidence=0.000, Latency=10.1ms
2025-12-08 12:27:39 | INFO | Verification: s039 - Verified=False, Confidence=0.000, Latency=1.0ms
2025-12-08 12:27:39 | INFO | Verification: s039 - Verified=False, Confidence=0.000, Latency=2.9ms
2025-12-08 12:27:39 | INFO | Verification: s039 - Verified=False, Confidence=0.000, Latency=9.5ms
2025-12-08 12:27:39 | INFO | Verification: s039 - Verified=False, Confidence=0.000, Latency=3.0ms
2025-12-08 12:27:39 | INFO | Enrolling user: s043
2025-12-08 12:27:39 | INFO | Adaptive threshold for s043: 0.8140 (mean: 0.9503, std: 0.0454)
2025-12-08 12:27:39 | INFO | User s043 enrolled successfully with 50 samples
2025-12-08 12:27:39 | INFO | Verification: s043 - Verified=True, Confidence=0.885, Latency=1.0ms
2025-12-08 12:27:39 | INFO | Verification: s043 - Verified=True, Confidence=0.874, Latency=2.5ms
2025-12-08 12:27:39 | INFO | Verification: s043 - Verified=True, Confidence=0.814, Latency=4.2ms
2025-12-08 12:27:39 | INFO | Verification: s043 - Verified=True, Confidence=0.917, Latency=3.5ms
2025-12-08 12:27:39 | INFO | Verification: s043 - Verified=True, Confidence=0.969, Latency=2.2ms
2025-12-08 12:27:39 | INFO | Verification: s043 - Verified=True, Confidence=0.987, Latency=2.0ms
2025-12-08 12:27:39 | INFO | Verification: s043 - Verified=True, Confidence=0.903, Latency=2.7ms
2025-12-08 12:27:39 | INFO | Verification: s043 - Verified=True, Confidence=0.947, Latency=8.8ms
2025-12-08 12:27:39 | INFO | Verification: s043 - Verified=True, Confidence=0.836, Latency=1.0ms
2025-12-08 12:27:39 | INFO | Verification: s043 - Verified=True, Confidence=0.968, Latency=3.0ms
2025-12-08 12:27:39 | INFO | Verification: s043 - Verified=True, Confidence=0.955, Latency=2.6ms
2025-12-08 12:27:39 | INFO | Verification: s043 - Verified=True, Confidence=0.967, Latency=9.8ms
2025-12-08 12:27:39 | INFO | Verification: s043 - Verified=True, Confidence=0.986, Latency=2.2ms
2025-12-08 12:27:39 | INFO | Verification: s043 - Verified=True, Confidence=0.990, Latency=2.8ms
2025-12-08 12:27:39 | INFO | Verification: s043 - Verified=True, Confidence=0.986, Latency=5.3ms
2025-12-08 12:27:39 | INFO | Verification: s043 - Verified=True, Confidence=0.995, Latency=4.0ms
2025-12-08 12:27:39 | INFO | Verification: s043 - Verified=True, Confidence=0.980, Latency=1.3ms
2025-12-08 12:27:39 | INFO | Verification: s043 - Verified=True, Confidence=0.950, Latency=1.4ms
2025-12-08 12:27:39 | INFO | Verification: s043 - Verified=True, Confidence=0.995, Latency=2.0ms
2025-12-08 12:27:39 | INFO | Verification: s043 - Verified=True, Confidence=0.986, Latency=5.1ms
2025-12-08 12:27:39 | INFO | Verification: s043 - Verified=True, Confidence=0.997, Latency=2.0ms
2025-12-08 12:27:39 | INFO | Verification: s043 - Verified=True, Confidence=0.984, Latency=2.3ms
2025-12-08 12:27:39 | INFO | Verification: s043 - Verified=True, Confidence=0.983, Latency=10.6ms
2025-12-08 12:27:39 | INFO | Verification: s043 - Verified=True, Confidence=0.981, Latency=2.5ms
2025-12-08 12:27:39 | INFO | Verification: s043 - Verified=True, Confidence=0.909, Latency=1.1ms
2025-12-08 12:27:39 | INFO | Verification: s043 - Verified=False, Confidence=0.000, Latency=2.5ms
2025-12-08 12:27:39 | INFO | Verification: s043 - Verified=False, Confidence=0.000, Latency=2.0ms
2025-12-08 12:27:39 | INFO | Verification: s043 - Verified=False, Confidence=0.000, Latency=3.1ms
2025-12-08 12:27:39 | INFO | Verification: s043 - Verified=False, Confidence=0.000, Latency=3.1ms
2025-12-08 12:27:39 | INFO | Verification: s043 - Verified=False, Confidence=0.000, Latency=1.2ms
2025-12-08 12:27:39 | INFO | Verification: s043 - Verified=False, Confidence=0.247, Latency=2.2ms
2025-12-08 12:27:39 | INFO | Verification: s043 - Verified=False, Confidence=0.605, Latency=2.0ms
2025-12-08 12:27:39 | INFO | Verification: s043 - Verified=False, Confidence=0.137, Latency=8.2ms
2025-12-08 12:27:39 | INFO | Verification: s043 - Verified=False, Confidence=0.522, Latency=2.3ms
2025-12-08 12:27:39 | INFO | Verification: s043 - Verified=False, Confidence=0.684, Latency=1.0ms
2025-12-08 12:27:39 | INFO | Verification: s043 - Verified=False, Confidence=0.361, Latency=1.4ms
2025-12-08 12:27:39 | INFO | Verification: s043 - Verified=False, Confidence=0.486, Latency=7.8ms
2025-12-08 12:27:39 | INFO | Verification: s043 - Verified=False, Confidence=0.574, Latency=2.0ms
2025-12-08 12:27:39 | INFO | Verification: s043 - Verified=False, Confidence=0.593, Latency=2.3ms
2025-12-08 12:27:39 | INFO | Verification: s043 - Verified=False, Confidence=0.484, Latency=2.7ms
2025-12-08 12:27:39 | INFO | Verification: s043 - Verified=False, Confidence=0.688, Latency=3.0ms
2025-12-08 12:27:39 | INFO | Verification: s043 - Verified=False, Confidence=0.624, Latency=2.3ms
2025-12-08 12:27:39 | INFO | Verification: s043 - Verified=False, Confidence=0.372, Latency=2.0ms
2025-12-08 12:27:39 | INFO | Verification: s043 - Verified=False, Confidence=0.254, Latency=9.5ms
2025-12-08 12:27:39 | INFO | Verification: s043 - Verified=False, Confidence=0.000, Latency=1.0ms
2025-12-08 12:27:39 | INFO | Verification: s043 - Verified=False, Confidence=0.365, Latency=2.5ms
2025-12-08 12:27:39 | INFO | Verification: s043 - Verified=False, Confidence=0.721, Latency=2.0ms
2025-12-08 12:27:39 | INFO | Verification: s043 - Verified=False, Confidence=0.775, Latency=4.7ms
2025-12-08 12:27:39 | INFO | Verification: s043 - Verified=False, Confidence=0.139, Latency=2.0ms
2025-12-08 12:27:39 | INFO | Verification: s043 - Verified=False, Confidence=0.721, Latency=1.0ms
2025-12-08 12:27:39 | INFO | Enrolling user: s048
2025-12-08 12:27:39 | INFO | Adaptive threshold for s048: 0.3682 (mean: 0.7790, std: 0.1369)
2025-12-08 12:27:39 | INFO | User s048 enrolled successfully with 50 samples
2025-12-08 12:27:39 | INFO | Verification: s048 - Verified=True, Confidence=0.738, Latency=8.6ms
2025-12-08 12:27:39 | INFO | Verification: s048 - Verified=True, Confidence=0.853, Latency=2.0ms
2025-12-08 12:27:39 | INFO | Verification: s048 - Verified=True, Confidence=0.972, Latency=2.5ms
2025-12-08 12:27:39 | INFO | Verification: s048 - Verified=True, Confidence=0.647, Latency=2.0ms
2025-12-08 12:27:39 | INFO | Verification: s048 - Verified=True, Confidence=0.905, Latency=3.5ms
2025-12-08 12:27:39 | INFO | Verification: s048 - Verified=True, Confidence=0.888, Latency=1.5ms
2025-12-08 12:27:39 | INFO | Verification: s048 - Verified=True, Confidence=0.891, Latency=3.0ms
2025-12-08 12:27:39 | INFO | Verification: s048 - Verified=True, Confidence=0.527, Latency=1.5ms
2025-12-08 12:27:39 | INFO | Verification: s048 - Verified=True, Confidence=0.642, Latency=13.6ms
2025-12-08 12:27:39 | INFO | Verification: s048 - Verified=True, Confidence=0.929, Latency=2.3ms
2025-12-08 12:27:39 | INFO | Verification: s048 - Verified=True, Confidence=0.897, Latency=8.7ms
2025-12-08 12:27:39 | INFO | Verification: s048 - Verified=True, Confidence=0.854, Latency=2.0ms
2025-12-08 12:27:39 | INFO | Verification: s048 - Verified=True, Confidence=0.767, Latency=1.5ms
2025-12-08 12:27:39 | INFO | Verification: s048 - Verified=True, Confidence=0.779, Latency=2.2ms
2025-12-08 12:27:40 | INFO | Verification: s048 - Verified=True, Confidence=0.692, Latency=9.6ms
2025-12-08 12:27:40 | INFO | Verification: s048 - Verified=True, Confidence=0.866, Latency=1.0ms
2025-12-08 12:27:40 | INFO | Verification: s048 - Verified=True, Confidence=0.853, Latency=1.4ms
2025-12-08 12:27:40 | INFO | Verification: s048 - Verified=True, Confidence=0.891, Latency=9.5ms
2025-12-08 12:27:40 | INFO | Verification: s048 - Verified=True, Confidence=0.691, Latency=2.5ms
2025-12-08 12:27:40 | INFO | Verification: s048 - Verified=True, Confidence=0.822, Latency=1.4ms
2025-12-08 12:27:40 | INFO | Verification: s048 - Verified=True, Confidence=0.876, Latency=1.1ms
2025-12-08 12:27:40 | INFO | Verification: s048 - Verified=True, Confidence=0.729, Latency=9.6ms
2025-12-08 12:27:40 | INFO | Verification: s048 - Verified=True, Confidence=0.831, Latency=1.0ms
2025-12-08 12:27:40 | INFO | Verification: s048 - Verified=True, Confidence=0.753, Latency=3.5ms
2025-12-08 12:27:40 | INFO | Verification: s048 - Verified=True, Confidence=0.907, Latency=7.9ms
2025-12-08 12:27:40 | INFO | Verification: s048 - Verified=True, Confidence=0.434, Latency=1.0ms
2025-12-08 12:27:40 | INFO | Verification: s048 - Verified=True, Confidence=0.399, Latency=2.4ms
2025-12-08 12:27:40 | INFO | Verification: s048 - Verified=True, Confidence=0.527, Latency=2.5ms
2025-12-08 12:27:40 | INFO | Verification: s048 - Verified=True, Confidence=0.508, Latency=7.0ms
2025-12-08 12:27:40 | INFO | Verification: s048 - Verified=True, Confidence=0.425, Latency=0.0ms
2025-12-08 12:27:40 | INFO | Verification: s048 - Verified=False, Confidence=0.336, Latency=3.0ms
2025-12-08 12:27:40 | INFO | Verification: s048 - Verified=True, Confidence=0.420, Latency=3.6ms
2025-12-08 12:27:40 | INFO | Verification: s048 - Verified=False, Confidence=0.311, Latency=3.0ms
2025-12-08 12:27:40 | INFO | Verification: s048 - Verified=False, Confidence=0.328, Latency=2.5ms
2025-12-08 12:27:40 | INFO | Verification: s048 - Verified=False, Confidence=0.055, Latency=13.7ms
2025-12-08 12:27:40 | INFO | Verification: s048 - Verified=False, Confidence=0.000, Latency=2.4ms
2025-12-08 12:27:40 | INFO | Verification: s048 - Verified=False, Confidence=0.046, Latency=8.5ms
2025-12-08 12:27:40 | INFO | Verification: s048 - Verified=False, Confidence=0.000, Latency=2.5ms
2025-12-08 12:27:40 | INFO | Verification: s048 - Verified=False, Confidence=0.000, Latency=3.2ms
2025-12-08 12:27:40 | INFO | Verification: s048 - Verified=False, Confidence=0.000, Latency=2.2ms
2025-12-08 12:27:40 | INFO | Verification: s048 - Verified=False, Confidence=0.249, Latency=3.0ms
2025-12-08 12:27:40 | INFO | Verification: s048 - Verified=False, Confidence=0.242, Latency=1.0ms
2025-12-08 12:27:40 | INFO | Verification: s048 - Verified=False, Confidence=0.316, Latency=1.0ms
2025-12-08 12:27:40 | INFO | Verification: s048 - Verified=False, Confidence=0.333, Latency=4.0ms
2025-12-08 12:27:40 | INFO | Verification: s048 - Verified=True, Confidence=0.571, Latency=3.9ms
2025-12-08 12:27:40 | INFO | Verification: s048 - Verified=False, Confidence=0.325, Latency=12.1ms
2025-12-08 12:27:40 | INFO | Verification: s048 - Verified=False, Confidence=0.000, Latency=1.4ms
2025-12-08 12:27:40 | INFO | Verification: s048 - Verified=False, Confidence=0.000, Latency=1.1ms
2025-12-08 12:27:40 | INFO | Verification: s048 - Verified=True, Confidence=0.526, Latency=9.5ms
2025-12-08 12:27:40 | INFO | Verification: s048 - Verified=False, Confidence=0.000, Latency=2.1ms
2025-12-08 12:27:40 | INFO | Enrolling user: s049
2025-12-08 12:27:40 | INFO | Adaptive threshold for s049: 0.7362 (mean: 0.9399, std: 0.0679)
2025-12-08 12:27:40 | INFO | User s049 enrolled successfully with 50 samples
2025-12-08 12:27:40 | INFO | Verification: s049 - Verified=True, Confidence=0.810, Latency=9.8ms
2025-12-08 12:27:40 | INFO | Verification: s049 - Verified=True, Confidence=0.964, Latency=3.0ms
2025-12-08 12:27:40 | INFO | Verification: s049 - Verified=True, Confidence=0.977, Latency=8.5ms
2025-12-08 12:27:40 | INFO | Verification: s049 - Verified=True, Confidence=0.984, Latency=4.5ms
2025-12-08 12:27:40 | INFO | Verification: s049 - Verified=True, Confidence=0.975, Latency=4.0ms
2025-12-08 12:27:40 | INFO | Verification: s049 - Verified=True, Confidence=0.990, Latency=6.0ms
2025-12-08 12:27:40 | INFO | Verification: s049 - Verified=True, Confidence=0.933, Latency=12.1ms
2025-12-08 12:27:40 | INFO | Verification: s049 - Verified=True, Confidence=0.952, Latency=1.4ms
2025-12-08 12:27:40 | INFO | Verification: s049 - Verified=True, Confidence=0.973, Latency=2.0ms
2025-12-08 12:27:40 | INFO | Verification: s049 - Verified=True, Confidence=0.975, Latency=11.1ms
2025-12-08 12:27:40 | INFO | Verification: s049 - Verified=True, Confidence=0.902, Latency=4.0ms
2025-12-08 12:27:40 | INFO | Verification: s049 - Verified=True, Confidence=0.884, Latency=2.0ms
2025-12-08 12:27:40 | INFO | Verification: s049 - Verified=True, Confidence=0.964, Latency=2.1ms
2025-12-08 12:27:40 | INFO | Verification: s049 - Verified=True, Confidence=0.989, Latency=2.0ms
2025-12-08 12:27:40 | INFO | Verification: s049 - Verified=True, Confidence=0.971, Latency=1.5ms
2025-12-08 12:27:40 | INFO | Verification: s049 - Verified=True, Confidence=0.957, Latency=3.4ms
2025-12-08 12:27:40 | INFO | Verification: s049 - Verified=True, Confidence=0.921, Latency=10.8ms
2025-12-08 12:27:40 | INFO | Verification: s049 - Verified=True, Confidence=0.945, Latency=2.2ms
2025-12-08 12:27:40 | INFO | Verification: s049 - Verified=True, Confidence=0.963, Latency=1.5ms
2025-12-08 12:27:40 | INFO | Verification: s049 - Verified=True, Confidence=0.986, Latency=13.6ms
2025-12-08 12:27:40 | INFO | Verification: s049 - Verified=True, Confidence=0.982, Latency=2.0ms
2025-12-08 12:27:40 | INFO | Verification: s049 - Verified=True, Confidence=0.988, Latency=11.3ms
2025-12-08 12:27:40 | INFO | Verification: s049 - Verified=True, Confidence=0.998, Latency=2.0ms
2025-12-08 12:27:40 | INFO | Verification: s049 - Verified=True, Confidence=0.985, Latency=2.0ms
2025-12-08 12:27:40 | INFO | Verification: s049 - Verified=True, Confidence=0.903, Latency=1.1ms
2025-12-08 12:27:40 | INFO | Verification: s049 - Verified=False, Confidence=0.516, Latency=2.1ms
2025-12-08 12:27:40 | INFO | Verification: s049 - Verified=True, Confidence=0.816, Latency=12.3ms
2025-12-08 12:27:40 | INFO | Verification: s049 - Verified=False, Confidence=0.369, Latency=2.0ms
2025-12-08 12:27:40 | INFO | Verification: s049 - Verified=False, Confidence=0.311, Latency=9.6ms
2025-12-08 12:27:40 | INFO | Verification: s049 - Verified=False, Confidence=0.463, Latency=2.7ms
2025-12-08 12:27:40 | INFO | Verification: s049 - Verified=False, Confidence=0.000, Latency=2.3ms
2025-12-08 12:27:40 | INFO | Verification: s049 - Verified=False, Confidence=0.216, Latency=9.6ms
2025-12-08 12:27:40 | INFO | Verification: s049 - Verified=False, Confidence=0.000, Latency=2.2ms
2025-12-08 12:27:40 | INFO | Verification: s049 - Verified=False, Confidence=0.000, Latency=2.3ms
2025-12-08 12:27:40 | INFO | Verification: s049 - Verified=False, Confidence=0.000, Latency=2.1ms
2025-12-08 12:27:40 | INFO | Verification: s049 - Verified=True, Confidence=0.991, Latency=10.8ms
2025-12-08 12:27:40 | INFO | Verification: s049 - Verified=True, Confidence=0.910, Latency=1.3ms
2025-12-08 12:27:40 | INFO | Verification: s049 - Verified=True, Confidence=0.823, Latency=11.2ms
2025-12-08 12:27:40 | INFO | Verification: s049 - Verified=True, Confidence=0.867, Latency=2.0ms
2025-12-08 12:27:40 | INFO | Verification: s049 - Verified=True, Confidence=0.968, Latency=2.8ms
2025-12-08 12:27:40 | INFO | Verification: s049 - Verified=False, Confidence=0.380, Latency=10.6ms
2025-12-08 12:27:40 | INFO | Verification: s049 - Verified=False, Confidence=0.517, Latency=2.5ms
2025-12-08 12:27:40 | INFO | Verification: s049 - Verified=False, Confidence=0.621, Latency=2.0ms
2025-12-08 12:27:40 | INFO | Verification: s049 - Verified=False, Confidence=0.038, Latency=10.0ms
2025-12-08 12:27:40 | INFO | Verification: s049 - Verified=False, Confidence=0.000, Latency=1.0ms
2025-12-08 12:27:40 | INFO | Verification: s049 - Verified=False, Confidence=0.000, Latency=1.4ms
2025-12-08 12:27:40 | INFO | Verification: s049 - Verified=False, Confidence=0.000, Latency=2.5ms
2025-12-08 12:27:40 | INFO | Verification: s049 - Verified=False, Confidence=0.000, Latency=4.0ms
2025-12-08 12:27:40 | INFO | Verification: s049 - Verified=False, Confidence=0.000, Latency=2.2ms
2025-12-08 12:27:40 | INFO | Verification: s049 - Verified=False, Confidence=0.000, Latency=11.1ms
2025-12-08 12:27:40 | INFO | EER: 0.3180, Optimal Threshold: 0.9309
2025-12-08 12:27:41 | INFO | ROC curve saved: logs\roc_curve.png
2025-12-08 12:27:41 | INFO | Evaluating anomaly detection...
2025-12-08 12:27:41 | INFO | Fitting anomaly detector on 100 samples
2025-12-08 12:27:41 | INFO | Anomaly detector fitted successfully
2025-12-08 12:27:41 | INFO | Anomaly Report: 7/100 anomalies (7.0%)
2025-12-08 12:27:41 | INFO | Anomaly Detection Report: {'total_samples': 100, 'anomaly_count': 7, 'normal_count': 93, 'anomaly_rate': 0.07, 'mean_score': 0.5222914006157423, 'min_score': 0.0, 'max_score': 0.9999999337657721, 'std_score': 0.19672073464248455}
2025-12-08 12:27:41 | INFO | Test report saved: logs\test_report.txt
2025-12-08 12:27:41 | INFO | Comprehensive testing completed!
2025-12-08 12:27:41 | INFO | Testing script completed successfully!
