2025-12-08 09:15:10 | INFO | ================================================================================
2025-12-08 09:15:10 | INFO | KEYSTROKE DYNAMICS - ZERO TRUST TELEHEALTH PLATFORM
2025-12-08 09:15:10 | INFO | ================================================================================
2025-12-08 09:15:10 | INFO | Starting training pipeline...
2025-12-08 09:15:11 | INFO | Loading configuration from: config.yaml
2025-12-08 09:15:11 | INFO | Configuration loaded successfully
2025-12-08 09:15:11 | INFO | Using device: cpu
2025-12-08 09:15:11 | INFO | KeystrokePreprocessor initialized
2025-12-08 09:15:11 | INFO | Loading dataset...
2025-12-08 09:15:11 | INFO | Loading DSL dataset from: Dataset\DSL-StrongPasswordData-Original_Dataset.xls
2025-12-08 09:15:13 | INFO | Loaded dataset: 20400 samples, 34 features
2025-12-08 09:15:13 | INFO | Subjects: 51
2025-12-08 09:15:13 | INFO | Splitting dataset by subject...
2025-12-08 09:15:13 | INFO | Split: Train=12000 (30 subjects), Val=4000 (10 subjects), Test=4400 (11 subjects)
2025-12-08 09:15:13 | INFO | Preprocessing training data...
2025-12-08 09:15:13 | INFO | Running preprocessing pipeline...
2025-12-08 09:15:13 | INFO | Extracting timing features...
2025-12-08 09:15:13 | INFO | Extracted 31 timing features
2025-12-08 09:15:13 | INFO | Feature types: 11 hold, 10 DD, 10 UD
2025-12-08 09:15:13 | INFO | Handling outliers...
2025-12-08 09:15:13 | INFO | Clipped 5246 outlier values
2025-12-08 09:15:13 | INFO | Computing statistical features...
2025-12-08 09:15:13 | INFO | Added 7 statistical features
2025-12-08 09:15:13 | INFO | Fitting scaler on training data...
2025-12-08 09:15:13 | INFO | Augmenting data with factor 2...
2025-12-08 09:15:13 | INFO | Augmented dataset: 12000 -> 24000 samples
2025-12-08 09:15:13 | INFO | Preprocessing complete: torch.Size([24000, 38])
2025-12-08 09:15:13 | INFO | Preprocessing validation data...
2025-12-08 09:15:13 | INFO | Running preprocessing pipeline...
2025-12-08 09:15:13 | INFO | Extracting timing features...
2025-12-08 09:15:13 | INFO | Extracted 31 timing features
2025-12-08 09:15:13 | INFO | Feature types: 11 hold, 10 DD, 10 UD
2025-12-08 09:15:13 | INFO | Handling outliers...
2025-12-08 09:15:13 | INFO | Clipped 1393 outlier values
2025-12-08 09:15:13 | INFO | Computing statistical features...
2025-12-08 09:15:13 | INFO | Added 7 statistical features
2025-12-08 09:15:13 | INFO | Preprocessing complete: torch.Size([4000, 38])
2025-12-08 09:15:13 | INFO | Preprocessing test data...
2025-12-08 09:15:13 | INFO | Running preprocessing pipeline...
2025-12-08 09:15:13 | INFO | Extracting timing features...
2025-12-08 09:15:13 | INFO | Extracted 31 timing features
2025-12-08 09:15:13 | INFO | Feature types: 11 hold, 10 DD, 10 UD
2025-12-08 09:15:13 | INFO | Handling outliers...
2025-12-08 09:15:13 | INFO | Clipped 1910 outlier values
2025-12-08 09:15:13 | INFO | Computing statistical features...
2025-12-08 09:15:13 | INFO | Added 7 statistical features
2025-12-08 09:15:13 | INFO | Preprocessing complete: torch.Size([4400, 38])
2025-12-08 09:15:13 | INFO | Data loaded: Train=24000, Val=4000, Test=4400
2025-12-08 09:15:13 | INFO | Building model...
2025-12-08 09:15:13 | INFO | KeystrokeEmbeddingModel initialized: 38 -> 128
2025-12-08 09:15:13 | INFO | Architecture: [256, 512, 256, 128]
2025-12-08 09:15:16 | INFO | Model built with 324608 parameters
2025-12-08 09:15:16 | INFO | Starting training...
2025-12-08 09:15:50 | INFO | Epoch 1/100 - Train Loss: 0.1918, Val Loss: 0.0065
2025-12-08 09:15:53 | INFO | New best model saved! Val Loss: 0.0065
2025-12-08 09:16:36 | INFO | Epoch 2/100 - Train Loss: 0.1295, Val Loss: 0.0117
2025-12-08 09:17:08 | INFO | Epoch 3/100 - Train Loss: 0.1150, Val Loss: 0.0086
2025-12-08 09:17:45 | INFO | Epoch 4/100 - Train Loss: 0.1035, Val Loss: 0.0090
2025-12-08 09:18:26 | INFO | Epoch 5/100 - Train Loss: 0.0992, Val Loss: 0.0108
2025-12-08 09:18:55 | INFO | Epoch 6/100 - Train Loss: 0.0928, Val Loss: 0.0077
2025-12-08 09:19:24 | INFO | Epoch 7/100 - Train Loss: 0.0928, Val Loss: 0.0073
2025-12-08 09:20:05 | INFO | Epoch 8/100 - Train Loss: 0.0921, Val Loss: 0.0095
2025-12-08 09:20:34 | INFO | Epoch 9/100 - Train Loss: 0.0862, Val Loss: 0.0090
2025-12-08 09:21:04 | INFO | Epoch 10/100 - Train Loss: 0.0827, Val Loss: 0.0077
2025-12-08 09:21:37 | INFO | Epoch 11/100 - Train Loss: 0.0790, Val Loss: 0.0078
2025-12-08 09:22:06 | INFO | Epoch 12/100 - Train Loss: 0.0812, Val Loss: 0.0074
2025-12-08 09:22:35 | INFO | Epoch 13/100 - Train Loss: 0.0767, Val Loss: 0.0074
2025-12-08 09:23:05 | INFO | Epoch 14/100 - Train Loss: 0.0737, Val Loss: 0.0078
2025-12-08 09:23:36 | INFO | Epoch 15/100 - Train Loss: 0.0730, Val Loss: 0.0068
2025-12-08 09:24:05 | INFO | Epoch 16/100 - Train Loss: 0.0740, Val Loss: 0.0076
2025-12-08 09:24:05 | INFO | Early stopping triggered after 16 epochs
2025-12-08 09:24:05 | INFO | Training completed!
2025-12-08 09:24:06 | INFO | Training history plot saved: logs\training_history.png
2025-12-08 09:24:06 | INFO | Training script completed successfully!
