2025-12-08 11:44:47 | INFO | ================================================================================
2025-12-08 11:44:47 | INFO | KEYSTROKE DYNAMICS - ZERO TRUST TELEHEALTH PLATFORM
2025-12-08 11:44:47 | INFO | ================================================================================
2025-12-08 11:44:47 | INFO | Starting training pipeline...
2025-12-08 11:44:47 | INFO | Loading configuration from: config.yaml
2025-12-08 11:44:47 | INFO | Configuration loaded successfully
2025-12-08 11:44:47 | INFO | Using device: cpu
2025-12-08 11:44:47 | INFO | KeystrokePreprocessor initialized
2025-12-08 11:44:47 | INFO | Loading dataset...
2025-12-08 11:44:47 | INFO | Loading DSL dataset from: Dataset\DSL-StrongPasswordData-Original_Dataset.xls
2025-12-08 11:44:49 | INFO | Loaded dataset: 20400 samples, 34 features
2025-12-08 11:44:49 | INFO | Subjects: 51
2025-12-08 11:44:49 | INFO | Splitting dataset by subject...
2025-12-08 11:44:49 | INFO | Split: Train=12000 (30 subjects), Val=4000 (10 subjects), Test=4400 (11 subjects)
2025-12-08 11:44:49 | INFO | Preprocessing training data...
2025-12-08 11:44:49 | INFO | Running preprocessing pipeline...
2025-12-08 11:44:49 | INFO | Extracting timing features...
2025-12-08 11:44:49 | INFO | Extracted 31 timing features
2025-12-08 11:44:49 | INFO | Feature types: 11 hold, 10 DD, 10 UD
2025-12-08 11:44:49 | INFO | Handling outliers...
2025-12-08 11:44:49 | INFO | Clipped 4478 outlier values
2025-12-08 11:44:49 | INFO | Computing statistical features...
2025-12-08 11:44:49 | INFO | Added 7 statistical features
2025-12-08 11:44:49 | INFO | Fitting scaler on training data...
2025-12-08 11:44:49 | INFO | Augmenting data with factor 2...
2025-12-08 11:44:49 | INFO | Augmented dataset: 12000 -> 24000 samples
2025-12-08 11:44:49 | INFO | Preprocessing complete: torch.Size([24000, 38])
2025-12-08 11:44:49 | INFO | Preprocessing validation data...
2025-12-08 11:44:49 | INFO | Running preprocessing pipeline...
2025-12-08 11:44:49 | INFO | Extracting timing features...
2025-12-08 11:44:49 | INFO | Extracted 31 timing features
2025-12-08 11:44:49 | INFO | Feature types: 11 hold, 10 DD, 10 UD
2025-12-08 11:44:49 | INFO | Handling outliers...
2025-12-08 11:44:49 | INFO | Clipped 1851 outlier values
2025-12-08 11:44:49 | INFO | Computing statistical features...
2025-12-08 11:44:49 | INFO | Added 7 statistical features
2025-12-08 11:44:49 | INFO | Preprocessing complete: torch.Size([4000, 38])
2025-12-08 11:44:49 | INFO | Preprocessing test data...
2025-12-08 11:44:49 | INFO | Running preprocessing pipeline...
2025-12-08 11:44:49 | INFO | Extracting timing features...
2025-12-08 11:44:49 | INFO | Extracted 31 timing features
2025-12-08 11:44:49 | INFO | Feature types: 11 hold, 10 DD, 10 UD
2025-12-08 11:44:49 | INFO | Handling outliers...
2025-12-08 11:44:49 | INFO | Clipped 1857 outlier values
2025-12-08 11:44:49 | INFO | Computing statistical features...
2025-12-08 11:44:49 | INFO | Added 7 statistical features
2025-12-08 11:44:49 | INFO | Preprocessing complete: torch.Size([4400, 38])
2025-12-08 11:44:49 | INFO | Data loaded: Train=24000, Val=4000, Test=4400
2025-12-08 11:44:49 | INFO | Building model...
2025-12-08 11:44:49 | INFO | KeystrokeEmbeddingModel initialized: 38 -> 128
2025-12-08 11:44:49 | INFO | Architecture: [256, 512, 256, 128]
2025-12-08 11:44:50 | INFO | Model built with 324608 parameters
2025-12-08 11:44:50 | INFO | Starting training...
2025-12-08 11:45:11 | INFO | Epoch 1/100 - Train Loss: 0.1065, Val Loss: 0.0056
2025-12-08 11:45:11 | INFO | New best model saved! Val Loss: 0.0056
2025-12-08 11:45:33 | INFO | Epoch 2/100 - Train Loss: 0.0714, Val Loss: 0.0042
2025-12-08 11:45:33 | INFO | New best model saved! Val Loss: 0.0042
2025-12-08 11:45:54 | INFO | Epoch 3/100 - Train Loss: 0.0607, Val Loss: 0.0057
2025-12-08 11:46:17 | INFO | Epoch 4/100 - Train Loss: 0.0577, Val Loss: 0.0048
2025-12-08 11:46:45 | INFO | Epoch 5/100 - Train Loss: 0.0549, Val Loss: 0.0061
2025-12-08 11:47:13 | INFO | Epoch 6/100 - Train Loss: 0.0516, Val Loss: 0.0074
2025-12-08 11:47:43 | INFO | Epoch 7/100 - Train Loss: 0.0504, Val Loss: 0.0063
2025-12-08 11:48:10 | INFO | Epoch 8/100 - Train Loss: 0.0472, Val Loss: 0.0067
2025-12-08 11:48:38 | INFO | Epoch 9/100 - Train Loss: 0.0469, Val Loss: 0.0052
2025-12-08 11:49:06 | INFO | Epoch 10/100 - Train Loss: 0.0441, Val Loss: 0.0072
2025-12-08 11:49:32 | INFO | Epoch 11/100 - Train Loss: 0.0431, Val Loss: 0.0057
2025-12-08 11:49:59 | INFO | Epoch 12/100 - Train Loss: 0.0431, Val Loss: 0.0083
2025-12-08 11:50:26 | INFO | Epoch 13/100 - Train Loss: 0.0409, Val Loss: 0.0061
2025-12-08 11:50:55 | INFO | Epoch 14/100 - Train Loss: 0.0408, Val Loss: 0.0065
2025-12-08 11:51:26 | INFO | Epoch 15/100 - Train Loss: 0.0410, Val Loss: 0.0051
2025-12-08 11:51:55 | INFO | Epoch 16/100 - Train Loss: 0.0397, Val Loss: 0.0057
2025-12-08 11:52:23 | INFO | Epoch 17/100 - Train Loss: 0.0381, Val Loss: 0.0045
2025-12-08 11:52:52 | INFO | Epoch 18/100 - Train Loss: 0.0377, Val Loss: 0.0064
2025-12-08 11:53:20 | INFO | Epoch 19/100 - Train Loss: 0.0386, Val Loss: 0.0060
2025-12-08 11:53:48 | INFO | Epoch 20/100 - Train Loss: 0.0357, Val Loss: 0.0069
2025-12-08 11:54:18 | INFO | Epoch 21/100 - Train Loss: 0.0352, Val Loss: 0.0085
2025-12-08 11:54:47 | INFO | Epoch 22/100 - Train Loss: 0.0385, Val Loss: 0.0059
2025-12-08 11:55:16 | INFO | Epoch 23/100 - Train Loss: 0.0343, Val Loss: 0.0062
2025-12-08 11:55:47 | INFO | Epoch 24/100 - Train Loss: 0.0348, Val Loss: 0.0054
2025-12-08 11:56:24 | INFO | Epoch 25/100 - Train Loss: 0.0349, Val Loss: 0.0060
2025-12-08 11:57:15 | INFO | Epoch 26/100 - Train Loss: 0.0313, Val Loss: 0.0057
2025-12-08 11:57:50 | INFO | Epoch 27/100 - Train Loss: 0.0359, Val Loss: 0.0067
2025-12-08 11:58:26 | INFO | Epoch 28/100 - Train Loss: 0.0332, Val Loss: 0.0046
2025-12-08 11:59:02 | INFO | Epoch 29/100 - Train Loss: 0.0339, Val Loss: 0.0071
2025-12-08 11:59:39 | INFO | Epoch 30/100 - Train Loss: 0.0345, Val Loss: 0.0059
2025-12-08 12:00:16 | INFO | Epoch 31/100 - Train Loss: 0.0333, Val Loss: 0.0055
2025-12-08 12:00:51 | INFO | Epoch 32/100 - Train Loss: 0.0333, Val Loss: 0.0058
2025-12-08 12:00:51 | INFO | Early stopping triggered after 32 epochs
2025-12-08 12:00:51 | INFO | Training completed!
2025-12-08 12:00:52 | INFO | Training history plot saved: logs\training_history.png
2025-12-08 12:00:52 | INFO | Training script completed successfully!
