2025-12-08 08:41:53 | INFO | ================================================================================
2025-12-08 08:41:53 | INFO | KEYSTROKE DYNAMICS - ZERO TRUST TELEHEALTH PLATFORM
2025-12-08 08:41:53 | INFO | ================================================================================
2025-12-08 08:41:53 | INFO | Starting training pipeline...
2025-12-08 08:41:55 | INFO | Loading configuration from: config.yaml
2025-12-08 08:41:55 | INFO | Configuration loaded successfully
2025-12-08 08:41:55 | INFO | Using device: cpu
2025-12-08 08:41:55 | INFO | KeystrokePreprocessor initialized
2025-12-08 08:41:55 | INFO | Loading dataset...
2025-12-08 08:41:55 | INFO | Loading DSL dataset from: Dataset\DSL-StrongPasswordData-Original_Dataset.xls
2025-12-08 08:41:58 | INFO | Loaded dataset: 20400 samples, 34 features
2025-12-08 08:41:58 | INFO | Subjects: 51
2025-12-08 08:41:58 | INFO | Splitting dataset by subject...
2025-12-08 08:41:58 | INFO | Split: Train=12000 (30 subjects), Val=4000 (10 subjects), Test=4400 (11 subjects)
2025-12-08 08:41:58 | INFO | Preprocessing training data...
2025-12-08 08:41:58 | INFO | Running preprocessing pipeline...
2025-12-08 08:41:58 | INFO | Extracting timing features...
2025-12-08 08:41:58 | INFO | Extracted 31 timing features
2025-12-08 08:41:58 | INFO | Feature types: 11 hold, 10 DD, 10 UD
2025-12-08 08:41:58 | INFO | Handling outliers...
2025-12-08 08:41:58 | INFO | Clipped 4642 outlier values
2025-12-08 08:41:58 | INFO | Computing statistical features...
2025-12-08 08:41:58 | INFO | Added 7 statistical features
2025-12-08 08:41:58 | INFO | Fitting scaler on training data...
2025-12-08 08:41:58 | INFO | Augmenting data with factor 2...
2025-12-08 08:41:58 | INFO | Augmented dataset: 12000 -> 24000 samples
2025-12-08 08:41:58 | INFO | Preprocessing complete: torch.Size([24000, 38])
2025-12-08 08:41:58 | INFO | Preprocessing validation data...
2025-12-08 08:41:58 | INFO | Running preprocessing pipeline...
2025-12-08 08:41:58 | INFO | Extracting timing features...
2025-12-08 08:41:58 | INFO | Extracted 31 timing features
2025-12-08 08:41:58 | INFO | Feature types: 11 hold, 10 DD, 10 UD
2025-12-08 08:41:58 | INFO | Handling outliers...
2025-12-08 08:41:58 | INFO | Clipped 1716 outlier values
2025-12-08 08:41:58 | INFO | Computing statistical features...
2025-12-08 08:41:58 | INFO | Added 7 statistical features
2025-12-08 08:41:58 | INFO | Preprocessing complete: torch.Size([4000, 38])
2025-12-08 08:41:58 | INFO | Preprocessing test data...
2025-12-08 08:41:58 | INFO | Running preprocessing pipeline...
2025-12-08 08:41:58 | INFO | Extracting timing features...
2025-12-08 08:41:58 | INFO | Extracted 31 timing features
2025-12-08 08:41:58 | INFO | Feature types: 11 hold, 10 DD, 10 UD
2025-12-08 08:41:58 | INFO | Handling outliers...
2025-12-08 08:41:58 | INFO | Clipped 1747 outlier values
2025-12-08 08:41:58 | INFO | Computing statistical features...
2025-12-08 08:41:58 | INFO | Added 7 statistical features
2025-12-08 08:41:58 | INFO | Preprocessing complete: torch.Size([4400, 38])
2025-12-08 08:41:58 | INFO | Data loaded: Train=24000, Val=4000, Test=4400
2025-12-08 08:41:58 | INFO | Building model...
2025-12-08 08:41:58 | INFO | KeystrokeEmbeddingModel initialized: 38 -> 128
2025-12-08 08:41:58 | INFO | Architecture: [256, 512, 256, 128]
2025-12-08 08:42:00 | INFO | Model built with 324608 parameters
2025-12-08 08:42:00 | INFO | Starting training...
