2025-12-08 13:45:52 | INFO | ================================================================================
2025-12-08 13:45:52 | INFO | KEYSTROKE DYNAMICS - ZERO TRUST TELEHEALTH PLATFORM
2025-12-08 13:45:52 | INFO | ================================================================================
2025-12-08 13:45:52 | INFO | Starting testing pipeline...
2025-12-08 13:45:53 | INFO | Loading configuration from: config.yaml
2025-12-08 13:45:53 | INFO | Configuration loaded successfully
2025-12-08 13:45:53 | INFO | Using device: cpu
2025-12-08 13:45:53 | INFO | KeystrokePreprocessor initialized
2025-12-08 13:45:53 | INFO | AnomalyDetector initialized with method: isolation_forest
2025-12-08 13:45:53 | INFO | Loading model from: models/checkpoints\best_model.pth
2025-12-08 13:45:53 | INFO | Running comprehensive tests...
2025-12-08 13:45:53 | INFO | Loading test dataset...
2025-12-08 13:45:53 | INFO | Loading DSL dataset from: Dataset\DSL-StrongPasswordData-Original_Dataset.xls
2025-12-08 13:45:56 | INFO | Loaded dataset: 20400 samples, 34 features
2025-12-08 13:45:56 | INFO | Subjects: 51
2025-12-08 13:45:56 | INFO | Splitting dataset by subject...
2025-12-08 13:45:56 | INFO | Split: Train=12000 (30 subjects), Val=4000 (10 subjects), Test=4400 (11 subjects)
2025-12-08 13:45:56 | INFO | Running preprocessing pipeline...
2025-12-08 13:45:56 | INFO | Extracting timing features...
2025-12-08 13:45:56 | INFO | Extracted 31 timing features
2025-12-08 13:45:56 | INFO | Feature types: 11 hold, 10 DD, 10 UD
2025-12-08 13:45:56 | INFO | Handling outliers...
2025-12-08 13:45:56 | INFO | Clipped 1744 outlier values
2025-12-08 13:45:56 | INFO | Computing statistical features...
2025-12-08 13:45:56 | INFO | Added 7 statistical features
2025-12-08 13:45:56 | WARNING | Scaler not fitted, fitting now...
2025-12-08 13:45:56 | INFO | Preprocessing complete: torch.Size([4400, 38])
2025-12-08 13:45:56 | INFO | Test data loaded: torch.Size([4400, 38])
2025-12-08 13:45:56 | INFO | KeystrokeEmbeddingModel initialized: 38 -> 128
2025-12-08 13:45:56 | INFO | Architecture: [256, 512, 256, 128]
