2025-12-08 12:28:43 | INFO | ================================================================================
2025-12-08 12:28:43 | INFO | KEYSTROKE DYNAMICS - ZERO TRUST TELEHEALTH PLATFORM
2025-12-08 12:28:43 | INFO | ================================================================================
2025-12-08 12:28:43 | INFO | Starting testing pipeline...
2025-12-08 12:28:44 | INFO | Loading configuration from: config.yaml
2025-12-08 12:28:44 | INFO | Configuration loaded successfully
2025-12-08 12:28:44 | INFO | Using device: cpu
2025-12-08 12:28:44 | INFO | KeystrokePreprocessor initialized
2025-12-08 12:28:44 | INFO | AnomalyDetector initialized with method: isolation_forest
2025-12-08 12:28:44 | INFO | Loading model from: models/checkpoints\best_model.pth
2025-12-08 12:28:44 | INFO | Running comprehensive tests...
2025-12-08 12:28:44 | INFO | Loading test dataset...
2025-12-08 12:28:44 | INFO | Loading DSL dataset from: Dataset\DSL-StrongPasswordData-Original_Dataset.xls
2025-12-08 12:28:46 | INFO | Loaded dataset: 20400 samples, 34 features
2025-12-08 12:28:46 | INFO | Subjects: 51
2025-12-08 12:28:46 | INFO | Splitting dataset by subject...
2025-12-08 12:28:46 | INFO | Split: Train=12000 (30 subjects), Val=4000 (10 subjects), Test=4400 (11 subjects)
2025-12-08 12:28:46 | INFO | Running preprocessing pipeline...
2025-12-08 12:28:46 | INFO | Extracting timing features...
2025-12-08 12:28:46 | INFO | Extracted 31 timing features
2025-12-08 12:28:46 | INFO | Feature types: 11 hold, 10 DD, 10 UD
2025-12-08 12:28:46 | INFO | Handling outliers...
2025-12-08 12:28:46 | INFO | Clipped 1847 outlier values
2025-12-08 12:28:46 | INFO | Computing statistical features...
2025-12-08 12:28:46 | INFO | Added 7 statistical features
2025-12-08 12:28:46 | WARNING | Scaler not fitted, fitting now...
2025-12-08 12:28:46 | INFO | Preprocessing complete: torch.Size([4400, 38])
2025-12-08 12:28:46 | INFO | Test data loaded: torch.Size([4400, 38])
2025-12-08 12:28:46 | INFO | KeystrokeEmbeddingModel initialized: 38 -> 128
2025-12-08 12:28:46 | INFO | Architecture: [256, 512, 256, 128]
2025-12-08 12:28:46 | INFO | Model loaded successfully
2025-12-08 12:28:46 | INFO | Evaluating verification performance...
2025-12-08 12:28:46 | INFO | KeystrokeVerifier initialized
2025-12-08 12:28:46 | INFO | Adaptive threshold: False
2025-12-08 12:28:46 | INFO | Enrolling user: s002
2025-12-08 12:28:46 | INFO | User s002 enrolled successfully with 50 samples
2025-12-08 12:28:46 | INFO | Verification: s002 - Verified=False, Confidence=0.856, Latency=8.0ms
2025-12-08 12:28:46 | INFO | Verification: s002 - Verified=False, Confidence=0.708, Latency=2.0ms
2025-12-08 12:28:46 | INFO | Verification: s002 - Verified=False, Confidence=0.895, Latency=2.0ms
2025-12-08 12:28:46 | INFO | Verification: s002 - Verified=False, Confidence=0.922, Latency=7.0ms
2025-12-08 12:28:46 | INFO | Verification: s002 - Verified=False, Confidence=0.822, Latency=3.0ms
2025-12-08 12:28:46 | INFO | Verification: s002 - Verified=False, Confidence=0.912, Latency=2.0ms
2025-12-08 12:28:46 | INFO | Verification: s002 - Verified=False, Confidence=0.791, Latency=3.0ms
2025-12-08 12:28:46 | INFO | Verification: s002 - Verified=True, Confidence=0.949, Latency=9.0ms
2025-12-08 12:28:46 | INFO | Verification: s002 - Verified=False, Confidence=0.851, Latency=3.0ms
2025-12-08 12:28:46 | INFO | Verification: s002 - Verified=True, Confidence=0.942, Latency=2.0ms
2025-12-08 12:28:46 | INFO | Verification: s002 - Verified=True, Confidence=0.949, Latency=1.3ms
2025-12-08 12:28:46 | INFO | Verification: s002 - Verified=False, Confidence=0.900, Latency=7.0ms
2025-12-08 12:28:46 | INFO | Verification: s002 - Verified=False, Confidence=0.915, Latency=3.0ms
2025-12-08 12:28:46 | INFO | Verification: s002 - Verified=False, Confidence=0.869, Latency=2.0ms
2025-12-08 12:28:46 | INFO | Verification: s002 - Verified=False, Confidence=0.914, Latency=3.1ms
2025-12-08 12:28:47 | INFO | Verification: s002 - Verified=False, Confidence=0.799, Latency=7.3ms
2025-12-08 12:28:47 | INFO | Verification: s002 - Verified=False, Confidence=0.917, Latency=3.0ms
2025-12-08 12:28:47 | INFO | Verification: s002 - Verified=False, Confidence=0.864, Latency=2.2ms
2025-12-08 12:28:47 | INFO | Verification: s002 - Verified=False, Confidence=0.890, Latency=7.1ms
2025-12-08 12:28:47 | INFO | Verification: s002 - Verified=True, Confidence=0.945, Latency=4.0ms
2025-12-08 12:28:47 | INFO | Verification: s002 - Verified=False, Confidence=0.901, Latency=4.0ms
2025-12-08 12:28:47 | INFO | Verification: s002 - Verified=False, Confidence=0.786, Latency=3.0ms
2025-12-08 12:28:47 | INFO | Verification: s002 - Verified=False, Confidence=0.887, Latency=4.0ms
2025-12-08 12:28:47 | INFO | Verification: s002 - Verified=False, Confidence=0.855, Latency=3.0ms
2025-12-08 12:28:47 | INFO | Verification: s002 - Verified=False, Confidence=0.762, Latency=3.0ms
2025-12-08 12:28:47 | INFO | Verification: s002 - Verified=False, Confidence=0.573, Latency=6.0ms
2025-12-08 12:28:47 | INFO | Verification: s002 - Verified=False, Confidence=0.362, Latency=4.0ms
2025-12-08 12:28:47 | INFO | Verification: s002 - Verified=False, Confidence=0.808, Latency=9.0ms
2025-12-08 12:28:47 | INFO | Verification: s002 - Verified=False, Confidence=0.695, Latency=3.4ms
2025-12-08 12:28:47 | INFO | Verification: s002 - Verified=False, Confidence=0.000, Latency=2.0ms
2025-12-08 12:28:47 | INFO | Verification: s002 - Verified=False, Confidence=0.728, Latency=4.0ms
2025-12-08 12:28:47 | INFO | Verification: s002 - Verified=False, Confidence=0.657, Latency=3.0ms
2025-12-08 12:28:47 | INFO | Verification: s002 - Verified=False, Confidence=0.559, Latency=3.5ms
2025-12-08 12:28:47 | INFO | Verification: s002 - Verified=False, Confidence=0.340, Latency=3.4ms
2025-12-08 12:28:47 | INFO | Verification: s002 - Verified=False, Confidence=0.539, Latency=4.0ms
2025-12-08 12:28:47 | INFO | Verification: s002 - Verified=False, Confidence=0.104, Latency=2.0ms
2025-12-08 12:28:47 | INFO | Verification: s002 - Verified=False, Confidence=0.106, Latency=6.7ms
2025-12-08 12:28:47 | INFO | Verification: s002 - Verified=False, Confidence=0.000, Latency=5.0ms
2025-12-08 12:28:47 | INFO | Verification: s002 - Verified=False, Confidence=0.746, Latency=2.0ms
2025-12-08 12:28:47 | INFO | Verification: s002 - Verified=False, Confidence=0.529, Latency=4.5ms
2025-12-08 12:28:47 | INFO | Verification: s002 - Verified=False, Confidence=0.078, Latency=5.0ms
2025-12-08 12:28:47 | INFO | Verification: s002 - Verified=False, Confidence=0.141, Latency=2.0ms
2025-12-08 12:28:47 | INFO | Verification: s002 - Verified=False, Confidence=0.000, Latency=3.0ms
2025-12-08 12:28:47 | INFO | Verification: s002 - Verified=False, Confidence=0.255, Latency=4.0ms
2025-12-08 12:28:47 | INFO | Verification: s002 - Verified=False, Confidence=0.000, Latency=3.1ms
2025-12-08 12:28:47 | INFO | Verification: s002 - Verified=False, Confidence=0.754, Latency=2.0ms
2025-12-08 12:28:47 | INFO | Verification: s002 - Verified=False, Confidence=0.771, Latency=5.2ms
2025-12-08 12:28:47 | INFO | Verification: s002 - Verified=False, Confidence=0.844, Latency=4.2ms
2025-12-08 12:28:47 | INFO | Verification: s002 - Verified=False, Confidence=0.896, Latency=3.0ms
2025-12-08 12:28:47 | INFO | Verification: s002 - Verified=False, Confidence=0.678, Latency=3.2ms
2025-12-08 12:28:47 | INFO | Enrolling user: s010
2025-12-08 12:28:47 | INFO | User s010 enrolled successfully with 50 samples
2025-12-08 12:28:47 | INFO | Verification: s010 - Verified=False, Confidence=0.394, Latency=2.0ms
2025-12-08 12:28:47 | INFO | Verification: s010 - Verified=True, Confidence=0.992, Latency=3.0ms
2025-12-08 12:28:47 | INFO | Verification: s010 - Verified=True, Confidence=0.963, Latency=2.4ms
2025-12-08 12:28:47 | INFO | Verification: s010 - Verified=False, Confidence=0.852, Latency=6.4ms
2025-12-08 12:28:47 | INFO | Verification: s010 - Verified=True, Confidence=0.959, Latency=2.0ms
2025-12-08 12:28:47 | INFO | Verification: s010 - Verified=True, Confidence=0.978, Latency=3.0ms
2025-12-08 12:28:47 | INFO | Verification: s010 - Verified=True, Confidence=0.977, Latency=5.0ms
2025-12-08 12:28:47 | INFO | Verification: s010 - Verified=True, Confidence=0.930, Latency=2.0ms
2025-12-08 12:28:47 | INFO | Verification: s010 - Verified=True, Confidence=0.960, Latency=1.0ms
2025-12-08 12:28:47 | INFO | Verification: s010 - Verified=True, Confidence=0.980, Latency=3.0ms
2025-12-08 12:28:47 | INFO | Verification: s010 - Verified=True, Confidence=0.960, Latency=6.0ms
2025-12-08 12:28:47 | INFO | Verification: s010 - Verified=False, Confidence=0.928, Latency=3.0ms
2025-12-08 12:28:47 | INFO | Verification: s010 - Verified=True, Confidence=0.985, Latency=2.0ms
2025-12-08 12:28:47 | INFO | Verification: s010 - Verified=True, Confidence=0.969, Latency=4.0ms
2025-12-08 12:28:47 | INFO | Verification: s010 - Verified=True, Confidence=0.962, Latency=3.0ms
2025-12-08 12:28:47 | INFO | Verification: s010 - Verified=True, Confidence=0.972, Latency=2.0ms
2025-12-08 12:28:47 | INFO | Verification: s010 - Verified=True, Confidence=0.958, Latency=5.0ms
2025-12-08 12:28:47 | INFO | Verification: s010 - Verified=True, Confidence=0.970, Latency=3.0ms
2025-12-08 12:28:47 | INFO | Verification: s010 - Verified=True, Confidence=0.980, Latency=3.0ms
2025-12-08 12:28:47 | INFO | Verification: s010 - Verified=True, Confidence=0.952, Latency=3.2ms
2025-12-08 12:28:47 | INFO | Verification: s010 - Verified=True, Confidence=0.994, Latency=7.0ms
2025-12-08 12:28:47 | INFO | Verification: s010 - Verified=True, Confidence=0.969, Latency=3.0ms
2025-12-08 12:28:47 | INFO | Verification: s010 - Verified=True, Confidence=0.970, Latency=1.3ms
2025-12-08 12:28:47 | INFO | Verification: s010 - Verified=True, Confidence=0.962, Latency=3.4ms
2025-12-08 12:28:47 | INFO | Verification: s010 - Verified=False, Confidence=0.830, Latency=5.0ms
2025-12-08 12:28:47 | INFO | Verification: s010 - Verified=False, Confidence=0.000, Latency=2.0ms
2025-12-08 12:28:47 | INFO | Verification: s010 - Verified=False, Confidence=0.016, Latency=2.0ms
2025-12-08 12:28:47 | INFO | Verification: s010 - Verified=False, Confidence=0.000, Latency=6.1ms
2025-12-08 12:28:47 | INFO | Verification: s010 - Verified=False, Confidence=0.000, Latency=3.2ms
2025-12-08 12:28:47 | INFO | Verification: s010 - Verified=False, Confidence=0.009, Latency=2.0ms
2025-12-08 12:28:47 | INFO | Verification: s010 - Verified=False, Confidence=0.000, Latency=6.0ms
2025-12-08 12:28:47 | INFO | Verification: s010 - Verified=False, Confidence=0.000, Latency=2.0ms
2025-12-08 12:28:47 | INFO | Verification: s010 - Verified=False, Confidence=0.000, Latency=2.6ms
2025-12-08 12:28:47 | INFO | Verification: s010 - Verified=False, Confidence=0.000, Latency=2.0ms
2025-12-08 12:28:47 | INFO | Verification: s010 - Verified=False, Confidence=0.000, Latency=6.0ms
2025-12-08 12:28:47 | INFO | Verification: s010 - Verified=True, Confidence=0.947, Latency=4.0ms
2025-12-08 12:28:47 | INFO | Verification: s010 - Verified=False, Confidence=0.719, Latency=2.5ms
2025-12-08 12:28:47 | INFO | Verification: s010 - Verified=False, Confidence=0.344, Latency=6.2ms
2025-12-08 12:28:47 | INFO | Verification: s010 - Verified=False, Confidence=0.000, Latency=4.5ms
2025-12-08 12:28:47 | INFO | Verification: s010 - Verified=False, Confidence=0.718, Latency=2.1ms
2025-12-08 12:28:47 | INFO | Verification: s010 - Verified=False, Confidence=0.810, Latency=1.0ms
2025-12-08 12:28:47 | INFO | Verification: s010 - Verified=False, Confidence=0.520, Latency=7.4ms
2025-12-08 12:28:47 | INFO | Verification: s010 - Verified=False, Confidence=0.866, Latency=3.2ms
2025-12-08 12:28:47 | INFO | Verification: s010 - Verified=False, Confidence=0.569, Latency=2.0ms
2025-12-08 12:28:47 | INFO | Verification: s010 - Verified=False, Confidence=0.458, Latency=1.3ms
2025-12-08 12:28:47 | INFO | Verification: s010 - Verified=False, Confidence=0.458, Latency=6.0ms
2025-12-08 12:28:47 | INFO | Verification: s010 - Verified=False, Confidence=0.017, Latency=3.0ms
2025-12-08 12:28:47 | INFO | Verification: s010 - Verified=False, Confidence=0.127, Latency=2.4ms
2025-12-08 12:28:47 | INFO | Verification: s010 - Verified=False, Confidence=0.198, Latency=5.0ms
2025-12-08 12:28:47 | INFO | Verification: s010 - Verified=False, Confidence=0.459, Latency=4.0ms
2025-12-08 12:28:47 | INFO | Enrolling user: s011
2025-12-08 12:28:47 | INFO | User s011 enrolled successfully with 50 samples
2025-12-08 12:28:47 | INFO | Verification: s011 - Verified=False, Confidence=0.885, Latency=3.2ms
2025-12-08 12:28:47 | INFO | Verification: s011 - Verified=True, Confidence=0.974, Latency=2.0ms
2025-12-08 12:28:47 | INFO | Verification: s011 - Verified=True, Confidence=0.944, Latency=3.0ms
2025-12-08 12:28:47 | INFO | Verification: s011 - Verified=True, Confidence=0.967, Latency=2.0ms
2025-12-08 12:28:47 | INFO | Verification: s011 - Verified=True, Confidence=0.971, Latency=6.0ms
2025-12-08 12:28:47 | INFO | Verification: s011 - Verified=True, Confidence=0.956, Latency=2.0ms
2025-12-08 12:28:47 | INFO | Verification: s011 - Verified=True, Confidence=0.976, Latency=2.0ms
2025-12-08 12:28:47 | INFO | Verification: s011 - Verified=True, Confidence=0.974, Latency=2.0ms
2025-12-08 12:28:47 | INFO | Verification: s011 - Verified=False, Confidence=0.885, Latency=7.5ms
2025-12-08 12:28:47 | INFO | Verification: s011 - Verified=True, Confidence=0.940, Latency=3.0ms
2025-12-08 12:28:47 | INFO | Verification: s011 - Verified=True, Confidence=0.964, Latency=2.2ms
2025-12-08 12:28:47 | INFO | Verification: s011 - Verified=False, Confidence=0.889, Latency=2.0ms
2025-12-08 12:28:47 | INFO | Verification: s011 - Verified=False, Confidence=0.800, Latency=5.0ms
2025-12-08 12:28:47 | INFO | Verification: s011 - Verified=False, Confidence=0.512, Latency=3.3ms
2025-12-08 12:28:47 | INFO | Verification: s011 - Verified=True, Confidence=0.932, Latency=1.0ms
2025-12-08 12:28:47 | INFO | Verification: s011 - Verified=False, Confidence=0.905, Latency=2.1ms
2025-12-08 12:28:47 | INFO | Verification: s011 - Verified=True, Confidence=0.968, Latency=5.0ms
2025-12-08 12:28:47 | INFO | Verification: s011 - Verified=False, Confidence=0.885, Latency=1.0ms
2025-12-08 12:28:47 | INFO | Verification: s011 - Verified=True, Confidence=0.946, Latency=2.5ms
2025-12-08 12:28:47 | INFO | Verification: s011 - Verified=False, Confidence=0.899, Latency=3.0ms
2025-12-08 12:28:47 | INFO | Verification: s011 - Verified=False, Confidence=0.876, Latency=4.3ms
2025-12-08 12:28:47 | INFO | Verification: s011 - Verified=False, Confidence=0.921, Latency=4.0ms
2025-12-08 12:28:47 | INFO | Verification: s011 - Verified=True, Confidence=0.955, Latency=3.0ms
2025-12-08 12:28:47 | INFO | Verification: s011 - Verified=False, Confidence=0.900, Latency=2.0ms
2025-12-08 12:28:47 | INFO | Verification: s011 - Verified=True, Confidence=0.964, Latency=5.0ms
2025-12-08 12:28:47 | INFO | Verification: s011 - Verified=False, Confidence=0.753, Latency=2.0ms
2025-12-08 12:28:47 | INFO | Verification: s011 - Verified=False, Confidence=0.416, Latency=2.0ms
2025-12-08 12:28:47 | INFO | Verification: s011 - Verified=False, Confidence=0.650, Latency=4.0ms
2025-12-08 12:28:47 | INFO | Verification: s011 - Verified=False, Confidence=0.695, Latency=5.0ms
2025-12-08 12:28:47 | INFO | Verification: s011 - Verified=False, Confidence=0.509, Latency=2.1ms
2025-12-08 12:28:47 | INFO | Verification: s011 - Verified=False, Confidence=0.000, Latency=4.0ms
2025-12-08 12:28:47 | INFO | Verification: s011 - Verified=False, Confidence=0.000, Latency=5.1ms
2025-12-08 12:28:47 | INFO | Verification: s011 - Verified=False, Confidence=0.026, Latency=2.0ms
2025-12-08 12:28:47 | INFO | Verification: s011 - Verified=False, Confidence=0.240, Latency=2.0ms
2025-12-08 12:28:47 | INFO | Verification: s011 - Verified=False, Confidence=0.000, Latency=2.4ms
2025-12-08 12:28:47 | INFO | Verification: s011 - Verified=False, Confidence=0.000, Latency=2.4ms
2025-12-08 12:28:47 | INFO | Verification: s011 - Verified=False, Confidence=0.043, Latency=3.2ms
2025-12-08 12:28:47 | INFO | Verification: s011 - Verified=False, Confidence=0.000, Latency=2.0ms
2025-12-08 12:28:47 | INFO | Verification: s011 - Verified=False, Confidence=0.272, Latency=3.1ms
2025-12-08 12:28:47 | INFO | Verification: s011 - Verified=False, Confidence=0.000, Latency=2.0ms
2025-12-08 12:28:47 | INFO | Verification: s011 - Verified=False, Confidence=0.000, Latency=2.0ms
2025-12-08 12:28:47 | INFO | Verification: s011 - Verified=False, Confidence=0.000, Latency=3.4ms
2025-12-08 12:28:47 | INFO | Verification: s011 - Verified=False, Confidence=0.000, Latency=2.5ms
2025-12-08 12:28:47 | INFO | Verification: s011 - Verified=False, Confidence=0.000, Latency=2.0ms
2025-12-08 12:28:47 | INFO | Verification: s011 - Verified=False, Confidence=0.000, Latency=1.0ms
2025-12-08 12:28:47 | INFO | Verification: s011 - Verified=False, Confidence=0.043, Latency=2.0ms
2025-12-08 12:28:47 | INFO | Verification: s011 - Verified=False, Confidence=0.063, Latency=4.0ms
2025-12-08 12:28:47 | INFO | Verification: s011 - Verified=False, Confidence=0.099, Latency=4.8ms
2025-12-08 12:28:47 | INFO | Verification: s011 - Verified=False, Confidence=0.172, Latency=2.0ms
2025-12-08 12:28:47 | INFO | Verification: s011 - Verified=False, Confidence=0.000, Latency=2.3ms
2025-12-08 12:28:47 | INFO | Enrolling user: s013
2025-12-08 12:28:47 | INFO | User s013 enrolled successfully with 50 samples
2025-12-08 12:28:47 | INFO | Verification: s013 - Verified=False, Confidence=0.917, Latency=3.3ms
2025-12-08 12:28:47 | INFO | Verification: s013 - Verified=True, Confidence=0.941, Latency=1.0ms
2025-12-08 12:28:47 | INFO | Verification: s013 - Verified=True, Confidence=0.942, Latency=2.0ms
2025-12-08 12:28:47 | INFO | Verification: s013 - Verified=True, Confidence=0.963, Latency=50.9ms
2025-12-08 12:28:47 | INFO | Verification: s013 - Verified=False, Confidence=0.904, Latency=41.9ms
2025-12-08 12:28:47 | INFO | Verification: s013 - Verified=True, Confidence=0.975, Latency=4.0ms
2025-12-08 12:28:47 | INFO | Verification: s013 - Verified=True, Confidence=0.951, Latency=4.0ms
2025-12-08 12:28:47 | INFO | Verification: s013 - Verified=True, Confidence=0.960, Latency=2.0ms
2025-12-08 12:28:47 | INFO | Verification: s013 - Verified=False, Confidence=0.924, Latency=9.0ms
2025-12-08 12:28:47 | INFO | Verification: s013 - Verified=False, Confidence=0.905, Latency=3.0ms
2025-12-08 12:28:47 | INFO | Verification: s013 - Verified=False, Confidence=0.920, Latency=12.3ms
2025-12-08 12:28:47 | INFO | Verification: s013 - Verified=False, Confidence=0.892, Latency=2.2ms
2025-12-08 12:28:47 | INFO | Verification: s013 - Verified=True, Confidence=0.970, Latency=2.0ms
2025-12-08 12:28:47 | INFO | Verification: s013 - Verified=True, Confidence=0.993, Latency=4.0ms
2025-12-08 12:28:47 | INFO | Verification: s013 - Verified=True, Confidence=0.982, Latency=2.2ms
2025-12-08 12:28:47 | INFO | Verification: s013 - Verified=True, Confidence=0.964, Latency=1.3ms
2025-12-08 12:28:47 | INFO | Verification: s013 - Verified=True, Confidence=0.953, Latency=2.4ms
2025-12-08 12:28:47 | INFO | Verification: s013 - Verified=False, Confidence=0.878, Latency=2.4ms
2025-12-08 12:28:47 | INFO | Verification: s013 - Verified=False, Confidence=0.883, Latency=2.4ms
2025-12-08 12:28:47 | INFO | Verification: s013 - Verified=True, Confidence=0.948, Latency=1.0ms
2025-12-08 12:28:47 | INFO | Verification: s013 - Verified=True, Confidence=0.979, Latency=2.0ms
2025-12-08 12:28:47 | INFO | Verification: s013 - Verified=False, Confidence=0.839, Latency=2.0ms
2025-12-08 12:28:47 | INFO | Verification: s013 - Verified=False, Confidence=0.871, Latency=3.2ms
2025-12-08 12:28:47 | INFO | Verification: s013 - Verified=True, Confidence=0.955, Latency=3.0ms
2025-12-08 12:28:47 | INFO | Verification: s013 - Verified=True, Confidence=0.956, Latency=3.0ms
2025-12-08 12:28:47 | INFO | Verification: s013 - Verified=False, Confidence=0.000, Latency=3.0ms
2025-12-08 12:28:47 | INFO | Verification: s013 - Verified=False, Confidence=0.000, Latency=2.0ms
2025-12-08 12:28:47 | INFO | Verification: s013 - Verified=False, Confidence=0.000, Latency=2.0ms
2025-12-08 12:28:47 | INFO | Verification: s013 - Verified=False, Confidence=0.000, Latency=4.1ms
2025-12-08 12:28:47 | INFO | Verification: s013 - Verified=False, Confidence=0.108, Latency=3.0ms
2025-12-08 12:28:47 | INFO | Verification: s013 - Verified=False, Confidence=0.393, Latency=2.1ms
2025-12-08 12:28:47 | INFO | Verification: s013 - Verified=False, Confidence=0.640, Latency=3.1ms
2025-12-08 12:28:47 | INFO | Verification: s013 - Verified=False, Confidence=0.147, Latency=3.2ms
2025-12-08 12:28:47 | INFO | Verification: s013 - Verified=False, Confidence=0.658, Latency=2.1ms
2025-12-08 12:28:47 | INFO | Verification: s013 - Verified=False, Confidence=0.703, Latency=1.0ms
2025-12-08 12:28:47 | INFO | Verification: s013 - Verified=False, Confidence=0.000, Latency=1.0ms
2025-12-08 12:28:47 | INFO | Verification: s013 - Verified=False, Confidence=0.000, Latency=2.0ms
2025-12-08 12:28:47 | INFO | Verification: s013 - Verified=False, Confidence=0.000, Latency=2.0ms
2025-12-08 12:28:47 | INFO | Verification: s013 - Verified=False, Confidence=0.000, Latency=4.4ms
2025-12-08 12:28:47 | INFO | Verification: s013 - Verified=False, Confidence=0.000, Latency=3.3ms
2025-12-08 12:28:47 | INFO | Verification: s013 - Verified=False, Confidence=0.678, Latency=2.0ms
2025-12-08 12:28:47 | INFO | Verification: s013 - Verified=False, Confidence=0.329, Latency=3.1ms
2025-12-08 12:28:47 | INFO | Verification: s013 - Verified=False, Confidence=0.750, Latency=4.6ms
2025-12-08 12:28:47 | INFO | Verification: s013 - Verified=False, Confidence=0.473, Latency=1.0ms
2025-12-08 12:28:47 | INFO | Verification: s013 - Verified=False, Confidence=0.282, Latency=3.3ms
2025-12-08 12:28:47 | INFO | Verification: s013 - Verified=False, Confidence=0.290, Latency=1.0ms
2025-12-08 12:28:47 | INFO | Verification: s013 - Verified=False, Confidence=0.000, Latency=3.1ms
2025-12-08 12:28:47 | INFO | Verification: s013 - Verified=False, Confidence=0.028, Latency=4.0ms
2025-12-08 12:28:47 | INFO | Verification: s013 - Verified=False, Confidence=0.044, Latency=3.0ms
2025-12-08 12:28:47 | INFO | Verification: s013 - Verified=False, Confidence=0.316, Latency=2.0ms
2025-12-08 12:28:47 | INFO | Enrolling user: s017
2025-12-08 12:28:47 | INFO | User s017 enrolled successfully with 50 samples
2025-12-08 12:28:47 | INFO | Verification: s017 - Verified=False, Confidence=0.610, Latency=2.3ms
2025-12-08 12:28:47 | INFO | Verification: s017 - Verified=False, Confidence=0.852, Latency=3.0ms
2025-12-08 12:28:47 | INFO | Verification: s017 - Verified=True, Confidence=0.953, Latency=2.0ms
2025-12-08 12:28:47 | INFO | Verification: s017 - Verified=False, Confidence=0.886, Latency=2.0ms
2025-12-08 12:28:47 | INFO | Verification: s017 - Verified=False, Confidence=0.763, Latency=2.5ms
2025-12-08 12:28:47 | INFO | Verification: s017 - Verified=False, Confidence=0.855, Latency=3.5ms
2025-12-08 12:28:47 | INFO | Verification: s017 - Verified=False, Confidence=0.907, Latency=4.3ms
2025-12-08 12:28:47 | INFO | Verification: s017 - Verified=False, Confidence=0.849, Latency=2.0ms
2025-12-08 12:28:47 | INFO | Verification: s017 - Verified=False, Confidence=0.840, Latency=2.2ms
2025-12-08 12:28:47 | INFO | Verification: s017 - Verified=False, Confidence=0.807, Latency=1.1ms
2025-12-08 12:28:47 | INFO | Verification: s017 - Verified=False, Confidence=0.847, Latency=1.0ms
2025-12-08 12:28:48 | INFO | Verification: s017 - Verified=False, Confidence=0.929, Latency=4.0ms
2025-12-08 12:28:48 | INFO | Verification: s017 - Verified=False, Confidence=0.864, Latency=3.4ms
2025-12-08 12:28:48 | INFO | Verification: s017 - Verified=False, Confidence=0.859, Latency=2.0ms
2025-12-08 12:28:48 | INFO | Verification: s017 - Verified=False, Confidence=0.865, Latency=3.0ms
2025-12-08 12:28:48 | INFO | Verification: s017 - Verified=False, Confidence=0.849, Latency=2.3ms
2025-12-08 12:28:48 | INFO | Verification: s017 - Verified=False, Confidence=0.817, Latency=4.0ms
2025-12-08 12:28:48 | INFO | Verification: s017 - Verified=False, Confidence=0.858, Latency=2.0ms
2025-12-08 12:28:48 | INFO | Verification: s017 - Verified=False, Confidence=0.923, Latency=1.1ms
2025-12-08 12:28:48 | INFO | Verification: s017 - Verified=True, Confidence=0.950, Latency=2.0ms
2025-12-08 12:28:48 | INFO | Verification: s017 - Verified=False, Confidence=0.876, Latency=3.5ms
2025-12-08 12:28:48 | INFO | Verification: s017 - Verified=False, Confidence=0.910, Latency=2.0ms
2025-12-08 12:28:48 | INFO | Verification: s017 - Verified=False, Confidence=0.850, Latency=2.0ms
2025-12-08 12:28:48 | INFO | Verification: s017 - Verified=False, Confidence=0.870, Latency=2.5ms
2025-12-08 12:28:48 | INFO | Verification: s017 - Verified=False, Confidence=0.856, Latency=2.2ms
2025-12-08 12:28:48 | INFO | Verification: s017 - Verified=False, Confidence=0.000, Latency=1.0ms
2025-12-08 12:28:48 | INFO | Verification: s017 - Verified=False, Confidence=0.000, Latency=3.2ms
2025-12-08 12:28:48 | INFO | Verification: s017 - Verified=False, Confidence=0.000, Latency=3.3ms
2025-12-08 12:28:48 | INFO | Verification: s017 - Verified=False, Confidence=0.000, Latency=3.1ms
2025-12-08 12:28:48 | INFO | Verification: s017 - Verified=False, Confidence=0.000, Latency=3.7ms
2025-12-08 12:28:48 | INFO | Verification: s017 - Verified=False, Confidence=0.323, Latency=1.0ms
2025-12-08 12:28:48 | INFO | Verification: s017 - Verified=False, Confidence=0.478, Latency=5.0ms
2025-12-08 12:28:48 | INFO | Verification: s017 - Verified=False, Confidence=0.108, Latency=2.1ms
2025-12-08 12:28:48 | INFO | Verification: s017 - Verified=False, Confidence=0.000, Latency=1.5ms
2025-12-08 12:28:48 | INFO | Verification: s017 - Verified=False, Confidence=0.699, Latency=1.4ms
2025-12-08 12:28:48 | INFO | Verification: s017 - Verified=False, Confidence=0.000, Latency=2.0ms
2025-12-08 12:28:48 | INFO | Verification: s017 - Verified=False, Confidence=0.000, Latency=2.4ms
2025-12-08 12:28:48 | INFO | Verification: s017 - Verified=False, Confidence=0.000, Latency=4.0ms
2025-12-08 12:28:48 | INFO | Verification: s017 - Verified=False, Confidence=0.000, Latency=1.0ms
2025-12-08 12:28:48 | INFO | Verification: s017 - Verified=False, Confidence=0.000, Latency=2.3ms
2025-12-08 12:28:48 | INFO | Verification: s017 - Verified=False, Confidence=0.651, Latency=1.3ms
2025-12-08 12:28:48 | INFO | Verification: s017 - Verified=False, Confidence=0.276, Latency=2.0ms
2025-12-08 12:28:48 | INFO | Verification: s017 - Verified=False, Confidence=0.462, Latency=3.3ms
2025-12-08 12:28:48 | INFO | Verification: s017 - Verified=False, Confidence=0.000, Latency=2.0ms
2025-12-08 12:28:48 | INFO | Verification: s017 - Verified=False, Confidence=0.546, Latency=3.0ms
2025-12-08 12:28:48 | INFO | Verification: s017 - Verified=False, Confidence=0.281, Latency=1.0ms
2025-12-08 12:28:48 | INFO | Verification: s017 - Verified=False, Confidence=0.156, Latency=3.0ms
2025-12-08 12:28:48 | INFO | Verification: s017 - Verified=False, Confidence=0.137, Latency=4.0ms
2025-12-08 12:28:48 | INFO | Verification: s017 - Verified=False, Confidence=0.000, Latency=3.0ms
2025-12-08 12:28:48 | INFO | Verification: s017 - Verified=False, Confidence=0.393, Latency=2.0ms
2025-12-08 12:28:48 | INFO | Enrolling user: s031
2025-12-08 12:28:48 | INFO | User s031 enrolled successfully with 50 samples
2025-12-08 12:28:48 | INFO | Verification: s031 - Verified=False, Confidence=0.633, Latency=3.0ms
2025-12-08 12:28:48 | INFO | Verification: s031 - Verified=False, Confidence=0.868, Latency=5.0ms
2025-12-08 12:28:48 | INFO | Verification: s031 - Verified=False, Confidence=0.883, Latency=2.0ms
2025-12-08 12:28:48 | INFO | Verification: s031 - Verified=False, Confidence=0.659, Latency=1.2ms
2025-12-08 12:28:48 | INFO | Verification: s031 - Verified=True, Confidence=0.933, Latency=2.0ms
2025-12-08 12:28:48 | INFO | Verification: s031 - Verified=False, Confidence=0.404, Latency=2.4ms
2025-12-08 12:28:48 | INFO | Verification: s031 - Verified=False, Confidence=0.593, Latency=3.3ms
2025-12-08 12:28:48 | INFO | Verification: s031 - Verified=False, Confidence=0.808, Latency=2.0ms
2025-12-08 12:28:48 | INFO | Verification: s031 - Verified=False, Confidence=0.654, Latency=1.2ms
2025-12-08 12:28:48 | INFO | Verification: s031 - Verified=False, Confidence=0.895, Latency=2.1ms
2025-12-08 12:28:48 | INFO | Verification: s031 - Verified=False, Confidence=0.835, Latency=3.2ms
2025-12-08 12:28:48 | INFO | Verification: s031 - Verified=False, Confidence=0.767, Latency=1.1ms
2025-12-08 12:28:48 | INFO | Verification: s031 - Verified=False, Confidence=0.727, Latency=4.0ms
2025-12-08 12:28:48 | INFO | Verification: s031 - Verified=False, Confidence=0.497, Latency=2.2ms
2025-12-08 12:28:48 | INFO | Verification: s031 - Verified=False, Confidence=0.649, Latency=1.5ms
2025-12-08 12:28:48 | INFO | Verification: s031 - Verified=False, Confidence=0.737, Latency=2.0ms
2025-12-08 12:28:48 | INFO | Verification: s031 - Verified=False, Confidence=0.891, Latency=2.1ms
2025-12-08 12:28:48 | INFO | Verification: s031 - Verified=False, Confidence=0.653, Latency=2.4ms
2025-12-08 12:28:48 | INFO | Verification: s031 - Verified=False, Confidence=0.877, Latency=4.0ms
2025-12-08 12:28:48 | INFO | Verification: s031 - Verified=False, Confidence=0.612, Latency=1.5ms
2025-12-08 12:28:48 | INFO | Verification: s031 - Verified=False, Confidence=0.785, Latency=3.0ms
2025-12-08 12:28:48 | INFO | Verification: s031 - Verified=False, Confidence=0.843, Latency=2.0ms
2025-12-08 12:28:48 | INFO | Verification: s031 - Verified=False, Confidence=0.739, Latency=2.2ms
2025-12-08 12:28:48 | INFO | Verification: s031 - Verified=False, Confidence=0.900, Latency=4.0ms
2025-12-08 12:28:48 | INFO | Verification: s031 - Verified=False, Confidence=0.783, Latency=2.1ms
2025-12-08 12:28:48 | INFO | Verification: s031 - Verified=False, Confidence=0.257, Latency=2.0ms
2025-12-08 12:28:48 | INFO | Verification: s031 - Verified=False, Confidence=0.692, Latency=3.0ms
2025-12-08 12:28:48 | INFO | Verification: s031 - Verified=False, Confidence=0.534, Latency=4.4ms
2025-12-08 12:28:48 | INFO | Verification: s031 - Verified=False, Confidence=0.306, Latency=2.0ms
2025-12-08 12:28:48 | INFO | Verification: s031 - Verified=False, Confidence=0.602, Latency=2.0ms
2025-12-08 12:28:48 | INFO | Verification: s031 - Verified=False, Confidence=0.782, Latency=1.0ms
2025-12-08 12:28:48 | INFO | Verification: s031 - Verified=False, Confidence=0.492, Latency=3.4ms
2025-12-08 12:28:48 | INFO | Verification: s031 - Verified=False, Confidence=0.846, Latency=1.4ms
2025-12-08 12:28:48 | INFO | Verification: s031 - Verified=False, Confidence=0.211, Latency=3.0ms
2025-12-08 12:28:48 | INFO | Verification: s031 - Verified=False, Confidence=0.162, Latency=1.0ms
2025-12-08 12:28:48 | INFO | Verification: s031 - Verified=False, Confidence=0.179, Latency=2.0ms
2025-12-08 12:28:48 | INFO | Verification: s031 - Verified=False, Confidence=0.000, Latency=1.3ms
2025-12-08 12:28:48 | INFO | Verification: s031 - Verified=False, Confidence=0.000, Latency=4.3ms
2025-12-08 12:28:48 | INFO | Verification: s031 - Verified=False, Confidence=0.000, Latency=4.0ms
2025-12-08 12:28:48 | INFO | Verification: s031 - Verified=False, Confidence=0.000, Latency=2.1ms
2025-12-08 12:28:48 | INFO | Verification: s031 - Verified=False, Confidence=0.321, Latency=1.0ms
2025-12-08 12:28:48 | INFO | Verification: s031 - Verified=False, Confidence=0.000, Latency=2.1ms
2025-12-08 12:28:48 | INFO | Verification: s031 - Verified=False, Confidence=0.194, Latency=4.0ms
2025-12-08 12:28:48 | INFO | Verification: s031 - Verified=False, Confidence=0.321, Latency=3.4ms
2025-12-08 12:28:48 | INFO | Verification: s031 - Verified=False, Confidence=0.656, Latency=2.0ms
2025-12-08 12:28:48 | INFO | Verification: s031 - Verified=False, Confidence=0.555, Latency=3.2ms
2025-12-08 12:28:48 | INFO | Verification: s031 - Verified=False, Confidence=0.721, Latency=2.1ms
2025-12-08 12:28:48 | INFO | Verification: s031 - Verified=False, Confidence=0.356, Latency=5.0ms
2025-12-08 12:28:48 | INFO | Verification: s031 - Verified=False, Confidence=0.767, Latency=2.0ms
2025-12-08 12:28:48 | INFO | Verification: s031 - Verified=False, Confidence=0.526, Latency=2.4ms
2025-12-08 12:28:48 | INFO | Enrolling user: s032
2025-12-08 12:28:48 | INFO | User s032 enrolled successfully with 50 samples
2025-12-08 12:28:48 | INFO | Verification: s032 - Verified=False, Confidence=0.638, Latency=1.1ms
2025-12-08 12:28:48 | INFO | Verification: s032 - Verified=False, Confidence=0.833, Latency=3.6ms
2025-12-08 12:28:48 | INFO | Verification: s032 - Verified=False, Confidence=0.691, Latency=1.0ms
2025-12-08 12:28:48 | INFO | Verification: s032 - Verified=False, Confidence=0.873, Latency=2.5ms
2025-12-08 12:28:48 | INFO | Verification: s032 - Verified=False, Confidence=0.782, Latency=2.2ms
2025-12-08 12:28:48 | INFO | Verification: s032 - Verified=False, Confidence=0.803, Latency=3.1ms
2025-12-08 12:28:48 | INFO | Verification: s032 - Verified=False, Confidence=0.750, Latency=2.3ms
2025-12-08 12:28:48 | INFO | Verification: s032 - Verified=False, Confidence=0.924, Latency=3.0ms
2025-12-08 12:28:48 | INFO | Verification: s032 - Verified=True, Confidence=0.943, Latency=1.0ms
2025-12-08 12:28:48 | INFO | Verification: s032 - Verified=False, Confidence=0.599, Latency=3.4ms
2025-12-08 12:28:48 | INFO | Verification: s032 - Verified=False, Confidence=0.909, Latency=1.0ms
2025-12-08 12:28:48 | INFO | Verification: s032 - Verified=False, Confidence=0.836, Latency=2.0ms
2025-12-08 12:28:48 | INFO | Verification: s032 - Verified=False, Confidence=0.921, Latency=2.6ms
2025-12-08 12:28:48 | INFO | Verification: s032 - Verified=False, Confidence=0.874, Latency=4.0ms
2025-12-08 12:28:48 | INFO | Verification: s032 - Verified=False, Confidence=0.899, Latency=2.5ms
2025-12-08 12:28:48 | INFO | Verification: s032 - Verified=False, Confidence=0.833, Latency=2.8ms
2025-12-08 12:28:48 | INFO | Verification: s032 - Verified=False, Confidence=0.624, Latency=3.6ms
2025-12-08 12:28:48 | INFO | Verification: s032 - Verified=False, Confidence=0.736, Latency=2.1ms
2025-12-08 12:28:48 | INFO | Verification: s032 - Verified=False, Confidence=0.804, Latency=2.0ms
2025-12-08 12:28:48 | INFO | Verification: s032 - Verified=True, Confidence=0.953, Latency=2.3ms
2025-12-08 12:28:48 | INFO | Verification: s032 - Verified=False, Confidence=0.686, Latency=1.4ms
2025-12-08 12:28:48 | INFO | Verification: s032 - Verified=False, Confidence=0.916, Latency=2.0ms
2025-12-08 12:28:48 | INFO | Verification: s032 - Verified=False, Confidence=0.640, Latency=1.4ms
2025-12-08 12:28:48 | INFO | Verification: s032 - Verified=False, Confidence=0.802, Latency=3.0ms
2025-12-08 12:28:48 | INFO | Verification: s032 - Verified=False, Confidence=0.765, Latency=2.0ms
2025-12-08 12:28:48 | INFO | Verification: s032 - Verified=False, Confidence=0.112, Latency=1.0ms
2025-12-08 12:28:48 | INFO | Verification: s032 - Verified=False, Confidence=0.537, Latency=2.0ms
2025-12-08 12:28:48 | INFO | Verification: s032 - Verified=False, Confidence=0.250, Latency=2.0ms
2025-12-08 12:28:48 | INFO | Verification: s032 - Verified=False, Confidence=0.331, Latency=2.0ms
2025-12-08 12:28:48 | INFO | Verification: s032 - Verified=False, Confidence=0.667, Latency=4.2ms
2025-12-08 12:28:48 | INFO | Verification: s032 - Verified=False, Confidence=0.545, Latency=2.0ms
2025-12-08 12:28:48 | INFO | Verification: s032 - Verified=False, Confidence=0.591, Latency=1.4ms
2025-12-08 12:28:48 | INFO | Verification: s032 - Verified=False, Confidence=0.566, Latency=2.0ms
2025-12-08 12:28:48 | INFO | Verification: s032 - Verified=True, Confidence=0.956, Latency=2.0ms
2025-12-08 12:28:48 | INFO | Verification: s032 - Verified=False, Confidence=0.351, Latency=4.1ms
2025-12-08 12:28:48 | INFO | Verification: s032 - Verified=False, Confidence=0.217, Latency=2.7ms
2025-12-08 12:28:48 | INFO | Verification: s032 - Verified=False, Confidence=0.339, Latency=2.2ms
2025-12-08 12:28:48 | INFO | Verification: s032 - Verified=False, Confidence=0.148, Latency=3.2ms
2025-12-08 12:28:48 | INFO | Verification: s032 - Verified=False, Confidence=0.029, Latency=1.0ms
2025-12-08 12:28:48 | INFO | Verification: s032 - Verified=False, Confidence=0.092, Latency=4.0ms
2025-12-08 12:28:48 | INFO | Verification: s032 - Verified=False, Confidence=0.607, Latency=2.0ms
2025-12-08 12:28:48 | INFO | Verification: s032 - Verified=False, Confidence=0.757, Latency=3.0ms
2025-12-08 12:28:48 | INFO | Verification: s032 - Verified=False, Confidence=0.445, Latency=2.3ms
2025-12-08 12:28:48 | INFO | Verification: s032 - Verified=False, Confidence=0.636, Latency=3.1ms
2025-12-08 12:28:48 | INFO | Verification: s032 - Verified=False, Confidence=0.724, Latency=5.0ms
2025-12-08 12:28:48 | INFO | Verification: s032 - Verified=False, Confidence=0.427, Latency=2.0ms
2025-12-08 12:28:48 | INFO | Verification: s032 - Verified=False, Confidence=0.211, Latency=3.2ms
2025-12-08 12:28:48 | INFO | Verification: s032 - Verified=False, Confidence=0.437, Latency=5.0ms
2025-12-08 12:28:48 | INFO | Verification: s032 - Verified=False, Confidence=0.367, Latency=3.1ms
2025-12-08 12:28:48 | INFO | Verification: s032 - Verified=False, Confidence=0.029, Latency=2.0ms
2025-12-08 12:28:48 | INFO | Enrolling user: s043
2025-12-08 12:28:48 | INFO | User s043 enrolled successfully with 50 samples
2025-12-08 12:28:48 | INFO | Verification: s043 - Verified=False, Confidence=0.404, Latency=3.0ms
2025-12-08 12:28:48 | INFO | Verification: s043 - Verified=False, Confidence=0.860, Latency=4.0ms
2025-12-08 12:28:48 | INFO | Verification: s043 - Verified=False, Confidence=0.911, Latency=3.0ms
2025-12-08 12:28:48 | INFO | Verification: s043 - Verified=False, Confidence=0.788, Latency=4.0ms
2025-12-08 12:28:48 | INFO | Verification: s043 - Verified=True, Confidence=0.972, Latency=2.2ms
2025-12-08 12:28:48 | INFO | Verification: s043 - Verified=True, Confidence=0.985, Latency=4.3ms
2025-12-08 12:28:48 | INFO | Verification: s043 - Verified=True, Confidence=0.959, Latency=2.4ms
2025-12-08 12:28:48 | INFO | Verification: s043 - Verified=True, Confidence=0.935, Latency=3.4ms
2025-12-08 12:28:48 | INFO | Verification: s043 - Verified=False, Confidence=0.872, Latency=1.1ms
2025-12-08 12:28:48 | INFO | Verification: s043 - Verified=True, Confidence=0.931, Latency=1.0ms
2025-12-08 12:28:48 | INFO | Verification: s043 - Verified=False, Confidence=0.926, Latency=3.0ms
2025-12-08 12:28:48 | INFO | Verification: s043 - Verified=True, Confidence=0.953, Latency=2.0ms
2025-12-08 12:28:48 | INFO | Verification: s043 - Verified=True, Confidence=0.978, Latency=3.4ms
2025-12-08 12:28:48 | INFO | Verification: s043 - Verified=True, Confidence=0.978, Latency=1.0ms
2025-12-08 12:28:48 | INFO | Verification: s043 - Verified=True, Confidence=0.985, Latency=2.2ms
2025-12-08 12:28:48 | INFO | Verification: s043 - Verified=True, Confidence=0.978, Latency=3.0ms
2025-12-08 12:28:48 | INFO | Verification: s043 - Verified=True, Confidence=0.964, Latency=2.0ms
2025-12-08 12:28:48 | INFO | Verification: s043 - Verified=True, Confidence=0.969, Latency=1.4ms
2025-12-08 12:28:48 | INFO | Verification: s043 - Verified=True, Confidence=0.992, Latency=5.0ms
2025-12-08 12:28:48 | INFO | Verification: s043 - Verified=True, Confidence=0.981, Latency=3.0ms
2025-12-08 12:28:48 | INFO | Verification: s043 - Verified=True, Confidence=0.986, Latency=2.0ms
2025-12-08 12:28:48 | INFO | Verification: s043 - Verified=True, Confidence=0.968, Latency=2.7ms
2025-12-08 12:28:48 | INFO | Verification: s043 - Verified=True, Confidence=0.976, Latency=3.3ms
2025-12-08 12:28:48 | INFO | Verification: s043 - Verified=True, Confidence=0.966, Latency=2.0ms
2025-12-08 12:28:48 | INFO | Verification: s043 - Verified=False, Confidence=0.868, Latency=1.0ms
2025-12-08 12:28:48 | INFO | Verification: s043 - Verified=False, Confidence=0.026, Latency=1.4ms
2025-12-08 12:28:48 | INFO | Verification: s043 - Verified=False, Confidence=0.240, Latency=1.0ms
2025-12-08 12:28:48 | INFO | Verification: s043 - Verified=False, Confidence=0.205, Latency=3.6ms
2025-12-08 12:28:48 | INFO | Verification: s043 - Verified=False, Confidence=0.063, Latency=3.0ms
2025-12-08 12:28:48 | INFO | Verification: s043 - Verified=False, Confidence=0.087, Latency=2.0ms
2025-12-08 12:28:48 | INFO | Verification: s043 - Verified=False, Confidence=0.197, Latency=2.0ms
2025-12-08 12:28:48 | INFO | Verification: s043 - Verified=False, Confidence=0.066, Latency=3.7ms
2025-12-08 12:28:48 | INFO | Verification: s043 - Verified=False, Confidence=0.354, Latency=2.0ms
2025-12-08 12:28:48 | INFO | Verification: s043 - Verified=False, Confidence=0.000, Latency=7.0ms
2025-12-08 12:28:48 | INFO | Verification: s043 - Verified=False, Confidence=0.002, Latency=1.1ms
2025-12-08 12:28:48 | INFO | Verification: s043 - Verified=False, Confidence=0.000, Latency=3.1ms
2025-12-08 12:28:48 | INFO | Verification: s043 - Verified=False, Confidence=0.000, Latency=3.8ms
2025-12-08 12:28:48 | INFO | Verification: s043 - Verified=False, Confidence=0.000, Latency=3.5ms
2025-12-08 12:28:48 | INFO | Verification: s043 - Verified=False, Confidence=0.000, Latency=2.0ms
2025-12-08 12:28:48 | INFO | Verification: s043 - Verified=False, Confidence=0.000, Latency=2.1ms
2025-12-08 12:28:48 | INFO | Verification: s043 - Verified=False, Confidence=0.000, Latency=2.0ms
2025-12-08 12:28:48 | INFO | Verification: s043 - Verified=False, Confidence=0.000, Latency=3.2ms
2025-12-08 12:28:48 | INFO | Verification: s043 - Verified=False, Confidence=0.000, Latency=4.0ms
2025-12-08 12:28:48 | INFO | Verification: s043 - Verified=False, Confidence=0.036, Latency=1.4ms
2025-12-08 12:28:48 | INFO | Verification: s043 - Verified=False, Confidence=0.116, Latency=1.3ms
2025-12-08 12:28:48 | INFO | Verification: s043 - Verified=False, Confidence=0.292, Latency=1.3ms
2025-12-08 12:28:48 | INFO | Verification: s043 - Verified=False, Confidence=0.678, Latency=6.0ms
2025-12-08 12:28:48 | INFO | Verification: s043 - Verified=False, Confidence=0.177, Latency=1.0ms
2025-12-08 12:28:48 | INFO | Verification: s043 - Verified=False, Confidence=0.510, Latency=2.0ms
2025-12-08 12:28:48 | INFO | Verification: s043 - Verified=False, Confidence=0.667, Latency=3.6ms
2025-12-08 12:28:48 | INFO | Enrolling user: s044
2025-12-08 12:28:48 | INFO | User s044 enrolled successfully with 50 samples
2025-12-08 12:28:48 | INFO | Verification: s044 - Verified=True, Confidence=0.970, Latency=3.0ms
2025-12-08 12:28:48 | INFO | Verification: s044 - Verified=True, Confidence=0.980, Latency=2.0ms
2025-12-08 12:28:48 | INFO | Verification: s044 - Verified=False, Confidence=0.899, Latency=4.4ms
2025-12-08 12:28:48 | INFO | Verification: s044 - Verified=True, Confidence=0.955, Latency=2.0ms
2025-12-08 12:28:48 | INFO | Verification: s044 - Verified=True, Confidence=0.974, Latency=2.0ms
2025-12-08 12:28:48 | INFO | Verification: s044 - Verified=True, Confidence=0.965, Latency=5.0ms
2025-12-08 12:28:48 | INFO | Verification: s044 - Verified=True, Confidence=0.985, Latency=3.1ms
2025-12-08 12:28:48 | INFO | Verification: s044 - Verified=True, Confidence=0.934, Latency=3.0ms
2025-12-08 12:28:48 | INFO | Verification: s044 - Verified=False, Confidence=0.911, Latency=5.0ms
2025-12-08 12:28:48 | INFO | Verification: s044 - Verified=True, Confidence=0.987, Latency=4.0ms
2025-12-08 12:28:48 | INFO | Verification: s044 - Verified=False, Confidence=0.902, Latency=2.0ms
2025-12-08 12:28:48 | INFO | Verification: s044 - Verified=True, Confidence=0.981, Latency=4.4ms
2025-12-08 12:28:48 | INFO | Verification: s044 - Verified=True, Confidence=0.976, Latency=2.0ms
2025-12-08 12:28:48 | INFO | Verification: s044 - Verified=True, Confidence=0.970, Latency=6.0ms
2025-12-08 12:28:48 | INFO | Verification: s044 - Verified=False, Confidence=0.848, Latency=2.0ms
2025-12-08 12:28:48 | INFO | Verification: s044 - Verified=False, Confidence=0.881, Latency=2.0ms
2025-12-08 12:28:48 | INFO | Verification: s044 - Verified=True, Confidence=0.961, Latency=2.4ms
2025-12-08 12:28:48 | INFO | Verification: s044 - Verified=False, Confidence=0.891, Latency=2.3ms
2025-12-08 12:28:48 | INFO | Verification: s044 - Verified=False, Confidence=0.885, Latency=4.2ms
2025-12-08 12:28:48 | INFO | Verification: s044 - Verified=True, Confidence=0.988, Latency=2.0ms
2025-12-08 12:28:48 | INFO | Verification: s044 - Verified=False, Confidence=0.924, Latency=2.4ms
2025-12-08 12:28:48 | INFO | Verification: s044 - Verified=False, Confidence=0.890, Latency=3.2ms
2025-12-08 12:28:48 | INFO | Verification: s044 - Verified=False, Confidence=0.892, Latency=3.0ms
2025-12-08 12:28:48 | INFO | Verification: s044 - Verified=True, Confidence=0.944, Latency=2.0ms
2025-12-08 12:28:48 | INFO | Verification: s044 - Verified=False, Confidence=0.916, Latency=2.0ms
2025-12-08 12:28:48 | INFO | Verification: s044 - Verified=False, Confidence=0.074, Latency=2.0ms
2025-12-08 12:28:48 | INFO | Verification: s044 - Verified=False, Confidence=0.395, Latency=4.0ms
2025-12-08 12:28:48 | INFO | Verification: s044 - Verified=False, Confidence=0.319, Latency=2.3ms
2025-12-08 12:28:48 | INFO | Verification: s044 - Verified=False, Confidence=0.055, Latency=2.0ms
2025-12-08 12:28:48 | INFO | Verification: s044 - Verified=False, Confidence=0.262, Latency=2.1ms
2025-12-08 12:28:48 | INFO | Verification: s044 - Verified=False, Confidence=0.616, Latency=2.0ms
2025-12-08 12:28:48 | INFO | Verification: s044 - Verified=False, Confidence=0.455, Latency=3.4ms
2025-12-08 12:28:48 | INFO | Verification: s044 - Verified=False, Confidence=0.607, Latency=2.4ms
2025-12-08 12:28:48 | INFO | Verification: s044 - Verified=False, Confidence=0.000, Latency=2.6ms
2025-12-08 12:28:48 | INFO | Verification: s044 - Verified=False, Confidence=0.273, Latency=2.3ms
2025-12-08 12:28:48 | INFO | Verification: s044 - Verified=False, Confidence=0.000, Latency=2.0ms
2025-12-08 12:28:48 | INFO | Verification: s044 - Verified=False, Confidence=0.000, Latency=3.0ms
2025-12-08 12:28:48 | INFO | Verification: s044 - Verified=False, Confidence=0.000, Latency=2.4ms
2025-12-08 12:28:48 | INFO | Verification: s044 - Verified=False, Confidence=0.000, Latency=2.0ms
2025-12-08 12:28:48 | INFO | Verification: s044 - Verified=False, Confidence=0.000, Latency=3.3ms
2025-12-08 12:28:48 | INFO | Verification: s044 - Verified=False, Confidence=0.296, Latency=2.0ms
2025-12-08 12:28:48 | INFO | Verification: s044 - Verified=False, Confidence=0.000, Latency=4.0ms
2025-12-08 12:28:48 | INFO | Verification: s044 - Verified=False, Confidence=0.061, Latency=2.1ms
2025-12-08 12:28:48 | INFO | Verification: s044 - Verified=False, Confidence=0.004, Latency=2.1ms
2025-12-08 12:28:48 | INFO | Verification: s044 - Verified=False, Confidence=0.557, Latency=2.0ms
2025-12-08 12:28:48 | INFO | Verification: s044 - Verified=False, Confidence=0.646, Latency=1.4ms
2025-12-08 12:28:48 | INFO | Verification: s044 - Verified=False, Confidence=0.882, Latency=4.0ms
2025-12-08 12:28:48 | INFO | Verification: s044 - Verified=False, Confidence=0.473, Latency=2.2ms
2025-12-08 12:28:48 | INFO | Verification: s044 - Verified=False, Confidence=0.842, Latency=3.0ms
2025-12-08 12:28:48 | INFO | Verification: s044 - Verified=False, Confidence=0.784, Latency=2.4ms
2025-12-08 12:28:48 | INFO | Enrolling user: s048
2025-12-08 12:28:48 | INFO | User s048 enrolled successfully with 50 samples
2025-12-08 12:28:48 | INFO | Verification: s048 - Verified=False, Confidence=0.662, Latency=4.4ms
2025-12-08 12:28:48 | INFO | Verification: s048 - Verified=False, Confidence=0.781, Latency=2.3ms
2025-12-08 12:28:48 | INFO | Verification: s048 - Verified=True, Confidence=0.968, Latency=2.4ms
2025-12-08 12:28:48 | INFO | Verification: s048 - Verified=False, Confidence=0.425, Latency=1.0ms
2025-12-08 12:28:48 | INFO | Verification: s048 - Verified=False, Confidence=0.877, Latency=2.0ms
2025-12-08 12:28:48 | INFO | Verification: s048 - Verified=False, Confidence=0.854, Latency=3.2ms
2025-12-08 12:28:48 | INFO | Verification: s048 - Verified=False, Confidence=0.865, Latency=4.3ms
2025-12-08 12:28:48 | INFO | Verification: s048 - Verified=False, Confidence=0.362, Latency=3.1ms
2025-12-08 12:28:48 | INFO | Verification: s048 - Verified=False, Confidence=0.601, Latency=1.3ms
2025-12-08 12:28:48 | INFO | Verification: s048 - Verified=False, Confidence=0.890, Latency=2.0ms
2025-12-08 12:28:48 | INFO | Verification: s048 - Verified=False, Confidence=0.908, Latency=2.4ms
2025-12-08 12:28:48 | INFO | Verification: s048 - Verified=False, Confidence=0.870, Latency=5.0ms
2025-12-08 12:28:48 | INFO | Verification: s048 - Verified=False, Confidence=0.663, Latency=2.2ms
2025-12-08 12:28:48 | INFO | Verification: s048 - Verified=False, Confidence=0.750, Latency=1.0ms
2025-12-08 12:28:48 | INFO | Verification: s048 - Verified=False, Confidence=0.768, Latency=2.0ms
2025-12-08 12:28:48 | INFO | Verification: s048 - Verified=False, Confidence=0.836, Latency=2.1ms
2025-12-08 12:28:48 | INFO | Verification: s048 - Verified=False, Confidence=0.831, Latency=2.2ms
2025-12-08 12:28:48 | INFO | Verification: s048 - Verified=False, Confidence=0.916, Latency=4.0ms
2025-12-08 12:28:48 | INFO | Verification: s048 - Verified=False, Confidence=0.814, Latency=2.0ms
2025-12-08 12:28:48 | INFO | Verification: s048 - Verified=False, Confidence=0.922, Latency=1.2ms
2025-12-08 12:28:48 | INFO | Verification: s048 - Verified=False, Confidence=0.895, Latency=2.0ms
2025-12-08 12:28:48 | INFO | Verification: s048 - Verified=False, Confidence=0.715, Latency=1.1ms
2025-12-08 12:28:48 | INFO | Verification: s048 - Verified=False, Confidence=0.823, Latency=3.4ms
2025-12-08 12:28:48 | INFO | Verification: s048 - Verified=False, Confidence=0.861, Latency=3.4ms
2025-12-08 12:28:48 | INFO | Verification: s048 - Verified=True, Confidence=0.937, Latency=2.0ms
2025-12-08 12:28:48 | INFO | Verification: s048 - Verified=False, Confidence=0.385, Latency=3.1ms
2025-12-08 12:28:48 | INFO | Verification: s048 - Verified=False, Confidence=0.485, Latency=2.1ms
2025-12-08 12:28:48 | INFO | Verification: s048 - Verified=False, Confidence=0.524, Latency=4.0ms
2025-12-08 12:28:48 | INFO | Verification: s048 - Verified=False, Confidence=0.493, Latency=2.5ms
2025-12-08 12:28:48 | INFO | Verification: s048 - Verified=False, Confidence=0.733, Latency=2.0ms
2025-12-08 12:28:48 | INFO | Verification: s048 - Verified=False, Confidence=0.128, Latency=3.0ms
2025-12-08 12:28:48 | INFO | Verification: s048 - Verified=False, Confidence=0.040, Latency=3.0ms
2025-12-08 12:28:48 | INFO | Verification: s048 - Verified=False, Confidence=0.252, Latency=4.5ms
2025-12-08 12:28:48 | INFO | Verification: s048 - Verified=False, Confidence=0.613, Latency=2.0ms
2025-12-08 12:28:48 | INFO | Verification: s048 - Verified=False, Confidence=0.000, Latency=3.0ms
2025-12-08 12:28:48 | INFO | Verification: s048 - Verified=False, Confidence=0.459, Latency=3.0ms
2025-12-08 12:28:48 | INFO | Verification: s048 - Verified=False, Confidence=0.484, Latency=3.0ms
2025-12-08 12:28:48 | INFO | Verification: s048 - Verified=False, Confidence=0.623, Latency=1.0ms
2025-12-08 12:28:48 | INFO | Verification: s048 - Verified=False, Confidence=0.660, Latency=2.0ms
2025-12-08 12:28:48 | INFO | Verification: s048 - Verified=False, Confidence=0.546, Latency=2.0ms
2025-12-08 12:28:48 | INFO | Verification: s048 - Verified=False, Confidence=0.127, Latency=4.2ms
2025-12-08 12:28:48 | INFO | Verification: s048 - Verified=False, Confidence=0.540, Latency=2.1ms
2025-12-08 12:28:48 | INFO | Verification: s048 - Verified=False, Confidence=0.446, Latency=2.0ms
2025-12-08 12:28:48 | INFO | Verification: s048 - Verified=False, Confidence=0.588, Latency=2.1ms
2025-12-08 12:28:48 | INFO | Verification: s048 - Verified=False, Confidence=0.367, Latency=2.2ms
2025-12-08 12:28:49 | INFO | Verification: s048 - Verified=False, Confidence=0.000, Latency=5.0ms
2025-12-08 12:28:49 | INFO | Verification: s048 - Verified=False, Confidence=0.000, Latency=3.0ms
2025-12-08 12:28:49 | INFO | Verification: s048 - Verified=False, Confidence=0.000, Latency=4.1ms
2025-12-08 12:28:49 | INFO | Verification: s048 - Verified=False, Confidence=0.000, Latency=2.0ms
2025-12-08 12:28:49 | INFO | Verification: s048 - Verified=False, Confidence=0.000, Latency=3.1ms
2025-12-08 12:28:49 | INFO | EER: 0.3140, Optimal Threshold: 0.9259
2025-12-08 12:28:49 | INFO | ROC curve saved: logs\roc_curve.png
2025-12-08 12:28:49 | INFO | Evaluating anomaly detection...
2025-12-08 12:28:49 | INFO | Fitting anomaly detector on 100 samples
2025-12-08 12:28:49 | INFO | Anomaly detector fitted successfully
2025-12-08 12:28:49 | INFO | Anomaly Report: 2/100 anomalies (2.0%)
2025-12-08 12:28:49 | INFO | Anomaly Detection Report: {'total_samples': 100, 'anomaly_count': 2, 'normal_count': 98, 'anomaly_rate': 0.02, 'mean_score': 0.6213823134848596, 'min_score': 0.0, 'max_score': 0.9999999401171692, 'std_score': 0.17016411952478502}
2025-12-08 12:28:49 | INFO | Test report saved: logs\test_report.txt
2025-12-08 12:28:49 | INFO | Comprehensive testing completed!
2025-12-08 12:28:49 | INFO | Testing script completed successfully!
