2025-12-08 13:59:03 | INFO | ================================================================================
2025-12-08 13:59:03 | INFO | KEYSTROKE DYNAMICS - ZERO TRUST TELEHEALTH PLATFORM
2025-12-08 13:59:03 | INFO | ================================================================================
2025-12-08 13:59:03 | INFO | Starting training pipeline...
2025-12-08 13:59:04 | INFO | Loading configuration from: config.yaml
2025-12-08 13:59:04 | INFO | Configuration loaded successfully
2025-12-08 13:59:04 | INFO | Using device: cpu
2025-12-08 13:59:04 | INFO | KeystrokePreprocessor initialized
2025-12-08 13:59:04 | INFO | Loading dataset...
2025-12-08 13:59:04 | INFO | Using TUPLET dataset (pre-paired samples)
2025-12-08 13:59:04 | INFO | Loading tuplet dataset from: Dataset/tuplet_dataset_with_subjects1.xlsx
2025-12-08 13:59:13 | INFO | Loaded tuplet dataset: 10000 pairs
2025-12-08 13:59:13 | INFO | Features per sample: 31
2025-12-08 13:59:13 | INFO | Genuine pairs: 5000 (50.0%)
2025-12-08 13:59:13 | INFO | Impostor pairs: 5000 (50.0%)
2025-12-08 13:59:13 | INFO | Unique A subjects: 51
2025-12-08 13:59:13 | INFO | Unique B subjects: 51
2025-12-08 13:59:13 | INFO | Applying 5x data augmentation to tuplet training data...
2025-12-08 13:59:13 | INFO | Training data augmented: 8000 -> 40000 pairs
2025-12-08 13:59:13 | INFO | Tuplet dataset loaded:
2025-12-08 13:59:13 | INFO |   Train: 40000 pairs
2025-12-08 13:59:13 | INFO |   Val: 1000 pairs
2025-12-08 13:59:13 | INFO |   Test: 1000 pairs
2025-12-08 13:59:13 | INFO |   Features: 31
2025-12-08 13:59:13 | INFO | Building model...
2025-12-08 13:59:13 | INFO | KeystrokeEmbeddingModel initialized: 31 -> 128
2025-12-08 13:59:13 | INFO | Architecture: [256, 512, 256, 128]
2025-12-08 13:59:14 | INFO | Model built with 322816 parameters
2025-12-08 13:59:14 | INFO | Starting training...
2025-12-08 13:59:39 | INFO | Epoch 1/150 - Train Loss: 0.1792, Val Loss: 0.1281
2025-12-08 13:59:39 | INFO | New best model saved! Val Loss: 0.1281
2025-12-08 14:00:01 | INFO | Epoch 2/150 - Train Loss: 0.1439, Val Loss: 0.1005
2025-12-08 14:00:01 | INFO | New best model saved! Val Loss: 0.1005
2025-12-08 14:00:25 | INFO | Epoch 3/150 - Train Loss: 0.1292, Val Loss: 0.0908
2025-12-08 14:00:25 | INFO | New best model saved! Val Loss: 0.0908
2025-12-08 14:00:49 | INFO | Epoch 4/150 - Train Loss: 0.1213, Val Loss: 0.0844
2025-12-08 14:00:49 | INFO | New best model saved! Val Loss: 0.0844
2025-12-08 14:01:12 | INFO | Epoch 5/150 - Train Loss: 0.1146, Val Loss: 0.0829
2025-12-08 14:01:12 | INFO | New best model saved! Val Loss: 0.0829
2025-12-08 14:01:36 | INFO | Epoch 6/150 - Train Loss: 0.1100, Val Loss: 0.0777
2025-12-08 14:01:36 | INFO | New best model saved! Val Loss: 0.0777
2025-12-08 14:02:02 | INFO | Epoch 7/150 - Train Loss: 0.1053, Val Loss: 0.0755
2025-12-08 14:02:02 | INFO | New best model saved! Val Loss: 0.0755
2025-12-08 14:02:27 | INFO | Epoch 8/150 - Train Loss: 0.1006, Val Loss: 0.0727
2025-12-08 14:02:27 | INFO | New best model saved! Val Loss: 0.0727
2025-12-08 14:02:50 | INFO | Epoch 9/150 - Train Loss: 0.0969, Val Loss: 0.0730
2025-12-08 14:03:13 | INFO | Epoch 10/150 - Train Loss: 0.0954, Val Loss: 0.0695
2025-12-08 14:03:13 | INFO | New best model saved! Val Loss: 0.0695
2025-12-08 14:03:36 | INFO | Epoch 11/150 - Train Loss: 0.0928, Val Loss: 0.0718
2025-12-08 14:03:58 | INFO | Epoch 12/150 - Train Loss: 0.0900, Val Loss: 0.0659
2025-12-08 14:03:58 | INFO | New best model saved! Val Loss: 0.0659
2025-12-08 14:04:21 | INFO | Epoch 13/150 - Train Loss: 0.0889, Val Loss: 0.0655
2025-12-08 14:04:21 | INFO | New best model saved! Val Loss: 0.0655
2025-12-08 14:04:44 | INFO | Epoch 14/150 - Train Loss: 0.0866, Val Loss: 0.0638
2025-12-08 14:04:44 | INFO | New best model saved! Val Loss: 0.0638
2025-12-08 14:05:06 | INFO | Epoch 15/150 - Train Loss: 0.0842, Val Loss: 0.0641
2025-12-08 14:05:33 | INFO | Epoch 16/150 - Train Loss: 0.0840, Val Loss: 0.0630
2025-12-08 14:05:33 | INFO | New best model saved! Val Loss: 0.0630
2025-12-08 14:05:56 | INFO | Epoch 17/150 - Train Loss: 0.0801, Val Loss: 0.0636
2025-12-08 14:06:18 | INFO | Epoch 18/150 - Train Loss: 0.0796, Val Loss: 0.0640
2025-12-08 14:06:40 | INFO | Epoch 19/150 - Train Loss: 0.0783, Val Loss: 0.0617
2025-12-08 14:06:40 | INFO | New best model saved! Val Loss: 0.0617
2025-12-08 14:07:03 | INFO | Epoch 20/150 - Train Loss: 0.0789, Val Loss: 0.0635
2025-12-08 14:07:26 | INFO | Epoch 21/150 - Train Loss: 0.0766, Val Loss: 0.0623
2025-12-08 14:07:53 | INFO | Epoch 22/150 - Train Loss: 0.0760, Val Loss: 0.0588
2025-12-08 14:07:53 | INFO | New best model saved! Val Loss: 0.0588
2025-12-08 14:08:16 | INFO | Epoch 23/150 - Train Loss: 0.0741, Val Loss: 0.0628
2025-12-08 14:08:40 | INFO | Epoch 24/150 - Train Loss: 0.0738, Val Loss: 0.0614
2025-12-08 14:09:03 | INFO | Epoch 25/150 - Train Loss: 0.0726, Val Loss: 0.0618
2025-12-08 14:09:24 | INFO | Epoch 26/150 - Train Loss: 0.0718, Val Loss: 0.0574
2025-12-08 14:09:24 | INFO | New best model saved! Val Loss: 0.0574
2025-12-08 14:09:47 | INFO | Epoch 27/150 - Train Loss: 0.0711, Val Loss: 0.0598
2025-12-08 14:10:13 | INFO | Epoch 28/150 - Train Loss: 0.0702, Val Loss: 0.0631
2025-12-08 14:10:36 | INFO | Epoch 29/150 - Train Loss: 0.0701, Val Loss: 0.0592
2025-12-08 14:11:01 | INFO | Epoch 30/150 - Train Loss: 0.0699, Val Loss: 0.0578
2025-12-08 14:11:28 | INFO | Epoch 31/150 - Train Loss: 0.0675, Val Loss: 0.0571
2025-12-08 14:11:28 | INFO | New best model saved! Val Loss: 0.0571
2025-12-08 14:12:01 | INFO | Epoch 32/150 - Train Loss: 0.0668, Val Loss: 0.0569
2025-12-08 14:12:01 | INFO | New best model saved! Val Loss: 0.0569
2025-12-08 14:12:18 | INFO | Epoch 33/150 - Train Loss: 0.0669, Val Loss: 0.0581
2025-12-08 14:12:34 | INFO | Epoch 34/150 - Train Loss: 0.0666, Val Loss: 0.0573
2025-12-08 14:12:51 | INFO | Epoch 35/150 - Train Loss: 0.0661, Val Loss: 0.0575
2025-12-08 14:13:07 | INFO | Epoch 36/150 - Train Loss: 0.0656, Val Loss: 0.0555
2025-12-08 14:13:07 | INFO | New best model saved! Val Loss: 0.0555
2025-12-08 14:13:23 | INFO | Epoch 37/150 - Train Loss: 0.0643, Val Loss: 0.0563
2025-12-08 14:13:40 | INFO | Epoch 38/150 - Train Loss: 0.0643, Val Loss: 0.0585
2025-12-08 14:13:59 | INFO | Epoch 39/150 - Train Loss: 0.0635, Val Loss: 0.0582
2025-12-08 14:14:24 | INFO | Epoch 40/150 - Train Loss: 0.0623, Val Loss: 0.0549
2025-12-08 14:14:24 | INFO | New best model saved! Val Loss: 0.0549
2025-12-08 14:14:43 | INFO | Epoch 41/150 - Train Loss: 0.0626, Val Loss: 0.0560
2025-12-08 14:15:04 | INFO | Epoch 42/150 - Train Loss: 0.0627, Val Loss: 0.0550
2025-12-08 14:15:24 | INFO | Epoch 43/150 - Train Loss: 0.0610, Val Loss: 0.0568
2025-12-08 14:15:46 | INFO | Epoch 44/150 - Train Loss: 0.0615, Val Loss: 0.0569
2025-12-08 14:16:08 | INFO | Epoch 45/150 - Train Loss: 0.0605, Val Loss: 0.0547
2025-12-08 14:16:08 | INFO | New best model saved! Val Loss: 0.0547
2025-12-08 14:16:29 | INFO | Epoch 46/150 - Train Loss: 0.0610, Val Loss: 0.0553
2025-12-08 14:16:50 | INFO | Epoch 47/150 - Train Loss: 0.0603, Val Loss: 0.0553
2025-12-08 14:17:10 | INFO | Epoch 48/150 - Train Loss: 0.0598, Val Loss: 0.0544
2025-12-08 14:17:11 | INFO | New best model saved! Val Loss: 0.0544
2025-12-08 14:17:32 | INFO | Epoch 49/150 - Train Loss: 0.0591, Val Loss: 0.0536
2025-12-08 14:17:32 | INFO | New best model saved! Val Loss: 0.0536
2025-12-08 14:17:56 | INFO | Epoch 50/150 - Train Loss: 0.0591, Val Loss: 0.0557
2025-12-08 14:18:19 | INFO | Epoch 51/150 - Train Loss: 0.0586, Val Loss: 0.0566
2025-12-08 14:18:44 | INFO | Epoch 52/150 - Train Loss: 0.0585, Val Loss: 0.0575
2025-12-08 14:19:08 | INFO | Epoch 53/150 - Train Loss: 0.0571, Val Loss: 0.0582
2025-12-08 14:19:30 | INFO | Epoch 54/150 - Train Loss: 0.0576, Val Loss: 0.0559
2025-12-08 14:19:52 | INFO | Epoch 55/150 - Train Loss: 0.0557, Val Loss: 0.0528
2025-12-08 14:19:53 | INFO | New best model saved! Val Loss: 0.0528
2025-12-08 14:20:14 | INFO | Epoch 56/150 - Train Loss: 0.0562, Val Loss: 0.0563
2025-12-08 14:20:37 | INFO | Epoch 57/150 - Train Loss: 0.0560, Val Loss: 0.0541
2025-12-08 14:20:59 | INFO | Epoch 58/150 - Train Loss: 0.0557, Val Loss: 0.0568
2025-12-08 14:21:19 | INFO | Epoch 59/150 - Train Loss: 0.0563, Val Loss: 0.0532
2025-12-08 14:21:41 | INFO | Epoch 60/150 - Train Loss: 0.0555, Val Loss: 0.0557
2025-12-08 14:22:02 | INFO | Epoch 61/150 - Train Loss: 0.0559, Val Loss: 0.0537
2025-12-08 14:22:23 | INFO | Epoch 62/150 - Train Loss: 0.0552, Val Loss: 0.0547
2025-12-08 14:22:44 | INFO | Epoch 63/150 - Train Loss: 0.0548, Val Loss: 0.0535
2025-12-08 14:23:05 | INFO | Epoch 64/150 - Train Loss: 0.0543, Val Loss: 0.0556
2025-12-08 14:23:29 | INFO | Epoch 65/150 - Train Loss: 0.0535, Val Loss: 0.0552
2025-12-08 14:23:52 | INFO | Epoch 66/150 - Train Loss: 0.0537, Val Loss: 0.0564
2025-12-08 14:24:14 | INFO | Epoch 67/150 - Train Loss: 0.0530, Val Loss: 0.0565
2025-12-08 14:24:38 | INFO | Epoch 68/150 - Train Loss: 0.0533, Val Loss: 0.0537
2025-12-08 14:24:59 | INFO | Epoch 69/150 - Train Loss: 0.0528, Val Loss: 0.0536
2025-12-08 14:25:20 | INFO | Epoch 70/150 - Train Loss: 0.0532, Val Loss: 0.0553
2025-12-08 14:25:41 | INFO | Epoch 71/150 - Train Loss: 0.0527, Val Loss: 0.0547
2025-12-08 14:26:03 | INFO | Epoch 72/150 - Train Loss: 0.0515, Val Loss: 0.0540
2025-12-08 14:26:23 | INFO | Epoch 73/150 - Train Loss: 0.0522, Val Loss: 0.0548
2025-12-08 14:26:55 | INFO | Epoch 74/150 - Train Loss: 0.0512, Val Loss: 0.0556
2025-12-08 14:27:16 | INFO | Epoch 75/150 - Train Loss: 0.0518, Val Loss: 0.0533
2025-12-08 14:27:37 | INFO | Epoch 76/150 - Train Loss: 0.0514, Val Loss: 0.0538
2025-12-08 14:27:57 | INFO | Epoch 77/150 - Train Loss: 0.0512, Val Loss: 0.0548
2025-12-08 14:28:17 | INFO | Epoch 78/150 - Train Loss: 0.0514, Val Loss: 0.0547
2025-12-08 14:28:38 | INFO | Epoch 79/150 - Train Loss: 0.0509, Val Loss: 0.0538
2025-12-08 14:28:59 | INFO | Epoch 80/150 - Train Loss: 0.0491, Val Loss: 0.0543
2025-12-08 14:29:21 | INFO | Epoch 81/150 - Train Loss: 0.0505, Val Loss: 0.0550
2025-12-08 14:29:42 | INFO | Epoch 82/150 - Train Loss: 0.0500, Val Loss: 0.0526
2025-12-08 14:29:42 | INFO | New best model saved! Val Loss: 0.0526
2025-12-08 14:30:05 | INFO | Epoch 83/150 - Train Loss: 0.0498, Val Loss: 0.0544
2025-12-08 14:30:29 | INFO | Epoch 84/150 - Train Loss: 0.0502, Val Loss: 0.0559
2025-12-08 14:30:51 | INFO | Epoch 85/150 - Train Loss: 0.0487, Val Loss: 0.0547
2025-12-08 14:31:14 | INFO | Epoch 86/150 - Train Loss: 0.0489, Val Loss: 0.0531
2025-12-08 14:31:35 | INFO | Epoch 87/150 - Train Loss: 0.0492, Val Loss: 0.0535
2025-12-08 14:32:02 | INFO | Epoch 88/150 - Train Loss: 0.0486, Val Loss: 0.0544
2025-12-08 14:32:23 | INFO | Epoch 89/150 - Train Loss: 0.0487, Val Loss: 0.0541
2025-12-08 14:32:45 | INFO | Epoch 90/150 - Train Loss: 0.0486, Val Loss: 0.0538
2025-12-08 14:33:05 | INFO | Epoch 91/150 - Train Loss: 0.0481, Val Loss: 0.0536
2025-12-08 14:33:26 | INFO | Epoch 92/150 - Train Loss: 0.0477, Val Loss: 0.0537
2025-12-08 14:33:46 | INFO | Epoch 93/150 - Train Loss: 0.0485, Val Loss: 0.0570
2025-12-08 14:34:06 | INFO | Epoch 94/150 - Train Loss: 0.0475, Val Loss: 0.0550
2025-12-08 14:34:27 | INFO | Epoch 95/150 - Train Loss: 0.0482, Val Loss: 0.0548
2025-12-08 14:34:47 | INFO | Epoch 96/150 - Train Loss: 0.0474, Val Loss: 0.0565
2025-12-08 14:35:07 | INFO | Epoch 97/150 - Train Loss: 0.0467, Val Loss: 0.0549
2025-12-08 14:35:27 | INFO | Epoch 98/150 - Train Loss: 0.0476, Val Loss: 0.0552
2025-12-08 14:35:47 | INFO | Epoch 99/150 - Train Loss: 0.0472, Val Loss: 0.0541
2025-12-08 14:36:07 | INFO | Epoch 100/150 - Train Loss: 0.0459, Val Loss: 0.0539
2025-12-08 14:36:27 | INFO | Epoch 101/150 - Train Loss: 0.0466, Val Loss: 0.0557
2025-12-08 14:36:48 | INFO | Epoch 102/150 - Train Loss: 0.0462, Val Loss: 0.0553
2025-12-08 14:37:09 | INFO | Epoch 103/150 - Train Loss: 0.0458, Val Loss: 0.0561
2025-12-08 14:37:29 | INFO | Epoch 104/150 - Train Loss: 0.0463, Val Loss: 0.0537
2025-12-08 14:37:50 | INFO | Epoch 105/150 - Train Loss: 0.0459, Val Loss: 0.0539
2025-12-08 14:38:10 | INFO | Epoch 106/150 - Train Loss: 0.0455, Val Loss: 0.0543
2025-12-08 14:38:30 | INFO | Epoch 107/150 - Train Loss: 0.0449, Val Loss: 0.0546
2025-12-08 14:38:50 | INFO | Epoch 108/150 - Train Loss: 0.0467, Val Loss: 0.0541
2025-12-08 14:39:11 | INFO | Epoch 109/150 - Train Loss: 0.0461, Val Loss: 0.0531
2025-12-08 14:39:31 | INFO | Epoch 110/150 - Train Loss: 0.0448, Val Loss: 0.0554
2025-12-08 14:39:51 | INFO | Epoch 111/150 - Train Loss: 0.0449, Val Loss: 0.0532
2025-12-08 14:40:14 | INFO | Epoch 112/150 - Train Loss: 0.0449, Val Loss: 0.0549
2025-12-08 14:40:34 | INFO | Epoch 113/150 - Train Loss: 0.0447, Val Loss: 0.0550
2025-12-08 14:40:54 | INFO | Epoch 114/150 - Train Loss: 0.0448, Val Loss: 0.0543
2025-12-08 14:41:15 | INFO | Epoch 115/150 - Train Loss: 0.0447, Val Loss: 0.0537
2025-12-08 14:41:35 | INFO | Epoch 116/150 - Train Loss: 0.0448, Val Loss: 0.0544
2025-12-08 14:42:07 | INFO | Epoch 117/150 - Train Loss: 0.0450, Val Loss: 0.0532
2025-12-08 14:42:27 | INFO | Epoch 118/150 - Train Loss: 0.0444, Val Loss: 0.0530
2025-12-08 14:42:47 | INFO | Epoch 119/150 - Train Loss: 0.0437, Val Loss: 0.0524
2025-12-08 14:42:47 | INFO | New best model saved! Val Loss: 0.0524
2025-12-08 14:43:08 | INFO | Epoch 120/150 - Train Loss: 0.0446, Val Loss: 0.0525
2025-12-08 14:43:28 | INFO | Epoch 121/150 - Train Loss: 0.0438, Val Loss: 0.0534
2025-12-08 14:43:49 | INFO | Epoch 122/150 - Train Loss: 0.0449, Val Loss: 0.0536
2025-12-08 14:44:10 | INFO | Epoch 123/150 - Train Loss: 0.0439, Val Loss: 0.0529
2025-12-08 14:44:31 | INFO | Epoch 124/150 - Train Loss: 0.0445, Val Loss: 0.0527
2025-12-08 14:44:57 | INFO | Epoch 125/150 - Train Loss: 0.0443, Val Loss: 0.0528
2025-12-08 14:45:17 | INFO | Epoch 126/150 - Train Loss: 0.0444, Val Loss: 0.0522
2025-12-08 14:45:17 | INFO | New best model saved! Val Loss: 0.0522
2025-12-08 14:45:37 | INFO | Epoch 127/150 - Train Loss: 0.0434, Val Loss: 0.0528
2025-12-08 14:45:58 | INFO | Epoch 128/150 - Train Loss: 0.0438, Val Loss: 0.0534
2025-12-08 14:46:19 | INFO | Epoch 129/150 - Train Loss: 0.0438, Val Loss: 0.0545
2025-12-08 14:46:40 | INFO | Epoch 130/150 - Train Loss: 0.0436, Val Loss: 0.0527
2025-12-08 14:47:00 | INFO | Epoch 131/150 - Train Loss: 0.0434, Val Loss: 0.0530
2025-12-08 14:47:19 | INFO | Epoch 132/150 - Train Loss: 0.0439, Val Loss: 0.0530
2025-12-08 14:47:40 | INFO | Epoch 133/150 - Train Loss: 0.0437, Val Loss: 0.0537
2025-12-08 14:48:01 | INFO | Epoch 134/150 - Train Loss: 0.0435, Val Loss: 0.0534
2025-12-08 14:48:20 | INFO | Epoch 135/150 - Train Loss: 0.0437, Val Loss: 0.0530
2025-12-08 14:48:40 | INFO | Epoch 136/150 - Train Loss: 0.0433, Val Loss: 0.0533
2025-12-08 14:49:01 | INFO | Epoch 137/150 - Train Loss: 0.0434, Val Loss: 0.0539
2025-12-08 14:49:22 | INFO | Epoch 138/150 - Train Loss: 0.0435, Val Loss: 0.0535
2025-12-08 14:49:42 | INFO | Epoch 139/150 - Train Loss: 0.0435, Val Loss: 0.0530
2025-12-08 14:50:03 | INFO | Epoch 140/150 - Train Loss: 0.0424, Val Loss: 0.0530
2025-12-08 14:50:23 | INFO | Epoch 141/150 - Train Loss: 0.0433, Val Loss: 0.0526
2025-12-08 14:50:49 | INFO | Epoch 142/150 - Train Loss: 0.0430, Val Loss: 0.0526
2025-12-08 14:51:12 | INFO | Epoch 143/150 - Train Loss: 0.0434, Val Loss: 0.0535
2025-12-08 14:51:33 | INFO | Epoch 144/150 - Train Loss: 0.0430, Val Loss: 0.0540
2025-12-08 14:51:54 | INFO | Epoch 145/150 - Train Loss: 0.0432, Val Loss: 0.0529
2025-12-08 14:52:16 | INFO | Epoch 146/150 - Train Loss: 0.0429, Val Loss: 0.0536
2025-12-08 14:52:37 | INFO | Epoch 147/150 - Train Loss: 0.0438, Val Loss: 0.0541
2025-12-08 14:52:58 | INFO | Epoch 148/150 - Train Loss: 0.0425, Val Loss: 0.0534
2025-12-08 14:53:19 | INFO | Epoch 149/150 - Train Loss: 0.0431, Val Loss: 0.0539
2025-12-08 14:53:41 | INFO | Epoch 150/150 - Train Loss: 0.0428, Val Loss: 0.0530
2025-12-08 14:53:41 | INFO | Training completed!
2025-12-08 14:53:41 | INFO | Training history plot saved: logs\training_history.png
2025-12-08 14:53:41 | INFO | Training script completed successfully!
