2025-12-08 12:08:19 | INFO | ================================================================================
2025-12-08 12:08:19 | INFO | KEYSTROKE DYNAMICS - ZERO TRUST TELEHEALTH PLATFORM
2025-12-08 12:08:19 | INFO | ================================================================================
2025-12-08 12:08:19 | INFO | Starting testing pipeline...
2025-12-08 12:08:19 | INFO | Loading configuration from: config.yaml
2025-12-08 12:08:19 | INFO | Configuration loaded successfully
2025-12-08 12:08:19 | INFO | Using device: cpu
2025-12-08 12:08:19 | INFO | KeystrokePreprocessor initialized
2025-12-08 12:08:19 | INFO | AnomalyDetector initialized with method: isolation_forest
2025-12-08 12:08:19 | INFO | Loading model from: models/checkpoints\best_model.pth
2025-12-08 12:08:19 | INFO | Running comprehensive tests...
2025-12-08 12:08:19 | INFO | Loading test dataset...
2025-12-08 12:08:19 | INFO | Loading DSL dataset from: Dataset\DSL-StrongPasswordData-Original_Dataset.xls
2025-12-08 12:08:21 | INFO | Loaded dataset: 20400 samples, 34 features
2025-12-08 12:08:21 | INFO | Subjects: 51
2025-12-08 12:08:21 | INFO | Splitting dataset by subject...
2025-12-08 12:08:21 | INFO | Split: Train=12000 (30 subjects), Val=4000 (10 subjects), Test=4400 (11 subjects)
2025-12-08 12:08:21 | INFO | Running preprocessing pipeline...
2025-12-08 12:08:21 | INFO | Extracting timing features...
2025-12-08 12:08:21 | INFO | Extracted 31 timing features
2025-12-08 12:08:21 | INFO | Feature types: 11 hold, 10 DD, 10 UD
2025-12-08 12:08:21 | INFO | Handling outliers...
2025-12-08 12:08:21 | INFO | Clipped 1791 outlier values
2025-12-08 12:08:21 | INFO | Computing statistical features...
2025-12-08 12:08:21 | INFO | Added 7 statistical features
2025-12-08 12:08:21 | WARNING | Scaler not fitted, fitting now...
2025-12-08 12:08:21 | INFO | Preprocessing complete: torch.Size([4400, 38])
2025-12-08 12:08:21 | INFO | Test data loaded: torch.Size([4400, 38])
2025-12-08 12:08:21 | INFO | KeystrokeEmbeddingModel initialized: 38 -> 128
2025-12-08 12:08:21 | INFO | Architecture: [256, 512, 256, 128]
2025-12-08 12:08:21 | INFO | Model loaded successfully
2025-12-08 12:08:21 | INFO | Evaluating verification performance...
2025-12-08 12:08:21 | INFO | KeystrokeVerifier initialized
2025-12-08 12:08:21 | INFO | Adaptive threshold: True
2025-12-08 12:08:21 | INFO | Enrolling user: s004
2025-12-08 12:08:21 | INFO | Adaptive threshold for s004: 0.6731 (mean: 0.9069, std: 0.0779)
2025-12-08 12:08:21 | INFO | User s004 enrolled successfully with 50 samples
2025-12-08 12:08:21 | INFO | Verification: s004 - Verified=True, Confidence=0.773, Latency=2.4ms
2025-12-08 12:08:21 | INFO | Verification: s004 - Verified=True, Confidence=0.880, Latency=5.6ms
2025-12-08 12:08:21 | INFO | Verification: s004 - Verified=True, Confidence=0.955, Latency=1.4ms
2025-12-08 12:08:21 | INFO | Verification: s004 - Verified=True, Confidence=0.805, Latency=2.0ms
2025-12-08 12:08:21 | INFO | Verification: s004 - Verified=True, Confidence=0.928, Latency=2.5ms
2025-12-08 12:08:21 | INFO | Verification: s004 - Verified=True, Confidence=0.887, Latency=2.0ms
2025-12-08 12:08:21 | INFO | Verification: s004 - Verified=True, Confidence=0.991, Latency=1.3ms
2025-12-08 12:08:21 | INFO | Verification: s004 - Verified=True, Confidence=0.919, Latency=5.4ms
2025-12-08 12:08:21 | INFO | Verification: s004 - Verified=True, Confidence=0.884, Latency=2.3ms
2025-12-08 12:08:21 | INFO | Verification: s004 - Verified=True, Confidence=0.970, Latency=2.0ms
2025-12-08 12:08:21 | INFO | Verification: s004 - Verified=True, Confidence=0.946, Latency=2.0ms
2025-12-08 12:08:21 | INFO | Verification: s004 - Verified=True, Confidence=0.914, Latency=2.0ms
2025-12-08 12:08:21 | INFO | Verification: s004 - Verified=True, Confidence=0.887, Latency=6.2ms
2025-12-08 12:08:21 | INFO | Verification: s004 - Verified=True, Confidence=0.954, Latency=3.2ms
2025-12-08 12:08:21 | INFO | Verification: s004 - Verified=True, Confidence=0.966, Latency=3.0ms
2025-12-08 12:08:21 | INFO | Verification: s004 - Verified=True, Confidence=0.941, Latency=6.0ms
2025-12-08 12:08:21 | INFO | Verification: s004 - Verified=True, Confidence=0.911, Latency=3.0ms
2025-12-08 12:08:21 | INFO | Verification: s004 - Verified=True, Confidence=0.898, Latency=4.2ms
2025-12-08 12:08:21 | INFO | Verification: s004 - Verified=False, Confidence=0.098, Latency=9.1ms
2025-12-08 12:08:21 | INFO | Verification: s004 - Verified=True, Confidence=0.901, Latency=2.0ms
2025-12-08 12:08:21 | INFO | Verification: s004 - Verified=True, Confidence=0.949, Latency=9.1ms
2025-12-08 12:08:21 | INFO | Verification: s004 - Verified=True, Confidence=0.919, Latency=5.0ms
2025-12-08 12:08:21 | INFO | Verification: s004 - Verified=True, Confidence=0.978, Latency=3.0ms
2025-12-08 12:08:21 | INFO | Verification: s004 - Verified=True, Confidence=0.991, Latency=3.4ms
2025-12-08 12:08:21 | INFO | Verification: s004 - Verified=True, Confidence=0.925, Latency=3.0ms
2025-12-08 12:08:21 | INFO | Verification: s004 - Verified=False, Confidence=0.335, Latency=2.0ms
2025-12-08 12:08:21 | INFO | Verification: s004 - Verified=False, Confidence=0.206, Latency=2.0ms
2025-12-08 12:08:21 | INFO | Verification: s004 - Verified=False, Confidence=0.079, Latency=6.0ms
2025-12-08 12:08:21 | INFO | Verification: s004 - Verified=False, Confidence=0.177, Latency=3.5ms
2025-12-08 12:08:21 | INFO | Verification: s004 - Verified=False, Confidence=0.494, Latency=4.0ms
2025-12-08 12:08:21 | INFO | Verification: s004 - Verified=False, Confidence=0.503, Latency=1.0ms
2025-12-08 12:08:21 | INFO | Verification: s004 - Verified=True, Confidence=0.819, Latency=4.5ms
2025-12-08 12:08:21 | INFO | Verification: s004 - Verified=True, Confidence=0.890, Latency=2.0ms
2025-12-08 12:08:21 | INFO | Verification: s004 - Verified=False, Confidence=0.513, Latency=1.5ms
2025-12-08 12:08:21 | INFO | Verification: s004 - Verified=True, Confidence=0.694, Latency=3.3ms
2025-12-08 12:08:21 | INFO | Verification: s004 - Verified=False, Confidence=0.499, Latency=2.3ms
2025-12-08 12:08:21 | INFO | Verification: s004 - Verified=False, Confidence=0.600, Latency=3.0ms
2025-12-08 12:08:21 | INFO | Verification: s004 - Verified=False, Confidence=0.528, Latency=4.4ms
2025-12-08 12:08:21 | INFO | Verification: s004 - Verified=False, Confidence=0.631, Latency=2.6ms
2025-12-08 12:08:21 | INFO | Verification: s004 - Verified=False, Confidence=0.607, Latency=1.1ms
2025-12-08 12:08:21 | INFO | Verification: s004 - Verified=False, Confidence=0.611, Latency=3.0ms
2025-12-08 12:08:21 | INFO | Verification: s004 - Verified=False, Confidence=0.467, Latency=2.0ms
2025-12-08 12:08:21 | INFO | Verification: s004 - Verified=False, Confidence=0.165, Latency=2.0ms
2025-12-08 12:08:21 | INFO | Verification: s004 - Verified=False, Confidence=0.629, Latency=3.0ms
2025-12-08 12:08:21 | INFO | Verification: s004 - Verified=False, Confidence=0.489, Latency=6.2ms
2025-12-08 12:08:21 | INFO | Verification: s004 - Verified=False, Confidence=0.203, Latency=2.2ms
2025-12-08 12:08:21 | INFO | Verification: s004 - Verified=False, Confidence=0.000, Latency=2.6ms
2025-12-08 12:08:21 | INFO | Verification: s004 - Verified=False, Confidence=0.129, Latency=2.5ms
2025-12-08 12:08:21 | INFO | Verification: s004 - Verified=False, Confidence=0.000, Latency=3.3ms
2025-12-08 12:08:21 | INFO | Verification: s004 - Verified=False, Confidence=0.000, Latency=3.0ms
2025-12-08 12:08:21 | INFO | Enrolling user: s005
2025-12-08 12:08:22 | INFO | Adaptive threshold for s005: 0.7828 (mean: 0.9481, std: 0.0551)
2025-12-08 12:08:22 | INFO | User s005 enrolled successfully with 50 samples
2025-12-08 12:08:22 | INFO | Verification: s005 - Verified=False, Confidence=0.746, Latency=3.3ms
2025-12-08 12:08:22 | INFO | Verification: s005 - Verified=True, Confidence=0.840, Latency=4.0ms
2025-12-08 12:08:22 | INFO | Verification: s005 - Verified=True, Confidence=0.931, Latency=3.3ms
2025-12-08 12:08:22 | INFO | Verification: s005 - Verified=True, Confidence=0.981, Latency=3.1ms
2025-12-08 12:08:22 | INFO | Verification: s005 - Verified=True, Confidence=0.970, Latency=2.0ms
2025-12-08 12:08:22 | INFO | Verification: s005 - Verified=True, Confidence=0.959, Latency=1.1ms
2025-12-08 12:08:22 | INFO | Verification: s005 - Verified=True, Confidence=0.932, Latency=2.1ms
2025-12-08 12:08:22 | INFO | Verification: s005 - Verified=True, Confidence=0.982, Latency=5.4ms
2025-12-08 12:08:22 | INFO | Verification: s005 - Verified=True, Confidence=0.981, Latency=1.0ms
2025-12-08 12:08:22 | INFO | Verification: s005 - Verified=True, Confidence=0.945, Latency=2.0ms
2025-12-08 12:08:22 | INFO | Verification: s005 - Verified=True, Confidence=0.966, Latency=1.0ms
2025-12-08 12:08:22 | INFO | Verification: s005 - Verified=True, Confidence=0.977, Latency=1.0ms
2025-12-08 12:08:22 | INFO | Verification: s005 - Verified=True, Confidence=0.969, Latency=5.0ms
2025-12-08 12:08:22 | INFO | Verification: s005 - Verified=True, Confidence=0.943, Latency=1.0ms
2025-12-08 12:08:22 | INFO | Verification: s005 - Verified=True, Confidence=0.873, Latency=3.9ms
2025-12-08 12:08:22 | INFO | Verification: s005 - Verified=True, Confidence=0.978, Latency=2.1ms
2025-12-08 12:08:22 | INFO | Verification: s005 - Verified=True, Confidence=0.909, Latency=1.2ms
2025-12-08 12:08:22 | INFO | Verification: s005 - Verified=True, Confidence=0.983, Latency=5.7ms
2025-12-08 12:08:22 | INFO | Verification: s005 - Verified=True, Confidence=0.979, Latency=2.0ms
2025-12-08 12:08:22 | INFO | Verification: s005 - Verified=True, Confidence=0.972, Latency=2.3ms
2025-12-08 12:08:22 | INFO | Verification: s005 - Verified=True, Confidence=0.986, Latency=1.3ms
2025-12-08 12:08:22 | INFO | Verification: s005 - Verified=True, Confidence=0.971, Latency=2.6ms
2025-12-08 12:08:22 | INFO | Verification: s005 - Verified=True, Confidence=0.923, Latency=5.3ms
2025-12-08 12:08:22 | INFO | Verification: s005 - Verified=True, Confidence=0.980, Latency=3.3ms
2025-12-08 12:08:22 | INFO | Verification: s005 - Verified=True, Confidence=0.964, Latency=2.0ms
2025-12-08 12:08:22 | INFO | Verification: s005 - Verified=False, Confidence=0.592, Latency=2.2ms
2025-12-08 12:08:22 | INFO | Verification: s005 - Verified=False, Confidence=0.605, Latency=6.0ms
2025-12-08 12:08:22 | INFO | Verification: s005 - Verified=False, Confidence=0.614, Latency=3.0ms
2025-12-08 12:08:22 | INFO | Verification: s005 - Verified=False, Confidence=0.514, Latency=2.4ms
2025-12-08 12:08:22 | INFO | Verification: s005 - Verified=False, Confidence=0.636, Latency=2.4ms
2025-12-08 12:08:22 | INFO | Verification: s005 - Verified=False, Confidence=0.305, Latency=3.3ms
2025-12-08 12:08:22 | INFO | Verification: s005 - Verified=False, Confidence=0.635, Latency=2.0ms
2025-12-08 12:08:22 | INFO | Verification: s005 - Verified=False, Confidence=0.212, Latency=39.5ms
2025-12-08 12:08:22 | INFO | Verification: s005 - Verified=False, Confidence=0.000, Latency=54.3ms
2025-12-08 12:08:22 | INFO | Verification: s005 - Verified=False, Confidence=0.258, Latency=5.3ms
2025-12-08 12:08:22 | INFO | Verification: s005 - Verified=False, Confidence=0.664, Latency=20.9ms
2025-12-08 12:08:22 | INFO | Verification: s005 - Verified=False, Confidence=0.582, Latency=3.0ms
2025-12-08 12:08:22 | INFO | Verification: s005 - Verified=False, Confidence=0.676, Latency=2.0ms
2025-12-08 12:08:22 | INFO | Verification: s005 - Verified=False, Confidence=0.530, Latency=3.0ms
2025-12-08 12:08:22 | INFO | Verification: s005 - Verified=False, Confidence=0.707, Latency=3.0ms
2025-12-08 12:08:22 | INFO | Verification: s005 - Verified=False, Confidence=0.308, Latency=3.3ms
2025-12-08 12:08:22 | INFO | Verification: s005 - Verified=False, Confidence=0.172, Latency=1.3ms
2025-12-08 12:08:22 | INFO | Verification: s005 - Verified=False, Confidence=0.140, Latency=6.1ms
2025-12-08 12:08:22 | INFO | Verification: s005 - Verified=False, Confidence=0.347, Latency=3.0ms
2025-12-08 12:08:22 | INFO | Verification: s005 - Verified=False, Confidence=0.000, Latency=3.0ms
2025-12-08 12:08:22 | INFO | Verification: s005 - Verified=False, Confidence=0.373, Latency=1.1ms
2025-12-08 12:08:22 | INFO | Verification: s005 - Verified=False, Confidence=0.139, Latency=3.2ms
2025-12-08 12:08:22 | INFO | Verification: s005 - Verified=False, Confidence=0.286, Latency=4.0ms
2025-12-08 12:08:22 | INFO | Verification: s005 - Verified=False, Confidence=0.424, Latency=3.0ms
2025-12-08 12:08:22 | INFO | Verification: s005 - Verified=False, Confidence=0.389, Latency=3.4ms
2025-12-08 12:08:22 | INFO | Enrolling user: s011
2025-12-08 12:08:22 | INFO | Adaptive threshold for s011: 0.5657 (mean: 0.8404, std: 0.0916)
2025-12-08 12:08:22 | INFO | User s011 enrolled successfully with 50 samples
2025-12-08 12:08:22 | INFO | Verification: s011 - Verified=True, Confidence=0.674, Latency=3.0ms
2025-12-08 12:08:22 | INFO | Verification: s011 - Verified=True, Confidence=0.964, Latency=2.2ms
2025-12-08 12:08:22 | INFO | Verification: s011 - Verified=True, Confidence=0.908, Latency=3.2ms
2025-12-08 12:08:22 | INFO | Verification: s011 - Verified=True, Confidence=0.958, Latency=1.2ms
2025-12-08 12:08:22 | INFO | Verification: s011 - Verified=True, Confidence=0.882, Latency=4.1ms
2025-12-08 12:08:22 | INFO | Verification: s011 - Verified=True, Confidence=0.873, Latency=3.0ms
2025-12-08 12:08:22 | INFO | Verification: s011 - Verified=True, Confidence=0.910, Latency=2.0ms
2025-12-08 12:08:22 | INFO | Verification: s011 - Verified=True, Confidence=0.838, Latency=1.3ms
2025-12-08 12:08:22 | INFO | Verification: s011 - Verified=True, Confidence=0.872, Latency=2.1ms
2025-12-08 12:08:22 | INFO | Verification: s011 - Verified=True, Confidence=0.954, Latency=4.3ms
2025-12-08 12:08:22 | INFO | Verification: s011 - Verified=True, Confidence=0.956, Latency=3.0ms
2025-12-08 12:08:22 | INFO | Verification: s011 - Verified=True, Confidence=0.918, Latency=2.2ms
2025-12-08 12:08:22 | INFO | Verification: s011 - Verified=True, Confidence=0.891, Latency=3.0ms
2025-12-08 12:08:22 | INFO | Verification: s011 - Verified=True, Confidence=0.760, Latency=2.9ms
2025-12-08 12:08:22 | INFO | Verification: s011 - Verified=True, Confidence=0.876, Latency=2.0ms
2025-12-08 12:08:22 | INFO | Verification: s011 - Verified=True, Confidence=0.942, Latency=4.2ms
2025-12-08 12:08:22 | INFO | Verification: s011 - Verified=True, Confidence=0.812, Latency=1.1ms
2025-12-08 12:08:22 | INFO | Verification: s011 - Verified=True, Confidence=0.664, Latency=2.0ms
2025-12-08 12:08:22 | INFO | Verification: s011 - Verified=True, Confidence=0.909, Latency=4.3ms
2025-12-08 12:08:22 | INFO | Verification: s011 - Verified=True, Confidence=0.837, Latency=4.0ms
2025-12-08 12:08:22 | INFO | Verification: s011 - Verified=True, Confidence=0.926, Latency=1.0ms
2025-12-08 12:08:22 | INFO | Verification: s011 - Verified=True, Confidence=0.909, Latency=1.4ms
2025-12-08 12:08:22 | INFO | Verification: s011 - Verified=True, Confidence=0.892, Latency=2.3ms
2025-12-08 12:08:22 | INFO | Verification: s011 - Verified=True, Confidence=0.952, Latency=3.7ms
2025-12-08 12:08:22 | INFO | Verification: s011 - Verified=True, Confidence=0.883, Latency=4.4ms
2025-12-08 12:08:22 | INFO | Verification: s011 - Verified=False, Confidence=0.401, Latency=2.3ms
2025-12-08 12:08:22 | INFO | Verification: s011 - Verified=False, Confidence=0.356, Latency=2.0ms
2025-12-08 12:08:22 | INFO | Verification: s011 - Verified=False, Confidence=0.450, Latency=3.3ms
2025-12-08 12:08:22 | INFO | Verification: s011 - Verified=True, Confidence=0.699, Latency=3.3ms
2025-12-08 12:08:22 | INFO | Verification: s011 - Verified=False, Confidence=0.454, Latency=3.0ms
2025-12-08 12:08:22 | INFO | Verification: s011 - Verified=False, Confidence=0.048, Latency=2.2ms
2025-12-08 12:08:22 | INFO | Verification: s011 - Verified=False, Confidence=0.000, Latency=3.4ms
2025-12-08 12:08:22 | INFO | Verification: s011 - Verified=False, Confidence=0.000, Latency=2.2ms
2025-12-08 12:08:22 | INFO | Verification: s011 - Verified=False, Confidence=0.000, Latency=3.0ms
2025-12-08 12:08:22 | INFO | Verification: s011 - Verified=False, Confidence=0.171, Latency=2.0ms
2025-12-08 12:08:22 | INFO | Verification: s011 - Verified=False, Confidence=0.205, Latency=1.0ms
2025-12-08 12:08:22 | INFO | Verification: s011 - Verified=False, Confidence=0.257, Latency=7.0ms
2025-12-08 12:08:22 | INFO | Verification: s011 - Verified=False, Confidence=0.223, Latency=3.0ms
2025-12-08 12:08:22 | INFO | Verification: s011 - Verified=False, Confidence=0.285, Latency=3.0ms
2025-12-08 12:08:22 | INFO | Verification: s011 - Verified=False, Confidence=0.299, Latency=6.0ms
2025-12-08 12:08:22 | INFO | Verification: s011 - Verified=False, Confidence=0.245, Latency=4.0ms
2025-12-08 12:08:22 | INFO | Verification: s011 - Verified=False, Confidence=0.105, Latency=2.5ms
2025-12-08 12:08:22 | INFO | Verification: s011 - Verified=False, Confidence=0.000, Latency=6.0ms
2025-12-08 12:08:22 | INFO | Verification: s011 - Verified=False, Confidence=0.267, Latency=5.0ms
2025-12-08 12:08:22 | INFO | Verification: s011 - Verified=False, Confidence=0.164, Latency=1.2ms
2025-12-08 12:08:22 | INFO | Verification: s011 - Verified=False, Confidence=0.156, Latency=1.2ms
2025-12-08 12:08:22 | INFO | Verification: s011 - Verified=False, Confidence=0.038, Latency=4.4ms
2025-12-08 12:08:22 | INFO | Verification: s011 - Verified=False, Confidence=0.150, Latency=3.0ms
2025-12-08 12:08:22 | INFO | Verification: s011 - Verified=False, Confidence=0.037, Latency=1.0ms
2025-12-08 12:08:22 | INFO | Verification: s011 - Verified=False, Confidence=0.059, Latency=2.7ms
2025-12-08 12:08:22 | INFO | Enrolling user: s016
2025-12-08 12:08:22 | INFO | Adaptive threshold for s016: 0.9152 (mean: 0.9776, std: 0.0208)
2025-12-08 12:08:22 | INFO | User s016 enrolled successfully with 50 samples
2025-12-08 12:08:22 | INFO | Verification: s016 - Verified=True, Confidence=0.986, Latency=1.4ms
2025-12-08 12:08:22 | INFO | Verification: s016 - Verified=True, Confidence=0.996, Latency=1.0ms
2025-12-08 12:08:22 | INFO | Verification: s016 - Verified=True, Confidence=0.986, Latency=1.2ms
2025-12-08 12:08:22 | INFO | Verification: s016 - Verified=True, Confidence=0.997, Latency=3.6ms
2025-12-08 12:08:22 | INFO | Verification: s016 - Verified=True, Confidence=0.992, Latency=2.0ms
2025-12-08 12:08:22 | INFO | Verification: s016 - Verified=True, Confidence=0.989, Latency=4.0ms
2025-12-08 12:08:22 | INFO | Verification: s016 - Verified=True, Confidence=0.992, Latency=1.1ms
2025-12-08 12:08:22 | INFO | Verification: s016 - Verified=True, Confidence=0.977, Latency=1.1ms
2025-12-08 12:08:22 | INFO | Verification: s016 - Verified=True, Confidence=0.991, Latency=3.2ms
2025-12-08 12:08:22 | INFO | Verification: s016 - Verified=True, Confidence=0.994, Latency=3.0ms
2025-12-08 12:08:22 | INFO | Verification: s016 - Verified=True, Confidence=0.995, Latency=3.0ms
2025-12-08 12:08:22 | INFO | Verification: s016 - Verified=True, Confidence=0.965, Latency=2.0ms
2025-12-08 12:08:22 | INFO | Verification: s016 - Verified=True, Confidence=0.998, Latency=4.2ms
2025-12-08 12:08:22 | INFO | Verification: s016 - Verified=True, Confidence=0.981, Latency=4.3ms
2025-12-08 12:08:22 | INFO | Verification: s016 - Verified=True, Confidence=0.986, Latency=2.0ms
2025-12-08 12:08:22 | INFO | Verification: s016 - Verified=True, Confidence=0.994, Latency=6.1ms
2025-12-08 12:08:22 | INFO | Verification: s016 - Verified=True, Confidence=0.995, Latency=5.0ms
2025-12-08 12:08:22 | INFO | Verification: s016 - Verified=True, Confidence=0.985, Latency=3.0ms
2025-12-08 12:08:22 | INFO | Verification: s016 - Verified=True, Confidence=0.995, Latency=6.5ms
2025-12-08 12:08:22 | INFO | Verification: s016 - Verified=True, Confidence=0.998, Latency=2.0ms
2025-12-08 12:08:22 | INFO | Verification: s016 - Verified=True, Confidence=0.993, Latency=4.0ms
2025-12-08 12:08:22 | INFO | Verification: s016 - Verified=True, Confidence=0.993, Latency=7.3ms
2025-12-08 12:08:22 | INFO | Verification: s016 - Verified=True, Confidence=0.992, Latency=3.0ms
2025-12-08 12:08:22 | INFO | Verification: s016 - Verified=True, Confidence=0.991, Latency=2.0ms
2025-12-08 12:08:22 | INFO | Verification: s016 - Verified=True, Confidence=0.989, Latency=5.2ms
2025-12-08 12:08:22 | INFO | Verification: s016 - Verified=True, Confidence=0.941, Latency=3.0ms
2025-12-08 12:08:22 | INFO | Verification: s016 - Verified=True, Confidence=0.959, Latency=2.3ms
2025-12-08 12:08:22 | INFO | Verification: s016 - Verified=True, Confidence=0.925, Latency=1.0ms
2025-12-08 12:08:22 | INFO | Verification: s016 - Verified=False, Confidence=0.829, Latency=1.3ms
2025-12-08 12:08:22 | INFO | Verification: s016 - Verified=True, Confidence=0.954, Latency=4.3ms
2025-12-08 12:08:22 | INFO | Verification: s016 - Verified=False, Confidence=0.881, Latency=3.0ms
2025-12-08 12:08:22 | INFO | Verification: s016 - Verified=False, Confidence=0.705, Latency=2.0ms
2025-12-08 12:08:22 | INFO | Verification: s016 - Verified=False, Confidence=0.514, Latency=1.4ms
2025-12-08 12:08:22 | INFO | Verification: s016 - Verified=False, Confidence=0.763, Latency=5.5ms
2025-12-08 12:08:22 | INFO | Verification: s016 - Verified=True, Confidence=0.975, Latency=3.0ms
2025-12-08 12:08:22 | INFO | Verification: s016 - Verified=False, Confidence=0.313, Latency=2.3ms
2025-12-08 12:08:22 | INFO | Verification: s016 - Verified=False, Confidence=0.511, Latency=6.7ms
2025-12-08 12:08:22 | INFO | Verification: s016 - Verified=False, Confidence=0.399, Latency=3.0ms
2025-12-08 12:08:22 | INFO | Verification: s016 - Verified=False, Confidence=0.032, Latency=2.0ms
2025-12-08 12:08:22 | INFO | Verification: s016 - Verified=False, Confidence=0.354, Latency=1.0ms
2025-12-08 12:08:22 | INFO | Verification: s016 - Verified=False, Confidence=0.849, Latency=2.0ms
2025-12-08 12:08:22 | INFO | Verification: s016 - Verified=False, Confidence=0.799, Latency=3.0ms
2025-12-08 12:08:22 | INFO | Verification: s016 - Verified=False, Confidence=0.366, Latency=2.0ms
2025-12-08 12:08:22 | INFO | Verification: s016 - Verified=False, Confidence=0.871, Latency=2.0ms
2025-12-08 12:08:22 | INFO | Verification: s016 - Verified=False, Confidence=0.528, Latency=1.4ms
2025-12-08 12:08:22 | INFO | Verification: s016 - Verified=False, Confidence=0.569, Latency=3.3ms
2025-12-08 12:08:22 | INFO | Verification: s016 - Verified=False, Confidence=0.141, Latency=4.0ms
2025-12-08 12:08:22 | INFO | Verification: s016 - Verified=False, Confidence=0.451, Latency=2.0ms
2025-12-08 12:08:22 | INFO | Verification: s016 - Verified=False, Confidence=0.287, Latency=1.0ms
2025-12-08 12:08:22 | INFO | Verification: s016 - Verified=False, Confidence=0.328, Latency=5.2ms
2025-12-08 12:08:22 | INFO | Enrolling user: s024
2025-12-08 12:08:22 | INFO | Adaptive threshold for s024: 0.7371 (mean: 0.9434, std: 0.0688)
2025-12-08 12:08:22 | INFO | User s024 enrolled successfully with 50 samples
2025-12-08 12:08:23 | INFO | Verification: s024 - Verified=True, Confidence=0.863, Latency=3.3ms
2025-12-08 12:08:23 | INFO | Verification: s024 - Verified=True, Confidence=0.879, Latency=3.0ms
2025-12-08 12:08:23 | INFO | Verification: s024 - Verified=False, Confidence=0.711, Latency=1.5ms
2025-12-08 12:08:23 | INFO | Verification: s024 - Verified=True, Confidence=0.941, Latency=4.0ms
2025-12-08 12:08:23 | INFO | Verification: s024 - Verified=True, Confidence=0.975, Latency=6.0ms
2025-12-08 12:08:23 | INFO | Verification: s024 - Verified=True, Confidence=0.958, Latency=3.0ms
2025-12-08 12:08:23 | INFO | Verification: s024 - Verified=True, Confidence=0.806, Latency=2.0ms
2025-12-08 12:08:23 | INFO | Verification: s024 - Verified=True, Confidence=0.887, Latency=1.0ms
2025-12-08 12:08:23 | INFO | Verification: s024 - Verified=True, Confidence=0.993, Latency=2.0ms
2025-12-08 12:08:23 | INFO | Verification: s024 - Verified=True, Confidence=0.976, Latency=4.0ms
2025-12-08 12:08:23 | INFO | Verification: s024 - Verified=True, Confidence=0.950, Latency=3.4ms
2025-12-08 12:08:23 | INFO | Verification: s024 - Verified=True, Confidence=0.997, Latency=3.4ms
2025-12-08 12:08:23 | INFO | Verification: s024 - Verified=True, Confidence=0.910, Latency=3.0ms
2025-12-08 12:08:23 | INFO | Verification: s024 - Verified=True, Confidence=0.994, Latency=2.0ms
2025-12-08 12:08:23 | INFO | Verification: s024 - Verified=True, Confidence=0.799, Latency=2.0ms
2025-12-08 12:08:23 | INFO | Verification: s024 - Verified=True, Confidence=0.967, Latency=2.2ms
2025-12-08 12:08:23 | INFO | Verification: s024 - Verified=True, Confidence=0.915, Latency=4.4ms
2025-12-08 12:08:23 | INFO | Verification: s024 - Verified=True, Confidence=0.951, Latency=2.0ms
2025-12-08 12:08:23 | INFO | Verification: s024 - Verified=True, Confidence=0.928, Latency=2.5ms
2025-12-08 12:08:23 | INFO | Verification: s024 - Verified=True, Confidence=0.967, Latency=3.8ms
2025-12-08 12:08:23 | INFO | Verification: s024 - Verified=True, Confidence=0.974, Latency=4.0ms
2025-12-08 12:08:23 | INFO | Verification: s024 - Verified=True, Confidence=0.987, Latency=3.0ms
2025-12-08 12:08:23 | INFO | Verification: s024 - Verified=True, Confidence=0.964, Latency=3.0ms
2025-12-08 12:08:23 | INFO | Verification: s024 - Verified=True, Confidence=0.957, Latency=5.2ms
2025-12-08 12:08:23 | INFO | Verification: s024 - Verified=True, Confidence=0.947, Latency=2.0ms
2025-12-08 12:08:23 | INFO | Verification: s024 - Verified=False, Confidence=0.530, Latency=1.5ms
2025-12-08 12:08:23 | INFO | Verification: s024 - Verified=False, Confidence=0.562, Latency=4.0ms
2025-12-08 12:08:23 | INFO | Verification: s024 - Verified=False, Confidence=0.514, Latency=3.4ms
2025-12-08 12:08:23 | INFO | Verification: s024 - Verified=False, Confidence=0.292, Latency=1.3ms
2025-12-08 12:08:23 | INFO | Verification: s024 - Verified=False, Confidence=0.393, Latency=1.2ms
2025-12-08 12:08:23 | INFO | Verification: s024 - Verified=False, Confidence=0.187, Latency=5.0ms
2025-12-08 12:08:23 | INFO | Verification: s024 - Verified=False, Confidence=0.012, Latency=3.0ms
2025-12-08 12:08:23 | INFO | Verification: s024 - Verified=False, Confidence=0.035, Latency=3.0ms
2025-12-08 12:08:23 | INFO | Verification: s024 - Verified=False, Confidence=0.000, Latency=3.4ms
2025-12-08 12:08:23 | INFO | Verification: s024 - Verified=False, Confidence=0.339, Latency=8.4ms
2025-12-08 12:08:23 | INFO | Verification: s024 - Verified=False, Confidence=0.000, Latency=4.0ms
2025-12-08 12:08:23 | INFO | Verification: s024 - Verified=False, Confidence=0.214, Latency=1.0ms
2025-12-08 12:08:23 | INFO | Verification: s024 - Verified=False, Confidence=0.313, Latency=6.0ms
2025-12-08 12:08:23 | INFO | Verification: s024 - Verified=False, Confidence=0.000, Latency=2.0ms
2025-12-08 12:08:23 | INFO | Verification: s024 - Verified=False, Confidence=0.000, Latency=2.5ms
2025-12-08 12:08:23 | INFO | Verification: s024 - Verified=False, Confidence=0.262, Latency=4.0ms
2025-12-08 12:08:23 | INFO | Verification: s024 - Verified=False, Confidence=0.458, Latency=2.4ms
2025-12-08 12:08:23 | INFO | Verification: s024 - Verified=False, Confidence=0.276, Latency=10.8ms
2025-12-08 12:08:23 | INFO | Verification: s024 - Verified=False, Confidence=0.505, Latency=4.0ms
2025-12-08 12:08:23 | INFO | Verification: s024 - Verified=False, Confidence=0.302, Latency=2.3ms
2025-12-08 12:08:23 | INFO | Verification: s024 - Verified=False, Confidence=0.000, Latency=7.0ms
2025-12-08 12:08:23 | INFO | Verification: s024 - Verified=False, Confidence=0.000, Latency=3.2ms
2025-12-08 12:08:23 | INFO | Verification: s024 - Verified=False, Confidence=0.000, Latency=1.0ms
2025-12-08 12:08:23 | INFO | Verification: s024 - Verified=False, Confidence=0.000, Latency=3.2ms
2025-12-08 12:08:23 | INFO | Verification: s024 - Verified=False, Confidence=0.000, Latency=3.2ms
2025-12-08 12:08:23 | INFO | Enrolling user: s033
2025-12-08 12:08:23 | INFO | Adaptive threshold for s033: 0.7515 (mean: 0.9415, std: 0.0633)
2025-12-08 12:08:23 | INFO | User s033 enrolled successfully with 50 samples
2025-12-08 12:08:23 | INFO | Verification: s033 - Verified=True, Confidence=0.901, Latency=2.0ms
2025-12-08 12:08:23 | INFO | Verification: s033 - Verified=True, Confidence=0.758, Latency=5.7ms
2025-12-08 12:08:23 | INFO | Verification: s033 - Verified=True, Confidence=0.865, Latency=3.2ms
2025-12-08 12:08:23 | INFO | Verification: s033 - Verified=False, Confidence=0.604, Latency=3.0ms
2025-12-08 12:08:23 | INFO | Verification: s033 - Verified=True, Confidence=0.949, Latency=15.4ms
2025-12-08 12:08:23 | INFO | Verification: s033 - Verified=True, Confidence=0.943, Latency=16.0ms
2025-12-08 12:08:23 | INFO | Verification: s033 - Verified=True, Confidence=0.996, Latency=8.4ms
2025-12-08 12:08:23 | INFO | Verification: s033 - Verified=True, Confidence=0.894, Latency=2.3ms
2025-12-08 12:08:23 | INFO | Verification: s033 - Verified=True, Confidence=0.789, Latency=2.3ms
2025-12-08 12:08:23 | INFO | Verification: s033 - Verified=True, Confidence=0.977, Latency=2.1ms
2025-12-08 12:08:23 | INFO | Verification: s033 - Verified=True, Confidence=0.956, Latency=8.3ms
2025-12-08 12:08:23 | INFO | Verification: s033 - Verified=True, Confidence=0.960, Latency=1.0ms
2025-12-08 12:08:23 | INFO | Verification: s033 - Verified=True, Confidence=0.985, Latency=1.2ms
2025-12-08 12:08:23 | INFO | Verification: s033 - Verified=True, Confidence=0.961, Latency=1.0ms
2025-12-08 12:08:23 | INFO | Verification: s033 - Verified=True, Confidence=0.980, Latency=2.2ms
2025-12-08 12:08:23 | INFO | Verification: s033 - Verified=False, Confidence=0.718, Latency=3.4ms
2025-12-08 12:08:23 | INFO | Verification: s033 - Verified=True, Confidence=0.945, Latency=2.0ms
2025-12-08 12:08:23 | INFO | Verification: s033 - Verified=True, Confidence=0.892, Latency=2.3ms
2025-12-08 12:08:23 | INFO | Verification: s033 - Verified=True, Confidence=0.933, Latency=6.0ms
2025-12-08 12:08:23 | INFO | Verification: s033 - Verified=True, Confidence=0.966, Latency=2.0ms
2025-12-08 12:08:23 | INFO | Verification: s033 - Verified=True, Confidence=0.991, Latency=1.0ms
2025-12-08 12:08:23 | INFO | Verification: s033 - Verified=True, Confidence=0.904, Latency=2.0ms
2025-12-08 12:08:23 | INFO | Verification: s033 - Verified=True, Confidence=0.983, Latency=7.3ms
2025-12-08 12:08:23 | INFO | Verification: s033 - Verified=True, Confidence=0.953, Latency=2.0ms
2025-12-08 12:08:23 | INFO | Verification: s033 - Verified=True, Confidence=0.987, Latency=3.2ms
2025-12-08 12:08:23 | INFO | Verification: s033 - Verified=False, Confidence=0.063, Latency=10.7ms
2025-12-08 12:08:23 | INFO | Verification: s033 - Verified=False, Confidence=0.067, Latency=2.0ms
2025-12-08 12:08:23 | INFO | Verification: s033 - Verified=False, Confidence=0.048, Latency=4.0ms
2025-12-08 12:08:23 | INFO | Verification: s033 - Verified=False, Confidence=0.058, Latency=6.6ms
2025-12-08 12:08:23 | INFO | Verification: s033 - Verified=False, Confidence=0.168, Latency=3.0ms
2025-12-08 12:08:23 | INFO | Verification: s033 - Verified=False, Confidence=0.551, Latency=6.0ms
2025-12-08 12:08:23 | INFO | Verification: s033 - Verified=False, Confidence=0.632, Latency=3.0ms
2025-12-08 12:08:23 | INFO | Verification: s033 - Verified=False, Confidence=0.516, Latency=4.2ms
2025-12-08 12:08:23 | INFO | Verification: s033 - Verified=True, Confidence=0.767, Latency=5.4ms
2025-12-08 12:08:23 | INFO | Verification: s033 - Verified=False, Confidence=0.394, Latency=2.0ms
2025-12-08 12:08:23 | INFO | Verification: s033 - Verified=False, Confidence=0.416, Latency=3.0ms
2025-12-08 12:08:23 | INFO | Verification: s033 - Verified=False, Confidence=0.000, Latency=1.0ms
2025-12-08 12:08:23 | INFO | Verification: s033 - Verified=False, Confidence=0.000, Latency=3.5ms
2025-12-08 12:08:23 | INFO | Verification: s033 - Verified=False, Confidence=0.022, Latency=3.8ms
2025-12-08 12:08:23 | INFO | Verification: s033 - Verified=False, Confidence=0.371, Latency=1.1ms
2025-12-08 12:08:23 | INFO | Verification: s033 - Verified=False, Confidence=0.454, Latency=1.3ms
2025-12-08 12:08:23 | INFO | Verification: s033 - Verified=False, Confidence=0.225, Latency=2.4ms
2025-12-08 12:08:23 | INFO | Verification: s033 - Verified=False, Confidence=0.427, Latency=4.0ms
2025-12-08 12:08:23 | INFO | Verification: s033 - Verified=False, Confidence=0.161, Latency=3.0ms
2025-12-08 12:08:23 | INFO | Verification: s033 - Verified=False, Confidence=0.375, Latency=2.2ms
2025-12-08 12:08:23 | INFO | Verification: s033 - Verified=False, Confidence=0.000, Latency=3.3ms
2025-12-08 12:08:23 | INFO | Verification: s033 - Verified=False, Confidence=0.000, Latency=6.6ms
2025-12-08 12:08:23 | INFO | Verification: s033 - Verified=False, Confidence=0.000, Latency=2.0ms
2025-12-08 12:08:23 | INFO | Verification: s033 - Verified=False, Confidence=0.000, Latency=3.4ms
2025-12-08 12:08:23 | INFO | Verification: s033 - Verified=False, Confidence=0.000, Latency=5.6ms
2025-12-08 12:08:23 | INFO | Enrolling user: s037
2025-12-08 12:08:23 | INFO | Adaptive threshold for s037: 0.7064 (mean: 0.9284, std: 0.0740)
2025-12-08 12:08:23 | INFO | User s037 enrolled successfully with 50 samples
2025-12-08 12:08:23 | INFO | Verification: s037 - Verified=True, Confidence=0.931, Latency=1.3ms
2025-12-08 12:08:23 | INFO | Verification: s037 - Verified=True, Confidence=0.803, Latency=1.0ms
2025-12-08 12:08:23 | INFO | Verification: s037 - Verified=False, Confidence=0.652, Latency=6.0ms
2025-12-08 12:08:23 | INFO | Verification: s037 - Verified=True, Confidence=0.887, Latency=3.0ms
2025-12-08 12:08:23 | INFO | Verification: s037 - Verified=True, Confidence=0.813, Latency=1.0ms
2025-12-08 12:08:23 | INFO | Verification: s037 - Verified=True, Confidence=0.975, Latency=2.4ms
2025-12-08 12:08:23 | INFO | Verification: s037 - Verified=True, Confidence=0.978, Latency=4.0ms
2025-12-08 12:08:23 | INFO | Verification: s037 - Verified=True, Confidence=0.784, Latency=4.0ms
2025-12-08 12:08:23 | INFO | Verification: s037 - Verified=True, Confidence=0.861, Latency=2.4ms
2025-12-08 12:08:23 | INFO | Verification: s037 - Verified=True, Confidence=0.815, Latency=8.0ms
2025-12-08 12:08:23 | INFO | Verification: s037 - Verified=True, Confidence=0.983, Latency=5.0ms
2025-12-08 12:08:23 | INFO | Verification: s037 - Verified=True, Confidence=0.970, Latency=7.0ms
2025-12-08 12:08:23 | INFO | Verification: s037 - Verified=True, Confidence=0.947, Latency=2.0ms
2025-12-08 12:08:23 | INFO | Verification: s037 - Verified=True, Confidence=0.786, Latency=2.0ms
2025-12-08 12:08:23 | INFO | Verification: s037 - Verified=True, Confidence=0.944, Latency=4.2ms
2025-12-08 12:08:23 | INFO | Verification: s037 - Verified=True, Confidence=0.923, Latency=4.4ms
2025-12-08 12:08:23 | INFO | Verification: s037 - Verified=True, Confidence=0.945, Latency=1.1ms
2025-12-08 12:08:23 | INFO | Verification: s037 - Verified=True, Confidence=0.977, Latency=1.2ms
2025-12-08 12:08:23 | INFO | Verification: s037 - Verified=True, Confidence=0.943, Latency=1.0ms
2025-12-08 12:08:23 | INFO | Verification: s037 - Verified=True, Confidence=0.991, Latency=4.0ms
2025-12-08 12:08:23 | INFO | Verification: s037 - Verified=True, Confidence=0.987, Latency=5.4ms
2025-12-08 12:08:23 | INFO | Verification: s037 - Verified=True, Confidence=0.959, Latency=2.0ms
2025-12-08 12:08:23 | INFO | Verification: s037 - Verified=True, Confidence=0.881, Latency=2.0ms
2025-12-08 12:08:23 | INFO | Verification: s037 - Verified=True, Confidence=0.945, Latency=6.3ms
2025-12-08 12:08:23 | INFO | Verification: s037 - Verified=True, Confidence=0.947, Latency=3.0ms
2025-12-08 12:08:23 | INFO | Verification: s037 - Verified=False, Confidence=0.651, Latency=2.0ms
2025-12-08 12:08:23 | INFO | Verification: s037 - Verified=False, Confidence=0.598, Latency=5.1ms
2025-12-08 12:08:23 | INFO | Verification: s037 - Verified=False, Confidence=0.665, Latency=4.5ms
2025-12-08 12:08:23 | INFO | Verification: s037 - Verified=False, Confidence=0.697, Latency=1.1ms
2025-12-08 12:08:23 | INFO | Verification: s037 - Verified=False, Confidence=0.586, Latency=1.1ms
2025-12-08 12:08:23 | INFO | Verification: s037 - Verified=False, Confidence=0.034, Latency=2.0ms
2025-12-08 12:08:23 | INFO | Verification: s037 - Verified=False, Confidence=0.000, Latency=5.3ms
2025-12-08 12:08:23 | INFO | Verification: s037 - Verified=False, Confidence=0.000, Latency=2.0ms
2025-12-08 12:08:23 | INFO | Verification: s037 - Verified=False, Confidence=0.000, Latency=1.1ms
2025-12-08 12:08:23 | INFO | Verification: s037 - Verified=False, Confidence=0.269, Latency=3.0ms
2025-12-08 12:08:23 | INFO | Verification: s037 - Verified=False, Confidence=0.343, Latency=6.0ms
2025-12-08 12:08:23 | INFO | Verification: s037 - Verified=False, Confidence=0.547, Latency=3.0ms
2025-12-08 12:08:23 | INFO | Verification: s037 - Verified=True, Confidence=0.893, Latency=4.6ms
2025-12-08 12:08:23 | INFO | Verification: s037 - Verified=False, Confidence=0.498, Latency=8.1ms
2025-12-08 12:08:23 | INFO | Verification: s037 - Verified=False, Confidence=0.381, Latency=4.0ms
2025-12-08 12:08:23 | INFO | Verification: s037 - Verified=False, Confidence=0.284, Latency=6.0ms
2025-12-08 12:08:23 | INFO | Verification: s037 - Verified=False, Confidence=0.472, Latency=5.0ms
2025-12-08 12:08:23 | INFO | Verification: s037 - Verified=False, Confidence=0.296, Latency=4.5ms
2025-12-08 12:08:23 | INFO | Verification: s037 - Verified=False, Confidence=0.532, Latency=2.0ms
2025-12-08 12:08:23 | INFO | Verification: s037 - Verified=False, Confidence=0.369, Latency=2.3ms
2025-12-08 12:08:24 | INFO | Verification: s037 - Verified=False, Confidence=0.700, Latency=2.3ms
2025-12-08 12:08:24 | INFO | Verification: s037 - Verified=False, Confidence=0.588, Latency=3.0ms
2025-12-08 12:08:24 | INFO | Verification: s037 - Verified=False, Confidence=0.377, Latency=3.0ms
2025-12-08 12:08:24 | INFO | Verification: s037 - Verified=False, Confidence=0.670, Latency=9.0ms
2025-12-08 12:08:24 | INFO | Verification: s037 - Verified=True, Confidence=0.769, Latency=3.0ms
2025-12-08 12:08:24 | INFO | Enrolling user: s040
2025-12-08 12:08:24 | INFO | Adaptive threshold for s040: 0.4232 (mean: 0.8228, std: 0.1332)
2025-12-08 12:08:24 | INFO | User s040 enrolled successfully with 50 samples
2025-12-08 12:08:24 | INFO | Verification: s040 - Verified=True, Confidence=0.822, Latency=6.1ms
2025-12-08 12:08:24 | INFO | Verification: s040 - Verified=True, Confidence=0.716, Latency=5.1ms
2025-12-08 12:08:24 | INFO | Verification: s040 - Verified=True, Confidence=0.829, Latency=2.0ms
2025-12-08 12:08:24 | INFO | Verification: s040 - Verified=True, Confidence=0.748, Latency=19.0ms
2025-12-08 12:08:24 | INFO | Verification: s040 - Verified=True, Confidence=0.748, Latency=2.0ms
2025-12-08 12:08:24 | INFO | Verification: s040 - Verified=True, Confidence=0.788, Latency=4.2ms
2025-12-08 12:08:24 | INFO | Verification: s040 - Verified=True, Confidence=0.842, Latency=11.4ms
2025-12-08 12:08:24 | INFO | Verification: s040 - Verified=True, Confidence=0.810, Latency=14.0ms
2025-12-08 12:08:24 | INFO | Verification: s040 - Verified=True, Confidence=0.835, Latency=16.0ms
2025-12-08 12:08:24 | INFO | Verification: s040 - Verified=True, Confidence=0.756, Latency=2.0ms
2025-12-08 12:08:24 | INFO | Verification: s040 - Verified=True, Confidence=0.805, Latency=8.0ms
2025-12-08 12:08:24 | INFO | Verification: s040 - Verified=True, Confidence=0.851, Latency=3.0ms
2025-12-08 12:08:24 | INFO | Verification: s040 - Verified=True, Confidence=0.832, Latency=2.2ms
2025-12-08 12:08:24 | INFO | Verification: s040 - Verified=True, Confidence=0.805, Latency=7.1ms
2025-12-08 12:08:24 | INFO | Verification: s040 - Verified=True, Confidence=0.819, Latency=3.0ms
2025-12-08 12:08:24 | INFO | Verification: s040 - Verified=True, Confidence=0.802, Latency=4.0ms
2025-12-08 12:08:24 | INFO | Verification: s040 - Verified=True, Confidence=0.821, Latency=2.4ms
2025-12-08 12:08:24 | INFO | Verification: s040 - Verified=True, Confidence=0.780, Latency=7.0ms
2025-12-08 12:08:24 | INFO | Verification: s040 - Verified=True, Confidence=0.736, Latency=2.0ms
2025-12-08 12:08:24 | INFO | Verification: s040 - Verified=True, Confidence=0.787, Latency=4.0ms
2025-12-08 12:08:24 | INFO | Verification: s040 - Verified=True, Confidence=0.737, Latency=8.0ms
2025-12-08 12:08:24 | INFO | Verification: s040 - Verified=True, Confidence=0.677, Latency=2.0ms
2025-12-08 12:08:24 | INFO | Verification: s040 - Verified=True, Confidence=0.720, Latency=4.0ms
2025-12-08 12:08:24 | INFO | Verification: s040 - Verified=True, Confidence=0.707, Latency=7.0ms
2025-12-08 12:08:24 | INFO | Verification: s040 - Verified=True, Confidence=0.860, Latency=3.0ms
2025-12-08 12:08:24 | INFO | Verification: s040 - Verified=False, Confidence=0.126, Latency=2.3ms
2025-12-08 12:08:24 | INFO | Verification: s040 - Verified=False, Confidence=0.094, Latency=8.0ms
2025-12-08 12:08:24 | INFO | Verification: s040 - Verified=False, Confidence=0.127, Latency=3.0ms
2025-12-08 12:08:24 | INFO | Verification: s040 - Verified=False, Confidence=0.340, Latency=2.0ms
2025-12-08 12:08:24 | INFO | Verification: s040 - Verified=False, Confidence=0.220, Latency=9.0ms
2025-12-08 12:08:24 | INFO | Verification: s040 - Verified=False, Confidence=0.125, Latency=2.5ms
2025-12-08 12:08:24 | INFO | Verification: s040 - Verified=False, Confidence=0.064, Latency=2.1ms
2025-12-08 12:08:24 | INFO | Verification: s040 - Verified=False, Confidence=0.000, Latency=8.5ms
2025-12-08 12:08:24 | INFO | Verification: s040 - Verified=False, Confidence=0.264, Latency=4.2ms
2025-12-08 12:08:24 | INFO | Verification: s040 - Verified=False, Confidence=0.153, Latency=12.9ms
2025-12-08 12:08:24 | INFO | Verification: s040 - Verified=True, Confidence=0.817, Latency=2.0ms
2025-12-08 12:08:24 | INFO | Verification: s040 - Verified=False, Confidence=0.079, Latency=3.0ms
2025-12-08 12:08:24 | INFO | Verification: s040 - Verified=False, Confidence=0.225, Latency=3.0ms
2025-12-08 12:08:24 | INFO | Verification: s040 - Verified=True, Confidence=0.746, Latency=5.0ms
2025-12-08 12:08:24 | INFO | Verification: s040 - Verified=True, Confidence=0.853, Latency=13.4ms
2025-12-08 12:08:24 | INFO | Verification: s040 - Verified=False, Confidence=0.312, Latency=12.0ms
2025-12-08 12:08:24 | INFO | Verification: s040 - Verified=False, Confidence=0.193, Latency=3.0ms
2025-12-08 12:08:24 | INFO | Verification: s040 - Verified=False, Confidence=0.289, Latency=12.0ms
2025-12-08 12:08:24 | INFO | Verification: s040 - Verified=False, Confidence=0.184, Latency=3.0ms
2025-12-08 12:08:24 | INFO | Verification: s040 - Verified=False, Confidence=0.276, Latency=11.7ms
2025-12-08 12:08:24 | INFO | Verification: s040 - Verified=False, Confidence=0.000, Latency=3.1ms
2025-12-08 12:08:24 | INFO | Verification: s040 - Verified=False, Confidence=0.000, Latency=8.0ms
2025-12-08 12:08:24 | INFO | Verification: s040 - Verified=False, Confidence=0.000, Latency=1.4ms
2025-12-08 12:08:24 | INFO | Verification: s040 - Verified=False, Confidence=0.000, Latency=1.4ms
2025-12-08 12:08:24 | INFO | Verification: s040 - Verified=False, Confidence=0.000, Latency=2.2ms
2025-12-08 12:08:24 | INFO | Enrolling user: s041
2025-12-08 12:08:24 | INFO | Adaptive threshold for s041: 0.4870 (mean: 0.8049, std: 0.1060)
2025-12-08 12:08:24 | INFO | User s041 enrolled successfully with 50 samples
2025-12-08 12:08:24 | INFO | Verification: s041 - Verified=True, Confidence=0.828, Latency=2.1ms
2025-12-08 12:08:24 | INFO | Verification: s041 - Verified=True, Confidence=0.740, Latency=2.0ms
2025-12-08 12:08:24 | INFO | Verification: s041 - Verified=True, Confidence=0.767, Latency=2.4ms
2025-12-08 12:08:24 | INFO | Verification: s041 - Verified=True, Confidence=0.836, Latency=6.4ms
2025-12-08 12:08:24 | INFO | Verification: s041 - Verified=True, Confidence=0.853, Latency=4.0ms
2025-12-08 12:08:24 | INFO | Verification: s041 - Verified=True, Confidence=0.791, Latency=1.0ms
2025-12-08 12:08:24 | INFO | Verification: s041 - Verified=True, Confidence=0.925, Latency=2.0ms
2025-12-08 12:08:24 | INFO | Verification: s041 - Verified=True, Confidence=0.540, Latency=6.2ms
2025-12-08 12:08:24 | INFO | Verification: s041 - Verified=True, Confidence=0.649, Latency=2.0ms
2025-12-08 12:08:24 | INFO | Verification: s041 - Verified=True, Confidence=0.691, Latency=2.0ms
2025-12-08 12:08:24 | INFO | Verification: s041 - Verified=True, Confidence=0.832, Latency=2.4ms
2025-12-08 12:08:24 | INFO | Verification: s041 - Verified=True, Confidence=0.704, Latency=8.2ms
2025-12-08 12:08:24 | INFO | Verification: s041 - Verified=True, Confidence=0.604, Latency=2.2ms
2025-12-08 12:08:24 | INFO | Verification: s041 - Verified=True, Confidence=0.591, Latency=1.1ms
2025-12-08 12:08:24 | INFO | Verification: s041 - Verified=True, Confidence=0.742, Latency=1.1ms
2025-12-08 12:08:24 | INFO | Verification: s041 - Verified=True, Confidence=0.817, Latency=1.0ms
2025-12-08 12:08:24 | INFO | Verification: s041 - Verified=True, Confidence=0.749, Latency=9.5ms
2025-12-08 12:08:24 | INFO | Verification: s041 - Verified=True, Confidence=0.887, Latency=2.0ms
2025-12-08 12:08:24 | INFO | Verification: s041 - Verified=True, Confidence=0.813, Latency=8.4ms
2025-12-08 12:08:24 | INFO | Verification: s041 - Verified=True, Confidence=0.747, Latency=5.0ms
2025-12-08 12:08:24 | INFO | Verification: s041 - Verified=True, Confidence=0.781, Latency=9.1ms
2025-12-08 12:08:24 | INFO | Verification: s041 - Verified=True, Confidence=0.597, Latency=2.4ms
2025-12-08 12:08:24 | INFO | Verification: s041 - Verified=True, Confidence=0.596, Latency=1.0ms
2025-12-08 12:08:24 | INFO | Verification: s041 - Verified=True, Confidence=0.620, Latency=10.0ms
2025-12-08 12:08:24 | INFO | Verification: s041 - Verified=True, Confidence=0.497, Latency=2.0ms
2025-12-08 12:08:24 | INFO | Verification: s041 - Verified=True, Confidence=0.615, Latency=3.0ms
2025-12-08 12:08:24 | INFO | Verification: s041 - Verified=True, Confidence=0.587, Latency=7.0ms
2025-12-08 12:08:24 | INFO | Verification: s041 - Verified=True, Confidence=0.654, Latency=1.2ms
2025-12-08 12:08:24 | INFO | Verification: s041 - Verified=True, Confidence=0.819, Latency=1.2ms
2025-12-08 12:08:24 | INFO | Verification: s041 - Verified=True, Confidence=0.724, Latency=1.0ms
2025-12-08 12:08:24 | INFO | Verification: s041 - Verified=True, Confidence=0.587, Latency=2.1ms
2025-12-08 12:08:24 | INFO | Verification: s041 - Verified=True, Confidence=0.572, Latency=7.4ms
2025-12-08 12:08:24 | INFO | Verification: s041 - Verified=False, Confidence=0.440, Latency=2.0ms
2025-12-08 12:08:24 | INFO | Verification: s041 - Verified=True, Confidence=0.581, Latency=1.0ms
2025-12-08 12:08:24 | INFO | Verification: s041 - Verified=True, Confidence=0.606, Latency=1.0ms
2025-12-08 12:08:24 | INFO | Verification: s041 - Verified=True, Confidence=0.749, Latency=7.3ms
2025-12-08 12:08:24 | INFO | Verification: s041 - Verified=True, Confidence=0.753, Latency=2.0ms
2025-12-08 12:08:24 | INFO | Verification: s041 - Verified=True, Confidence=0.610, Latency=2.2ms
2025-12-08 12:08:24 | INFO | Verification: s041 - Verified=True, Confidence=0.516, Latency=2.2ms
2025-12-08 12:08:24 | INFO | Verification: s041 - Verified=True, Confidence=0.869, Latency=1.1ms
2025-12-08 12:08:24 | INFO | Verification: s041 - Verified=True, Confidence=0.620, Latency=8.1ms
2025-12-08 12:08:24 | INFO | Verification: s041 - Verified=True, Confidence=0.561, Latency=1.0ms
2025-12-08 12:08:24 | INFO | Verification: s041 - Verified=True, Confidence=0.633, Latency=1.5ms
2025-12-08 12:08:24 | INFO | Verification: s041 - Verified=True, Confidence=0.540, Latency=2.2ms
2025-12-08 12:08:24 | INFO | Verification: s041 - Verified=True, Confidence=0.687, Latency=4.0ms
2025-12-08 12:08:24 | INFO | Verification: s041 - Verified=False, Confidence=0.323, Latency=3.0ms
2025-12-08 12:08:24 | INFO | Verification: s041 - Verified=False, Confidence=0.174, Latency=1.0ms
2025-12-08 12:08:24 | INFO | Verification: s041 - Verified=False, Confidence=0.000, Latency=3.0ms
2025-12-08 12:08:24 | INFO | Verification: s041 - Verified=False, Confidence=0.352, Latency=6.3ms
2025-12-08 12:08:24 | INFO | Verification: s041 - Verified=False, Confidence=0.008, Latency=1.1ms
2025-12-08 12:08:24 | INFO | Enrolling user: s051
2025-12-08 12:08:24 | INFO | Adaptive threshold for s051: 0.6044 (mean: 0.8993, std: 0.0983)
2025-12-08 12:08:24 | INFO | User s051 enrolled successfully with 50 samples
2025-12-08 12:08:24 | INFO | Verification: s051 - Verified=True, Confidence=0.760, Latency=3.2ms
2025-12-08 12:08:24 | INFO | Verification: s051 - Verified=True, Confidence=0.727, Latency=3.3ms
2025-12-08 12:08:24 | INFO | Verification: s051 - Verified=True, Confidence=0.918, Latency=2.0ms
2025-12-08 12:08:24 | INFO | Verification: s051 - Verified=True, Confidence=0.864, Latency=2.0ms
2025-12-08 12:08:24 | INFO | Verification: s051 - Verified=False, Confidence=0.518, Latency=9.0ms
2025-12-08 12:08:24 | INFO | Verification: s051 - Verified=True, Confidence=0.759, Latency=3.2ms
2025-12-08 12:08:24 | INFO | Verification: s051 - Verified=True, Confidence=0.643, Latency=2.1ms
2025-12-08 12:08:24 | INFO | Verification: s051 - Verified=True, Confidence=0.758, Latency=9.4ms
2025-12-08 12:08:24 | INFO | Verification: s051 - Verified=True, Confidence=0.838, Latency=2.0ms
2025-12-08 12:08:24 | INFO | Verification: s051 - Verified=True, Confidence=0.751, Latency=2.0ms
2025-12-08 12:08:24 | INFO | Verification: s051 - Verified=True, Confidence=0.742, Latency=8.4ms
2025-12-08 12:08:24 | INFO | Verification: s051 - Verified=True, Confidence=0.839, Latency=3.0ms
2025-12-08 12:08:24 | INFO | Verification: s051 - Verified=True, Confidence=0.930, Latency=1.1ms
2025-12-08 12:08:24 | INFO | Verification: s051 - Verified=True, Confidence=0.779, Latency=1.5ms
2025-12-08 12:08:24 | INFO | Verification: s051 - Verified=True, Confidence=0.884, Latency=6.0ms
2025-12-08 12:08:24 | INFO | Verification: s051 - Verified=True, Confidence=0.697, Latency=1.0ms
2025-12-08 12:08:24 | INFO | Verification: s051 - Verified=True, Confidence=0.853, Latency=2.4ms
2025-12-08 12:08:24 | INFO | Verification: s051 - Verified=True, Confidence=0.759, Latency=2.0ms
2025-12-08 12:08:24 | INFO | Verification: s051 - Verified=True, Confidence=0.864, Latency=3.5ms
2025-12-08 12:08:24 | INFO | Verification: s051 - Verified=True, Confidence=0.674, Latency=7.4ms
2025-12-08 12:08:24 | INFO | Verification: s051 - Verified=True, Confidence=0.811, Latency=3.0ms
2025-12-08 12:08:24 | INFO | Verification: s051 - Verified=True, Confidence=0.707, Latency=3.5ms
2025-12-08 12:08:24 | INFO | Verification: s051 - Verified=True, Confidence=0.680, Latency=2.0ms
2025-12-08 12:08:24 | INFO | Verification: s051 - Verified=True, Confidence=0.765, Latency=3.0ms
2025-12-08 12:08:24 | INFO | Verification: s051 - Verified=True, Confidence=0.930, Latency=2.0ms
2025-12-08 12:08:24 | INFO | Verification: s051 - Verified=False, Confidence=0.186, Latency=1.0ms
2025-12-08 12:08:24 | INFO | Verification: s051 - Verified=False, Confidence=0.148, Latency=2.0ms
2025-12-08 12:08:24 | INFO | Verification: s051 - Verified=False, Confidence=0.190, Latency=5.0ms
2025-12-08 12:08:24 | INFO | Verification: s051 - Verified=False, Confidence=0.186, Latency=2.5ms
2025-12-08 12:08:24 | INFO | Verification: s051 - Verified=False, Confidence=0.065, Latency=3.0ms
2025-12-08 12:08:25 | INFO | Verification: s051 - Verified=False, Confidence=0.000, Latency=2.4ms
2025-12-08 12:08:25 | INFO | Verification: s051 - Verified=False, Confidence=0.000, Latency=3.0ms
2025-12-08 12:08:25 | INFO | Verification: s051 - Verified=False, Confidence=0.000, Latency=3.0ms
2025-12-08 12:08:25 | INFO | Verification: s051 - Verified=False, Confidence=0.000, Latency=3.4ms
2025-12-08 12:08:25 | INFO | Verification: s051 - Verified=False, Confidence=0.000, Latency=3.2ms
2025-12-08 12:08:25 | INFO | Verification: s051 - Verified=False, Confidence=0.058, Latency=2.2ms
2025-12-08 12:08:25 | INFO | Verification: s051 - Verified=False, Confidence=0.130, Latency=1.0ms
2025-12-08 12:08:25 | INFO | Verification: s051 - Verified=False, Confidence=0.600, Latency=2.0ms
2025-12-08 12:08:25 | INFO | Verification: s051 - Verified=False, Confidence=0.397, Latency=4.0ms
2025-12-08 12:08:25 | INFO | Verification: s051 - Verified=False, Confidence=0.016, Latency=5.8ms
2025-12-08 12:08:25 | INFO | Verification: s051 - Verified=False, Confidence=0.000, Latency=2.6ms
2025-12-08 12:08:25 | INFO | Verification: s051 - Verified=False, Confidence=0.024, Latency=2.0ms
2025-12-08 12:08:25 | INFO | Verification: s051 - Verified=False, Confidence=0.000, Latency=2.0ms
2025-12-08 12:08:25 | INFO | Verification: s051 - Verified=False, Confidence=0.099, Latency=6.0ms
2025-12-08 12:08:25 | INFO | Verification: s051 - Verified=False, Confidence=0.000, Latency=2.1ms
2025-12-08 12:08:25 | INFO | Verification: s051 - Verified=False, Confidence=0.383, Latency=1.0ms
2025-12-08 12:08:25 | INFO | Verification: s051 - Verified=False, Confidence=0.344, Latency=3.0ms
2025-12-08 12:08:25 | INFO | Verification: s051 - Verified=False, Confidence=0.416, Latency=6.4ms
2025-12-08 12:08:25 | INFO | Verification: s051 - Verified=False, Confidence=0.357, Latency=2.0ms
2025-12-08 12:08:25 | INFO | Verification: s051 - Verified=True, Confidence=0.676, Latency=3.0ms
2025-12-08 12:08:25 | INFO | EER: 0.3200, Optimal Threshold: 0.9459
2025-12-08 12:08:25 | INFO | ROC curve saved: logs\roc_curve.png
2025-12-08 12:08:25 | INFO | Evaluating anomaly detection...
2025-12-08 12:08:25 | INFO | Fitting anomaly detector on 100 samples
2025-12-08 12:08:25 | INFO | Anomaly detector fitted successfully
2025-12-08 12:08:25 | INFO | Anomaly Report: 8/100 anomalies (8.0%)
2025-12-08 12:08:25 | INFO | Anomaly Detection Report: {'total_samples': 100, 'anomaly_count': 8, 'normal_count': 92, 'anomaly_rate': 0.08, 'mean_score': 0.617576265909564, 'min_score': 0.0, 'max_score': 0.9999999265024548, 'std_score': 0.2041674183489069}
2025-12-08 12:08:25 | INFO | Test report saved: logs\test_report.txt
2025-12-08 12:08:25 | INFO | Comprehensive testing completed!
2025-12-08 12:08:25 | INFO | Testing script completed successfully!
