2025-12-08 09:28:43 | INFO | ================================================================================
2025-12-08 09:28:43 | INFO | KEYSTROKE DYNAMICS - ZERO TRUST TELEHEALTH PLATFORM
2025-12-08 09:28:43 | INFO | ================================================================================
2025-12-08 09:28:43 | INFO | Starting training pipeline...
2025-12-08 09:28:44 | INFO | Loading configuration from: config.yaml
2025-12-08 09:28:44 | INFO | Configuration loaded successfully
2025-12-08 09:28:44 | INFO | Using device: cpu
2025-12-08 09:28:44 | INFO | KeystrokePreprocessor initialized
2025-12-08 09:28:44 | INFO | Loading dataset...
2025-12-08 09:28:44 | INFO | Loading DSL dataset from: Dataset\DSL-StrongPasswordData-Original_Dataset.xls
2025-12-08 09:28:46 | INFO | Loaded dataset: 20400 samples, 34 features
2025-12-08 09:28:46 | INFO | Subjects: 51
2025-12-08 09:28:46 | INFO | Splitting dataset by subject...
2025-12-08 09:28:46 | INFO | Split: Train=12000 (30 subjects), Val=4000 (10 subjects), Test=4400 (11 subjects)
2025-12-08 09:28:46 | INFO | Preprocessing training data...
2025-12-08 09:28:46 | INFO | Running preprocessing pipeline...
2025-12-08 09:28:46 | INFO | Extracting timing features...
2025-12-08 09:28:46 | INFO | Extracted 31 timing features
2025-12-08 09:28:46 | INFO | Feature types: 11 hold, 10 DD, 10 UD
2025-12-08 09:28:46 | INFO | Handling outliers...
2025-12-08 09:28:46 | INFO | Clipped 4820 outlier values
2025-12-08 09:28:46 | INFO | Computing statistical features...
2025-12-08 09:28:46 | INFO | Added 7 statistical features
2025-12-08 09:28:46 | INFO | Fitting scaler on training data...
2025-12-08 09:28:46 | INFO | Augmenting data with factor 2...
2025-12-08 09:28:46 | INFO | Augmented dataset: 12000 -> 24000 samples
2025-12-08 09:28:46 | INFO | Preprocessing complete: torch.Size([24000, 38])
2025-12-08 09:28:46 | INFO | Preprocessing validation data...
2025-12-08 09:28:46 | INFO | Running preprocessing pipeline...
2025-12-08 09:28:46 | INFO | Extracting timing features...
2025-12-08 09:28:46 | INFO | Extracted 31 timing features
2025-12-08 09:28:46 | INFO | Feature types: 11 hold, 10 DD, 10 UD
2025-12-08 09:28:46 | INFO | Handling outliers...
2025-12-08 09:28:46 | INFO | Clipped 1753 outlier values
2025-12-08 09:28:46 | INFO | Computing statistical features...
2025-12-08 09:28:46 | INFO | Added 7 statistical features
2025-12-08 09:28:46 | INFO | Preprocessing complete: torch.Size([4000, 38])
2025-12-08 09:28:46 | INFO | Preprocessing test data...
2025-12-08 09:28:46 | INFO | Running preprocessing pipeline...
2025-12-08 09:28:46 | INFO | Extracting timing features...
2025-12-08 09:28:46 | INFO | Extracted 31 timing features
2025-12-08 09:28:46 | INFO | Feature types: 11 hold, 10 DD, 10 UD
2025-12-08 09:28:46 | INFO | Handling outliers...
2025-12-08 09:28:46 | INFO | Clipped 1588 outlier values
2025-12-08 09:28:46 | INFO | Computing statistical features...
2025-12-08 09:28:46 | INFO | Added 7 statistical features
2025-12-08 09:28:46 | INFO | Preprocessing complete: torch.Size([4400, 38])
2025-12-08 09:28:46 | INFO | Data loaded: Train=24000, Val=4000, Test=4400
2025-12-08 09:28:46 | INFO | Building model...
2025-12-08 09:28:46 | INFO | KeystrokeEmbeddingModel initialized: 38 -> 128
2025-12-08 09:28:46 | INFO | Architecture: [256, 512, 256, 128]
2025-12-08 09:28:47 | INFO | Model built with 324608 parameters
2025-12-08 09:28:47 | INFO | Starting training...
2025-12-08 09:29:17 | INFO | Epoch 1/100 - Train Loss: 0.2154, Val Loss: 0.0036
2025-12-08 09:29:17 | INFO | New best model saved! Val Loss: 0.0036
2025-12-08 09:29:43 | INFO | Epoch 2/100 - Train Loss: 0.1448, Val Loss: 0.0063
2025-12-08 09:30:01 | INFO | Epoch 3/100 - Train Loss: 0.1297, Val Loss: 0.0071
2025-12-08 09:30:20 | INFO | Epoch 4/100 - Train Loss: 0.1216, Val Loss: 0.0055
2025-12-08 09:30:38 | INFO | Epoch 5/100 - Train Loss: 0.1139, Val Loss: 0.0069
2025-12-08 09:30:57 | INFO | Epoch 6/100 - Train Loss: 0.1078, Val Loss: 0.0064
2025-12-08 09:31:15 | INFO | Epoch 7/100 - Train Loss: 0.0990, Val Loss: 0.0071
2025-12-08 09:31:33 | INFO | Epoch 8/100 - Train Loss: 0.0986, Val Loss: 0.0052
2025-12-08 09:31:52 | INFO | Epoch 9/100 - Train Loss: 0.0929, Val Loss: 0.0065
2025-12-08 09:32:10 | INFO | Epoch 10/100 - Train Loss: 0.0875, Val Loss: 0.0055
2025-12-08 09:32:28 | INFO | Epoch 11/100 - Train Loss: 0.0827, Val Loss: 0.0062
2025-12-08 09:32:47 | INFO | Epoch 12/100 - Train Loss: 0.0897, Val Loss: 0.0071
2025-12-08 09:33:06 | INFO | Epoch 13/100 - Train Loss: 0.0836, Val Loss: 0.0079
2025-12-08 09:33:25 | INFO | Epoch 14/100 - Train Loss: 0.0798, Val Loss: 0.0064
2025-12-08 09:33:44 | INFO | Epoch 15/100 - Train Loss: 0.0819, Val Loss: 0.0070
2025-12-08 09:34:04 | INFO | Epoch 16/100 - Train Loss: 0.0778, Val Loss: 0.0069
2025-12-08 09:34:24 | INFO | Epoch 17/100 - Train Loss: 0.0806, Val Loss: 0.0056
2025-12-08 09:34:50 | INFO | Epoch 18/100 - Train Loss: 0.0776, Val Loss: 0.0062
2025-12-08 09:35:17 | INFO | Epoch 19/100 - Train Loss: 0.0799, Val Loss: 0.0064
2025-12-08 09:35:39 | INFO | Epoch 20/100 - Train Loss: 0.0765, Val Loss: 0.0076
2025-12-08 09:36:03 | INFO | Epoch 21/100 - Train Loss: 0.0760, Val Loss: 0.0069
2025-12-08 09:36:23 | INFO | Epoch 22/100 - Train Loss: 0.0706, Val Loss: 0.0086
2025-12-08 09:36:43 | INFO | Epoch 23/100 - Train Loss: 0.0770, Val Loss: 0.0066
2025-12-08 09:37:01 | INFO | Epoch 24/100 - Train Loss: 0.0703, Val Loss: 0.0056
2025-12-08 09:37:20 | INFO | Epoch 25/100 - Train Loss: 0.0699, Val Loss: 0.0055
2025-12-08 09:37:39 | INFO | Epoch 26/100 - Train Loss: 0.0677, Val Loss: 0.0056
2025-12-08 09:37:58 | INFO | Epoch 27/100 - Train Loss: 0.0698, Val Loss: 0.0047
2025-12-08 09:38:18 | INFO | Epoch 28/100 - Train Loss: 0.0650, Val Loss: 0.0057
2025-12-08 09:38:37 | INFO | Epoch 29/100 - Train Loss: 0.0640, Val Loss: 0.0072
2025-12-08 09:39:07 | INFO | Epoch 30/100 - Train Loss: 0.0674, Val Loss: 0.0075
2025-12-08 09:39:38 | INFO | Epoch 31/100 - Train Loss: 0.0686, Val Loss: 0.0059
2025-12-08 09:40:07 | INFO | Epoch 32/100 - Train Loss: 0.0676, Val Loss: 0.0052
2025-12-08 09:40:33 | INFO | Epoch 33/100 - Train Loss: 0.0637, Val Loss: 0.0055
2025-12-08 09:41:02 | INFO | Epoch 34/100 - Train Loss: 0.0670, Val Loss: 0.0034
2025-12-08 09:41:02 | INFO | New best model saved! Val Loss: 0.0034
2025-12-08 09:41:31 | INFO | Epoch 35/100 - Train Loss: 0.0645, Val Loss: 0.0044
2025-12-08 09:41:59 | INFO | Epoch 36/100 - Train Loss: 0.0649, Val Loss: 0.0057
2025-12-08 09:42:26 | INFO | Epoch 37/100 - Train Loss: 0.0611, Val Loss: 0.0055
2025-12-08 09:42:54 | INFO | Epoch 38/100 - Train Loss: 0.0663, Val Loss: 0.0054
2025-12-08 09:43:22 | INFO | Epoch 39/100 - Train Loss: 0.0621, Val Loss: 0.0056
2025-12-08 09:43:51 | INFO | Epoch 40/100 - Train Loss: 0.0610, Val Loss: 0.0045
2025-12-08 09:44:22 | INFO | Epoch 41/100 - Train Loss: 0.0607, Val Loss: 0.0048
2025-12-08 09:44:53 | INFO | Epoch 42/100 - Train Loss: 0.0587, Val Loss: 0.0053
2025-12-08 09:45:23 | INFO | Epoch 43/100 - Train Loss: 0.0608, Val Loss: 0.0067
2025-12-08 09:45:54 | INFO | Epoch 44/100 - Train Loss: 0.0584, Val Loss: 0.0060
2025-12-08 09:46:25 | INFO | Epoch 45/100 - Train Loss: 0.0548, Val Loss: 0.0064
2025-12-08 09:46:59 | INFO | Epoch 46/100 - Train Loss: 0.0554, Val Loss: 0.0060
2025-12-08 09:47:35 | INFO | Epoch 47/100 - Train Loss: 0.0543, Val Loss: 0.0072
2025-12-08 09:48:12 | INFO | Epoch 48/100 - Train Loss: 0.0597, Val Loss: 0.0051
2025-12-08 09:48:45 | INFO | Epoch 49/100 - Train Loss: 0.0516, Val Loss: 0.0089
2025-12-08 09:49:18 | INFO | Epoch 50/100 - Train Loss: 0.0540, Val Loss: 0.0075
2025-12-08 09:50:01 | INFO | Epoch 51/100 - Train Loss: 0.0579, Val Loss: 0.0062
2025-12-08 09:50:32 | INFO | Epoch 52/100 - Train Loss: 0.0532, Val Loss: 0.0058
2025-12-08 09:51:05 | INFO | Epoch 53/100 - Train Loss: 0.0500, Val Loss: 0.0049
2025-12-08 09:51:37 | INFO | Epoch 54/100 - Train Loss: 0.0523, Val Loss: 0.0063
2025-12-08 09:52:10 | INFO | Epoch 55/100 - Train Loss: 0.0512, Val Loss: 0.0047
2025-12-08 09:52:44 | INFO | Epoch 56/100 - Train Loss: 0.0516, Val Loss: 0.0058
2025-12-08 09:53:24 | INFO | Epoch 57/100 - Train Loss: 0.0494, Val Loss: 0.0035
2025-12-08 09:53:59 | INFO | Epoch 58/100 - Train Loss: 0.0495, Val Loss: 0.0053
2025-12-08 09:54:33 | INFO | Epoch 59/100 - Train Loss: 0.0485, Val Loss: 0.0041
2025-12-08 09:55:06 | INFO | Epoch 60/100 - Train Loss: 0.0496, Val Loss: 0.0055
2025-12-08 09:55:40 | INFO | Epoch 61/100 - Train Loss: 0.0470, Val Loss: 0.0051
2025-12-08 09:56:14 | INFO | Epoch 62/100 - Train Loss: 0.0469, Val Loss: 0.0061
2025-12-08 09:56:48 | INFO | Epoch 63/100 - Train Loss: 0.0477, Val Loss: 0.0048
2025-12-08 09:57:23 | INFO | Epoch 64/100 - Train Loss: 0.0458, Val Loss: 0.0081
2025-12-08 09:57:56 | INFO | Epoch 65/100 - Train Loss: 0.0441, Val Loss: 0.0075
2025-12-08 09:58:29 | INFO | Epoch 66/100 - Train Loss: 0.0427, Val Loss: 0.0064
2025-12-08 09:59:04 | INFO | Epoch 67/100 - Train Loss: 0.0459, Val Loss: 0.0053
2025-12-08 09:59:39 | INFO | Epoch 68/100 - Train Loss: 0.0407, Val Loss: 0.0061
2025-12-08 10:00:13 | INFO | Epoch 69/100 - Train Loss: 0.0445, Val Loss: 0.0058
2025-12-08 10:00:47 | INFO | Epoch 70/100 - Train Loss: 0.0435, Val Loss: 0.0061
2025-12-08 10:01:21 | INFO | Epoch 71/100 - Train Loss: 0.0424, Val Loss: 0.0059
2025-12-08 10:01:55 | INFO | Epoch 72/100 - Train Loss: 0.0398, Val Loss: 0.0058
2025-12-08 10:02:29 | INFO | Epoch 73/100 - Train Loss: 0.0388, Val Loss: 0.0057
2025-12-08 10:03:04 | INFO | Epoch 74/100 - Train Loss: 0.0420, Val Loss: 0.0054
2025-12-08 10:03:37 | INFO | Epoch 75/100 - Train Loss: 0.0382, Val Loss: 0.0053
2025-12-08 10:04:11 | INFO | Epoch 76/100 - Train Loss: 0.0378, Val Loss: 0.0057
2025-12-08 10:04:55 | INFO | Epoch 77/100 - Train Loss: 0.0379, Val Loss: 0.0070
2025-12-08 10:05:28 | INFO | Epoch 78/100 - Train Loss: 0.0408, Val Loss: 0.0069
2025-12-08 10:06:04 | INFO | Epoch 79/100 - Train Loss: 0.0357, Val Loss: 0.0076
2025-12-08 10:06:37 | INFO | Epoch 80/100 - Train Loss: 0.0356, Val Loss: 0.0059
2025-12-08 10:07:08 | INFO | Epoch 81/100 - Train Loss: 0.0338, Val Loss: 0.0052
2025-12-08 10:07:39 | INFO | Epoch 82/100 - Train Loss: 0.0355, Val Loss: 0.0059
2025-12-08 10:08:11 | INFO | Epoch 83/100 - Train Loss: 0.0348, Val Loss: 0.0062
2025-12-08 10:08:41 | INFO | Epoch 84/100 - Train Loss: 0.0336, Val Loss: 0.0058
2025-12-08 10:08:41 | INFO | Early stopping triggered after 84 epochs
2025-12-08 10:08:41 | INFO | Training completed!
2025-12-08 10:08:42 | INFO | Training history plot saved: logs\training_history.png
2025-12-08 10:08:42 | INFO | Training script completed successfully!
