2025-12-08 13:14:51 | INFO | ================================================================================
2025-12-08 13:14:51 | INFO | KEYSTROKE DYNAMICS - ZERO TRUST TELEHEALTH PLATFORM
2025-12-08 13:14:51 | INFO | ================================================================================
2025-12-08 13:14:51 | INFO | Starting testing pipeline...
2025-12-08 13:14:53 | INFO | Loading configuration from: config.yaml
2025-12-08 13:14:53 | INFO | Configuration loaded successfully
2025-12-08 13:14:53 | INFO | Using device: cpu
2025-12-08 13:14:53 | INFO | KeystrokePreprocessor initialized
2025-12-08 13:14:53 | INFO | AnomalyDetector initialized with method: isolation_forest
2025-12-08 13:14:53 | INFO | Loading model from: models/checkpoints\best_model.pth
2025-12-08 13:14:53 | INFO | Running comprehensive tests...
2025-12-08 13:14:53 | INFO | Loading test dataset...
2025-12-08 13:14:53 | INFO | Loading DSL dataset from: Dataset\DSL-StrongPasswordData-Original_Dataset.xls
2025-12-08 13:14:55 | INFO | Loaded dataset: 20400 samples, 34 features
2025-12-08 13:14:55 | INFO | Subjects: 51
2025-12-08 13:14:55 | INFO | Splitting dataset by subject...
2025-12-08 13:14:55 | INFO | Split: Train=12000 (30 subjects), Val=4000 (10 subjects), Test=4400 (11 subjects)
2025-12-08 13:14:55 | INFO | Running preprocessing pipeline...
2025-12-08 13:14:55 | INFO | Extracting timing features...
2025-12-08 13:14:55 | INFO | Extracted 31 timing features
2025-12-08 13:14:55 | INFO | Feature types: 11 hold, 10 DD, 10 UD
2025-12-08 13:14:55 | INFO | Handling outliers...
2025-12-08 13:14:55 | INFO | Clipped 1888 outlier values
2025-12-08 13:14:55 | INFO | Computing statistical features...
2025-12-08 13:14:55 | INFO | Added 7 statistical features
2025-12-08 13:14:55 | WARNING | Scaler not fitted, fitting now...
2025-12-08 13:14:55 | INFO | Preprocessing complete: torch.Size([4400, 38])
2025-12-08 13:14:55 | INFO | Test data loaded: torch.Size([4400, 38])
2025-12-08 13:14:55 | INFO | KeystrokeEmbeddingModel initialized: 38 -> 128
2025-12-08 13:14:55 | INFO | Architecture: [256, 512, 256, 128]
2025-12-08 13:14:55 | INFO | Model loaded successfully
2025-12-08 13:14:55 | INFO | Evaluating verification performance...
2025-12-08 13:14:55 | INFO | KeystrokeVerifier initialized
2025-12-08 13:14:55 | INFO | Adaptive threshold: False
2025-12-08 13:14:55 | INFO | Enrolling user: s015
2025-12-08 13:14:55 | INFO | User s015 enrolled successfully with 50 samples
2025-12-08 13:14:55 | INFO | Verification: s015 - Verified=False, Confidence=0.555, Latency=5.0ms
2025-12-08 13:14:55 | INFO | Verification: s015 - Verified=False, Confidence=0.581, Latency=8.0ms
2025-12-08 13:14:55 | INFO | Verification: s015 - Verified=False, Confidence=0.723, Latency=8.5ms
2025-12-08 13:14:55 | INFO | Verification: s015 - Verified=False, Confidence=0.837, Latency=7.5ms
2025-12-08 13:14:55 | INFO | Verification: s015 - Verified=False, Confidence=0.536, Latency=7.5ms
2025-12-08 13:14:55 | INFO | Verification: s015 - Verified=False, Confidence=0.690, Latency=2.0ms
2025-12-08 13:14:55 | INFO | Verification: s015 - Verified=False, Confidence=0.726, Latency=17.4ms
2025-12-08 13:14:55 | INFO | Verification: s015 - Verified=False, Confidence=0.822, Latency=7.5ms
2025-12-08 13:14:55 | INFO | Verification: s015 - Verified=False, Confidence=0.812, Latency=4.9ms
2025-12-08 13:14:55 | INFO | Verification: s015 - Verified=False, Confidence=0.765, Latency=9.8ms
2025-12-08 13:14:55 | INFO | Verification: s015 - Verified=False, Confidence=0.458, Latency=5.6ms
2025-12-08 13:14:55 | INFO | Verification: s015 - Verified=False, Confidence=0.330, Latency=6.5ms
2025-12-08 13:14:55 | INFO | Verification: s015 - Verified=False, Confidence=0.660, Latency=7.0ms
2025-12-08 13:14:55 | INFO | Verification: s015 - Verified=True, Confidence=0.942, Latency=10.0ms
2025-12-08 13:14:55 | INFO | Verification: s015 - Verified=False, Confidence=0.724, Latency=7.5ms
2025-12-08 13:14:55 | INFO | Verification: s015 - Verified=False, Confidence=0.487, Latency=3.0ms
2025-12-08 13:14:55 | INFO | Verification: s015 - Verified=False, Confidence=0.845, Latency=7.5ms
2025-12-08 13:14:55 | INFO | Verification: s015 - Verified=False, Confidence=0.597, Latency=3.0ms
2025-12-08 13:14:55 | INFO | Verification: s015 - Verified=False, Confidence=0.401, Latency=3.5ms
2025-12-08 13:14:55 | INFO | Verification: s015 - Verified=False, Confidence=0.209, Latency=4.4ms
2025-12-08 13:14:55 | INFO | Verification: s015 - Verified=False, Confidence=0.497, Latency=3.5ms
2025-12-08 13:14:55 | INFO | Verification: s015 - Verified=False, Confidence=0.521, Latency=8.0ms
2025-12-08 13:14:55 | INFO | Verification: s015 - Verified=False, Confidence=0.787, Latency=4.4ms
2025-12-08 13:14:55 | INFO | Verification: s015 - Verified=False, Confidence=0.751, Latency=3.5ms
2025-12-08 13:14:55 | INFO | Verification: s015 - Verified=False, Confidence=0.804, Latency=6.0ms
2025-12-08 13:14:55 | INFO | Verification: s015 - Verified=False, Confidence=0.558, Latency=3.0ms
2025-12-08 13:14:55 | INFO | Verification: s015 - Verified=False, Confidence=0.406, Latency=5.5ms
2025-12-08 13:14:55 | INFO | Verification: s015 - Verified=False, Confidence=0.602, Latency=5.2ms
2025-12-08 13:14:55 | INFO | Verification: s015 - Verified=False, Confidence=0.757, Latency=4.1ms
2025-12-08 13:14:55 | INFO | Verification: s015 - Verified=False, Confidence=0.418, Latency=7.1ms
2025-12-08 13:14:55 | INFO | Verification: s015 - Verified=False, Confidence=0.593, Latency=3.3ms
2025-12-08 13:14:55 | INFO | Verification: s015 - Verified=False, Confidence=0.673, Latency=1.0ms
2025-12-08 13:14:55 | INFO | Verification: s015 - Verified=False, Confidence=0.326, Latency=11.5ms
2025-12-08 13:14:55 | INFO | Verification: s015 - Verified=False, Confidence=0.663, Latency=5.1ms
2025-12-08 13:14:55 | INFO | Verification: s015 - Verified=False, Confidence=0.597, Latency=7.5ms
2025-12-08 13:14:55 | INFO | Verification: s015 - Verified=False, Confidence=0.000, Latency=3.0ms
2025-12-08 13:14:55 | INFO | Verification: s015 - Verified=False, Confidence=0.000, Latency=9.6ms
2025-12-08 13:14:55 | INFO | Verification: s015 - Verified=False, Confidence=0.000, Latency=5.2ms
2025-12-08 13:14:55 | INFO | Verification: s015 - Verified=False, Confidence=0.000, Latency=2.3ms
2025-12-08 13:14:55 | INFO | Verification: s015 - Verified=False, Confidence=0.000, Latency=5.8ms
2025-12-08 13:14:55 | INFO | Verification: s015 - Verified=False, Confidence=0.230, Latency=2.0ms
2025-12-08 13:14:55 | INFO | Verification: s015 - Verified=False, Confidence=0.151, Latency=13.1ms
2025-12-08 13:14:55 | INFO | Verification: s015 - Verified=False, Confidence=0.298, Latency=6.1ms
2025-12-08 13:14:55 | INFO | Verification: s015 - Verified=False, Confidence=0.217, Latency=3.1ms
2025-12-08 13:14:55 | INFO | Verification: s015 - Verified=False, Confidence=0.076, Latency=8.5ms
2025-12-08 13:14:55 | INFO | Verification: s015 - Verified=False, Confidence=0.244, Latency=2.0ms
2025-12-08 13:14:55 | INFO | Verification: s015 - Verified=False, Confidence=0.325, Latency=1.2ms
2025-12-08 13:14:55 | INFO | Verification: s015 - Verified=False, Confidence=0.158, Latency=8.5ms
2025-12-08 13:14:55 | INFO | Verification: s015 - Verified=False, Confidence=0.000, Latency=6.1ms
2025-12-08 13:14:55 | INFO | Verification: s015 - Verified=False, Confidence=0.116, Latency=2.5ms
2025-12-08 13:14:55 | INFO | Enrolling user: s026
2025-12-08 13:14:55 | INFO | User s026 enrolled successfully with 50 samples
2025-12-08 13:14:55 | INFO | Verification: s026 - Verified=False, Confidence=0.480, Latency=3.6ms
2025-12-08 13:14:55 | INFO | Verification: s026 - Verified=False, Confidence=0.695, Latency=6.0ms
2025-12-08 13:14:55 | INFO | Verification: s026 - Verified=False, Confidence=0.786, Latency=5.2ms
2025-12-08 13:14:55 | INFO | Verification: s026 - Verified=False, Confidence=0.841, Latency=12.6ms
2025-12-08 13:14:55 | INFO | Verification: s026 - Verified=True, Confidence=0.918, Latency=3.0ms
2025-12-08 13:14:55 | INFO | Verification: s026 - Verified=False, Confidence=0.833, Latency=9.5ms
2025-12-08 13:14:55 | INFO | Verification: s026 - Verified=True, Confidence=0.922, Latency=3.0ms
2025-12-08 13:14:55 | INFO | Verification: s026 - Verified=True, Confidence=0.925, Latency=6.6ms
2025-12-08 13:14:55 | INFO | Verification: s026 - Verified=False, Confidence=0.867, Latency=3.6ms
2025-12-08 13:14:55 | INFO | Verification: s026 - Verified=True, Confidence=0.919, Latency=4.1ms
2025-12-08 13:14:55 | INFO | Verification: s026 - Verified=False, Confidence=0.705, Latency=2.0ms
2025-12-08 13:14:55 | INFO | Verification: s026 - Verified=True, Confidence=0.936, Latency=6.3ms
2025-12-08 13:14:55 | INFO | Verification: s026 - Verified=True, Confidence=0.966, Latency=3.1ms
2025-12-08 13:14:55 | INFO | Verification: s026 - Verified=True, Confidence=0.886, Latency=7.1ms
2025-12-08 13:14:55 | INFO | Verification: s026 - Verified=True, Confidence=0.915, Latency=9.0ms
2025-12-08 13:14:55 | INFO | Verification: s026 - Verified=True, Confidence=0.958, Latency=5.9ms
2025-12-08 13:14:55 | INFO | Verification: s026 - Verified=True, Confidence=0.961, Latency=8.3ms
2025-12-08 13:14:55 | INFO | Verification: s026 - Verified=True, Confidence=0.958, Latency=3.0ms
2025-12-08 13:14:55 | INFO | Verification: s026 - Verified=True, Confidence=0.969, Latency=3.0ms
2025-12-08 13:14:55 | INFO | Verification: s026 - Verified=True, Confidence=0.923, Latency=14.8ms
2025-12-08 13:14:55 | INFO | Verification: s026 - Verified=False, Confidence=0.605, Latency=2.6ms
2025-12-08 13:14:55 | INFO | Verification: s026 - Verified=True, Confidence=0.959, Latency=11.1ms
2025-12-08 13:14:55 | INFO | Verification: s026 - Verified=True, Confidence=0.940, Latency=3.0ms
2025-12-08 13:14:55 | INFO | Verification: s026 - Verified=True, Confidence=0.925, Latency=15.9ms
2025-12-08 13:14:55 | INFO | Verification: s026 - Verified=True, Confidence=0.965, Latency=5.1ms
2025-12-08 13:14:55 | INFO | Verification: s026 - Verified=False, Confidence=0.330, Latency=5.4ms
2025-12-08 13:14:56 | INFO | Verification: s026 - Verified=False, Confidence=0.469, Latency=2.2ms
2025-12-08 13:14:56 | INFO | Verification: s026 - Verified=False, Confidence=0.556, Latency=11.6ms
2025-12-08 13:14:56 | INFO | Verification: s026 - Verified=False, Confidence=0.621, Latency=4.3ms
2025-12-08 13:14:56 | INFO | Verification: s026 - Verified=False, Confidence=0.094, Latency=1.5ms
2025-12-08 13:14:56 | INFO | Verification: s026 - Verified=False, Confidence=0.244, Latency=3.5ms
2025-12-08 13:14:56 | INFO | Verification: s026 - Verified=False, Confidence=0.356, Latency=4.1ms
2025-12-08 13:14:56 | INFO | Verification: s026 - Verified=False, Confidence=0.534, Latency=11.4ms
2025-12-08 13:14:56 | INFO | Verification: s026 - Verified=False, Confidence=0.490, Latency=5.0ms
2025-12-08 13:14:56 | INFO | Verification: s026 - Verified=False, Confidence=0.372, Latency=6.0ms
2025-12-08 13:14:56 | INFO | Verification: s026 - Verified=False, Confidence=0.000, Latency=3.0ms
2025-12-08 13:14:56 | INFO | Verification: s026 - Verified=False, Confidence=0.000, Latency=3.0ms
2025-12-08 13:14:56 | INFO | Verification: s026 - Verified=False, Confidence=0.000, Latency=2.0ms
2025-12-08 13:14:56 | INFO | Verification: s026 - Verified=False, Confidence=0.000, Latency=6.0ms
2025-12-08 13:14:56 | INFO | Verification: s026 - Verified=False, Confidence=0.000, Latency=4.5ms
2025-12-08 13:14:56 | INFO | Verification: s026 - Verified=False, Confidence=0.247, Latency=1.0ms
2025-12-08 13:14:56 | INFO | Verification: s026 - Verified=False, Confidence=0.000, Latency=5.5ms
2025-12-08 13:14:56 | INFO | Verification: s026 - Verified=False, Confidence=0.095, Latency=4.0ms
2025-12-08 13:14:56 | INFO | Verification: s026 - Verified=False, Confidence=0.082, Latency=2.5ms
2025-12-08 13:14:56 | INFO | Verification: s026 - Verified=False, Confidence=0.152, Latency=7.0ms
2025-12-08 13:14:56 | INFO | Verification: s026 - Verified=False, Confidence=0.179, Latency=3.4ms
2025-12-08 13:14:56 | INFO | Verification: s026 - Verified=False, Confidence=0.476, Latency=2.0ms
2025-12-08 13:14:56 | INFO | Verification: s026 - Verified=False, Confidence=0.383, Latency=4.1ms
2025-12-08 13:14:56 | INFO | Verification: s026 - Verified=False, Confidence=0.071, Latency=9.9ms
2025-12-08 13:14:56 | INFO | Verification: s026 - Verified=False, Confidence=0.381, Latency=2.4ms
2025-12-08 13:14:56 | INFO | Enrolling user: s031
2025-12-08 13:14:56 | INFO | User s031 enrolled successfully with 50 samples
2025-12-08 13:14:56 | INFO | Verification: s031 - Verified=False, Confidence=0.148, Latency=5.1ms
2025-12-08 13:14:56 | INFO | Verification: s031 - Verified=False, Confidence=0.500, Latency=3.4ms
2025-12-08 13:14:56 | INFO | Verification: s031 - Verified=False, Confidence=0.814, Latency=2.0ms
2025-12-08 13:14:56 | INFO | Verification: s031 - Verified=True, Confidence=0.938, Latency=9.0ms
2025-12-08 13:14:56 | INFO | Verification: s031 - Verified=False, Confidence=0.562, Latency=3.5ms
2025-12-08 13:14:56 | INFO | Verification: s031 - Verified=False, Confidence=0.245, Latency=10.8ms
2025-12-08 13:14:56 | INFO | Verification: s031 - Verified=False, Confidence=0.692, Latency=2.2ms
2025-12-08 13:14:56 | INFO | Verification: s031 - Verified=False, Confidence=0.725, Latency=3.9ms
2025-12-08 13:14:56 | INFO | Verification: s031 - Verified=False, Confidence=0.678, Latency=6.5ms
2025-12-08 13:14:56 | INFO | Verification: s031 - Verified=False, Confidence=0.540, Latency=3.4ms
2025-12-08 13:14:56 | INFO | Verification: s031 - Verified=False, Confidence=0.472, Latency=10.5ms
2025-12-08 13:14:56 | INFO | Verification: s031 - Verified=False, Confidence=0.401, Latency=3.6ms
2025-12-08 13:14:56 | INFO | Verification: s031 - Verified=False, Confidence=0.570, Latency=2.0ms
2025-12-08 13:14:56 | INFO | Verification: s031 - Verified=False, Confidence=0.248, Latency=12.1ms
2025-12-08 13:14:56 | INFO | Verification: s031 - Verified=False, Confidence=0.000, Latency=2.4ms
2025-12-08 13:14:56 | INFO | Verification: s031 - Verified=False, Confidence=0.000, Latency=9.4ms
2025-12-08 13:14:56 | INFO | Verification: s031 - Verified=False, Confidence=0.447, Latency=2.3ms
2025-12-08 13:14:56 | INFO | Verification: s031 - Verified=False, Confidence=0.074, Latency=2.5ms
2025-12-08 13:14:56 | INFO | Verification: s031 - Verified=False, Confidence=0.506, Latency=7.7ms
2025-12-08 13:14:56 | INFO | Verification: s031 - Verified=False, Confidence=0.026, Latency=3.5ms
2025-12-08 13:14:56 | INFO | Verification: s031 - Verified=False, Confidence=0.000, Latency=1.0ms
2025-12-08 13:14:56 | INFO | Verification: s031 - Verified=False, Confidence=0.338, Latency=5.5ms
2025-12-08 13:14:56 | INFO | Verification: s031 - Verified=False, Confidence=0.422, Latency=4.0ms
2025-12-08 13:14:56 | INFO | Verification: s031 - Verified=False, Confidence=0.409, Latency=4.0ms
2025-12-08 13:14:56 | INFO | Verification: s031 - Verified=False, Confidence=0.206, Latency=2.6ms
2025-12-08 13:14:56 | INFO | Verification: s031 - Verified=False, Confidence=0.809, Latency=10.8ms
2025-12-08 13:14:56 | INFO | Verification: s031 - Verified=False, Confidence=0.662, Latency=3.2ms
2025-12-08 13:14:56 | INFO | Verification: s031 - Verified=False, Confidence=0.337, Latency=13.0ms
2025-12-08 13:14:56 | INFO | Verification: s031 - Verified=False, Confidence=0.605, Latency=4.1ms
2025-12-08 13:14:56 | INFO | Verification: s031 - Verified=False, Confidence=0.450, Latency=2.0ms
2025-12-08 13:14:56 | INFO | Verification: s031 - Verified=False, Confidence=0.484, Latency=3.0ms
2025-12-08 13:14:56 | INFO | Verification: s031 - Verified=False, Confidence=0.545, Latency=5.0ms
2025-12-08 13:14:56 | INFO | Verification: s031 - Verified=False, Confidence=0.331, Latency=5.5ms
2025-12-08 13:14:56 | INFO | Verification: s031 - Verified=False, Confidence=0.520, Latency=3.3ms
2025-12-08 13:14:56 | INFO | Verification: s031 - Verified=False, Confidence=0.517, Latency=2.0ms
2025-12-08 13:14:56 | INFO | Verification: s031 - Verified=False, Confidence=0.000, Latency=4.5ms
2025-12-08 13:14:56 | INFO | Verification: s031 - Verified=False, Confidence=0.000, Latency=4.0ms
2025-12-08 13:14:56 | INFO | Verification: s031 - Verified=False, Confidence=0.000, Latency=6.0ms
2025-12-08 13:14:56 | INFO | Verification: s031 - Verified=False, Confidence=0.000, Latency=2.5ms
2025-12-08 13:14:56 | INFO | Verification: s031 - Verified=False, Confidence=0.000, Latency=5.0ms
2025-12-08 13:14:56 | INFO | Verification: s031 - Verified=False, Confidence=0.529, Latency=2.0ms
2025-12-08 13:14:56 | INFO | Verification: s031 - Verified=False, Confidence=0.430, Latency=2.0ms
2025-12-08 13:14:56 | INFO | Verification: s031 - Verified=False, Confidence=0.458, Latency=5.5ms
2025-12-08 13:14:56 | INFO | Verification: s031 - Verified=False, Confidence=0.216, Latency=3.0ms
2025-12-08 13:14:56 | INFO | Verification: s031 - Verified=False, Confidence=0.327, Latency=3.5ms
2025-12-08 13:14:56 | INFO | Verification: s031 - Verified=False, Confidence=0.749, Latency=2.0ms
2025-12-08 13:14:56 | INFO | Verification: s031 - Verified=False, Confidence=0.800, Latency=6.7ms
2025-12-08 13:14:56 | INFO | Verification: s031 - Verified=False, Confidence=0.677, Latency=4.0ms
2025-12-08 13:14:56 | INFO | Verification: s031 - Verified=False, Confidence=0.474, Latency=9.5ms
2025-12-08 13:14:56 | INFO | Verification: s031 - Verified=False, Confidence=0.408, Latency=3.4ms
2025-12-08 13:14:56 | INFO | Enrolling user: s033
2025-12-08 13:14:56 | INFO | User s033 enrolled successfully with 50 samples
2025-12-08 13:14:56 | INFO | Verification: s033 - Verified=True, Confidence=0.946, Latency=1.2ms
2025-12-08 13:14:56 | INFO | Verification: s033 - Verified=True, Confidence=0.960, Latency=3.6ms
2025-12-08 13:14:56 | INFO | Verification: s033 - Verified=False, Confidence=0.860, Latency=4.0ms
2025-12-08 13:14:56 | INFO | Verification: s033 - Verified=True, Confidence=0.958, Latency=2.5ms
2025-12-08 13:14:56 | INFO | Verification: s033 - Verified=True, Confidence=0.993, Latency=7.3ms
2025-12-08 13:14:56 | INFO | Verification: s033 - Verified=True, Confidence=0.987, Latency=4.5ms
2025-12-08 13:14:56 | INFO | Verification: s033 - Verified=True, Confidence=0.935, Latency=3.0ms
2025-12-08 13:14:56 | INFO | Verification: s033 - Verified=True, Confidence=0.979, Latency=9.5ms
2025-12-08 13:14:56 | INFO | Verification: s033 - Verified=True, Confidence=0.956, Latency=2.9ms
2025-12-08 13:14:56 | INFO | Verification: s033 - Verified=True, Confidence=0.986, Latency=2.3ms
2025-12-08 13:14:56 | INFO | Verification: s033 - Verified=True, Confidence=0.984, Latency=2.0ms
2025-12-08 13:14:56 | INFO | Verification: s033 - Verified=True, Confidence=0.957, Latency=5.0ms
2025-12-08 13:14:56 | INFO | Verification: s033 - Verified=True, Confidence=0.946, Latency=3.5ms
2025-12-08 13:14:56 | INFO | Verification: s033 - Verified=True, Confidence=0.925, Latency=2.5ms
2025-12-08 13:14:56 | INFO | Verification: s033 - Verified=True, Confidence=0.920, Latency=7.6ms
2025-12-08 13:14:56 | INFO | Verification: s033 - Verified=False, Confidence=0.738, Latency=3.1ms
2025-12-08 13:14:56 | INFO | Verification: s033 - Verified=True, Confidence=0.920, Latency=2.2ms
2025-12-08 13:14:56 | INFO | Verification: s033 - Verified=False, Confidence=0.862, Latency=14.1ms
2025-12-08 13:14:56 | INFO | Verification: s033 - Verified=False, Confidence=0.715, Latency=8.5ms
2025-12-08 13:14:56 | INFO | Verification: s033 - Verified=True, Confidence=0.920, Latency=7.1ms
2025-12-08 13:14:56 | INFO | Verification: s033 - Verified=True, Confidence=0.907, Latency=2.5ms
2025-12-08 13:14:56 | INFO | Verification: s033 - Verified=False, Confidence=0.739, Latency=8.5ms
2025-12-08 13:14:56 | INFO | Verification: s033 - Verified=True, Confidence=0.916, Latency=2.3ms
2025-12-08 13:14:56 | INFO | Verification: s033 - Verified=False, Confidence=0.866, Latency=2.0ms
2025-12-08 13:14:56 | INFO | Verification: s033 - Verified=True, Confidence=0.944, Latency=3.6ms
2025-12-08 13:14:56 | INFO | Verification: s033 - Verified=False, Confidence=0.000, Latency=4.5ms
2025-12-08 13:14:56 | INFO | Verification: s033 - Verified=False, Confidence=0.300, Latency=2.0ms
2025-12-08 13:14:56 | INFO | Verification: s033 - Verified=False, Confidence=0.000, Latency=8.1ms
2025-12-08 13:14:56 | INFO | Verification: s033 - Verified=False, Confidence=0.000, Latency=2.8ms
2025-12-08 13:14:56 | INFO | Verification: s033 - Verified=False, Confidence=0.036, Latency=1.0ms
2025-12-08 13:14:56 | INFO | Verification: s033 - Verified=False, Confidence=0.000, Latency=2.5ms
2025-12-08 13:14:56 | INFO | Verification: s033 - Verified=False, Confidence=0.113, Latency=9.0ms
2025-12-08 13:14:56 | INFO | Verification: s033 - Verified=False, Confidence=0.267, Latency=2.2ms
2025-12-08 13:14:56 | INFO | Verification: s033 - Verified=False, Confidence=0.002, Latency=1.4ms
2025-12-08 13:14:56 | INFO | Verification: s033 - Verified=False, Confidence=0.000, Latency=1.2ms
2025-12-08 13:14:56 | INFO | Verification: s033 - Verified=False, Confidence=0.000, Latency=3.5ms
2025-12-08 13:14:56 | INFO | Verification: s033 - Verified=False, Confidence=0.000, Latency=3.0ms
2025-12-08 13:14:56 | INFO | Verification: s033 - Verified=False, Confidence=0.000, Latency=2.1ms
2025-12-08 13:14:56 | INFO | Verification: s033 - Verified=False, Confidence=0.000, Latency=6.2ms
2025-12-08 13:14:56 | INFO | Verification: s033 - Verified=False, Confidence=0.000, Latency=0.0ms
2025-12-08 13:14:56 | INFO | Verification: s033 - Verified=False, Confidence=0.000, Latency=1.0ms
2025-12-08 13:14:56 | INFO | Verification: s033 - Verified=False, Confidence=0.000, Latency=11.0ms
2025-12-08 13:14:56 | INFO | Verification: s033 - Verified=False, Confidence=0.000, Latency=2.0ms
2025-12-08 13:14:56 | INFO | Verification: s033 - Verified=False, Confidence=0.000, Latency=2.0ms
2025-12-08 13:14:56 | INFO | Verification: s033 - Verified=False, Confidence=0.000, Latency=7.5ms
2025-12-08 13:14:56 | INFO | Verification: s033 - Verified=False, Confidence=0.121, Latency=1.5ms
2025-12-08 13:14:56 | INFO | Verification: s033 - Verified=False, Confidence=0.000, Latency=2.4ms
2025-12-08 13:14:56 | INFO | Verification: s033 - Verified=False, Confidence=0.000, Latency=3.1ms
2025-12-08 13:14:56 | INFO | Verification: s033 - Verified=False, Confidence=0.083, Latency=3.4ms
2025-12-08 13:14:56 | INFO | Verification: s033 - Verified=False, Confidence=0.000, Latency=2.5ms
2025-12-08 13:14:56 | INFO | Enrolling user: s036
2025-12-08 13:14:56 | INFO | User s036 enrolled successfully with 50 samples
2025-12-08 13:14:56 | INFO | Verification: s036 - Verified=True, Confidence=0.911, Latency=3.0ms
2025-12-08 13:14:56 | INFO | Verification: s036 - Verified=True, Confidence=0.991, Latency=2.0ms
2025-12-08 13:14:56 | INFO | Verification: s036 - Verified=True, Confidence=0.964, Latency=3.2ms
2025-12-08 13:14:56 | INFO | Verification: s036 - Verified=True, Confidence=0.940, Latency=6.0ms
2025-12-08 13:14:56 | INFO | Verification: s036 - Verified=True, Confidence=0.957, Latency=3.6ms
2025-12-08 13:14:56 | INFO | Verification: s036 - Verified=True, Confidence=0.973, Latency=2.0ms
2025-12-08 13:14:56 | INFO | Verification: s036 - Verified=False, Confidence=0.873, Latency=6.8ms
2025-12-08 13:14:56 | INFO | Verification: s036 - Verified=True, Confidence=0.896, Latency=4.5ms
2025-12-08 13:14:56 | INFO | Verification: s036 - Verified=False, Confidence=0.869, Latency=1.4ms
2025-12-08 13:14:56 | INFO | Verification: s036 - Verified=True, Confidence=0.943, Latency=3.0ms
2025-12-08 13:14:56 | INFO | Verification: s036 - Verified=True, Confidence=0.964, Latency=8.8ms
2025-12-08 13:14:56 | INFO | Verification: s036 - Verified=True, Confidence=0.972, Latency=4.0ms
2025-12-08 13:14:56 | INFO | Verification: s036 - Verified=True, Confidence=0.917, Latency=2.0ms
2025-12-08 13:14:56 | INFO | Verification: s036 - Verified=True, Confidence=0.882, Latency=5.3ms
2025-12-08 13:14:56 | INFO | Verification: s036 - Verified=True, Confidence=0.952, Latency=3.5ms
2025-12-08 13:14:56 | INFO | Verification: s036 - Verified=False, Confidence=0.848, Latency=2.0ms
2025-12-08 13:14:56 | INFO | Verification: s036 - Verified=True, Confidence=0.922, Latency=2.0ms
2025-12-08 13:14:56 | INFO | Verification: s036 - Verified=True, Confidence=0.965, Latency=9.2ms
2025-12-08 13:14:56 | INFO | Verification: s036 - Verified=True, Confidence=0.921, Latency=1.0ms
2025-12-08 13:14:56 | INFO | Verification: s036 - Verified=True, Confidence=0.988, Latency=2.0ms
2025-12-08 13:14:56 | INFO | Verification: s036 - Verified=True, Confidence=0.894, Latency=2.6ms
2025-12-08 13:14:56 | INFO | Verification: s036 - Verified=True, Confidence=0.959, Latency=6.0ms
2025-12-08 13:14:56 | INFO | Verification: s036 - Verified=True, Confidence=0.893, Latency=5.5ms
2025-12-08 13:14:56 | INFO | Verification: s036 - Verified=True, Confidence=0.979, Latency=1.4ms
2025-12-08 13:14:56 | INFO | Verification: s036 - Verified=True, Confidence=0.972, Latency=1.0ms
2025-12-08 13:14:56 | INFO | Verification: s036 - Verified=False, Confidence=0.259, Latency=4.5ms
2025-12-08 13:14:56 | INFO | Verification: s036 - Verified=False, Confidence=0.000, Latency=2.5ms
2025-12-08 13:14:56 | INFO | Verification: s036 - Verified=False, Confidence=0.219, Latency=2.0ms
2025-12-08 13:14:56 | INFO | Verification: s036 - Verified=False, Confidence=0.113, Latency=2.0ms
2025-12-08 13:14:56 | INFO | Verification: s036 - Verified=False, Confidence=0.007, Latency=10.8ms
2025-12-08 13:14:56 | INFO | Verification: s036 - Verified=False, Confidence=0.027, Latency=2.5ms
2025-12-08 13:14:56 | INFO | Verification: s036 - Verified=False, Confidence=0.000, Latency=11.5ms
2025-12-08 13:14:56 | INFO | Verification: s036 - Verified=False, Confidence=0.000, Latency=2.0ms
2025-12-08 13:14:56 | INFO | Verification: s036 - Verified=False, Confidence=0.000, Latency=15.4ms
2025-12-08 13:14:56 | INFO | Verification: s036 - Verified=False, Confidence=0.032, Latency=5.5ms
2025-12-08 13:14:56 | INFO | Verification: s036 - Verified=False, Confidence=0.050, Latency=2.5ms
2025-12-08 13:14:56 | INFO | Verification: s036 - Verified=False, Confidence=0.105, Latency=5.1ms
2025-12-08 13:14:56 | INFO | Verification: s036 - Verified=False, Confidence=0.391, Latency=9.6ms
2025-12-08 13:14:56 | INFO | Verification: s036 - Verified=False, Confidence=0.091, Latency=2.4ms
2025-12-08 13:14:56 | INFO | Verification: s036 - Verified=False, Confidence=0.172, Latency=8.5ms
2025-12-08 13:14:56 | INFO | Verification: s036 - Verified=False, Confidence=0.000, Latency=2.0ms
2025-12-08 13:14:56 | INFO | Verification: s036 - Verified=False, Confidence=0.000, Latency=3.0ms
2025-12-08 13:14:57 | INFO | Verification: s036 - Verified=False, Confidence=0.000, Latency=2.2ms
2025-12-08 13:14:57 | INFO | Verification: s036 - Verified=False, Confidence=0.000, Latency=3.0ms
2025-12-08 13:14:57 | INFO | Verification: s036 - Verified=False, Confidence=0.000, Latency=9.5ms
2025-12-08 13:14:57 | INFO | Verification: s036 - Verified=False, Confidence=0.153, Latency=7.5ms
2025-12-08 13:14:57 | INFO | Verification: s036 - Verified=False, Confidence=0.157, Latency=4.5ms
2025-12-08 13:14:57 | INFO | Verification: s036 - Verified=False, Confidence=0.382, Latency=2.4ms
2025-12-08 13:14:57 | INFO | Verification: s036 - Verified=False, Confidence=0.389, Latency=2.0ms
2025-12-08 13:14:57 | INFO | Verification: s036 - Verified=False, Confidence=0.346, Latency=9.1ms
2025-12-08 13:14:57 | INFO | Enrolling user: s039
2025-12-08 13:14:57 | INFO | User s039 enrolled successfully with 50 samples
2025-12-08 13:14:57 | INFO | Verification: s039 - Verified=False, Confidence=0.377, Latency=2.4ms
2025-12-08 13:14:57 | INFO | Verification: s039 - Verified=False, Confidence=0.670, Latency=6.6ms
2025-12-08 13:14:57 | INFO | Verification: s039 - Verified=False, Confidence=0.837, Latency=2.5ms
2025-12-08 13:14:57 | INFO | Verification: s039 - Verified=False, Confidence=0.639, Latency=2.0ms
2025-12-08 13:14:57 | INFO | Verification: s039 - Verified=False, Confidence=0.868, Latency=3.0ms
2025-12-08 13:14:57 | INFO | Verification: s039 - Verified=False, Confidence=0.761, Latency=5.6ms
2025-12-08 13:14:57 | INFO | Verification: s039 - Verified=False, Confidence=0.505, Latency=4.5ms
2025-12-08 13:14:57 | INFO | Verification: s039 - Verified=False, Confidence=0.556, Latency=2.0ms
2025-12-08 13:14:57 | INFO | Verification: s039 - Verified=True, Confidence=0.899, Latency=2.0ms
2025-12-08 13:14:57 | INFO | Verification: s039 - Verified=True, Confidence=0.881, Latency=10.0ms
2025-12-08 13:14:57 | INFO | Verification: s039 - Verified=False, Confidence=0.818, Latency=1.4ms
2025-12-08 13:14:57 | INFO | Verification: s039 - Verified=False, Confidence=0.844, Latency=2.5ms
2025-12-08 13:14:57 | INFO | Verification: s039 - Verified=False, Confidence=0.862, Latency=2.0ms
2025-12-08 13:14:57 | INFO | Verification: s039 - Verified=True, Confidence=0.925, Latency=12.8ms
2025-12-08 13:14:57 | INFO | Verification: s039 - Verified=False, Confidence=0.864, Latency=3.2ms
2025-12-08 13:14:57 | INFO | Verification: s039 - Verified=False, Confidence=0.845, Latency=8.8ms
2025-12-08 13:14:57 | INFO | Verification: s039 - Verified=True, Confidence=0.910, Latency=2.0ms
2025-12-08 13:14:57 | INFO | Verification: s039 - Verified=True, Confidence=0.939, Latency=2.0ms
2025-12-08 13:14:57 | INFO | Verification: s039 - Verified=True, Confidence=0.884, Latency=5.6ms
2025-12-08 13:14:57 | INFO | Verification: s039 - Verified=False, Confidence=0.739, Latency=3.0ms
2025-12-08 13:14:57 | INFO | Verification: s039 - Verified=True, Confidence=0.881, Latency=1.2ms
2025-12-08 13:14:57 | INFO | Verification: s039 - Verified=False, Confidence=0.877, Latency=2.5ms
2025-12-08 13:14:57 | INFO | Verification: s039 - Verified=False, Confidence=0.816, Latency=4.0ms
2025-12-08 13:14:57 | INFO | Verification: s039 - Verified=False, Confidence=0.718, Latency=6.0ms
2025-12-08 13:14:57 | INFO | Verification: s039 - Verified=False, Confidence=0.478, Latency=2.0ms
2025-12-08 13:14:57 | INFO | Verification: s039 - Verified=False, Confidence=0.112, Latency=1.0ms
2025-12-08 13:14:57 | INFO | Verification: s039 - Verified=False, Confidence=0.261, Latency=11.9ms
2025-12-08 13:14:57 | INFO | Verification: s039 - Verified=False, Confidence=0.000, Latency=3.4ms
2025-12-08 13:14:57 | INFO | Verification: s039 - Verified=False, Confidence=0.000, Latency=3.0ms
2025-12-08 13:14:57 | INFO | Verification: s039 - Verified=False, Confidence=0.453, Latency=12.0ms
2025-12-08 13:14:57 | INFO | Verification: s039 - Verified=False, Confidence=0.000, Latency=3.5ms
2025-12-08 13:14:57 | INFO | Verification: s039 - Verified=False, Confidence=0.441, Latency=7.4ms
2025-12-08 13:14:57 | INFO | Verification: s039 - Verified=False, Confidence=0.017, Latency=3.8ms
2025-12-08 13:14:57 | INFO | Verification: s039 - Verified=False, Confidence=0.057, Latency=3.1ms
2025-12-08 13:14:57 | INFO | Verification: s039 - Verified=False, Confidence=0.410, Latency=8.5ms
2025-12-08 13:14:57 | INFO | Verification: s039 - Verified=False, Confidence=0.230, Latency=1.5ms
2025-12-08 13:14:57 | INFO | Verification: s039 - Verified=False, Confidence=0.197, Latency=2.0ms
2025-12-08 13:14:57 | INFO | Verification: s039 - Verified=False, Confidence=0.849, Latency=2.0ms
2025-12-08 13:14:57 | INFO | Verification: s039 - Verified=False, Confidence=0.275, Latency=11.2ms
2025-12-08 13:14:57 | INFO | Verification: s039 - Verified=False, Confidence=0.160, Latency=2.2ms
2025-12-08 13:14:57 | INFO | Verification: s039 - Verified=False, Confidence=0.037, Latency=2.6ms
2025-12-08 13:14:57 | INFO | Verification: s039 - Verified=False, Confidence=0.000, Latency=8.5ms
2025-12-08 13:14:57 | INFO | Verification: s039 - Verified=False, Confidence=0.016, Latency=1.0ms
2025-12-08 13:14:57 | INFO | Verification: s039 - Verified=False, Confidence=0.000, Latency=2.0ms
2025-12-08 13:14:57 | INFO | Verification: s039 - Verified=False, Confidence=0.088, Latency=2.7ms
2025-12-08 13:14:57 | INFO | Verification: s039 - Verified=False, Confidence=0.084, Latency=3.5ms
2025-12-08 13:14:57 | INFO | Verification: s039 - Verified=False, Confidence=0.008, Latency=2.3ms
2025-12-08 13:14:57 | INFO | Verification: s039 - Verified=False, Confidence=0.020, Latency=2.0ms
2025-12-08 13:14:57 | INFO | Verification: s039 - Verified=False, Confidence=0.056, Latency=8.9ms
2025-12-08 13:14:57 | INFO | Verification: s039 - Verified=False, Confidence=0.264, Latency=2.0ms
2025-12-08 13:14:57 | INFO | Enrolling user: s044
2025-12-08 13:14:57 | INFO | User s044 enrolled successfully with 50 samples
2025-12-08 13:14:57 | INFO | Verification: s044 - Verified=True, Confidence=0.929, Latency=2.0ms
2025-12-08 13:14:57 | INFO | Verification: s044 - Verified=False, Confidence=0.808, Latency=9.5ms
2025-12-08 13:14:57 | INFO | Verification: s044 - Verified=True, Confidence=0.895, Latency=2.0ms
2025-12-08 13:14:57 | INFO | Verification: s044 - Verified=False, Confidence=0.783, Latency=2.0ms
2025-12-08 13:14:57 | INFO | Verification: s044 - Verified=False, Confidence=0.785, Latency=9.3ms
2025-12-08 13:14:57 | INFO | Verification: s044 - Verified=True, Confidence=0.925, Latency=3.4ms
2025-12-08 13:14:57 | INFO | Verification: s044 - Verified=True, Confidence=0.914, Latency=2.0ms
2025-12-08 13:14:57 | INFO | Verification: s044 - Verified=False, Confidence=0.821, Latency=10.5ms
2025-12-08 13:14:57 | INFO | Verification: s044 - Verified=False, Confidence=0.773, Latency=2.0ms
2025-12-08 13:14:57 | INFO | Verification: s044 - Verified=True, Confidence=0.884, Latency=1.9ms
2025-12-08 13:14:57 | INFO | Verification: s044 - Verified=False, Confidence=0.879, Latency=9.4ms
2025-12-08 13:14:57 | INFO | Verification: s044 - Verified=True, Confidence=0.911, Latency=3.0ms
2025-12-08 13:14:57 | INFO | Verification: s044 - Verified=False, Confidence=0.856, Latency=3.0ms
2025-12-08 13:14:57 | INFO | Verification: s044 - Verified=False, Confidence=0.597, Latency=12.9ms
2025-12-08 13:14:57 | INFO | Verification: s044 - Verified=False, Confidence=0.857, Latency=2.0ms
2025-12-08 13:14:57 | INFO | Verification: s044 - Verified=False, Confidence=0.746, Latency=1.2ms
2025-12-08 13:14:57 | INFO | Verification: s044 - Verified=False, Confidence=0.814, Latency=4.5ms
2025-12-08 13:14:57 | INFO | Verification: s044 - Verified=False, Confidence=0.446, Latency=11.5ms
2025-12-08 13:14:57 | INFO | Verification: s044 - Verified=False, Confidence=0.658, Latency=3.0ms
2025-12-08 13:14:57 | INFO | Verification: s044 - Verified=False, Confidence=0.810, Latency=2.5ms
2025-12-08 13:14:57 | INFO | Verification: s044 - Verified=False, Confidence=0.738, Latency=3.5ms
2025-12-08 13:14:57 | INFO | Verification: s044 - Verified=False, Confidence=0.351, Latency=3.2ms
2025-12-08 13:14:57 | INFO | Verification: s044 - Verified=False, Confidence=0.693, Latency=13.4ms
2025-12-08 13:14:57 | INFO | Verification: s044 - Verified=True, Confidence=0.908, Latency=1.5ms
2025-12-08 13:14:57 | INFO | Verification: s044 - Verified=False, Confidence=0.770, Latency=10.5ms
2025-12-08 13:14:57 | INFO | Verification: s044 - Verified=False, Confidence=0.630, Latency=2.0ms
2025-12-08 13:14:57 | INFO | Verification: s044 - Verified=False, Confidence=0.361, Latency=2.0ms
2025-12-08 13:14:57 | INFO | Verification: s044 - Verified=False, Confidence=0.423, Latency=9.5ms
2025-12-08 13:14:57 | INFO | Verification: s044 - Verified=False, Confidence=0.538, Latency=3.0ms
2025-12-08 13:14:57 | INFO | Verification: s044 - Verified=False, Confidence=0.250, Latency=2.0ms
2025-12-08 13:14:57 | INFO | Verification: s044 - Verified=False, Confidence=0.519, Latency=2.2ms
2025-12-08 13:14:57 | INFO | Verification: s044 - Verified=False, Confidence=0.438, Latency=2.6ms
2025-12-08 13:14:57 | INFO | Verification: s044 - Verified=False, Confidence=0.094, Latency=10.6ms
2025-12-08 13:14:57 | INFO | Verification: s044 - Verified=False, Confidence=0.360, Latency=4.0ms
2025-12-08 13:14:57 | INFO | Verification: s044 - Verified=False, Confidence=0.609, Latency=2.1ms
2025-12-08 13:14:57 | INFO | Verification: s044 - Verified=False, Confidence=0.517, Latency=11.4ms
2025-12-08 13:14:57 | INFO | Verification: s044 - Verified=False, Confidence=0.590, Latency=1.0ms
2025-12-08 13:14:57 | INFO | Verification: s044 - Verified=False, Confidence=0.685, Latency=1.0ms
2025-12-08 13:14:57 | INFO | Verification: s044 - Verified=False, Confidence=0.640, Latency=9.6ms
2025-12-08 13:14:57 | INFO | Verification: s044 - Verified=False, Confidence=0.664, Latency=2.0ms
2025-12-08 13:14:57 | INFO | Verification: s044 - Verified=False, Confidence=0.000, Latency=2.5ms
2025-12-08 13:14:57 | INFO | Verification: s044 - Verified=False, Confidence=0.000, Latency=10.5ms
2025-12-08 13:14:57 | INFO | Verification: s044 - Verified=False, Confidence=0.000, Latency=1.0ms
2025-12-08 13:14:57 | INFO | Verification: s044 - Verified=False, Confidence=0.000, Latency=2.0ms
2025-12-08 13:14:57 | INFO | Verification: s044 - Verified=False, Confidence=0.000, Latency=12.9ms
2025-12-08 13:14:57 | INFO | Verification: s044 - Verified=False, Confidence=0.756, Latency=4.0ms
2025-12-08 13:14:57 | INFO | Verification: s044 - Verified=False, Confidence=0.610, Latency=2.5ms
2025-12-08 13:14:57 | INFO | Verification: s044 - Verified=False, Confidence=0.660, Latency=2.0ms
2025-12-08 13:14:57 | INFO | Verification: s044 - Verified=False, Confidence=0.496, Latency=2.3ms
2025-12-08 13:14:57 | INFO | Verification: s044 - Verified=False, Confidence=0.632, Latency=3.0ms
2025-12-08 13:14:57 | INFO | Enrolling user: s047
2025-12-08 13:14:57 | INFO | User s047 enrolled successfully with 50 samples
2025-12-08 13:14:57 | INFO | Verification: s047 - Verified=False, Confidence=0.751, Latency=3.0ms
2025-12-08 13:14:57 | INFO | Verification: s047 - Verified=True, Confidence=0.991, Latency=3.0ms
2025-12-08 13:14:57 | INFO | Verification: s047 - Verified=False, Confidence=0.768, Latency=2.5ms
2025-12-08 13:14:57 | INFO | Verification: s047 - Verified=True, Confidence=0.952, Latency=2.0ms
2025-12-08 13:14:57 | INFO | Verification: s047 - Verified=True, Confidence=0.973, Latency=11.9ms
2025-12-08 13:14:57 | INFO | Verification: s047 - Verified=True, Confidence=0.988, Latency=2.2ms
2025-12-08 13:14:57 | INFO | Verification: s047 - Verified=True, Confidence=0.966, Latency=2.7ms
2025-12-08 13:14:57 | INFO | Verification: s047 - Verified=True, Confidence=0.966, Latency=11.0ms
2025-12-08 13:14:57 | INFO | Verification: s047 - Verified=True, Confidence=0.965, Latency=2.0ms
2025-12-08 13:14:57 | INFO | Verification: s047 - Verified=True, Confidence=0.950, Latency=3.0ms
2025-12-08 13:14:57 | INFO | Verification: s047 - Verified=True, Confidence=0.983, Latency=8.3ms
2025-12-08 13:14:57 | INFO | Verification: s047 - Verified=True, Confidence=0.993, Latency=2.3ms
2025-12-08 13:14:57 | INFO | Verification: s047 - Verified=False, Confidence=0.768, Latency=2.5ms
2025-12-08 13:14:57 | INFO | Verification: s047 - Verified=True, Confidence=0.984, Latency=2.0ms
2025-12-08 13:14:57 | INFO | Verification: s047 - Verified=True, Confidence=0.982, Latency=8.5ms
2025-12-08 13:14:57 | INFO | Verification: s047 - Verified=True, Confidence=0.986, Latency=2.0ms
2025-12-08 13:14:57 | INFO | Verification: s047 - Verified=True, Confidence=0.886, Latency=2.8ms
2025-12-08 13:14:57 | INFO | Verification: s047 - Verified=True, Confidence=0.944, Latency=1.5ms
2025-12-08 13:14:57 | INFO | Verification: s047 - Verified=True, Confidence=0.982, Latency=6.0ms
2025-12-08 13:14:57 | INFO | Verification: s047 - Verified=True, Confidence=0.963, Latency=3.5ms
2025-12-08 13:14:57 | INFO | Verification: s047 - Verified=True, Confidence=0.902, Latency=2.1ms
2025-12-08 13:14:57 | INFO | Verification: s047 - Verified=True, Confidence=0.975, Latency=2.5ms
2025-12-08 13:14:57 | INFO | Verification: s047 - Verified=True, Confidence=0.980, Latency=10.3ms
2025-12-08 13:14:57 | INFO | Verification: s047 - Verified=True, Confidence=0.964, Latency=2.0ms
2025-12-08 13:14:57 | INFO | Verification: s047 - Verified=False, Confidence=0.815, Latency=3.1ms
2025-12-08 13:14:57 | INFO | Verification: s047 - Verified=False, Confidence=0.752, Latency=5.1ms
2025-12-08 13:14:57 | INFO | Verification: s047 - Verified=False, Confidence=0.790, Latency=2.1ms
2025-12-08 13:14:57 | INFO | Verification: s047 - Verified=False, Confidence=0.185, Latency=3.0ms
2025-12-08 13:14:57 | INFO | Verification: s047 - Verified=False, Confidence=0.475, Latency=1.5ms
2025-12-08 13:14:57 | INFO | Verification: s047 - Verified=False, Confidence=0.426, Latency=10.5ms
2025-12-08 13:14:57 | INFO | Verification: s047 - Verified=False, Confidence=0.375, Latency=1.0ms
2025-12-08 13:14:57 | INFO | Verification: s047 - Verified=False, Confidence=0.564, Latency=2.0ms
2025-12-08 13:14:57 | INFO | Verification: s047 - Verified=False, Confidence=0.389, Latency=10.4ms
2025-12-08 13:14:57 | INFO | Verification: s047 - Verified=False, Confidence=0.485, Latency=2.5ms
2025-12-08 13:14:57 | INFO | Verification: s047 - Verified=False, Confidence=0.322, Latency=2.6ms
2025-12-08 13:14:57 | INFO | Verification: s047 - Verified=True, Confidence=0.917, Latency=6.5ms
2025-12-08 13:14:57 | INFO | Verification: s047 - Verified=True, Confidence=0.949, Latency=3.0ms
2025-12-08 13:14:57 | INFO | Verification: s047 - Verified=False, Confidence=0.374, Latency=10.2ms
2025-12-08 13:14:57 | INFO | Verification: s047 - Verified=False, Confidence=0.853, Latency=3.0ms
2025-12-08 13:14:57 | INFO | Verification: s047 - Verified=True, Confidence=0.985, Latency=3.0ms
2025-12-08 13:14:57 | INFO | Verification: s047 - Verified=False, Confidence=0.056, Latency=13.1ms
2025-12-08 13:14:57 | INFO | Verification: s047 - Verified=False, Confidence=0.000, Latency=1.5ms
2025-12-08 13:14:57 | INFO | Verification: s047 - Verified=False, Confidence=0.000, Latency=9.9ms
2025-12-08 13:14:57 | INFO | Verification: s047 - Verified=False, Confidence=0.033, Latency=3.1ms
2025-12-08 13:14:57 | INFO | Verification: s047 - Verified=False, Confidence=0.021, Latency=2.0ms
2025-12-08 13:14:57 | INFO | Verification: s047 - Verified=False, Confidence=0.256, Latency=9.7ms
2025-12-08 13:14:57 | INFO | Verification: s047 - Verified=False, Confidence=0.166, Latency=3.0ms
2025-12-08 13:14:57 | INFO | Verification: s047 - Verified=False, Confidence=0.179, Latency=3.0ms
2025-12-08 13:14:57 | INFO | Verification: s047 - Verified=False, Confidence=0.000, Latency=8.6ms
2025-12-08 13:14:57 | INFO | Verification: s047 - Verified=False, Confidence=0.000, Latency=3.7ms
2025-12-08 13:14:57 | INFO | Enrolling user: s048
2025-12-08 13:14:57 | INFO | User s048 enrolled successfully with 50 samples
2025-12-08 13:14:57 | INFO | Verification: s048 - Verified=False, Confidence=0.750, Latency=8.5ms
2025-12-08 13:14:57 | INFO | Verification: s048 - Verified=True, Confidence=0.916, Latency=2.0ms
2025-12-08 13:14:57 | INFO | Verification: s048 - Verified=False, Confidence=0.480, Latency=2.7ms
2025-12-08 13:14:57 | INFO | Verification: s048 - Verified=False, Confidence=0.717, Latency=3.0ms
2025-12-08 13:14:57 | INFO | Verification: s048 - Verified=False, Confidence=0.771, Latency=2.5ms
2025-12-08 13:14:57 | INFO | Verification: s048 - Verified=True, Confidence=0.936, Latency=10.6ms
2025-12-08 13:14:57 | INFO | Verification: s048 - Verified=True, Confidence=0.895, Latency=4.0ms
2025-12-08 13:14:57 | INFO | Verification: s048 - Verified=False, Confidence=0.766, Latency=10.8ms
2025-12-08 13:14:57 | INFO | Verification: s048 - Verified=False, Confidence=0.479, Latency=2.0ms
2025-12-08 13:14:57 | INFO | Verification: s048 - Verified=True, Confidence=0.964, Latency=2.0ms
2025-12-08 13:14:57 | INFO | Verification: s048 - Verified=False, Confidence=0.806, Latency=11.6ms
2025-12-08 13:14:57 | INFO | Verification: s048 - Verified=True, Confidence=0.936, Latency=1.0ms
2025-12-08 13:14:57 | INFO | Verification: s048 - Verified=False, Confidence=0.710, Latency=2.0ms
2025-12-08 13:14:57 | INFO | Verification: s048 - Verified=False, Confidence=0.673, Latency=4.5ms
2025-12-08 13:14:58 | INFO | Verification: s048 - Verified=False, Confidence=0.690, Latency=5.6ms
2025-12-08 13:14:58 | INFO | Verification: s048 - Verified=False, Confidence=0.731, Latency=1.6ms
2025-12-08 13:14:58 | INFO | Verification: s048 - Verified=False, Confidence=0.710, Latency=2.5ms
2025-12-08 13:14:58 | INFO | Verification: s048 - Verified=False, Confidence=0.683, Latency=11.8ms
2025-12-08 13:14:58 | INFO | Verification: s048 - Verified=True, Confidence=0.929, Latency=3.0ms
2025-12-08 13:14:58 | INFO | Verification: s048 - Verified=False, Confidence=0.510, Latency=3.0ms
2025-12-08 13:14:58 | INFO | Verification: s048 - Verified=False, Confidence=0.644, Latency=10.5ms
2025-12-08 13:14:58 | INFO | Verification: s048 - Verified=False, Confidence=0.770, Latency=2.3ms
2025-12-08 13:14:58 | INFO | Verification: s048 - Verified=False, Confidence=0.683, Latency=1.6ms
2025-12-08 13:14:58 | INFO | Verification: s048 - Verified=False, Confidence=0.672, Latency=4.2ms
2025-12-08 13:14:58 | INFO | Verification: s048 - Verified=False, Confidence=0.730, Latency=2.5ms
2025-12-08 13:14:58 | INFO | Verification: s048 - Verified=False, Confidence=0.658, Latency=9.6ms
2025-12-08 13:14:58 | INFO | Verification: s048 - Verified=False, Confidence=0.707, Latency=3.0ms
2025-12-08 13:14:58 | INFO | Verification: s048 - Verified=False, Confidence=0.000, Latency=2.1ms
2025-12-08 13:14:58 | INFO | Verification: s048 - Verified=False, Confidence=0.311, Latency=7.8ms
2025-12-08 13:14:58 | INFO | Verification: s048 - Verified=False, Confidence=0.841, Latency=1.5ms
2025-12-08 13:14:58 | INFO | Verification: s048 - Verified=False, Confidence=0.137, Latency=2.7ms
2025-12-08 13:14:58 | INFO | Verification: s048 - Verified=False, Confidence=0.482, Latency=3.3ms
2025-12-08 13:14:58 | INFO | Verification: s048 - Verified=False, Confidence=0.497, Latency=10.2ms
2025-12-08 13:14:58 | INFO | Verification: s048 - Verified=False, Confidence=0.519, Latency=1.4ms
2025-12-08 13:14:58 | INFO | Verification: s048 - Verified=False, Confidence=0.240, Latency=3.0ms
2025-12-08 13:14:58 | INFO | Verification: s048 - Verified=False, Confidence=0.609, Latency=3.1ms
2025-12-08 13:14:58 | INFO | Verification: s048 - Verified=False, Confidence=0.593, Latency=2.2ms
2025-12-08 13:14:58 | INFO | Verification: s048 - Verified=False, Confidence=0.346, Latency=2.5ms
2025-12-08 13:14:58 | INFO | Verification: s048 - Verified=False, Confidence=0.644, Latency=11.1ms
2025-12-08 13:14:58 | INFO | Verification: s048 - Verified=False, Confidence=0.460, Latency=2.4ms
2025-12-08 13:14:58 | INFO | Verification: s048 - Verified=False, Confidence=0.146, Latency=8.5ms
2025-12-08 13:14:58 | INFO | Verification: s048 - Verified=False, Confidence=0.217, Latency=2.0ms
2025-12-08 13:14:58 | INFO | Verification: s048 - Verified=False, Confidence=0.218, Latency=2.5ms
2025-12-08 13:14:58 | INFO | Verification: s048 - Verified=False, Confidence=0.247, Latency=2.5ms
2025-12-08 13:14:58 | INFO | Verification: s048 - Verified=False, Confidence=0.266, Latency=9.9ms
2025-12-08 13:14:58 | INFO | Verification: s048 - Verified=False, Confidence=0.000, Latency=2.0ms
2025-12-08 13:14:58 | INFO | Verification: s048 - Verified=False, Confidence=0.000, Latency=1.6ms
2025-12-08 13:14:58 | INFO | Verification: s048 - Verified=False, Confidence=0.000, Latency=1.5ms
2025-12-08 13:14:58 | INFO | Verification: s048 - Verified=False, Confidence=0.000, Latency=6.5ms
2025-12-08 13:14:58 | INFO | Verification: s048 - Verified=False, Confidence=0.000, Latency=3.0ms
2025-12-08 13:14:58 | INFO | Enrolling user: s055
2025-12-08 13:14:58 | INFO | User s055 enrolled successfully with 50 samples
2025-12-08 13:14:58 | INFO | Verification: s055 - Verified=False, Confidence=0.873, Latency=2.0ms
2025-12-08 13:14:58 | INFO | Verification: s055 - Verified=True, Confidence=0.920, Latency=1.5ms
2025-12-08 13:14:58 | INFO | Verification: s055 - Verified=False, Confidence=0.768, Latency=4.0ms
2025-12-08 13:14:58 | INFO | Verification: s055 - Verified=False, Confidence=0.669, Latency=10.5ms
2025-12-08 13:14:58 | INFO | Verification: s055 - Verified=False, Confidence=0.868, Latency=2.0ms
2025-12-08 13:14:58 | INFO | Verification: s055 - Verified=False, Confidence=0.774, Latency=9.7ms
2025-12-08 13:14:58 | INFO | Verification: s055 - Verified=True, Confidence=0.965, Latency=2.1ms
2025-12-08 13:14:58 | INFO | Verification: s055 - Verified=False, Confidence=0.862, Latency=2.0ms
2025-12-08 13:14:58 | INFO | Verification: s055 - Verified=True, Confidence=0.907, Latency=11.2ms
2025-12-08 13:14:58 | INFO | Verification: s055 - Verified=True, Confidence=0.932, Latency=29.3ms
2025-12-08 13:14:58 | INFO | Verification: s055 - Verified=True, Confidence=0.959, Latency=19.2ms
2025-12-08 13:14:58 | INFO | Verification: s055 - Verified=True, Confidence=0.926, Latency=12.5ms
2025-12-08 13:14:58 | INFO | Verification: s055 - Verified=True, Confidence=0.893, Latency=18.6ms
2025-12-08 13:14:58 | INFO | Verification: s055 - Verified=True, Confidence=0.919, Latency=18.0ms
2025-12-08 13:14:58 | INFO | Verification: s055 - Verified=True, Confidence=0.888, Latency=13.1ms
2025-12-08 13:14:58 | INFO | Verification: s055 - Verified=True, Confidence=0.968, Latency=4.1ms
2025-12-08 13:14:58 | INFO | Verification: s055 - Verified=True, Confidence=0.948, Latency=16.8ms
2025-12-08 13:14:58 | INFO | Verification: s055 - Verified=True, Confidence=0.930, Latency=15.4ms
2025-12-08 13:14:58 | INFO | Verification: s055 - Verified=True, Confidence=0.897, Latency=10.9ms
2025-12-08 13:14:58 | INFO | Verification: s055 - Verified=True, Confidence=0.895, Latency=2.0ms
2025-12-08 13:14:58 | INFO | Verification: s055 - Verified=False, Confidence=0.599, Latency=12.2ms
2025-12-08 13:14:58 | INFO | Verification: s055 - Verified=False, Confidence=0.858, Latency=3.0ms
2025-12-08 13:14:58 | INFO | Verification: s055 - Verified=False, Confidence=0.822, Latency=16.4ms
2025-12-08 13:14:58 | INFO | Verification: s055 - Verified=True, Confidence=0.910, Latency=31.9ms
2025-12-08 13:14:58 | INFO | Verification: s055 - Verified=False, Confidence=0.573, Latency=14.5ms
2025-12-08 13:14:58 | INFO | Verification: s055 - Verified=False, Confidence=0.090, Latency=13.3ms
2025-12-08 13:14:58 | INFO | Verification: s055 - Verified=False, Confidence=0.195, Latency=16.4ms
2025-12-08 13:14:58 | INFO | Verification: s055 - Verified=False, Confidence=0.111, Latency=34.7ms
2025-12-08 13:14:58 | INFO | Verification: s055 - Verified=False, Confidence=0.415, Latency=17.2ms
2025-12-08 13:14:58 | INFO | Verification: s055 - Verified=False, Confidence=0.538, Latency=13.3ms
2025-12-08 13:14:58 | INFO | Verification: s055 - Verified=False, Confidence=0.197, Latency=8.6ms
2025-12-08 13:14:58 | INFO | Verification: s055 - Verified=False, Confidence=0.356, Latency=3.0ms
2025-12-08 13:14:58 | INFO | Verification: s055 - Verified=False, Confidence=0.591, Latency=4.0ms
2025-12-08 13:14:58 | INFO | Verification: s055 - Verified=False, Confidence=0.590, Latency=13.1ms
2025-12-08 13:14:58 | INFO | Verification: s055 - Verified=False, Confidence=0.428, Latency=3.0ms
2025-12-08 13:14:58 | INFO | Verification: s055 - Verified=False, Confidence=0.122, Latency=2.1ms
2025-12-08 13:14:58 | INFO | Verification: s055 - Verified=False, Confidence=0.201, Latency=3.7ms
2025-12-08 13:14:58 | INFO | Verification: s055 - Verified=False, Confidence=0.351, Latency=12.6ms
2025-12-08 13:14:58 | INFO | Verification: s055 - Verified=False, Confidence=0.106, Latency=3.0ms
2025-12-08 13:14:58 | INFO | Verification: s055 - Verified=False, Confidence=0.092, Latency=10.0ms
2025-12-08 13:14:58 | INFO | Verification: s055 - Verified=False, Confidence=0.000, Latency=4.5ms
2025-12-08 13:14:58 | INFO | Verification: s055 - Verified=False, Confidence=0.212, Latency=11.5ms
2025-12-08 13:14:58 | INFO | Verification: s055 - Verified=False, Confidence=0.132, Latency=3.5ms
2025-12-08 13:14:58 | INFO | Verification: s055 - Verified=False, Confidence=0.091, Latency=11.6ms
2025-12-08 13:14:58 | INFO | Verification: s055 - Verified=False, Confidence=0.208, Latency=4.1ms
2025-12-08 13:14:58 | INFO | Verification: s055 - Verified=False, Confidence=0.000, Latency=12.3ms
2025-12-08 13:14:58 | INFO | Verification: s055 - Verified=False, Confidence=0.000, Latency=3.0ms
2025-12-08 13:14:58 | INFO | Verification: s055 - Verified=False, Confidence=0.000, Latency=13.5ms
2025-12-08 13:14:58 | INFO | Verification: s055 - Verified=False, Confidence=0.000, Latency=3.5ms
2025-12-08 13:14:58 | INFO | Verification: s055 - Verified=False, Confidence=0.000, Latency=10.0ms
2025-12-08 13:14:58 | INFO | EER: 0.3060, Optimal Threshold: 0.8979
2025-12-08 13:15:00 | INFO | ROC curve saved: logs\roc_curve.png
2025-12-08 13:15:00 | INFO | Evaluating anomaly detection...
2025-12-08 13:15:00 | INFO | Fitting anomaly detector on 100 samples
2025-12-08 13:15:00 | INFO | Anomaly detector fitted successfully
2025-12-08 13:15:00 | INFO | Anomaly Report: 4/100 anomalies (4.0%)
2025-12-08 13:15:00 | INFO | Anomaly Detection Report: {'total_samples': 100, 'anomaly_count': 4, 'normal_count': 96, 'anomaly_rate': 0.04, 'mean_score': 0.665071089778937, 'min_score': 0.0, 'max_score': 0.9999999477560063, 'std_score': 0.17258700464649282}
2025-12-08 13:15:00 | INFO | Test report saved: logs\test_report.txt
2025-12-08 13:15:00 | INFO | Comprehensive testing completed!
2025-12-08 13:15:00 | INFO | Testing script completed successfully!
