2025-12-08 13:28:25 | INFO | ================================================================================
2025-12-08 13:28:25 | INFO | KEYSTROKE DYNAMICS - ZERO TRUST TELEHEALTH PLATFORM
2025-12-08 13:28:25 | INFO | ================================================================================
2025-12-08 13:28:25 | INFO | Starting training pipeline...
2025-12-08 13:28:26 | INFO | Loading configuration from: config.yaml
2025-12-08 13:28:26 | INFO | Configuration loaded successfully
2025-12-08 13:28:26 | INFO | Using device: cpu
2025-12-08 13:28:26 | INFO | KeystrokePreprocessor initialized
2025-12-08 13:28:26 | INFO | Loading dataset...
2025-12-08 13:28:26 | INFO | Using TUPLET dataset (pre-paired samples)
2025-12-08 13:28:26 | INFO | Loading tuplet dataset from: Dataset/tuplet_dataset_with_subjects1.xlsx
2025-12-08 13:28:35 | INFO | Loaded tuplet dataset: 10000 pairs
2025-12-08 13:28:35 | INFO | Features per sample: 31
2025-12-08 13:28:35 | INFO | Genuine pairs: 5000 (50.0%)
2025-12-08 13:28:35 | INFO | Impostor pairs: 5000 (50.0%)
2025-12-08 13:28:35 | INFO | Unique A subjects: 51
2025-12-08 13:28:35 | INFO | Unique B subjects: 51
2025-12-08 13:28:36 | INFO | Tuplet dataset loaded:
2025-12-08 13:28:36 | INFO |   Train: 8000 pairs
2025-12-08 13:28:36 | INFO |   Val: 1000 pairs
2025-12-08 13:28:36 | INFO |   Test: 1000 pairs
2025-12-08 13:28:36 | INFO |   Features: 31
2025-12-08 13:28:36 | INFO | Building model...
2025-12-08 13:28:36 | INFO | KeystrokeEmbeddingModel initialized: 31 -> 128
2025-12-08 13:28:36 | INFO | Architecture: [256, 512, 256, 128]
2025-12-08 13:28:37 | INFO | Model built with 322816 parameters
2025-12-08 13:28:37 | INFO | Starting training...
2025-12-08 13:28:45 | INFO | Epoch 1/100 - Train Loss: 0.0546, Val Loss: 0.0413
2025-12-08 13:28:45 | INFO | New best model saved! Val Loss: 0.0413
2025-12-08 13:28:51 | INFO | Epoch 2/100 - Train Loss: 0.0397, Val Loss: 0.0355
2025-12-08 13:28:51 | INFO | New best model saved! Val Loss: 0.0355
2025-12-08 13:28:58 | INFO | Epoch 3/100 - Train Loss: 0.0363, Val Loss: 0.0321
2025-12-08 13:28:58 | INFO | New best model saved! Val Loss: 0.0321
2025-12-08 13:29:04 | INFO | Epoch 4/100 - Train Loss: 0.0342, Val Loss: 0.0310
2025-12-08 13:29:04 | INFO | New best model saved! Val Loss: 0.0310
2025-12-08 13:29:09 | INFO | Epoch 5/100 - Train Loss: 0.0324, Val Loss: 0.0282
2025-12-08 13:29:09 | INFO | New best model saved! Val Loss: 0.0282
2025-12-08 13:29:15 | INFO | Epoch 6/100 - Train Loss: 0.0316, Val Loss: 0.0307
2025-12-08 13:29:20 | INFO | Epoch 7/100 - Train Loss: 0.0302, Val Loss: 0.0269
2025-12-08 13:29:20 | INFO | New best model saved! Val Loss: 0.0269
2025-12-08 13:29:26 | INFO | Epoch 8/100 - Train Loss: 0.0299, Val Loss: 0.0265
2025-12-08 13:29:26 | INFO | New best model saved! Val Loss: 0.0265
2025-12-08 13:29:31 | INFO | Epoch 9/100 - Train Loss: 0.0284, Val Loss: 0.0257
2025-12-08 13:29:31 | INFO | New best model saved! Val Loss: 0.0257
2025-12-08 13:29:37 | INFO | Epoch 10/100 - Train Loss: 0.0284, Val Loss: 0.0257
2025-12-08 13:29:43 | INFO | Epoch 11/100 - Train Loss: 0.0271, Val Loss: 0.0249
2025-12-08 13:29:43 | INFO | New best model saved! Val Loss: 0.0249
2025-12-08 13:29:49 | INFO | Epoch 12/100 - Train Loss: 0.0275, Val Loss: 0.0255
2025-12-08 13:29:55 | INFO | Epoch 13/100 - Train Loss: 0.0270, Val Loss: 0.0245
2025-12-08 13:29:55 | INFO | New best model saved! Val Loss: 0.0245
2025-12-08 13:30:04 | INFO | Epoch 14/100 - Train Loss: 0.0263, Val Loss: 0.0258
2025-12-08 13:30:10 | INFO | Epoch 15/100 - Train Loss: 0.0267, Val Loss: 0.0228
2025-12-08 13:30:10 | INFO | New best model saved! Val Loss: 0.0228
2025-12-08 13:30:15 | INFO | Epoch 16/100 - Train Loss: 0.0264, Val Loss: 0.0243
2025-12-08 13:30:22 | INFO | Epoch 17/100 - Train Loss: 0.0261, Val Loss: 0.0258
2025-12-08 13:30:27 | INFO | Epoch 18/100 - Train Loss: 0.0266, Val Loss: 0.0238
2025-12-08 13:30:33 | INFO | Epoch 19/100 - Train Loss: 0.0259, Val Loss: 0.0251
2025-12-08 13:30:41 | INFO | Epoch 20/100 - Train Loss: 0.0250, Val Loss: 0.0216
2025-12-08 13:30:41 | INFO | New best model saved! Val Loss: 0.0216
2025-12-08 13:30:46 | INFO | Epoch 21/100 - Train Loss: 0.0244, Val Loss: 0.0234
2025-12-08 13:30:52 | INFO | Epoch 22/100 - Train Loss: 0.0244, Val Loss: 0.0222
2025-12-08 13:30:57 | INFO | Epoch 23/100 - Train Loss: 0.0238, Val Loss: 0.0199
2025-12-08 13:30:57 | INFO | New best model saved! Val Loss: 0.0199
2025-12-08 13:31:03 | INFO | Epoch 24/100 - Train Loss: 0.0248, Val Loss: 0.0241
2025-12-08 13:31:09 | INFO | Epoch 25/100 - Train Loss: 0.0243, Val Loss: 0.0238
2025-12-08 13:31:14 | INFO | Epoch 26/100 - Train Loss: 0.0243, Val Loss: 0.0243
2025-12-08 13:31:19 | INFO | Epoch 27/100 - Train Loss: 0.0237, Val Loss: 0.0226
2025-12-08 13:31:25 | INFO | Epoch 28/100 - Train Loss: 0.0230, Val Loss: 0.0226
2025-12-08 13:31:30 | INFO | Epoch 29/100 - Train Loss: 0.0235, Val Loss: 0.0212
2025-12-08 13:31:35 | INFO | Epoch 30/100 - Train Loss: 0.0237, Val Loss: 0.0212
2025-12-08 13:31:41 | INFO | Epoch 31/100 - Train Loss: 0.0233, Val Loss: 0.0212
2025-12-08 13:31:47 | INFO | Epoch 32/100 - Train Loss: 0.0234, Val Loss: 0.0213
2025-12-08 13:31:52 | INFO | Epoch 33/100 - Train Loss: 0.0232, Val Loss: 0.0215
2025-12-08 13:31:58 | INFO | Epoch 34/100 - Train Loss: 0.0225, Val Loss: 0.0210
2025-12-08 13:32:03 | INFO | Epoch 35/100 - Train Loss: 0.0225, Val Loss: 0.0213
2025-12-08 13:32:09 | INFO | Epoch 36/100 - Train Loss: 0.0222, Val Loss: 0.0210
2025-12-08 13:32:14 | INFO | Epoch 37/100 - Train Loss: 0.0223, Val Loss: 0.0213
2025-12-08 13:32:19 | INFO | Epoch 38/100 - Train Loss: 0.0224, Val Loss: 0.0204
2025-12-08 13:32:25 | INFO | Epoch 39/100 - Train Loss: 0.0218, Val Loss: 0.0216
2025-12-08 13:32:30 | INFO | Epoch 40/100 - Train Loss: 0.0215, Val Loss: 0.0215
2025-12-08 13:32:35 | INFO | Epoch 41/100 - Train Loss: 0.0220, Val Loss: 0.0200
2025-12-08 13:32:41 | INFO | Epoch 42/100 - Train Loss: 0.0209, Val Loss: 0.0191
2025-12-08 13:32:41 | INFO | New best model saved! Val Loss: 0.0191
2025-12-08 13:32:48 | INFO | Epoch 43/100 - Train Loss: 0.0209, Val Loss: 0.0204
2025-12-08 13:32:53 | INFO | Epoch 44/100 - Train Loss: 0.0208, Val Loss: 0.0204
2025-12-08 13:32:59 | INFO | Epoch 45/100 - Train Loss: 0.0212, Val Loss: 0.0191
2025-12-08 13:33:04 | INFO | Epoch 46/100 - Train Loss: 0.0209, Val Loss: 0.0185
2025-12-08 13:33:04 | INFO | New best model saved! Val Loss: 0.0185
2025-12-08 13:33:10 | INFO | Epoch 47/100 - Train Loss: 0.0212, Val Loss: 0.0185
2025-12-08 13:33:10 | INFO | New best model saved! Val Loss: 0.0185
2025-12-08 13:33:16 | INFO | Epoch 48/100 - Train Loss: 0.0206, Val Loss: 0.0176
2025-12-08 13:33:16 | INFO | New best model saved! Val Loss: 0.0176
2025-12-08 13:33:22 | INFO | Epoch 49/100 - Train Loss: 0.0205, Val Loss: 0.0175
2025-12-08 13:33:22 | INFO | New best model saved! Val Loss: 0.0175
2025-12-08 13:33:29 | INFO | Epoch 50/100 - Train Loss: 0.0196, Val Loss: 0.0180
2025-12-08 13:33:38 | INFO | Epoch 51/100 - Train Loss: 0.0201, Val Loss: 0.0184
2025-12-08 13:33:46 | INFO | Epoch 52/100 - Train Loss: 0.0196, Val Loss: 0.0177
2025-12-08 13:33:55 | INFO | Epoch 53/100 - Train Loss: 0.0189, Val Loss: 0.0178
2025-12-08 13:34:05 | INFO | Epoch 54/100 - Train Loss: 0.0194, Val Loss: 0.0181
2025-12-08 13:34:15 | INFO | Epoch 55/100 - Train Loss: 0.0184, Val Loss: 0.0183
2025-12-08 13:34:26 | INFO | Epoch 56/100 - Train Loss: 0.0188, Val Loss: 0.0176
2025-12-08 13:34:37 | INFO | Epoch 57/100 - Train Loss: 0.0187, Val Loss: 0.0187
2025-12-08 13:34:49 | INFO | Epoch 58/100 - Train Loss: 0.0182, Val Loss: 0.0168
2025-12-08 13:34:49 | INFO | New best model saved! Val Loss: 0.0168
2025-12-08 13:35:01 | INFO | Epoch 59/100 - Train Loss: 0.0182, Val Loss: 0.0188
2025-12-08 13:35:13 | INFO | Epoch 60/100 - Train Loss: 0.0177, Val Loss: 0.0177
2025-12-08 13:35:26 | INFO | Epoch 61/100 - Train Loss: 0.0172, Val Loss: 0.0176
2025-12-08 13:35:40 | INFO | Epoch 62/100 - Train Loss: 0.0169, Val Loss: 0.0191
2025-12-08 13:35:53 | INFO | Epoch 63/100 - Train Loss: 0.0176, Val Loss: 0.0176
2025-12-08 13:36:06 | INFO | Epoch 64/100 - Train Loss: 0.0170, Val Loss: 0.0182
2025-12-08 13:36:19 | INFO | Epoch 65/100 - Train Loss: 0.0176, Val Loss: 0.0177
2025-12-08 13:36:33 | INFO | Epoch 66/100 - Train Loss: 0.0173, Val Loss: 0.0168
2025-12-08 13:36:33 | INFO | New best model saved! Val Loss: 0.0168
2025-12-08 13:36:47 | INFO | Epoch 67/100 - Train Loss: 0.0166, Val Loss: 0.0170
2025-12-08 13:37:00 | INFO | Epoch 68/100 - Train Loss: 0.0164, Val Loss: 0.0170
2025-12-08 13:37:14 | INFO | Epoch 69/100 - Train Loss: 0.0160, Val Loss: 0.0163
2025-12-08 13:37:14 | INFO | New best model saved! Val Loss: 0.0163
2025-12-08 13:37:28 | INFO | Epoch 70/100 - Train Loss: 0.0163, Val Loss: 0.0161
2025-12-08 13:37:28 | INFO | New best model saved! Val Loss: 0.0161
2025-12-08 13:37:42 | INFO | Epoch 71/100 - Train Loss: 0.0162, Val Loss: 0.0159
2025-12-08 13:37:42 | INFO | New best model saved! Val Loss: 0.0159
2025-12-08 13:37:56 | INFO | Epoch 72/100 - Train Loss: 0.0158, Val Loss: 0.0156
2025-12-08 13:37:56 | INFO | New best model saved! Val Loss: 0.0156
2025-12-08 13:38:10 | INFO | Epoch 73/100 - Train Loss: 0.0153, Val Loss: 0.0159
2025-12-08 13:38:25 | INFO | Epoch 74/100 - Train Loss: 0.0155, Val Loss: 0.0167
2025-12-08 13:38:39 | INFO | Epoch 75/100 - Train Loss: 0.0153, Val Loss: 0.0157
2025-12-08 13:38:55 | INFO | Epoch 76/100 - Train Loss: 0.0149, Val Loss: 0.0156
2025-12-08 13:38:55 | INFO | New best model saved! Val Loss: 0.0156
2025-12-08 13:39:10 | INFO | Epoch 77/100 - Train Loss: 0.0146, Val Loss: 0.0160
2025-12-08 13:39:26 | INFO | Epoch 78/100 - Train Loss: 0.0149, Val Loss: 0.0160
2025-12-08 13:39:40 | INFO | Epoch 79/100 - Train Loss: 0.0151, Val Loss: 0.0160
2025-12-08 13:39:57 | INFO | Epoch 80/100 - Train Loss: 0.0142, Val Loss: 0.0156
2025-12-08 13:40:14 | INFO | Epoch 81/100 - Train Loss: 0.0147, Val Loss: 0.0176
2025-12-08 13:40:29 | INFO | Epoch 82/100 - Train Loss: 0.0143, Val Loss: 0.0158
2025-12-08 13:40:47 | INFO | Epoch 83/100 - Train Loss: 0.0136, Val Loss: 0.0153
2025-12-08 13:40:47 | INFO | New best model saved! Val Loss: 0.0153
2025-12-08 13:41:02 | INFO | Epoch 84/100 - Train Loss: 0.0141, Val Loss: 0.0167
2025-12-08 13:41:17 | INFO | Epoch 85/100 - Train Loss: 0.0142, Val Loss: 0.0159
2025-12-08 13:41:32 | INFO | Epoch 86/100 - Train Loss: 0.0138, Val Loss: 0.0160
2025-12-08 13:42:00 | INFO | Epoch 87/100 - Train Loss: 0.0137, Val Loss: 0.0156
2025-12-08 13:42:14 | INFO | Epoch 88/100 - Train Loss: 0.0132, Val Loss: 0.0158
2025-12-08 13:42:29 | INFO | Epoch 89/100 - Train Loss: 0.0137, Val Loss: 0.0156
2025-12-08 13:42:44 | INFO | Epoch 90/100 - Train Loss: 0.0130, Val Loss: 0.0158
2025-12-08 13:42:59 | INFO | Epoch 91/100 - Train Loss: 0.0135, Val Loss: 0.0156
2025-12-08 13:43:14 | INFO | Epoch 92/100 - Train Loss: 0.0132, Val Loss: 0.0147
2025-12-08 13:43:14 | INFO | New best model saved! Val Loss: 0.0147
2025-12-08 13:43:30 | INFO | Epoch 93/100 - Train Loss: 0.0130, Val Loss: 0.0158
2025-12-08 13:43:46 | INFO | Epoch 94/100 - Train Loss: 0.0130, Val Loss: 0.0149
2025-12-08 13:44:02 | INFO | Epoch 95/100 - Train Loss: 0.0126, Val Loss: 0.0153
2025-12-08 13:44:18 | INFO | Epoch 96/100 - Train Loss: 0.0135, Val Loss: 0.0155
2025-12-08 13:44:33 | INFO | Epoch 97/100 - Train Loss: 0.0129, Val Loss: 0.0150
2025-12-08 13:44:49 | INFO | Epoch 98/100 - Train Loss: 0.0138, Val Loss: 0.0152
2025-12-08 13:45:05 | INFO | Epoch 99/100 - Train Loss: 0.0131, Val Loss: 0.0155
2025-12-08 13:45:20 | INFO | Epoch 100/100 - Train Loss: 0.0135, Val Loss: 0.0161
2025-12-08 13:45:20 | INFO | Training completed!
2025-12-08 13:45:21 | INFO | Training history plot saved: logs\training_history.png
2025-12-08 13:45:21 | INFO | Training script completed successfully!
