2025-12-08 10:24:09 | INFO | ================================================================================
2025-12-08 10:24:09 | INFO | KEYSTROKE DYNAMICS - ZERO TRUST TELEHEALTH PLATFORM
2025-12-08 10:24:09 | INFO | ================================================================================
2025-12-08 10:24:09 | INFO | Starting testing pipeline...
2025-12-08 10:24:10 | INFO | Loading configuration from: config.yaml
2025-12-08 10:24:10 | INFO | Configuration loaded successfully
2025-12-08 10:24:10 | INFO | Using device: cpu
2025-12-08 10:24:10 | INFO | KeystrokePreprocessor initialized
2025-12-08 10:24:10 | INFO | AnomalyDetector initialized with method: isolation_forest
2025-12-08 10:24:10 | INFO | Loading model from: models/checkpoints\best_model.pth
2025-12-08 10:24:10 | INFO | Running comprehensive tests...
2025-12-08 10:24:10 | INFO | Loading test dataset...
2025-12-08 10:24:10 | INFO | Loading DSL dataset from: Dataset\DSL-StrongPasswordData-Original_Dataset.xls
2025-12-08 10:24:11 | INFO | Loaded dataset: 20400 samples, 34 features
2025-12-08 10:24:11 | INFO | Subjects: 51
2025-12-08 10:24:11 | INFO | Splitting dataset by subject...
2025-12-08 10:24:11 | INFO | Split: Train=12000 (30 subjects), Val=4000 (10 subjects), Test=4400 (11 subjects)
2025-12-08 10:24:11 | INFO | Running preprocessing pipeline...
2025-12-08 10:24:11 | INFO | Extracting timing features...
2025-12-08 10:24:11 | INFO | Extracted 31 timing features
2025-12-08 10:24:11 | INFO | Feature types: 11 hold, 10 DD, 10 UD
2025-12-08 10:24:11 | INFO | Handling outliers...
2025-12-08 10:24:11 | INFO | Clipped 1582 outlier values
2025-12-08 10:24:11 | INFO | Computing statistical features...
2025-12-08 10:24:11 | INFO | Added 7 statistical features
2025-12-08 10:24:11 | WARNING | Scaler not fitted, fitting now...
2025-12-08 10:24:11 | INFO | Preprocessing complete: torch.Size([4400, 38])
2025-12-08 10:24:11 | INFO | Test data loaded: torch.Size([4400, 38])
2025-12-08 10:24:11 | INFO | KeystrokeEmbeddingModel initialized: 38 -> 128
2025-12-08 10:24:11 | INFO | Architecture: [256, 512, 256, 128]
2025-12-08 10:24:12 | INFO | Model loaded successfully
2025-12-08 10:24:12 | INFO | Evaluating verification performance...
2025-12-08 10:24:12 | INFO | KeystrokeVerifier initialized
2025-12-08 10:24:12 | INFO | Enrolling user: s010
2025-12-08 10:24:12 | INFO | User s010 enrolled successfully with 50 samples
2025-12-08 10:24:12 | INFO | Verification: s010 - Verified=True, Confidence=0.890, Latency=1.4ms
2025-12-08 10:24:12 | INFO | Verification: s010 - Verified=True, Confidence=0.991, Latency=0.0ms
2025-12-08 10:24:12 | INFO | Verification: s010 - Verified=True, Confidence=0.858, Latency=0.0ms
2025-12-08 10:24:12 | INFO | Verification: s010 - Verified=True, Confidence=0.951, Latency=6.9ms
2025-12-08 10:24:12 | INFO | Verification: s010 - Verified=True, Confidence=0.970, Latency=2.3ms
2025-12-08 10:24:12 | INFO | Verification: s010 - Verified=True, Confidence=0.952, Latency=3.0ms
2025-12-08 10:24:12 | INFO | Verification: s010 - Verified=True, Confidence=0.929, Latency=3.0ms
2025-12-08 10:24:12 | INFO | Verification: s010 - Verified=True, Confidence=0.861, Latency=2.2ms
2025-12-08 10:24:12 | INFO | Verification: s010 - Verified=True, Confidence=0.925, Latency=4.4ms
2025-12-08 10:24:12 | INFO | Verification: s010 - Verified=True, Confidence=0.910, Latency=6.2ms
2025-12-08 10:24:12 | INFO | Verification: s010 - Verified=True, Confidence=0.902, Latency=2.6ms
2025-12-08 10:24:12 | INFO | Verification: s010 - Verified=True, Confidence=0.920, Latency=2.0ms
2025-12-08 10:24:12 | INFO | Verification: s010 - Verified=True, Confidence=0.818, Latency=2.2ms
2025-12-08 10:24:12 | INFO | Verification: s010 - Verified=True, Confidence=0.851, Latency=7.5ms
2025-12-08 10:24:12 | INFO | Verification: s010 - Verified=True, Confidence=0.870, Latency=4.0ms
2025-12-08 10:24:12 | INFO | Verification: s010 - Verified=True, Confidence=0.896, Latency=3.0ms
2025-12-08 10:24:12 | INFO | Verification: s010 - Verified=True, Confidence=0.921, Latency=47.6ms
2025-12-08 10:24:12 | INFO | Verification: s010 - Verified=True, Confidence=0.854, Latency=88.4ms
2025-12-08 10:24:12 | INFO | Verification: s010 - Verified=True, Confidence=0.866, Latency=2.0ms
2025-12-08 10:24:12 | INFO | Verification: s010 - Verified=True, Confidence=0.806, Latency=2.0ms
2025-12-08 10:24:12 | INFO | Verification: s010 - Verified=True, Confidence=0.844, Latency=2.6ms
2025-12-08 10:24:12 | INFO | Verification: s010 - Verified=True, Confidence=0.974, Latency=4.6ms
2025-12-08 10:24:12 | INFO | Verification: s010 - Verified=True, Confidence=0.900, Latency=2.8ms
2025-12-08 10:24:12 | INFO | Verification: s010 - Verified=True, Confidence=0.834, Latency=23.6ms
2025-12-08 10:24:12 | INFO | Verification: s010 - Verified=True, Confidence=0.921, Latency=3.0ms
2025-12-08 10:24:12 | INFO | Verification: s010 - Verified=False, Confidence=0.476, Latency=2.0ms
2025-12-08 10:24:12 | INFO | Verification: s010 - Verified=False, Confidence=0.550, Latency=2.2ms
2025-12-08 10:24:12 | INFO | Verification: s010 - Verified=False, Confidence=0.429, Latency=8.4ms
2025-12-08 10:24:12 | INFO | Verification: s010 - Verified=False, Confidence=0.422, Latency=3.4ms
2025-12-08 10:24:12 | INFO | Verification: s010 - Verified=False, Confidence=0.439, Latency=1.0ms
2025-12-08 10:24:12 | INFO | Verification: s010 - Verified=False, Confidence=0.436, Latency=1.0ms
2025-12-08 10:24:12 | INFO | Verification: s010 - Verified=False, Confidence=0.519, Latency=9.6ms
2025-12-08 10:24:12 | INFO | Verification: s010 - Verified=False, Confidence=0.494, Latency=2.0ms
2025-12-08 10:24:12 | INFO | Verification: s010 - Verified=False, Confidence=0.591, Latency=6.9ms
2025-12-08 10:24:12 | INFO | Verification: s010 - Verified=False, Confidence=0.605, Latency=2.0ms
2025-12-08 10:24:12 | INFO | Verification: s010 - Verified=False, Confidence=0.448, Latency=12.4ms
2025-12-08 10:24:12 | INFO | Verification: s010 - Verified=False, Confidence=0.457, Latency=2.0ms
2025-12-08 10:24:12 | INFO | Verification: s010 - Verified=True, Confidence=0.914, Latency=2.0ms
2025-12-08 10:24:12 | INFO | Verification: s010 - Verified=True, Confidence=0.833, Latency=2.0ms
2025-12-08 10:24:12 | INFO | Verification: s010 - Verified=True, Confidence=0.905, Latency=4.0ms
2025-12-08 10:24:12 | INFO | Verification: s010 - Verified=True, Confidence=0.813, Latency=8.6ms
2025-12-08 10:24:12 | INFO | Verification: s010 - Verified=False, Confidence=0.333, Latency=2.0ms
2025-12-08 10:24:12 | INFO | Verification: s010 - Verified=False, Confidence=0.583, Latency=2.2ms
2025-12-08 10:24:12 | INFO | Verification: s010 - Verified=False, Confidence=0.400, Latency=6.8ms
2025-12-08 10:24:12 | INFO | Verification: s010 - Verified=True, Confidence=0.782, Latency=3.1ms
2025-12-08 10:24:12 | INFO | Verification: s010 - Verified=False, Confidence=0.581, Latency=1.2ms
2025-12-08 10:24:12 | INFO | Verification: s010 - Verified=False, Confidence=0.749, Latency=1.1ms
2025-12-08 10:24:12 | INFO | Verification: s010 - Verified=False, Confidence=0.704, Latency=1.3ms
2025-12-08 10:24:12 | INFO | Verification: s010 - Verified=True, Confidence=0.776, Latency=2.6ms
2025-12-08 10:24:12 | INFO | Verification: s010 - Verified=False, Confidence=0.565, Latency=5.6ms
2025-12-08 10:24:12 | INFO | Enrolling user: s011
2025-12-08 10:24:12 | INFO | User s011 enrolled successfully with 50 samples
2025-12-08 10:24:12 | INFO | Verification: s011 - Verified=True, Confidence=0.963, Latency=1.0ms
2025-12-08 10:24:12 | INFO | Verification: s011 - Verified=True, Confidence=0.949, Latency=2.7ms
2025-12-08 10:24:12 | INFO | Verification: s011 - Verified=True, Confidence=0.937, Latency=2.0ms
2025-12-08 10:24:12 | INFO | Verification: s011 - Verified=True, Confidence=0.969, Latency=1.7ms
2025-12-08 10:24:12 | INFO | Verification: s011 - Verified=True, Confidence=0.993, Latency=1.0ms
2025-12-08 10:24:12 | INFO | Verification: s011 - Verified=True, Confidence=0.993, Latency=1.5ms
2025-12-08 10:24:12 | INFO | Verification: s011 - Verified=True, Confidence=0.991, Latency=1.3ms
2025-12-08 10:24:12 | INFO | Verification: s011 - Verified=True, Confidence=0.974, Latency=7.0ms
2025-12-08 10:24:12 | INFO | Verification: s011 - Verified=True, Confidence=0.822, Latency=5.1ms
2025-12-08 10:24:12 | INFO | Verification: s011 - Verified=True, Confidence=0.978, Latency=1.3ms
2025-12-08 10:24:12 | INFO | Verification: s011 - Verified=True, Confidence=0.987, Latency=5.3ms
2025-12-08 10:24:12 | INFO | Verification: s011 - Verified=True, Confidence=0.927, Latency=2.6ms
2025-12-08 10:24:12 | INFO | Verification: s011 - Verified=True, Confidence=0.880, Latency=0.0ms
2025-12-08 10:24:12 | INFO | Verification: s011 - Verified=True, Confidence=0.893, Latency=10.0ms
2025-12-08 10:24:12 | INFO | Verification: s011 - Verified=True, Confidence=0.990, Latency=1.5ms
2025-12-08 10:24:12 | INFO | Verification: s011 - Verified=True, Confidence=0.960, Latency=1.3ms
2025-12-08 10:24:12 | INFO | Verification: s011 - Verified=True, Confidence=0.988, Latency=2.0ms
2025-12-08 10:24:12 | INFO | Verification: s011 - Verified=True, Confidence=0.957, Latency=2.8ms
2025-12-08 10:24:12 | INFO | Verification: s011 - Verified=True, Confidence=0.994, Latency=2.0ms
2025-12-08 10:24:12 | INFO | Verification: s011 - Verified=True, Confidence=0.982, Latency=0.0ms
2025-12-08 10:24:12 | INFO | Verification: s011 - Verified=True, Confidence=0.987, Latency=4.0ms
2025-12-08 10:24:12 | INFO | Verification: s011 - Verified=True, Confidence=0.973, Latency=1.8ms
2025-12-08 10:24:12 | INFO | Verification: s011 - Verified=True, Confidence=0.990, Latency=1.0ms
2025-12-08 10:24:12 | INFO | Verification: s011 - Verified=True, Confidence=0.979, Latency=2.5ms
2025-12-08 10:24:12 | INFO | Verification: s011 - Verified=True, Confidence=0.995, Latency=0.0ms
2025-12-08 10:24:12 | INFO | Verification: s011 - Verified=False, Confidence=0.524, Latency=2.0ms
2025-12-08 10:24:12 | INFO | Verification: s011 - Verified=False, Confidence=0.276, Latency=5.5ms
2025-12-08 10:24:12 | INFO | Verification: s011 - Verified=False, Confidence=0.487, Latency=2.4ms
2025-12-08 10:24:12 | INFO | Verification: s011 - Verified=False, Confidence=0.520, Latency=2.6ms
2025-12-08 10:24:12 | INFO | Verification: s011 - Verified=False, Confidence=0.423, Latency=3.8ms
2025-12-08 10:24:12 | INFO | Verification: s011 - Verified=True, Confidence=0.808, Latency=1.0ms
2025-12-08 10:24:12 | INFO | Verification: s011 - Verified=False, Confidence=0.690, Latency=1.1ms
2025-12-08 10:24:12 | INFO | Verification: s011 - Verified=True, Confidence=0.760, Latency=2.4ms
2025-12-08 10:24:12 | INFO | Verification: s011 - Verified=True, Confidence=0.805, Latency=1.0ms
2025-12-08 10:24:12 | INFO | Verification: s011 - Verified=False, Confidence=0.685, Latency=7.4ms
2025-12-08 10:24:12 | INFO | Verification: s011 - Verified=False, Confidence=0.684, Latency=0.0ms
2025-12-08 10:24:12 | INFO | Verification: s011 - Verified=False, Confidence=0.710, Latency=6.6ms
2025-12-08 10:24:12 | INFO | Verification: s011 - Verified=False, Confidence=0.524, Latency=2.0ms
2025-12-08 10:24:12 | INFO | Verification: s011 - Verified=False, Confidence=0.368, Latency=5.0ms
2025-12-08 10:24:12 | INFO | Verification: s011 - Verified=False, Confidence=0.378, Latency=2.9ms
2025-12-08 10:24:12 | INFO | Verification: s011 - Verified=False, Confidence=0.554, Latency=1.0ms
2025-12-08 10:24:12 | INFO | Verification: s011 - Verified=False, Confidence=0.575, Latency=3.0ms
2025-12-08 10:24:12 | INFO | Verification: s011 - Verified=False, Confidence=0.312, Latency=1.8ms
2025-12-08 10:24:12 | INFO | Verification: s011 - Verified=False, Confidence=0.397, Latency=4.4ms
2025-12-08 10:24:12 | INFO | Verification: s011 - Verified=False, Confidence=0.266, Latency=2.2ms
2025-12-08 10:24:12 | INFO | Verification: s011 - Verified=False, Confidence=0.251, Latency=2.4ms
2025-12-08 10:24:12 | INFO | Verification: s011 - Verified=False, Confidence=0.351, Latency=3.9ms
2025-12-08 10:24:12 | INFO | Verification: s011 - Verified=False, Confidence=0.390, Latency=2.0ms
2025-12-08 10:24:12 | INFO | Verification: s011 - Verified=False, Confidence=0.566, Latency=4.9ms
2025-12-08 10:24:12 | INFO | Verification: s011 - Verified=False, Confidence=0.260, Latency=2.0ms
2025-12-08 10:24:12 | INFO | Enrolling user: s013
2025-12-08 10:24:12 | INFO | User s013 enrolled successfully with 50 samples
2025-12-08 10:24:12 | INFO | Verification: s013 - Verified=True, Confidence=0.977, Latency=2.5ms
2025-12-08 10:24:12 | INFO | Verification: s013 - Verified=True, Confidence=0.969, Latency=2.8ms
2025-12-08 10:24:12 | INFO | Verification: s013 - Verified=True, Confidence=0.977, Latency=1.3ms
2025-12-08 10:24:12 | INFO | Verification: s013 - Verified=True, Confidence=0.982, Latency=0.0ms
2025-12-08 10:24:12 | INFO | Verification: s013 - Verified=True, Confidence=0.984, Latency=8.9ms
2025-12-08 10:24:12 | INFO | Verification: s013 - Verified=True, Confidence=0.986, Latency=3.2ms
2025-12-08 10:24:12 | INFO | Verification: s013 - Verified=False, Confidence=0.721, Latency=2.0ms
2025-12-08 10:24:12 | INFO | Verification: s013 - Verified=True, Confidence=0.965, Latency=2.1ms
2025-12-08 10:24:12 | INFO | Verification: s013 - Verified=True, Confidence=0.825, Latency=7.9ms
2025-12-08 10:24:12 | INFO | Verification: s013 - Verified=True, Confidence=0.959, Latency=2.8ms
2025-12-08 10:24:12 | INFO | Verification: s013 - Verified=True, Confidence=0.982, Latency=0.0ms
2025-12-08 10:24:12 | INFO | Verification: s013 - Verified=True, Confidence=0.870, Latency=13.0ms
2025-12-08 10:24:12 | INFO | Verification: s013 - Verified=True, Confidence=0.943, Latency=2.3ms
2025-12-08 10:24:12 | INFO | Verification: s013 - Verified=True, Confidence=0.975, Latency=2.0ms
2025-12-08 10:24:12 | INFO | Verification: s013 - Verified=True, Confidence=0.795, Latency=9.3ms
2025-12-08 10:24:12 | INFO | Verification: s013 - Verified=True, Confidence=0.833, Latency=2.9ms
2025-12-08 10:24:12 | INFO | Verification: s013 - Verified=True, Confidence=0.831, Latency=2.5ms
2025-12-08 10:24:12 | INFO | Verification: s013 - Verified=True, Confidence=0.952, Latency=1.0ms
2025-12-08 10:24:12 | INFO | Verification: s013 - Verified=True, Confidence=0.798, Latency=3.5ms
2025-12-08 10:24:12 | INFO | Verification: s013 - Verified=True, Confidence=0.979, Latency=3.9ms
2025-12-08 10:24:12 | INFO | Verification: s013 - Verified=True, Confidence=0.847, Latency=1.9ms
2025-12-08 10:24:12 | INFO | Verification: s013 - Verified=False, Confidence=0.669, Latency=2.0ms
2025-12-08 10:24:12 | INFO | Verification: s013 - Verified=True, Confidence=0.978, Latency=0.0ms
2025-12-08 10:24:12 | INFO | Verification: s013 - Verified=True, Confidence=0.889, Latency=5.5ms
2025-12-08 10:24:12 | INFO | Verification: s013 - Verified=True, Confidence=0.991, Latency=7.7ms
2025-12-08 10:24:12 | INFO | Verification: s013 - Verified=False, Confidence=0.579, Latency=3.3ms
2025-12-08 10:24:12 | INFO | Verification: s013 - Verified=False, Confidence=0.354, Latency=2.0ms
2025-12-08 10:24:12 | INFO | Verification: s013 - Verified=False, Confidence=0.588, Latency=1.4ms
2025-12-08 10:24:12 | INFO | Verification: s013 - Verified=False, Confidence=0.580, Latency=5.6ms
2025-12-08 10:24:12 | INFO | Verification: s013 - Verified=False, Confidence=0.558, Latency=2.3ms
2025-12-08 10:24:12 | INFO | Verification: s013 - Verified=False, Confidence=0.495, Latency=2.5ms
2025-12-08 10:24:12 | INFO | Verification: s013 - Verified=False, Confidence=0.329, Latency=2.8ms
2025-12-08 10:24:12 | INFO | Verification: s013 - Verified=False, Confidence=0.686, Latency=2.3ms
2025-12-08 10:24:12 | INFO | Verification: s013 - Verified=True, Confidence=0.773, Latency=3.9ms
2025-12-08 10:24:12 | INFO | Verification: s013 - Verified=False, Confidence=0.748, Latency=2.0ms
2025-12-08 10:24:12 | INFO | Verification: s013 - Verified=False, Confidence=0.268, Latency=2.5ms
2025-12-08 10:24:12 | INFO | Verification: s013 - Verified=False, Confidence=0.257, Latency=2.6ms
2025-12-08 10:24:12 | INFO | Verification: s013 - Verified=False, Confidence=0.423, Latency=7.9ms
2025-12-08 10:24:12 | INFO | Verification: s013 - Verified=False, Confidence=0.584, Latency=3.1ms
2025-12-08 10:24:12 | INFO | Verification: s013 - Verified=False, Confidence=0.515, Latency=2.0ms
2025-12-08 10:24:12 | INFO | Verification: s013 - Verified=False, Confidence=0.590, Latency=1.0ms
2025-12-08 10:24:12 | INFO | Verification: s013 - Verified=False, Confidence=0.239, Latency=3.5ms
2025-12-08 10:24:12 | INFO | Verification: s013 - Verified=False, Confidence=0.326, Latency=4.0ms
2025-12-08 10:24:12 | INFO | Verification: s013 - Verified=False, Confidence=0.161, Latency=2.9ms
2025-12-08 10:24:12 | INFO | Verification: s013 - Verified=False, Confidence=0.392, Latency=1.0ms
2025-12-08 10:24:12 | INFO | Verification: s013 - Verified=False, Confidence=0.293, Latency=1.1ms
2025-12-08 10:24:12 | INFO | Verification: s013 - Verified=False, Confidence=0.488, Latency=8.7ms
2025-12-08 10:24:12 | INFO | Verification: s013 - Verified=False, Confidence=0.618, Latency=4.1ms
2025-12-08 10:24:12 | INFO | Verification: s013 - Verified=False, Confidence=0.703, Latency=2.3ms
2025-12-08 10:24:12 | INFO | Verification: s013 - Verified=False, Confidence=0.352, Latency=1.2ms
2025-12-08 10:24:12 | INFO | Enrolling user: s021
2025-12-08 10:24:12 | INFO | User s021 enrolled successfully with 50 samples
2025-12-08 10:24:12 | INFO | Verification: s021 - Verified=False, Confidence=0.506, Latency=4.0ms
2025-12-08 10:24:12 | INFO | Verification: s021 - Verified=True, Confidence=0.878, Latency=4.1ms
2025-12-08 10:24:12 | INFO | Verification: s021 - Verified=False, Confidence=0.661, Latency=6.1ms
2025-12-08 10:24:12 | INFO | Verification: s021 - Verified=True, Confidence=0.826, Latency=2.5ms
2025-12-08 10:24:12 | INFO | Verification: s021 - Verified=True, Confidence=0.777, Latency=2.0ms
2025-12-08 10:24:12 | INFO | Verification: s021 - Verified=False, Confidence=0.698, Latency=2.0ms
2025-12-08 10:24:12 | INFO | Verification: s021 - Verified=False, Confidence=0.545, Latency=4.5ms
2025-12-08 10:24:12 | INFO | Verification: s021 - Verified=True, Confidence=0.753, Latency=2.3ms
2025-12-08 10:24:12 | INFO | Verification: s021 - Verified=False, Confidence=0.701, Latency=2.0ms
2025-12-08 10:24:12 | INFO | Verification: s021 - Verified=False, Confidence=0.528, Latency=9.6ms
2025-12-08 10:24:13 | INFO | Verification: s021 - Verified=True, Confidence=0.756, Latency=2.5ms
2025-12-08 10:24:13 | INFO | Verification: s021 - Verified=True, Confidence=0.847, Latency=1.3ms
2025-12-08 10:24:13 | INFO | Verification: s021 - Verified=True, Confidence=0.893, Latency=0.0ms
2025-12-08 10:24:13 | INFO | Verification: s021 - Verified=False, Confidence=0.740, Latency=10.3ms
2025-12-08 10:24:13 | INFO | Verification: s021 - Verified=True, Confidence=0.846, Latency=1.6ms
2025-12-08 10:24:13 | INFO | Verification: s021 - Verified=True, Confidence=0.832, Latency=2.0ms
2025-12-08 10:24:13 | INFO | Verification: s021 - Verified=True, Confidence=0.950, Latency=0.0ms
2025-12-08 10:24:13 | INFO | Verification: s021 - Verified=True, Confidence=0.953, Latency=5.1ms
2025-12-08 10:24:13 | INFO | Verification: s021 - Verified=True, Confidence=0.858, Latency=6.0ms
2025-12-08 10:24:13 | INFO | Verification: s021 - Verified=True, Confidence=0.760, Latency=4.1ms
2025-12-08 10:24:13 | INFO | Verification: s021 - Verified=False, Confidence=0.741, Latency=2.1ms
2025-12-08 10:24:13 | INFO | Verification: s021 - Verified=True, Confidence=0.813, Latency=1.3ms
2025-12-08 10:24:13 | INFO | Verification: s021 - Verified=True, Confidence=0.979, Latency=5.9ms
2025-12-08 10:24:13 | INFO | Verification: s021 - Verified=True, Confidence=0.946, Latency=3.3ms
2025-12-08 10:24:13 | INFO | Verification: s021 - Verified=True, Confidence=0.842, Latency=2.5ms
2025-12-08 10:24:13 | INFO | Verification: s021 - Verified=True, Confidence=0.787, Latency=0.0ms
2025-12-08 10:24:13 | INFO | Verification: s021 - Verified=False, Confidence=0.646, Latency=4.5ms
2025-12-08 10:24:13 | INFO | Verification: s021 - Verified=True, Confidence=0.880, Latency=5.6ms
2025-12-08 10:24:13 | INFO | Verification: s021 - Verified=False, Confidence=0.723, Latency=3.8ms
2025-12-08 10:24:13 | INFO | Verification: s021 - Verified=True, Confidence=0.867, Latency=2.0ms
2025-12-08 10:24:13 | INFO | Verification: s021 - Verified=False, Confidence=0.441, Latency=2.2ms
2025-12-08 10:24:13 | INFO | Verification: s021 - Verified=False, Confidence=0.499, Latency=3.0ms
2025-12-08 10:24:13 | INFO | Verification: s021 - Verified=False, Confidence=0.358, Latency=4.0ms
2025-12-08 10:24:13 | INFO | Verification: s021 - Verified=False, Confidence=0.336, Latency=3.6ms
2025-12-08 10:24:13 | INFO | Verification: s021 - Verified=False, Confidence=0.381, Latency=1.0ms
2025-12-08 10:24:13 | INFO | Verification: s021 - Verified=False, Confidence=0.365, Latency=1.1ms
2025-12-08 10:24:13 | INFO | Verification: s021 - Verified=False, Confidence=0.444, Latency=4.2ms
2025-12-08 10:24:13 | INFO | Verification: s021 - Verified=False, Confidence=0.429, Latency=3.5ms
2025-12-08 10:24:13 | INFO | Verification: s021 - Verified=False, Confidence=0.554, Latency=2.5ms
2025-12-08 10:24:13 | INFO | Verification: s021 - Verified=False, Confidence=0.373, Latency=0.0ms
2025-12-08 10:24:13 | INFO | Verification: s021 - Verified=False, Confidence=0.715, Latency=3.9ms
2025-12-08 10:24:13 | INFO | Verification: s021 - Verified=False, Confidence=0.448, Latency=4.0ms
2025-12-08 10:24:13 | INFO | Verification: s021 - Verified=False, Confidence=0.536, Latency=3.3ms
2025-12-08 10:24:13 | INFO | Verification: s021 - Verified=False, Confidence=0.553, Latency=2.0ms
2025-12-08 10:24:13 | INFO | Verification: s021 - Verified=False, Confidence=0.683, Latency=3.5ms
2025-12-08 10:24:13 | INFO | Verification: s021 - Verified=False, Confidence=0.436, Latency=1.0ms
2025-12-08 10:24:13 | INFO | Verification: s021 - Verified=False, Confidence=0.571, Latency=5.7ms
2025-12-08 10:24:13 | INFO | Verification: s021 - Verified=False, Confidence=0.493, Latency=1.0ms
2025-12-08 10:24:13 | INFO | Verification: s021 - Verified=False, Confidence=0.456, Latency=2.0ms
2025-12-08 10:24:13 | INFO | Verification: s021 - Verified=False, Confidence=0.409, Latency=1.4ms
2025-12-08 10:24:13 | INFO | Enrolling user: s024
2025-12-08 10:24:13 | INFO | User s024 enrolled successfully with 50 samples
2025-12-08 10:24:13 | INFO | Verification: s024 - Verified=True, Confidence=0.978, Latency=3.6ms
2025-12-08 10:24:13 | INFO | Verification: s024 - Verified=True, Confidence=0.809, Latency=1.4ms
2025-12-08 10:24:13 | INFO | Verification: s024 - Verified=True, Confidence=0.927, Latency=5.7ms
2025-12-08 10:24:13 | INFO | Verification: s024 - Verified=True, Confidence=0.991, Latency=1.0ms
2025-12-08 10:24:13 | INFO | Verification: s024 - Verified=True, Confidence=0.985, Latency=2.8ms
2025-12-08 10:24:13 | INFO | Verification: s024 - Verified=True, Confidence=0.900, Latency=0.0ms
2025-12-08 10:24:13 | INFO | Verification: s024 - Verified=True, Confidence=0.961, Latency=11.0ms
2025-12-08 10:24:13 | INFO | Verification: s024 - Verified=True, Confidence=0.962, Latency=2.0ms
2025-12-08 10:24:13 | INFO | Verification: s024 - Verified=True, Confidence=0.987, Latency=2.0ms
2025-12-08 10:24:13 | INFO | Verification: s024 - Verified=True, Confidence=0.993, Latency=4.0ms
2025-12-08 10:24:13 | INFO | Verification: s024 - Verified=True, Confidence=0.972, Latency=5.5ms
2025-12-08 10:24:13 | INFO | Verification: s024 - Verified=True, Confidence=0.936, Latency=4.8ms
2025-12-08 10:24:13 | INFO | Verification: s024 - Verified=True, Confidence=0.950, Latency=1.1ms
2025-12-08 10:24:13 | INFO | Verification: s024 - Verified=True, Confidence=0.993, Latency=1.1ms
2025-12-08 10:24:13 | INFO | Verification: s024 - Verified=True, Confidence=0.960, Latency=3.9ms
2025-12-08 10:24:13 | INFO | Verification: s024 - Verified=True, Confidence=0.983, Latency=4.7ms
2025-12-08 10:24:13 | INFO | Verification: s024 - Verified=True, Confidence=0.857, Latency=1.7ms
2025-12-08 10:24:13 | INFO | Verification: s024 - Verified=True, Confidence=0.962, Latency=1.0ms
2025-12-08 10:24:13 | INFO | Verification: s024 - Verified=True, Confidence=0.998, Latency=0.0ms
2025-12-08 10:24:13 | INFO | Verification: s024 - Verified=True, Confidence=0.981, Latency=11.3ms
2025-12-08 10:24:13 | INFO | Verification: s024 - Verified=True, Confidence=0.983, Latency=2.6ms
2025-12-08 10:24:13 | INFO | Verification: s024 - Verified=True, Confidence=0.977, Latency=2.0ms
2025-12-08 10:24:13 | INFO | Verification: s024 - Verified=True, Confidence=0.988, Latency=1.4ms
2025-12-08 10:24:13 | INFO | Verification: s024 - Verified=True, Confidence=0.975, Latency=1.0ms
2025-12-08 10:24:13 | INFO | Verification: s024 - Verified=True, Confidence=0.995, Latency=6.0ms
2025-12-08 10:24:13 | INFO | Verification: s024 - Verified=True, Confidence=0.812, Latency=2.4ms
2025-12-08 10:24:13 | INFO | Verification: s024 - Verified=True, Confidence=0.965, Latency=1.4ms
2025-12-08 10:24:13 | INFO | Verification: s024 - Verified=False, Confidence=0.672, Latency=0.0ms
2025-12-08 10:24:13 | INFO | Verification: s024 - Verified=True, Confidence=0.769, Latency=6.1ms
2025-12-08 10:24:13 | INFO | Verification: s024 - Verified=True, Confidence=0.773, Latency=1.9ms
2025-12-08 10:24:13 | INFO | Verification: s024 - Verified=False, Confidence=0.353, Latency=1.0ms
2025-12-08 10:24:13 | INFO | Verification: s024 - Verified=False, Confidence=0.545, Latency=0.0ms
2025-12-08 10:24:13 | INFO | Verification: s024 - Verified=False, Confidence=0.263, Latency=7.7ms
2025-12-08 10:24:13 | INFO | Verification: s024 - Verified=False, Confidence=0.266, Latency=4.0ms
2025-12-08 10:24:13 | INFO | Verification: s024 - Verified=False, Confidence=0.245, Latency=2.3ms
2025-12-08 10:24:13 | INFO | Verification: s024 - Verified=False, Confidence=0.239, Latency=1.0ms
2025-12-08 10:24:13 | INFO | Verification: s024 - Verified=False, Confidence=0.328, Latency=1.3ms
2025-12-08 10:24:13 | INFO | Verification: s024 - Verified=False, Confidence=0.321, Latency=5.9ms
2025-12-08 10:24:13 | INFO | Verification: s024 - Verified=False, Confidence=0.378, Latency=2.1ms
2025-12-08 10:24:13 | INFO | Verification: s024 - Verified=False, Confidence=0.575, Latency=2.0ms
2025-12-08 10:24:13 | INFO | Verification: s024 - Verified=False, Confidence=0.626, Latency=2.0ms
2025-12-08 10:24:13 | INFO | Verification: s024 - Verified=False, Confidence=0.533, Latency=0.0ms
2025-12-08 10:24:13 | INFO | Verification: s024 - Verified=False, Confidence=0.674, Latency=4.8ms
2025-12-08 10:24:13 | INFO | Verification: s024 - Verified=False, Confidence=0.626, Latency=1.1ms
2025-12-08 10:24:13 | INFO | Verification: s024 - Verified=False, Confidence=0.595, Latency=1.0ms
2025-12-08 10:24:13 | INFO | Verification: s024 - Verified=True, Confidence=0.896, Latency=2.3ms
2025-12-08 10:24:13 | INFO | Verification: s024 - Verified=True, Confidence=0.957, Latency=1.1ms
2025-12-08 10:24:13 | INFO | Verification: s024 - Verified=True, Confidence=0.881, Latency=7.0ms
2025-12-08 10:24:13 | INFO | Verification: s024 - Verified=True, Confidence=0.753, Latency=3.2ms
2025-12-08 10:24:13 | INFO | Verification: s024 - Verified=True, Confidence=0.934, Latency=2.0ms
2025-12-08 10:24:13 | INFO | Enrolling user: s028
2025-12-08 10:24:13 | INFO | User s028 enrolled successfully with 50 samples
2025-12-08 10:24:13 | INFO | Verification: s028 - Verified=True, Confidence=0.902, Latency=3.1ms
2025-12-08 10:24:13 | INFO | Verification: s028 - Verified=True, Confidence=0.949, Latency=2.5ms
2025-12-08 10:24:13 | INFO | Verification: s028 - Verified=True, Confidence=0.974, Latency=2.0ms
2025-12-08 10:24:13 | INFO | Verification: s028 - Verified=True, Confidence=0.955, Latency=2.0ms
2025-12-08 10:24:13 | INFO | Verification: s028 - Verified=True, Confidence=0.929, Latency=3.0ms
2025-12-08 10:24:13 | INFO | Verification: s028 - Verified=True, Confidence=0.998, Latency=11.0ms
2025-12-08 10:24:13 | INFO | Verification: s028 - Verified=True, Confidence=0.990, Latency=2.0ms
2025-12-08 10:24:13 | INFO | Verification: s028 - Verified=True, Confidence=0.989, Latency=3.1ms
2025-12-08 10:24:13 | INFO | Verification: s028 - Verified=True, Confidence=0.986, Latency=5.0ms
2025-12-08 10:24:13 | INFO | Verification: s028 - Verified=True, Confidence=0.960, Latency=3.0ms
2025-12-08 10:24:13 | INFO | Verification: s028 - Verified=True, Confidence=0.993, Latency=2.2ms
2025-12-08 10:24:13 | INFO | Verification: s028 - Verified=True, Confidence=0.995, Latency=6.9ms
2025-12-08 10:24:13 | INFO | Verification: s028 - Verified=True, Confidence=0.976, Latency=2.0ms
2025-12-08 10:24:13 | INFO | Verification: s028 - Verified=True, Confidence=0.995, Latency=2.5ms
2025-12-08 10:24:13 | INFO | Verification: s028 - Verified=True, Confidence=0.994, Latency=9.7ms
2025-12-08 10:24:13 | INFO | Verification: s028 - Verified=True, Confidence=0.967, Latency=2.0ms
2025-12-08 10:24:13 | INFO | Verification: s028 - Verified=True, Confidence=0.980, Latency=2.0ms
2025-12-08 10:24:13 | INFO | Verification: s028 - Verified=True, Confidence=0.972, Latency=4.6ms
2025-12-08 10:24:13 | INFO | Verification: s028 - Verified=True, Confidence=0.970, Latency=5.0ms
2025-12-08 10:24:13 | INFO | Verification: s028 - Verified=True, Confidence=0.980, Latency=3.2ms
2025-12-08 10:24:13 | INFO | Verification: s028 - Verified=True, Confidence=0.930, Latency=2.0ms
2025-12-08 10:24:13 | INFO | Verification: s028 - Verified=True, Confidence=0.845, Latency=10.5ms
2025-12-08 10:24:13 | INFO | Verification: s028 - Verified=True, Confidence=0.956, Latency=3.0ms
2025-12-08 10:24:13 | INFO | Verification: s028 - Verified=True, Confidence=0.969, Latency=9.5ms
2025-12-08 10:24:13 | INFO | Verification: s028 - Verified=True, Confidence=0.986, Latency=3.8ms
2025-12-08 10:24:13 | INFO | Verification: s028 - Verified=False, Confidence=0.680, Latency=2.0ms
2025-12-08 10:24:13 | INFO | Verification: s028 - Verified=True, Confidence=0.892, Latency=4.0ms
2025-12-08 10:24:13 | INFO | Verification: s028 - Verified=False, Confidence=0.466, Latency=2.1ms
2025-12-08 10:24:13 | INFO | Verification: s028 - Verified=False, Confidence=0.712, Latency=1.0ms
2025-12-08 10:24:13 | INFO | Verification: s028 - Verified=False, Confidence=0.668, Latency=1.5ms
2025-12-08 10:24:13 | INFO | Verification: s028 - Verified=False, Confidence=0.363, Latency=2.5ms
2025-12-08 10:24:13 | INFO | Verification: s028 - Verified=False, Confidence=0.421, Latency=4.6ms
2025-12-08 10:24:13 | INFO | Verification: s028 - Verified=False, Confidence=0.318, Latency=2.8ms
2025-12-08 10:24:13 | INFO | Verification: s028 - Verified=False, Confidence=0.346, Latency=0.0ms
2025-12-08 10:24:13 | INFO | Verification: s028 - Verified=False, Confidence=0.296, Latency=11.2ms
2025-12-08 10:24:13 | INFO | Verification: s028 - Verified=False, Confidence=0.407, Latency=4.4ms
2025-12-08 10:24:13 | INFO | Verification: s028 - Verified=False, Confidence=0.463, Latency=1.0ms
2025-12-08 10:24:13 | INFO | Verification: s028 - Verified=False, Confidence=0.448, Latency=7.5ms
2025-12-08 10:24:13 | INFO | Verification: s028 - Verified=False, Confidence=0.404, Latency=2.0ms
2025-12-08 10:24:13 | INFO | Verification: s028 - Verified=False, Confidence=0.712, Latency=1.4ms
2025-12-08 10:24:13 | INFO | Verification: s028 - Verified=False, Confidence=0.513, Latency=11.3ms
2025-12-08 10:24:13 | INFO | Verification: s028 - Verified=False, Confidence=0.385, Latency=3.8ms
2025-12-08 10:24:13 | INFO | Verification: s028 - Verified=False, Confidence=0.523, Latency=2.2ms
2025-12-08 10:24:13 | INFO | Verification: s028 - Verified=False, Confidence=0.464, Latency=2.2ms
2025-12-08 10:24:13 | INFO | Verification: s028 - Verified=False, Confidence=0.431, Latency=8.4ms
2025-12-08 10:24:13 | INFO | Verification: s028 - Verified=False, Confidence=0.702, Latency=1.0ms
2025-12-08 10:24:13 | INFO | Verification: s028 - Verified=False, Confidence=0.543, Latency=1.0ms
2025-12-08 10:24:13 | INFO | Verification: s028 - Verified=True, Confidence=0.823, Latency=2.9ms
2025-12-08 10:24:13 | INFO | Verification: s028 - Verified=False, Confidence=0.592, Latency=2.7ms
2025-12-08 10:24:13 | INFO | Verification: s028 - Verified=True, Confidence=0.845, Latency=4.0ms
2025-12-08 10:24:13 | INFO | Enrolling user: s029
2025-12-08 10:24:13 | INFO | User s029 enrolled successfully with 50 samples
2025-12-08 10:24:13 | INFO | Verification: s029 - Verified=True, Confidence=0.942, Latency=2.5ms
2025-12-08 10:24:13 | INFO | Verification: s029 - Verified=True, Confidence=0.917, Latency=4.0ms
2025-12-08 10:24:13 | INFO | Verification: s029 - Verified=True, Confidence=0.933, Latency=3.6ms
2025-12-08 10:24:13 | INFO | Verification: s029 - Verified=True, Confidence=0.962, Latency=1.0ms
2025-12-08 10:24:13 | INFO | Verification: s029 - Verified=True, Confidence=0.906, Latency=2.5ms
2025-12-08 10:24:13 | INFO | Verification: s029 - Verified=True, Confidence=0.962, Latency=1.0ms
2025-12-08 10:24:13 | INFO | Verification: s029 - Verified=True, Confidence=0.949, Latency=3.9ms
2025-12-08 10:24:13 | INFO | Verification: s029 - Verified=True, Confidence=0.911, Latency=9.3ms
2025-12-08 10:24:13 | INFO | Verification: s029 - Verified=True, Confidence=0.959, Latency=2.0ms
2025-12-08 10:24:13 | INFO | Verification: s029 - Verified=True, Confidence=0.977, Latency=2.1ms
2025-12-08 10:24:13 | INFO | Verification: s029 - Verified=True, Confidence=0.921, Latency=5.1ms
2025-12-08 10:24:13 | INFO | Verification: s029 - Verified=True, Confidence=0.977, Latency=5.2ms
2025-12-08 10:24:13 | INFO | Verification: s029 - Verified=True, Confidence=0.967, Latency=1.0ms
2025-12-08 10:24:13 | INFO | Verification: s029 - Verified=True, Confidence=0.861, Latency=2.0ms
2025-12-08 10:24:13 | INFO | Verification: s029 - Verified=True, Confidence=0.924, Latency=0.0ms
2025-12-08 10:24:13 | INFO | Verification: s029 - Verified=True, Confidence=0.978, Latency=9.3ms
2025-12-08 10:24:13 | INFO | Verification: s029 - Verified=True, Confidence=0.968, Latency=2.0ms
2025-12-08 10:24:13 | INFO | Verification: s029 - Verified=True, Confidence=0.986, Latency=3.2ms
2025-12-08 10:24:13 | INFO | Verification: s029 - Verified=True, Confidence=0.934, Latency=1.0ms
2025-12-08 10:24:13 | INFO | Verification: s029 - Verified=True, Confidence=0.991, Latency=1.5ms
2025-12-08 10:24:13 | INFO | Verification: s029 - Verified=True, Confidence=0.973, Latency=4.0ms
2025-12-08 10:24:13 | INFO | Verification: s029 - Verified=True, Confidence=0.921, Latency=2.4ms
2025-12-08 10:24:13 | INFO | Verification: s029 - Verified=True, Confidence=0.972, Latency=1.1ms
2025-12-08 10:24:13 | INFO | Verification: s029 - Verified=True, Confidence=0.957, Latency=2.0ms
2025-12-08 10:24:13 | INFO | Verification: s029 - Verified=True, Confidence=0.961, Latency=4.0ms
2025-12-08 10:24:13 | INFO | Verification: s029 - Verified=True, Confidence=0.800, Latency=4.0ms
2025-12-08 10:24:13 | INFO | Verification: s029 - Verified=False, Confidence=0.682, Latency=3.9ms
2025-12-08 10:24:13 | INFO | Verification: s029 - Verified=False, Confidence=0.683, Latency=2.0ms
2025-12-08 10:24:13 | INFO | Verification: s029 - Verified=True, Confidence=0.787, Latency=1.4ms
2025-12-08 10:24:13 | INFO | Verification: s029 - Verified=False, Confidence=0.670, Latency=4.3ms
2025-12-08 10:24:13 | INFO | Verification: s029 - Verified=False, Confidence=0.475, Latency=5.9ms
2025-12-08 10:24:13 | INFO | Verification: s029 - Verified=False, Confidence=0.405, Latency=10.0ms
2025-12-08 10:24:13 | INFO | Verification: s029 - Verified=False, Confidence=0.612, Latency=2.0ms
2025-12-08 10:24:13 | INFO | Verification: s029 - Verified=False, Confidence=0.714, Latency=2.2ms
2025-12-08 10:24:13 | INFO | Verification: s029 - Verified=False, Confidence=0.684, Latency=3.0ms
2025-12-08 10:24:13 | INFO | Verification: s029 - Verified=True, Confidence=0.778, Latency=1.0ms
2025-12-08 10:24:13 | INFO | Verification: s029 - Verified=True, Confidence=0.809, Latency=6.9ms
2025-12-08 10:24:13 | INFO | Verification: s029 - Verified=True, Confidence=0.818, Latency=3.2ms
2025-12-08 10:24:13 | INFO | Verification: s029 - Verified=True, Confidence=0.816, Latency=2.2ms
2025-12-08 10:24:13 | INFO | Verification: s029 - Verified=True, Confidence=0.958, Latency=0.0ms
2025-12-08 10:24:13 | INFO | Verification: s029 - Verified=False, Confidence=0.395, Latency=11.8ms
2025-12-08 10:24:13 | INFO | Verification: s029 - Verified=False, Confidence=0.359, Latency=1.7ms
2025-12-08 10:24:13 | INFO | Verification: s029 - Verified=False, Confidence=0.520, Latency=2.0ms
2025-12-08 10:24:13 | INFO | Verification: s029 - Verified=False, Confidence=0.600, Latency=1.0ms
2025-12-08 10:24:13 | INFO | Verification: s029 - Verified=False, Confidence=0.519, Latency=5.4ms
2025-12-08 10:24:13 | INFO | Verification: s029 - Verified=True, Confidence=0.791, Latency=2.1ms
2025-12-08 10:24:13 | INFO | Verification: s029 - Verified=False, Confidence=0.403, Latency=2.1ms
2025-12-08 10:24:13 | INFO | Verification: s029 - Verified=False, Confidence=0.616, Latency=1.5ms
2025-12-08 10:24:13 | INFO | Verification: s029 - Verified=False, Confidence=0.424, Latency=0.0ms
2025-12-08 10:24:13 | INFO | Verification: s029 - Verified=False, Confidence=0.721, Latency=8.1ms
2025-12-08 10:24:13 | INFO | Enrolling user: s034
2025-12-08 10:24:13 | INFO | User s034 enrolled successfully with 50 samples
2025-12-08 10:24:13 | INFO | Verification: s034 - Verified=True, Confidence=0.889, Latency=2.2ms
2025-12-08 10:24:13 | INFO | Verification: s034 - Verified=True, Confidence=0.916, Latency=4.0ms
2025-12-08 10:24:13 | INFO | Verification: s034 - Verified=True, Confidence=0.976, Latency=4.6ms
2025-12-08 10:24:13 | INFO | Verification: s034 - Verified=True, Confidence=0.936, Latency=2.0ms
2025-12-08 10:24:13 | INFO | Verification: s034 - Verified=True, Confidence=0.980, Latency=2.0ms
2025-12-08 10:24:13 | INFO | Verification: s034 - Verified=True, Confidence=0.970, Latency=5.6ms
2025-12-08 10:24:13 | INFO | Verification: s034 - Verified=True, Confidence=0.983, Latency=1.8ms
2025-12-08 10:24:13 | INFO | Verification: s034 - Verified=True, Confidence=0.979, Latency=1.1ms
2025-12-08 10:24:13 | INFO | Verification: s034 - Verified=True, Confidence=0.954, Latency=0.0ms
2025-12-08 10:24:13 | INFO | Verification: s034 - Verified=True, Confidence=0.993, Latency=4.7ms
2025-12-08 10:24:13 | INFO | Verification: s034 - Verified=True, Confidence=0.970, Latency=3.3ms
2025-12-08 10:24:13 | INFO | Verification: s034 - Verified=True, Confidence=0.931, Latency=5.5ms
2025-12-08 10:24:13 | INFO | Verification: s034 - Verified=True, Confidence=0.978, Latency=2.0ms
2025-12-08 10:24:13 | INFO | Verification: s034 - Verified=True, Confidence=0.984, Latency=7.0ms
2025-12-08 10:24:13 | INFO | Verification: s034 - Verified=True, Confidence=0.989, Latency=4.1ms
2025-12-08 10:24:13 | INFO | Verification: s034 - Verified=True, Confidence=0.992, Latency=2.7ms
2025-12-08 10:24:13 | INFO | Verification: s034 - Verified=True, Confidence=0.993, Latency=2.0ms
2025-12-08 10:24:13 | INFO | Verification: s034 - Verified=True, Confidence=0.981, Latency=6.9ms
2025-12-08 10:24:13 | INFO | Verification: s034 - Verified=True, Confidence=0.992, Latency=2.8ms
2025-12-08 10:24:13 | INFO | Verification: s034 - Verified=True, Confidence=0.997, Latency=2.0ms
2025-12-08 10:24:13 | INFO | Verification: s034 - Verified=True, Confidence=0.979, Latency=2.9ms
2025-12-08 10:24:13 | INFO | Verification: s034 - Verified=True, Confidence=0.985, Latency=7.4ms
2025-12-08 10:24:13 | INFO | Verification: s034 - Verified=True, Confidence=0.978, Latency=2.5ms
2025-12-08 10:24:13 | INFO | Verification: s034 - Verified=True, Confidence=0.975, Latency=2.0ms
2025-12-08 10:24:13 | INFO | Verification: s034 - Verified=True, Confidence=0.964, Latency=2.1ms
2025-12-08 10:24:13 | INFO | Verification: s034 - Verified=False, Confidence=0.604, Latency=5.8ms
2025-12-08 10:24:13 | INFO | Verification: s034 - Verified=False, Confidence=0.485, Latency=1.9ms
2025-12-08 10:24:13 | INFO | Verification: s034 - Verified=False, Confidence=0.501, Latency=2.5ms
2025-12-08 10:24:13 | INFO | Verification: s034 - Verified=False, Confidence=0.625, Latency=8.4ms
2025-12-08 10:24:13 | INFO | Verification: s034 - Verified=False, Confidence=0.505, Latency=2.5ms
2025-12-08 10:24:13 | INFO | Verification: s034 - Verified=False, Confidence=0.526, Latency=2.0ms
2025-12-08 10:24:13 | INFO | Verification: s034 - Verified=False, Confidence=0.381, Latency=10.5ms
2025-12-08 10:24:13 | INFO | Verification: s034 - Verified=False, Confidence=0.704, Latency=2.6ms
2025-12-08 10:24:13 | INFO | Verification: s034 - Verified=True, Confidence=0.801, Latency=1.0ms
2025-12-08 10:24:13 | INFO | Verification: s034 - Verified=True, Confidence=0.754, Latency=0.0ms
2025-12-08 10:24:13 | INFO | Verification: s034 - Verified=True, Confidence=0.908, Latency=8.9ms
2025-12-08 10:24:13 | INFO | Verification: s034 - Verified=True, Confidence=0.920, Latency=2.1ms
2025-12-08 10:24:13 | INFO | Verification: s034 - Verified=True, Confidence=0.922, Latency=1.8ms
2025-12-08 10:24:13 | INFO | Verification: s034 - Verified=True, Confidence=0.849, Latency=1.0ms
2025-12-08 10:24:13 | INFO | Verification: s034 - Verified=True, Confidence=0.989, Latency=0.0ms
2025-12-08 10:24:14 | INFO | Verification: s034 - Verified=False, Confidence=0.352, Latency=4.9ms
2025-12-08 10:24:14 | INFO | Verification: s034 - Verified=False, Confidence=0.302, Latency=2.3ms
2025-12-08 10:24:14 | INFO | Verification: s034 - Verified=False, Confidence=0.378, Latency=1.0ms
2025-12-08 10:24:14 | INFO | Verification: s034 - Verified=False, Confidence=0.435, Latency=0.0ms
2025-12-08 10:24:14 | INFO | Verification: s034 - Verified=False, Confidence=0.359, Latency=7.4ms
2025-12-08 10:24:14 | INFO | Verification: s034 - Verified=False, Confidence=0.630, Latency=4.2ms
2025-12-08 10:24:14 | INFO | Verification: s034 - Verified=False, Confidence=0.342, Latency=3.1ms
2025-12-08 10:24:14 | INFO | Verification: s034 - Verified=False, Confidence=0.459, Latency=1.0ms
2025-12-08 10:24:14 | INFO | Verification: s034 - Verified=False, Confidence=0.274, Latency=1.4ms
2025-12-08 10:24:14 | INFO | Verification: s034 - Verified=False, Confidence=0.499, Latency=5.0ms
2025-12-08 10:24:14 | INFO | Enrolling user: s036
2025-12-08 10:24:14 | INFO | User s036 enrolled successfully with 50 samples
2025-12-08 10:24:14 | INFO | Verification: s036 - Verified=True, Confidence=0.940, Latency=1.0ms
2025-12-08 10:24:14 | INFO | Verification: s036 - Verified=True, Confidence=0.995, Latency=0.0ms
2025-12-08 10:24:14 | INFO | Verification: s036 - Verified=True, Confidence=0.977, Latency=3.8ms
2025-12-08 10:24:14 | INFO | Verification: s036 - Verified=True, Confidence=0.997, Latency=3.6ms
2025-12-08 10:24:14 | INFO | Verification: s036 - Verified=True, Confidence=0.999, Latency=2.1ms
2025-12-08 10:24:14 | INFO | Verification: s036 - Verified=True, Confidence=0.973, Latency=1.0ms
2025-12-08 10:24:14 | INFO | Verification: s036 - Verified=True, Confidence=0.931, Latency=0.0ms
2025-12-08 10:24:14 | INFO | Verification: s036 - Verified=True, Confidence=0.995, Latency=9.7ms
2025-12-08 10:24:14 | INFO | Verification: s036 - Verified=True, Confidence=0.975, Latency=1.3ms
2025-12-08 10:24:14 | INFO | Verification: s036 - Verified=True, Confidence=0.987, Latency=2.4ms
2025-12-08 10:24:14 | INFO | Verification: s036 - Verified=True, Confidence=0.981, Latency=1.0ms
2025-12-08 10:24:14 | INFO | Verification: s036 - Verified=True, Confidence=0.988, Latency=0.0ms
2025-12-08 10:24:14 | INFO | Verification: s036 - Verified=True, Confidence=0.974, Latency=8.0ms
2025-12-08 10:24:14 | INFO | Verification: s036 - Verified=True, Confidence=0.992, Latency=3.8ms
2025-12-08 10:24:14 | INFO | Verification: s036 - Verified=True, Confidence=0.995, Latency=2.2ms
2025-12-08 10:24:14 | INFO | Verification: s036 - Verified=True, Confidence=0.975, Latency=1.0ms
2025-12-08 10:24:14 | INFO | Verification: s036 - Verified=True, Confidence=0.987, Latency=0.0ms
2025-12-08 10:24:14 | INFO | Verification: s036 - Verified=True, Confidence=0.925, Latency=7.6ms
2025-12-08 10:24:14 | INFO | Verification: s036 - Verified=True, Confidence=0.996, Latency=3.3ms
2025-12-08 10:24:14 | INFO | Verification: s036 - Verified=True, Confidence=0.942, Latency=1.0ms
2025-12-08 10:24:14 | INFO | Verification: s036 - Verified=True, Confidence=0.902, Latency=1.4ms
2025-12-08 10:24:14 | INFO | Verification: s036 - Verified=True, Confidence=0.974, Latency=0.0ms
2025-12-08 10:24:14 | INFO | Verification: s036 - Verified=True, Confidence=0.991, Latency=6.7ms
2025-12-08 10:24:14 | INFO | Verification: s036 - Verified=True, Confidence=0.957, Latency=2.0ms
2025-12-08 10:24:14 | INFO | Verification: s036 - Verified=True, Confidence=0.997, Latency=3.2ms
2025-12-08 10:24:14 | INFO | Verification: s036 - Verified=False, Confidence=0.476, Latency=2.0ms
2025-12-08 10:24:14 | INFO | Verification: s036 - Verified=False, Confidence=0.627, Latency=9.8ms
2025-12-08 10:24:14 | INFO | Verification: s036 - Verified=False, Confidence=0.589, Latency=2.0ms
2025-12-08 10:24:14 | INFO | Verification: s036 - Verified=False, Confidence=0.348, Latency=1.4ms
2025-12-08 10:24:14 | INFO | Verification: s036 - Verified=False, Confidence=0.415, Latency=6.8ms
2025-12-08 10:24:14 | INFO | Verification: s036 - Verified=False, Confidence=0.405, Latency=3.9ms
2025-12-08 10:24:14 | INFO | Verification: s036 - Verified=False, Confidence=0.615, Latency=2.0ms
2025-12-08 10:24:14 | INFO | Verification: s036 - Verified=False, Confidence=0.327, Latency=4.1ms
2025-12-08 10:24:14 | INFO | Verification: s036 - Verified=False, Confidence=0.297, Latency=4.6ms
2025-12-08 10:24:14 | INFO | Verification: s036 - Verified=False, Confidence=0.295, Latency=2.3ms
2025-12-08 10:24:14 | INFO | Verification: s036 - Verified=False, Confidence=0.214, Latency=0.0ms
2025-12-08 10:24:14 | INFO | Verification: s036 - Verified=False, Confidence=0.268, Latency=6.6ms
2025-12-08 10:24:14 | INFO | Verification: s036 - Verified=False, Confidence=0.282, Latency=3.1ms
2025-12-08 10:24:14 | INFO | Verification: s036 - Verified=False, Confidence=0.335, Latency=4.8ms
2025-12-08 10:24:14 | INFO | Verification: s036 - Verified=False, Confidence=0.318, Latency=1.0ms
2025-12-08 10:24:14 | INFO | Verification: s036 - Verified=False, Confidence=0.744, Latency=1.0ms
2025-12-08 10:24:14 | INFO | Verification: s036 - Verified=False, Confidence=0.696, Latency=7.4ms
2025-12-08 10:24:14 | INFO | Verification: s036 - Verified=False, Confidence=0.447, Latency=3.1ms
2025-12-08 10:24:14 | INFO | Verification: s036 - Verified=False, Confidence=0.500, Latency=2.2ms
2025-12-08 10:24:14 | INFO | Verification: s036 - Verified=False, Confidence=0.429, Latency=1.0ms
2025-12-08 10:24:14 | INFO | Verification: s036 - Verified=False, Confidence=0.606, Latency=5.6ms
2025-12-08 10:24:14 | INFO | Verification: s036 - Verified=True, Confidence=0.886, Latency=6.9ms
2025-12-08 10:24:14 | INFO | Verification: s036 - Verified=True, Confidence=0.873, Latency=3.2ms
2025-12-08 10:24:14 | INFO | Verification: s036 - Verified=True, Confidence=0.930, Latency=0.0ms
2025-12-08 10:24:14 | INFO | Verification: s036 - Verified=False, Confidence=0.659, Latency=6.5ms
2025-12-08 10:24:14 | INFO | Enrolling user: s049
2025-12-08 10:24:14 | INFO | User s049 enrolled successfully with 50 samples
2025-12-08 10:24:14 | INFO | Verification: s049 - Verified=True, Confidence=0.998, Latency=7.0ms
2025-12-08 10:24:14 | INFO | Verification: s049 - Verified=True, Confidence=0.960, Latency=1.5ms
2025-12-08 10:24:14 | INFO | Verification: s049 - Verified=True, Confidence=0.984, Latency=3.1ms
2025-12-08 10:24:14 | INFO | Verification: s049 - Verified=True, Confidence=0.989, Latency=2.1ms
2025-12-08 10:24:14 | INFO | Verification: s049 - Verified=True, Confidence=0.991, Latency=2.4ms
2025-12-08 10:24:14 | INFO | Verification: s049 - Verified=True, Confidence=0.990, Latency=1.2ms
2025-12-08 10:24:14 | INFO | Verification: s049 - Verified=True, Confidence=0.978, Latency=0.0ms
2025-12-08 10:24:14 | INFO | Verification: s049 - Verified=True, Confidence=0.987, Latency=4.8ms
2025-12-08 10:24:14 | INFO | Verification: s049 - Verified=True, Confidence=0.994, Latency=3.4ms
2025-12-08 10:24:14 | INFO | Verification: s049 - Verified=True, Confidence=0.984, Latency=2.5ms
2025-12-08 10:24:14 | INFO | Verification: s049 - Verified=True, Confidence=0.979, Latency=1.4ms
2025-12-08 10:24:14 | INFO | Verification: s049 - Verified=True, Confidence=0.978, Latency=2.5ms
2025-12-08 10:24:14 | INFO | Verification: s049 - Verified=True, Confidence=0.981, Latency=7.0ms
2025-12-08 10:24:14 | INFO | Verification: s049 - Verified=True, Confidence=0.993, Latency=2.4ms
2025-12-08 10:24:14 | INFO | Verification: s049 - Verified=True, Confidence=0.989, Latency=1.0ms
2025-12-08 10:24:14 | INFO | Verification: s049 - Verified=True, Confidence=0.984, Latency=1.1ms
2025-12-08 10:24:14 | INFO | Verification: s049 - Verified=True, Confidence=0.968, Latency=3.3ms
2025-12-08 10:24:14 | INFO | Verification: s049 - Verified=True, Confidence=0.970, Latency=0.0ms
2025-12-08 10:24:14 | INFO | Verification: s049 - Verified=True, Confidence=0.988, Latency=8.8ms
2025-12-08 10:24:14 | INFO | Verification: s049 - Verified=True, Confidence=0.992, Latency=1.0ms
2025-12-08 10:24:14 | INFO | Verification: s049 - Verified=True, Confidence=0.980, Latency=2.0ms
2025-12-08 10:24:14 | INFO | Verification: s049 - Verified=True, Confidence=0.995, Latency=1.3ms
2025-12-08 10:24:14 | INFO | Verification: s049 - Verified=True, Confidence=0.997, Latency=6.6ms
2025-12-08 10:24:14 | INFO | Verification: s049 - Verified=True, Confidence=0.992, Latency=2.2ms
2025-12-08 10:24:14 | INFO | Verification: s049 - Verified=True, Confidence=0.981, Latency=1.4ms
2025-12-08 10:24:14 | INFO | Verification: s049 - Verified=False, Confidence=0.601, Latency=8.4ms
2025-12-08 10:24:14 | INFO | Verification: s049 - Verified=False, Confidence=0.471, Latency=3.8ms
2025-12-08 10:24:14 | INFO | Verification: s049 - Verified=False, Confidence=0.639, Latency=2.0ms
2025-12-08 10:24:14 | INFO | Verification: s049 - Verified=False, Confidence=0.498, Latency=1.0ms
2025-12-08 10:24:14 | INFO | Verification: s049 - Verified=False, Confidence=0.494, Latency=5.1ms
2025-12-08 10:24:14 | INFO | Verification: s049 - Verified=False, Confidence=0.722, Latency=2.1ms
2025-12-08 10:24:14 | INFO | Verification: s049 - Verified=True, Confidence=0.944, Latency=3.0ms
2025-12-08 10:24:14 | INFO | Verification: s049 - Verified=False, Confidence=0.657, Latency=10.1ms
2025-12-08 10:24:14 | INFO | Verification: s049 - Verified=False, Confidence=0.579, Latency=2.1ms
2025-12-08 10:24:14 | INFO | Verification: s049 - Verified=False, Confidence=0.589, Latency=2.0ms
2025-12-08 10:24:14 | INFO | Verification: s049 - Verified=False, Confidence=0.345, Latency=8.1ms
2025-12-08 10:24:14 | INFO | Verification: s049 - Verified=False, Confidence=0.365, Latency=3.0ms
2025-12-08 10:24:14 | INFO | Verification: s049 - Verified=False, Confidence=0.406, Latency=1.0ms
2025-12-08 10:24:14 | INFO | Verification: s049 - Verified=False, Confidence=0.531, Latency=5.1ms
2025-12-08 10:24:14 | INFO | Verification: s049 - Verified=False, Confidence=0.407, Latency=5.2ms
2025-12-08 10:24:14 | INFO | Verification: s049 - Verified=True, Confidence=0.880, Latency=2.0ms
2025-12-08 10:24:14 | INFO | Verification: s049 - Verified=True, Confidence=0.889, Latency=3.0ms
2025-12-08 10:24:14 | INFO | Verification: s049 - Verified=False, Confidence=0.695, Latency=6.0ms
2025-12-08 10:24:14 | INFO | Verification: s049 - Verified=False, Confidence=0.465, Latency=1.1ms
2025-12-08 10:24:14 | INFO | Verification: s049 - Verified=False, Confidence=0.507, Latency=2.0ms
2025-12-08 10:24:14 | INFO | Verification: s049 - Verified=False, Confidence=0.693, Latency=10.4ms
2025-12-08 10:24:14 | INFO | Verification: s049 - Verified=True, Confidence=0.851, Latency=2.5ms
2025-12-08 10:24:14 | INFO | Verification: s049 - Verified=False, Confidence=0.712, Latency=3.0ms
2025-12-08 10:24:14 | INFO | Verification: s049 - Verified=True, Confidence=0.797, Latency=7.3ms
2025-12-08 10:24:14 | INFO | Verification: s049 - Verified=False, Confidence=0.500, Latency=3.0ms
2025-12-08 10:24:14 | INFO | EER: 0.3260, Optimal Threshold: 0.9790
2025-12-08 10:24:14 | INFO | ROC curve saved: logs\roc_curve.png
2025-12-08 10:24:14 | INFO | Evaluating anomaly detection...
2025-12-08 10:24:14 | INFO | Fitting anomaly detector on 100 samples
2025-12-08 10:24:15 | INFO | Anomaly detector fitted successfully
2025-12-08 10:24:15 | INFO | Anomaly Report: 3/100 anomalies (3.0%)
2025-12-08 10:24:15 | INFO | Anomaly Detection Report: {'total_samples': 100, 'anomaly_count': 3, 'normal_count': 97, 'anomaly_rate': 0.03, 'mean_score': 0.6632496068694287, 'min_score': 0.0, 'max_score': 0.999999943073812, 'std_score': 0.17464624884511604}
2025-12-08 10:24:15 | INFO | Test report saved: logs\test_report.txt
2025-12-08 10:24:15 | INFO | Comprehensive testing completed!
2025-12-08 10:24:15 | INFO | Testing script completed successfully!
