2025-12-08 12:10:57 | INFO | ================================================================================
2025-12-08 12:10:57 | INFO | KEYSTROKE DYNAMICS - ZERO TRUST TELEHEALTH PLATFORM
2025-12-08 12:10:57 | INFO | ================================================================================
2025-12-08 12:10:57 | INFO | Starting training pipeline...
2025-12-08 12:10:58 | INFO | Loading configuration from: config.yaml
2025-12-08 12:10:58 | INFO | Configuration loaded successfully
2025-12-08 12:10:58 | INFO | Using device: cpu
2025-12-08 12:10:58 | INFO | KeystrokePreprocessor initialized
2025-12-08 12:10:58 | INFO | Loading dataset...
2025-12-08 12:10:58 | INFO | Loading DSL dataset from: Dataset\DSL-StrongPasswordData-Original_Dataset.xls
2025-12-08 12:11:00 | INFO | Loaded dataset: 20400 samples, 34 features
2025-12-08 12:11:00 | INFO | Subjects: 51
2025-12-08 12:11:00 | INFO | Splitting dataset by subject...
2025-12-08 12:11:00 | INFO | Split: Train=12000 (30 subjects), Val=4000 (10 subjects), Test=4400 (11 subjects)
2025-12-08 12:11:00 | INFO | Preprocessing training data...
2025-12-08 12:11:00 | INFO | Running preprocessing pipeline...
2025-12-08 12:11:00 | INFO | Extracting timing features...
2025-12-08 12:11:00 | INFO | Extracted 31 timing features
2025-12-08 12:11:00 | INFO | Feature types: 11 hold, 10 DD, 10 UD
2025-12-08 12:11:00 | INFO | Handling outliers...
2025-12-08 12:11:00 | INFO | Clipped 4407 outlier values
2025-12-08 12:11:00 | INFO | Computing statistical features...
2025-12-08 12:11:00 | INFO | Added 7 statistical features
2025-12-08 12:11:00 | INFO | Fitting scaler on training data...
2025-12-08 12:11:00 | INFO | Augmenting data with factor 2...
2025-12-08 12:11:00 | INFO | Augmented dataset: 12000 -> 24000 samples
2025-12-08 12:11:01 | INFO | Preprocessing complete: torch.Size([24000, 38])
2025-12-08 12:11:01 | INFO | Preprocessing validation data...
2025-12-08 12:11:01 | INFO | Running preprocessing pipeline...
2025-12-08 12:11:01 | INFO | Extracting timing features...
2025-12-08 12:11:01 | INFO | Extracted 31 timing features
2025-12-08 12:11:01 | INFO | Feature types: 11 hold, 10 DD, 10 UD
2025-12-08 12:11:01 | INFO | Handling outliers...
2025-12-08 12:11:01 | INFO | Clipped 2093 outlier values
2025-12-08 12:11:01 | INFO | Computing statistical features...
2025-12-08 12:11:01 | INFO | Added 7 statistical features
2025-12-08 12:11:01 | INFO | Preprocessing complete: torch.Size([4000, 38])
2025-12-08 12:11:01 | INFO | Preprocessing test data...
2025-12-08 12:11:01 | INFO | Running preprocessing pipeline...
2025-12-08 12:11:01 | INFO | Extracting timing features...
2025-12-08 12:11:01 | INFO | Extracted 31 timing features
2025-12-08 12:11:01 | INFO | Feature types: 11 hold, 10 DD, 10 UD
2025-12-08 12:11:01 | INFO | Handling outliers...
2025-12-08 12:11:01 | INFO | Clipped 1941 outlier values
2025-12-08 12:11:01 | INFO | Computing statistical features...
2025-12-08 12:11:01 | INFO | Added 7 statistical features
2025-12-08 12:11:01 | INFO | Preprocessing complete: torch.Size([4400, 38])
2025-12-08 12:11:01 | INFO | Data loaded: Train=24000, Val=4000, Test=4400
2025-12-08 12:11:01 | INFO | Building model...
2025-12-08 12:11:01 | INFO | KeystrokeEmbeddingModel initialized: 38 -> 128
2025-12-08 12:11:01 | INFO | Architecture: [256, 512, 256, 128]
2025-12-08 12:11:02 | INFO | Model built with 324608 parameters
2025-12-08 12:11:02 | INFO | Starting training...
2025-12-08 12:11:30 | INFO | Epoch 1/100 - Train Loss: 0.0936, Val Loss: 0.0056
2025-12-08 12:11:30 | INFO | New best model saved! Val Loss: 0.0056
2025-12-08 12:12:14 | INFO | Epoch 2/100 - Train Loss: 0.0625, Val Loss: 0.0036
2025-12-08 12:12:14 | INFO | New best model saved! Val Loss: 0.0036
2025-12-08 12:12:40 | INFO | Epoch 3/100 - Train Loss: 0.0522, Val Loss: 0.0027
2025-12-08 12:12:40 | INFO | New best model saved! Val Loss: 0.0027
2025-12-08 12:13:05 | INFO | Epoch 4/100 - Train Loss: 0.0467, Val Loss: 0.0029
2025-12-08 12:13:39 | INFO | Epoch 5/100 - Train Loss: 0.0458, Val Loss: 0.0036
2025-12-08 12:14:04 | INFO | Epoch 6/100 - Train Loss: 0.0430, Val Loss: 0.0033
2025-12-08 12:14:27 | INFO | Epoch 7/100 - Train Loss: 0.0417, Val Loss: 0.0040
2025-12-08 12:14:51 | INFO | Epoch 8/100 - Train Loss: 0.0396, Val Loss: 0.0040
2025-12-08 12:15:14 | INFO | Epoch 9/100 - Train Loss: 0.0374, Val Loss: 0.0044
2025-12-08 12:15:45 | INFO | Epoch 10/100 - Train Loss: 0.0378, Val Loss: 0.0035
2025-12-08 12:16:08 | INFO | Epoch 11/100 - Train Loss: 0.0372, Val Loss: 0.0042
2025-12-08 12:16:32 | INFO | Epoch 12/100 - Train Loss: 0.0392, Val Loss: 0.0035
2025-12-08 12:16:59 | INFO | Epoch 13/100 - Train Loss: 0.0363, Val Loss: 0.0051
2025-12-08 12:17:24 | INFO | Epoch 14/100 - Train Loss: 0.0339, Val Loss: 0.0048
2025-12-08 12:17:50 | INFO | Epoch 15/100 - Train Loss: 0.0352, Val Loss: 0.0051
2025-12-08 12:18:12 | INFO | Epoch 16/100 - Train Loss: 0.0362, Val Loss: 0.0055
2025-12-08 12:18:35 | INFO | Epoch 17/100 - Train Loss: 0.0340, Val Loss: 0.0054
2025-12-08 12:18:58 | INFO | Epoch 18/100 - Train Loss: 0.0362, Val Loss: 0.0030
2025-12-08 12:19:21 | INFO | Epoch 19/100 - Train Loss: 0.0316, Val Loss: 0.0049
2025-12-08 12:19:44 | INFO | Epoch 20/100 - Train Loss: 0.0330, Val Loss: 0.0038
2025-12-08 12:20:11 | INFO | Epoch 21/100 - Train Loss: 0.0325, Val Loss: 0.0055
2025-12-08 12:20:43 | INFO | Epoch 22/100 - Train Loss: 0.0325, Val Loss: 0.0042
2025-12-08 12:21:17 | INFO | Epoch 23/100 - Train Loss: 0.0313, Val Loss: 0.0042
2025-12-08 12:21:53 | INFO | Epoch 24/100 - Train Loss: 0.0305, Val Loss: 0.0050
2025-12-08 12:22:21 | INFO | Epoch 25/100 - Train Loss: 0.0311, Val Loss: 0.0047
2025-12-08 12:22:51 | INFO | Epoch 26/100 - Train Loss: 0.0329, Val Loss: 0.0044
2025-12-08 12:23:21 | INFO | Epoch 27/100 - Train Loss: 0.0312, Val Loss: 0.0042
2025-12-08 12:23:55 | INFO | Epoch 28/100 - Train Loss: 0.0289, Val Loss: 0.0054
2025-12-08 12:24:37 | INFO | Epoch 29/100 - Train Loss: 0.0296, Val Loss: 0.0041
2025-12-08 12:25:09 | INFO | Epoch 30/100 - Train Loss: 0.0294, Val Loss: 0.0062
2025-12-08 12:25:47 | INFO | Epoch 31/100 - Train Loss: 0.0282, Val Loss: 0.0041
2025-12-08 12:26:23 | INFO | Epoch 32/100 - Train Loss: 0.0298, Val Loss: 0.0041
2025-12-08 12:27:11 | INFO | Epoch 33/100 - Train Loss: 0.0281, Val Loss: 0.0034
2025-12-08 12:27:11 | INFO | Early stopping triggered after 33 epochs
2025-12-08 12:27:11 | INFO | Training completed!
2025-12-08 12:27:11 | INFO | Training history plot saved: logs\training_history.png
2025-12-08 12:27:11 | INFO | Training script completed successfully!
