2025-12-08 11:23:20.194 | INFO     | src.config_loader:load_config:62 - Loading configuration from: config.yaml
2025-12-08 11:23:20.218 | DEBUG    | src.config_loader:load_config:72 - Ensured directory exists: models
2025-12-08 11:23:20.218 | DEBUG    | src.config_loader:load_config:72 - Ensured directory exists: models/checkpoints
2025-12-08 11:23:20.219 | DEBUG    | src.config_loader:load_config:72 - Ensured directory exists: models/pretrained
2025-12-08 11:23:20.219 | DEBUG    | src.config_loader:load_config:72 - Ensured directory exists: models/embeddings
2025-12-08 11:23:20.220 | DEBUG    | src.config_loader:load_config:72 - Ensured directory exists: logs
2025-12-08 11:23:20.221 | DEBUG    | src.config_loader:load_config:72 - Ensured directory exists: temp
2025-12-08 11:23:20.221 | INFO     | src.config_loader:load_config:74 - Configuration loaded successfully
2025-12-08 11:23:20.222 | INFO     | train:__init__:35 - Using device: cpu
2025-12-08 11:23:20.226 | INFO     | src.keystroke_preprocessing:__init__:34 - KeystrokePreprocessor initialized
2025-12-08 11:23:20.227 | INFO     | train:load_data:51 - Loading dataset...
2025-12-08 11:23:20.228 | INFO     | src.keystroke_preprocessing:load_dsl_dataset:46 - Loading DSL dataset from: Dataset\DSL-StrongPasswordData-Original_Dataset.xls
2025-12-08 11:23:21.849 | INFO     | src.keystroke_preprocessing:load_dsl_dataset:59 - Loaded dataset: 20400 samples, 34 features
2025-12-08 11:23:21.851 | INFO     | src.keystroke_preprocessing:load_dsl_dataset:60 - Subjects: 51
2025-12-08 11:23:21.852 | INFO     | src.keystroke_preprocessing:split_by_subject:311 - Splitting dataset by subject...
2025-12-08 11:23:21.861 | INFO     | src.keystroke_preprocessing:split_by_subject:331 - Split: Train=12000 (30 subjects), Val=4000 (10 subjects), Test=4400 (11 subjects)
2025-12-08 11:23:21.861 | INFO     | train:load_data:70 - Preprocessing training data...
2025-12-08 11:23:21.864 | INFO     | src.keystroke_preprocessing:preprocess_pipeline:268 - Running preprocessing pipeline...
2025-12-08 11:23:21.864 | INFO     | src.keystroke_preprocessing:extract_timing_features:83 - Extracting timing features...
2025-12-08 11:23:21.870 | INFO     | src.keystroke_preprocessing:extract_timing_features:112 - Extracted 31 timing features
2025-12-08 11:23:21.870 | INFO     | src.keystroke_preprocessing:extract_timing_features:113 - Feature types: 11 hold, 10 DD, 10 UD
2025-12-08 11:23:21.875 | INFO     | src.keystroke_preprocessing:handle_outliers:197 - Handling outliers...
2025-12-08 11:23:21.922 | INFO     | src.keystroke_preprocessing:handle_outliers:205 - Clipped 4740 outlier values
2025-12-08 11:23:21.923 | INFO     | src.keystroke_preprocessing:compute_statistical_features:131 - Computing statistical features...
2025-12-08 11:23:22.002 | INFO     | src.keystroke_preprocessing:compute_statistical_features:156 - Added 7 statistical features
2025-12-08 11:23:22.003 | INFO     | src.keystroke_preprocessing:normalize_features:173 - Fitting scaler on training data...
2025-12-08 11:23:22.054 | INFO     | src.keystroke_preprocessing:augment_data:225 - Augmenting data with factor 2...
2025-12-08 11:23:22.100 | INFO     | src.keystroke_preprocessing:augment_data:250 - Augmented dataset: 12000 -> 24000 samples
2025-12-08 11:23:22.105 | INFO     | src.keystroke_preprocessing:preprocess_pipeline:293 - Preprocessing complete: torch.Size([24000, 38])
2025-12-08 11:23:22.107 | INFO     | train:load_data:75 - Preprocessing validation data...
2025-12-08 11:23:22.107 | INFO     | src.keystroke_preprocessing:preprocess_pipeline:268 - Running preprocessing pipeline...
2025-12-08 11:23:22.110 | INFO     | src.keystroke_preprocessing:extract_timing_features:83 - Extracting timing features...
2025-12-08 11:23:22.118 | INFO     | src.keystroke_preprocessing:extract_timing_features:112 - Extracted 31 timing features
2025-12-08 11:23:22.119 | INFO     | src.keystroke_preprocessing:extract_timing_features:113 - Feature types: 11 hold, 10 DD, 10 UD
2025-12-08 11:23:22.120 | INFO     | src.keystroke_preprocessing:handle_outliers:197 - Handling outliers...
2025-12-08 11:23:22.135 | INFO     | src.keystroke_preprocessing:handle_outliers:205 - Clipped 1670 outlier values
2025-12-08 11:23:22.136 | INFO     | src.keystroke_preprocessing:compute_statistical_features:131 - Computing statistical features...
2025-12-08 11:23:22.164 | INFO     | src.keystroke_preprocessing:compute_statistical_features:156 - Added 7 statistical features
2025-12-08 11:23:22.168 | INFO     | src.keystroke_preprocessing:preprocess_pipeline:293 - Preprocessing complete: torch.Size([4000, 38])
2025-12-08 11:23:22.168 | INFO     | train:load_data:80 - Preprocessing test data...
2025-12-08 11:23:22.169 | INFO     | src.keystroke_preprocessing:preprocess_pipeline:268 - Running preprocessing pipeline...
2025-12-08 11:23:22.169 | INFO     | src.keystroke_preprocessing:extract_timing_features:83 - Extracting timing features...
2025-12-08 11:23:22.173 | INFO     | src.keystroke_preprocessing:extract_timing_features:112 - Extracted 31 timing features
2025-12-08 11:23:22.173 | INFO     | src.keystroke_preprocessing:extract_timing_features:113 - Feature types: 11 hold, 10 DD, 10 UD
2025-12-08 11:23:22.182 | INFO     | src.keystroke_preprocessing:handle_outliers:197 - Handling outliers...
2025-12-08 11:23:22.196 | INFO     | src.keystroke_preprocessing:handle_outliers:205 - Clipped 1906 outlier values
2025-12-08 11:23:22.198 | INFO     | src.keystroke_preprocessing:compute_statistical_features:131 - Computing statistical features...
2025-12-08 11:23:22.230 | INFO     | src.keystroke_preprocessing:compute_statistical_features:156 - Added 7 statistical features
2025-12-08 11:23:22.235 | INFO     | src.keystroke_preprocessing:preprocess_pipeline:293 - Preprocessing complete: torch.Size([4400, 38])
2025-12-08 11:23:22.236 | INFO     | train:load_data:111 - Data loaded: Train=24000, Val=4000, Test=4400
2025-12-08 11:23:22.238 | INFO     | train:build_model:118 - Building model...
2025-12-08 11:23:22.255 | INFO     | src.keystroke_embedding:__init__:69 - KeystrokeEmbeddingModel initialized: 38 -> 128
2025-12-08 11:23:22.255 | INFO     | src.keystroke_embedding:__init__:70 - Architecture: [256, 512, 256, 128]
2025-12-08 11:23:24.355 | INFO     | train:build_model:160 - Model built with 324608 parameters
2025-12-08 11:23:24.357 | INFO     | train:train:282 - Starting training...
2025-12-08 11:23:58.491 | INFO     | train:train:299 - Epoch 1/100 - Train Loss: 0.0961, Val Loss: 0.0028
2025-12-08 11:23:58.503 | DEBUG    | train:save_checkpoint:338 - Checkpoint saved: models/checkpoints\best_model.pth
2025-12-08 11:23:58.504 | INFO     | train:train:307 - New best model saved! Val Loss: 0.0028
2025-12-08 11:24:28.334 | INFO     | train:train:299 - Epoch 2/100 - Train Loss: 0.0614, Val Loss: 0.0040
2025-12-08 11:24:56.689 | INFO     | train:train:299 - Epoch 3/100 - Train Loss: 0.0523, Val Loss: 0.0049
2025-12-08 11:25:23.940 | INFO     | train:train:299 - Epoch 4/100 - Train Loss: 0.0491, Val Loss: 0.0048
2025-12-08 11:25:51.484 | INFO     | train:train:299 - Epoch 5/100 - Train Loss: 0.0484, Val Loss: 0.0053
2025-12-08 11:26:18.272 | INFO     | train:train:299 - Epoch 6/100 - Train Loss: 0.0421, Val Loss: 0.0037
2025-12-08 11:26:56.320 | INFO     | train:train:299 - Epoch 7/100 - Train Loss: 0.0439, Val Loss: 0.0038
2025-12-08 11:27:22.980 | INFO     | train:train:299 - Epoch 8/100 - Train Loss: 0.0397, Val Loss: 0.0037
2025-12-08 11:27:50.067 | INFO     | train:train:299 - Epoch 9/100 - Train Loss: 0.0422, Val Loss: 0.0051
2025-12-08 11:28:16.879 | INFO     | train:train:299 - Epoch 10/100 - Train Loss: 0.0404, Val Loss: 0.0058
2025-12-08 11:28:16.892 | DEBUG    | train:save_checkpoint:338 - Checkpoint saved: models/checkpoints\checkpoint_epoch_10.pth
2025-12-08 11:28:43.308 | INFO     | train:train:299 - Epoch 11/100 - Train Loss: 0.0396, Val Loss: 0.0049
2025-12-08 11:29:09.924 | INFO     | train:train:299 - Epoch 12/100 - Train Loss: 0.0401, Val Loss: 0.0038
2025-12-08 11:29:36.227 | INFO     | train:train:299 - Epoch 13/100 - Train Loss: 0.0376, Val Loss: 0.0054
2025-12-08 11:30:02.890 | INFO     | train:train:299 - Epoch 14/100 - Train Loss: 0.0368, Val Loss: 0.0031
2025-12-08 11:30:29.892 | INFO     | train:train:299 - Epoch 15/100 - Train Loss: 0.0372, Val Loss: 0.0031
2025-12-08 11:30:57.208 | INFO     | train:train:299 - Epoch 16/100 - Train Loss: 0.0381, Val Loss: 0.0043
2025-12-08 11:31:29.744 | INFO     | train:train:299 - Epoch 17/100 - Train Loss: 0.0364, Val Loss: 0.0047
2025-12-08 11:31:59.570 | INFO     | train:train:299 - Epoch 18/100 - Train Loss: 0.0367, Val Loss: 0.0037
2025-12-08 11:32:26.768 | INFO     | train:train:299 - Epoch 19/100 - Train Loss: 0.0344, Val Loss: 0.0032
2025-12-08 11:32:53.386 | INFO     | train:train:299 - Epoch 20/100 - Train Loss: 0.0343, Val Loss: 0.0032
2025-12-08 11:32:53.396 | DEBUG    | train:save_checkpoint:338 - Checkpoint saved: models/checkpoints\checkpoint_epoch_20.pth
2025-12-08 11:33:20.453 | INFO     | train:train:299 - Epoch 21/100 - Train Loss: 0.0350, Val Loss: 0.0052
2025-12-08 11:33:45.981 | INFO     | train:train:299 - Epoch 22/100 - Train Loss: 0.0334, Val Loss: 0.0063
2025-12-08 11:34:08.465 | INFO     | train:train:299 - Epoch 23/100 - Train Loss: 0.0369, Val Loss: 0.0042
2025-12-08 11:34:31.654 | INFO     | train:train:299 - Epoch 24/100 - Train Loss: 0.0337, Val Loss: 0.0045
2025-12-08 11:34:55.915 | INFO     | train:train:299 - Epoch 25/100 - Train Loss: 0.0349, Val Loss: 0.0050
2025-12-08 11:35:20.869 | INFO     | train:train:299 - Epoch 26/100 - Train Loss: 0.0317, Val Loss: 0.0036
2025-12-08 11:35:46.717 | INFO     | train:train:299 - Epoch 27/100 - Train Loss: 0.0330, Val Loss: 0.0045
2025-12-08 11:36:13.219 | INFO     | train:train:299 - Epoch 28/100 - Train Loss: 0.0312, Val Loss: 0.0042
2025-12-08 11:36:41.054 | INFO     | train:train:299 - Epoch 29/100 - Train Loss: 0.0293, Val Loss: 0.0034
2025-12-08 11:37:09.224 | INFO     | train:train:299 - Epoch 30/100 - Train Loss: 0.0312, Val Loss: 0.0039
2025-12-08 11:37:09.235 | DEBUG    | train:save_checkpoint:338 - Checkpoint saved: models/checkpoints\checkpoint_epoch_30.pth
2025-12-08 11:37:38.566 | INFO     | train:train:299 - Epoch 31/100 - Train Loss: 0.0334, Val Loss: 0.0040
2025-12-08 11:37:38.567 | INFO     | train:train:313 - Early stopping triggered after 31 epochs
2025-12-08 11:37:38.568 | INFO     | train:train:320 - Training completed!
2025-12-08 11:37:38.873 | INFO     | train:plot_training_history:353 - Training history plot saved: logs\training_history.png
2025-12-08 11:37:38.885 | INFO     | train:main:377 - Training script completed successfully!
