2025-12-08 08:41:55.757 | INFO     | src.config_loader:load_config:62 - Loading configuration from: config.yaml
2025-12-08 08:41:55.786 | DEBUG    | src.config_loader:load_config:72 - Ensured directory exists: models
2025-12-08 08:41:55.796 | DEBUG    | src.config_loader:load_config:72 - Ensured directory exists: models/checkpoints
2025-12-08 08:41:55.798 | DEBUG    | src.config_loader:load_config:72 - Ensured directory exists: models/pretrained
2025-12-08 08:41:55.800 | DEBUG    | src.config_loader:load_config:72 - Ensured directory exists: models/embeddings
2025-12-08 08:41:55.803 | DEBUG    | src.config_loader:load_config:72 - Ensured directory exists: logs
2025-12-08 08:41:55.805 | DEBUG    | src.config_loader:load_config:72 - Ensured directory exists: temp
2025-12-08 08:41:55.805 | INFO     | src.config_loader:load_config:74 - Configuration loaded successfully
2025-12-08 08:41:55.807 | INFO     | train:__init__:35 - Using device: cpu
2025-12-08 08:41:55.812 | INFO     | src.keystroke_preprocessing:__init__:34 - KeystrokePreprocessor initialized
2025-12-08 08:41:55.814 | INFO     | train:load_data:51 - Loading dataset...
2025-12-08 08:41:55.816 | INFO     | src.keystroke_preprocessing:load_dsl_dataset:46 - Loading DSL dataset from: Dataset\DSL-StrongPasswordData-Original_Dataset.xls
2025-12-08 08:41:58.353 | INFO     | src.keystroke_preprocessing:load_dsl_dataset:59 - Loaded dataset: 20400 samples, 34 features
2025-12-08 08:41:58.363 | INFO     | src.keystroke_preprocessing:load_dsl_dataset:60 - Subjects: 51
2025-12-08 08:41:58.364 | INFO     | src.keystroke_preprocessing:split_by_subject:311 - Splitting dataset by subject...
2025-12-08 08:41:58.383 | INFO     | src.keystroke_preprocessing:split_by_subject:331 - Split: Train=12000 (30 subjects), Val=4000 (10 subjects), Test=4400 (11 subjects)
2025-12-08 08:41:58.386 | INFO     | train:load_data:70 - Preprocessing training data...
2025-12-08 08:41:58.388 | INFO     | src.keystroke_preprocessing:preprocess_pipeline:268 - Running preprocessing pipeline...
2025-12-08 08:41:58.392 | INFO     | src.keystroke_preprocessing:extract_timing_features:83 - Extracting timing features...
2025-12-08 08:41:58.405 | INFO     | src.keystroke_preprocessing:extract_timing_features:112 - Extracted 31 timing features
2025-12-08 08:41:58.408 | INFO     | src.keystroke_preprocessing:extract_timing_features:113 - Feature types: 11 hold, 10 DD, 10 UD
2025-12-08 08:41:58.412 | INFO     | src.keystroke_preprocessing:handle_outliers:197 - Handling outliers...
2025-12-08 08:41:58.448 | INFO     | src.keystroke_preprocessing:handle_outliers:205 - Clipped 4642 outlier values
2025-12-08 08:41:58.448 | INFO     | src.keystroke_preprocessing:compute_statistical_features:131 - Computing statistical features...
2025-12-08 08:41:58.517 | INFO     | src.keystroke_preprocessing:compute_statistical_features:156 - Added 7 statistical features
2025-12-08 08:41:58.517 | INFO     | src.keystroke_preprocessing:normalize_features:173 - Fitting scaler on training data...
2025-12-08 08:41:58.579 | INFO     | src.keystroke_preprocessing:augment_data:225 - Augmenting data with factor 2...
2025-12-08 08:41:58.617 | INFO     | src.keystroke_preprocessing:augment_data:250 - Augmented dataset: 12000 -> 24000 samples
2025-12-08 08:41:58.625 | INFO     | src.keystroke_preprocessing:preprocess_pipeline:293 - Preprocessing complete: torch.Size([24000, 38])
2025-12-08 08:41:58.627 | INFO     | train:load_data:75 - Preprocessing validation data...
2025-12-08 08:41:58.628 | INFO     | src.keystroke_preprocessing:preprocess_pipeline:268 - Running preprocessing pipeline...
2025-12-08 08:41:58.629 | INFO     | src.keystroke_preprocessing:extract_timing_features:83 - Extracting timing features...
2025-12-08 08:41:58.637 | INFO     | src.keystroke_preprocessing:extract_timing_features:112 - Extracted 31 timing features
2025-12-08 08:41:58.641 | INFO     | src.keystroke_preprocessing:extract_timing_features:113 - Feature types: 11 hold, 10 DD, 10 UD
2025-12-08 08:41:58.644 | INFO     | src.keystroke_preprocessing:handle_outliers:197 - Handling outliers...
2025-12-08 08:41:58.662 | INFO     | src.keystroke_preprocessing:handle_outliers:205 - Clipped 1716 outlier values
2025-12-08 08:41:58.663 | INFO     | src.keystroke_preprocessing:compute_statistical_features:131 - Computing statistical features...
2025-12-08 08:41:58.683 | INFO     | src.keystroke_preprocessing:compute_statistical_features:156 - Added 7 statistical features
2025-12-08 08:41:58.687 | INFO     | src.keystroke_preprocessing:preprocess_pipeline:293 - Preprocessing complete: torch.Size([4000, 38])
2025-12-08 08:41:58.690 | INFO     | train:load_data:80 - Preprocessing test data...
2025-12-08 08:41:58.692 | INFO     | src.keystroke_preprocessing:preprocess_pipeline:268 - Running preprocessing pipeline...
2025-12-08 08:41:58.692 | INFO     | src.keystroke_preprocessing:extract_timing_features:83 - Extracting timing features...
2025-12-08 08:41:58.696 | INFO     | src.keystroke_preprocessing:extract_timing_features:112 - Extracted 31 timing features
2025-12-08 08:41:58.702 | INFO     | src.keystroke_preprocessing:extract_timing_features:113 - Feature types: 11 hold, 10 DD, 10 UD
2025-12-08 08:41:58.704 | INFO     | src.keystroke_preprocessing:handle_outliers:197 - Handling outliers...
2025-12-08 08:41:58.723 | INFO     | src.keystroke_preprocessing:handle_outliers:205 - Clipped 1747 outlier values
2025-12-08 08:41:58.726 | INFO     | src.keystroke_preprocessing:compute_statistical_features:131 - Computing statistical features...
2025-12-08 08:41:58.755 | INFO     | src.keystroke_preprocessing:compute_statistical_features:156 - Added 7 statistical features
2025-12-08 08:41:58.755 | INFO     | src.keystroke_preprocessing:preprocess_pipeline:293 - Preprocessing complete: torch.Size([4400, 38])
2025-12-08 08:41:58.755 | INFO     | train:load_data:111 - Data loaded: Train=24000, Val=4000, Test=4400
2025-12-08 08:41:58.760 | INFO     | train:build_model:118 - Building model...
2025-12-08 08:41:58.772 | INFO     | src.keystroke_embedding:__init__:69 - KeystrokeEmbeddingModel initialized: 38 -> 128
2025-12-08 08:41:58.774 | INFO     | src.keystroke_embedding:__init__:70 - Architecture: [256, 512, 256, 128]
2025-12-08 08:42:00.809 | INFO     | train:build_model:160 - Model built with 324608 parameters
2025-12-08 08:42:00.818 | INFO     | train:train:274 - Starting training...
