2025-12-08 09:15:11.103 | INFO     | src.config_loader:load_config:62 - Loading configuration from: config.yaml
2025-12-08 09:15:11.121 | DEBUG    | src.config_loader:load_config:72 - Ensured directory exists: models
2025-12-08 09:15:11.123 | DEBUG    | src.config_loader:load_config:72 - Ensured directory exists: models/checkpoints
2025-12-08 09:15:11.123 | DEBUG    | src.config_loader:load_config:72 - Ensured directory exists: models/pretrained
2025-12-08 09:15:11.124 | DEBUG    | src.config_loader:load_config:72 - Ensured directory exists: models/embeddings
2025-12-08 09:15:11.125 | DEBUG    | src.config_loader:load_config:72 - Ensured directory exists: logs
2025-12-08 09:15:11.126 | DEBUG    | src.config_loader:load_config:72 - Ensured directory exists: temp
2025-12-08 09:15:11.126 | INFO     | src.config_loader:load_config:74 - Configuration loaded successfully
2025-12-08 09:15:11.126 | INFO     | train:__init__:35 - Using device: cpu
2025-12-08 09:15:11.127 | INFO     | src.keystroke_preprocessing:__init__:34 - KeystrokePreprocessor initialized
2025-12-08 09:15:11.127 | INFO     | train:load_data:51 - Loading dataset...
2025-12-08 09:15:11.127 | INFO     | src.keystroke_preprocessing:load_dsl_dataset:46 - Loading DSL dataset from: Dataset\DSL-StrongPasswordData-Original_Dataset.xls
2025-12-08 09:15:13.429 | INFO     | src.keystroke_preprocessing:load_dsl_dataset:59 - Loaded dataset: 20400 samples, 34 features
2025-12-08 09:15:13.430 | INFO     | src.keystroke_preprocessing:load_dsl_dataset:60 - Subjects: 51
2025-12-08 09:15:13.430 | INFO     | src.keystroke_preprocessing:split_by_subject:311 - Splitting dataset by subject...
2025-12-08 09:15:13.449 | INFO     | src.keystroke_preprocessing:split_by_subject:331 - Split: Train=12000 (30 subjects), Val=4000 (10 subjects), Test=4400 (11 subjects)
2025-12-08 09:15:13.449 | INFO     | train:load_data:70 - Preprocessing training data...
2025-12-08 09:15:13.454 | INFO     | src.keystroke_preprocessing:preprocess_pipeline:268 - Running preprocessing pipeline...
2025-12-08 09:15:13.455 | INFO     | src.keystroke_preprocessing:extract_timing_features:83 - Extracting timing features...
2025-12-08 09:15:13.464 | INFO     | src.keystroke_preprocessing:extract_timing_features:112 - Extracted 31 timing features
2025-12-08 09:15:13.465 | INFO     | src.keystroke_preprocessing:extract_timing_features:113 - Feature types: 11 hold, 10 DD, 10 UD
2025-12-08 09:15:13.472 | INFO     | src.keystroke_preprocessing:handle_outliers:197 - Handling outliers...
2025-12-08 09:15:13.500 | INFO     | src.keystroke_preprocessing:handle_outliers:205 - Clipped 5246 outlier values
2025-12-08 09:15:13.505 | INFO     | src.keystroke_preprocessing:compute_statistical_features:131 - Computing statistical features...
2025-12-08 09:15:13.569 | INFO     | src.keystroke_preprocessing:compute_statistical_features:156 - Added 7 statistical features
2025-12-08 09:15:13.569 | INFO     | src.keystroke_preprocessing:normalize_features:173 - Fitting scaler on training data...
2025-12-08 09:15:13.629 | INFO     | src.keystroke_preprocessing:augment_data:225 - Augmenting data with factor 2...
2025-12-08 09:15:13.663 | INFO     | src.keystroke_preprocessing:augment_data:250 - Augmented dataset: 12000 -> 24000 samples
2025-12-08 09:15:13.667 | INFO     | src.keystroke_preprocessing:preprocess_pipeline:293 - Preprocessing complete: torch.Size([24000, 38])
2025-12-08 09:15:13.670 | INFO     | train:load_data:75 - Preprocessing validation data...
2025-12-08 09:15:13.671 | INFO     | src.keystroke_preprocessing:preprocess_pipeline:268 - Running preprocessing pipeline...
2025-12-08 09:15:13.672 | INFO     | src.keystroke_preprocessing:extract_timing_features:83 - Extracting timing features...
2025-12-08 09:15:13.680 | INFO     | src.keystroke_preprocessing:extract_timing_features:112 - Extracted 31 timing features
2025-12-08 09:15:13.681 | INFO     | src.keystroke_preprocessing:extract_timing_features:113 - Feature types: 11 hold, 10 DD, 10 UD
2025-12-08 09:15:13.683 | INFO     | src.keystroke_preprocessing:handle_outliers:197 - Handling outliers...
2025-12-08 09:15:13.696 | INFO     | src.keystroke_preprocessing:handle_outliers:205 - Clipped 1393 outlier values
2025-12-08 09:15:13.696 | INFO     | src.keystroke_preprocessing:compute_statistical_features:131 - Computing statistical features...
2025-12-08 09:15:13.711 | INFO     | src.keystroke_preprocessing:compute_statistical_features:156 - Added 7 statistical features
2025-12-08 09:15:13.714 | INFO     | src.keystroke_preprocessing:preprocess_pipeline:293 - Preprocessing complete: torch.Size([4000, 38])
2025-12-08 09:15:13.715 | INFO     | train:load_data:80 - Preprocessing test data...
2025-12-08 09:15:13.715 | INFO     | src.keystroke_preprocessing:preprocess_pipeline:268 - Running preprocessing pipeline...
2025-12-08 09:15:13.717 | INFO     | src.keystroke_preprocessing:extract_timing_features:83 - Extracting timing features...
2025-12-08 09:15:13.723 | INFO     | src.keystroke_preprocessing:extract_timing_features:112 - Extracted 31 timing features
2025-12-08 09:15:13.726 | INFO     | src.keystroke_preprocessing:extract_timing_features:113 - Feature types: 11 hold, 10 DD, 10 UD
2025-12-08 09:15:13.727 | INFO     | src.keystroke_preprocessing:handle_outliers:197 - Handling outliers...
2025-12-08 09:15:13.738 | INFO     | src.keystroke_preprocessing:handle_outliers:205 - Clipped 1910 outlier values
2025-12-08 09:15:13.742 | INFO     | src.keystroke_preprocessing:compute_statistical_features:131 - Computing statistical features...
2025-12-08 09:15:13.767 | INFO     | src.keystroke_preprocessing:compute_statistical_features:156 - Added 7 statistical features
2025-12-08 09:15:13.771 | INFO     | src.keystroke_preprocessing:preprocess_pipeline:293 - Preprocessing complete: torch.Size([4400, 38])
2025-12-08 09:15:13.777 | INFO     | train:load_data:111 - Data loaded: Train=24000, Val=4000, Test=4400
2025-12-08 09:15:13.779 | INFO     | train:build_model:118 - Building model...
2025-12-08 09:15:13.785 | INFO     | src.keystroke_embedding:__init__:69 - KeystrokeEmbeddingModel initialized: 38 -> 128
2025-12-08 09:15:13.786 | INFO     | src.keystroke_embedding:__init__:70 - Architecture: [256, 512, 256, 128]
2025-12-08 09:15:16.925 | INFO     | train:build_model:160 - Model built with 324608 parameters
2025-12-08 09:15:16.926 | INFO     | train:train:282 - Starting training...
2025-12-08 09:15:50.558 | INFO     | train:train:299 - Epoch 1/100 - Train Loss: 0.1918, Val Loss: 0.0065
2025-12-08 09:15:53.334 | DEBUG    | train:save_checkpoint:338 - Checkpoint saved: models/checkpoints\best_model.pth
2025-12-08 09:15:53.335 | INFO     | train:train:307 - New best model saved! Val Loss: 0.0065
2025-12-08 09:16:36.143 | INFO     | train:train:299 - Epoch 2/100 - Train Loss: 0.1295, Val Loss: 0.0117
2025-12-08 09:17:08.365 | INFO     | train:train:299 - Epoch 3/100 - Train Loss: 0.1150, Val Loss: 0.0086
2025-12-08 09:17:45.571 | INFO     | train:train:299 - Epoch 4/100 - Train Loss: 0.1035, Val Loss: 0.0090
2025-12-08 09:18:26.416 | INFO     | train:train:299 - Epoch 5/100 - Train Loss: 0.0992, Val Loss: 0.0108
2025-12-08 09:18:55.986 | INFO     | train:train:299 - Epoch 6/100 - Train Loss: 0.0928, Val Loss: 0.0077
2025-12-08 09:19:24.674 | INFO     | train:train:299 - Epoch 7/100 - Train Loss: 0.0928, Val Loss: 0.0073
2025-12-08 09:20:05.590 | INFO     | train:train:299 - Epoch 8/100 - Train Loss: 0.0921, Val Loss: 0.0095
2025-12-08 09:20:34.950 | INFO     | train:train:299 - Epoch 9/100 - Train Loss: 0.0862, Val Loss: 0.0090
2025-12-08 09:21:04.717 | INFO     | train:train:299 - Epoch 10/100 - Train Loss: 0.0827, Val Loss: 0.0077
2025-12-08 09:21:04.741 | DEBUG    | train:save_checkpoint:338 - Checkpoint saved: models/checkpoints\checkpoint_epoch_10.pth
2025-12-08 09:21:37.016 | INFO     | train:train:299 - Epoch 11/100 - Train Loss: 0.0790, Val Loss: 0.0078
2025-12-08 09:22:06.386 | INFO     | train:train:299 - Epoch 12/100 - Train Loss: 0.0812, Val Loss: 0.0074
2025-12-08 09:22:35.063 | INFO     | train:train:299 - Epoch 13/100 - Train Loss: 0.0767, Val Loss: 0.0074
2025-12-08 09:23:05.637 | INFO     | train:train:299 - Epoch 14/100 - Train Loss: 0.0737, Val Loss: 0.0078
2025-12-08 09:23:36.860 | INFO     | train:train:299 - Epoch 15/100 - Train Loss: 0.0730, Val Loss: 0.0068
2025-12-08 09:24:05.992 | INFO     | train:train:299 - Epoch 16/100 - Train Loss: 0.0740, Val Loss: 0.0076
2025-12-08 09:24:05.992 | INFO     | train:train:313 - Early stopping triggered after 16 epochs
2025-12-08 09:24:05.992 | INFO     | train:train:320 - Training completed!
2025-12-08 09:24:06.389 | INFO     | train:plot_training_history:353 - Training history plot saved: logs\training_history.png
2025-12-08 09:24:06.418 | INFO     | train:main:377 - Training script completed successfully!
