2025-12-08 11:44:47.694 | INFO     | src.config_loader:load_config:62 - Loading configuration from: config.yaml
2025-12-08 11:44:47.708 | DEBUG    | src.config_loader:load_config:72 - Ensured directory exists: models
2025-12-08 11:44:47.709 | DEBUG    | src.config_loader:load_config:72 - Ensured directory exists: models/checkpoints
2025-12-08 11:44:47.709 | DEBUG    | src.config_loader:load_config:72 - Ensured directory exists: models/pretrained
2025-12-08 11:44:47.709 | DEBUG    | src.config_loader:load_config:72 - Ensured directory exists: models/embeddings
2025-12-08 11:44:47.710 | DEBUG    | src.config_loader:load_config:72 - Ensured directory exists: logs
2025-12-08 11:44:47.710 | DEBUG    | src.config_loader:load_config:72 - Ensured directory exists: temp
2025-12-08 11:44:47.710 | INFO     | src.config_loader:load_config:74 - Configuration loaded successfully
2025-12-08 11:44:47.710 | INFO     | train:__init__:35 - Using device: cpu
2025-12-08 11:44:47.710 | INFO     | src.keystroke_preprocessing:__init__:34 - KeystrokePreprocessor initialized
2025-12-08 11:44:47.711 | INFO     | train:load_data:51 - Loading dataset...
2025-12-08 11:44:47.712 | INFO     | src.keystroke_preprocessing:load_dsl_dataset:46 - Loading DSL dataset from: Dataset\DSL-StrongPasswordData-Original_Dataset.xls
2025-12-08 11:44:49.252 | INFO     | src.keystroke_preprocessing:load_dsl_dataset:59 - Loaded dataset: 20400 samples, 34 features
2025-12-08 11:44:49.254 | INFO     | src.keystroke_preprocessing:load_dsl_dataset:60 - Subjects: 51
2025-12-08 11:44:49.254 | INFO     | src.keystroke_preprocessing:split_by_subject:311 - Splitting dataset by subject...
2025-12-08 11:44:49.261 | INFO     | src.keystroke_preprocessing:split_by_subject:331 - Split: Train=12000 (30 subjects), Val=4000 (10 subjects), Test=4400 (11 subjects)
2025-12-08 11:44:49.262 | INFO     | train:load_data:70 - Preprocessing training data...
2025-12-08 11:44:49.262 | INFO     | src.keystroke_preprocessing:preprocess_pipeline:268 - Running preprocessing pipeline...
2025-12-08 11:44:49.262 | INFO     | src.keystroke_preprocessing:extract_timing_features:83 - Extracting timing features...
2025-12-08 11:44:49.268 | INFO     | src.keystroke_preprocessing:extract_timing_features:112 - Extracted 31 timing features
2025-12-08 11:44:49.269 | INFO     | src.keystroke_preprocessing:extract_timing_features:113 - Feature types: 11 hold, 10 DD, 10 UD
2025-12-08 11:44:49.276 | INFO     | src.keystroke_preprocessing:handle_outliers:197 - Handling outliers...
2025-12-08 11:44:49.300 | INFO     | src.keystroke_preprocessing:handle_outliers:205 - Clipped 4478 outlier values
2025-12-08 11:44:49.302 | INFO     | src.keystroke_preprocessing:compute_statistical_features:131 - Computing statistical features...
2025-12-08 11:44:49.368 | INFO     | src.keystroke_preprocessing:compute_statistical_features:156 - Added 7 statistical features
2025-12-08 11:44:49.369 | INFO     | src.keystroke_preprocessing:normalize_features:173 - Fitting scaler on training data...
2025-12-08 11:44:49.407 | INFO     | src.keystroke_preprocessing:augment_data:225 - Augmenting data with factor 2...
2025-12-08 11:44:49.442 | INFO     | src.keystroke_preprocessing:augment_data:250 - Augmented dataset: 12000 -> 24000 samples
2025-12-08 11:44:49.447 | INFO     | src.keystroke_preprocessing:preprocess_pipeline:293 - Preprocessing complete: torch.Size([24000, 38])
2025-12-08 11:44:49.448 | INFO     | train:load_data:75 - Preprocessing validation data...
2025-12-08 11:44:49.449 | INFO     | src.keystroke_preprocessing:preprocess_pipeline:268 - Running preprocessing pipeline...
2025-12-08 11:44:49.450 | INFO     | src.keystroke_preprocessing:extract_timing_features:83 - Extracting timing features...
2025-12-08 11:44:49.455 | INFO     | src.keystroke_preprocessing:extract_timing_features:112 - Extracted 31 timing features
2025-12-08 11:44:49.456 | INFO     | src.keystroke_preprocessing:extract_timing_features:113 - Feature types: 11 hold, 10 DD, 10 UD
2025-12-08 11:44:49.457 | INFO     | src.keystroke_preprocessing:handle_outliers:197 - Handling outliers...
2025-12-08 11:44:49.466 | INFO     | src.keystroke_preprocessing:handle_outliers:205 - Clipped 1851 outlier values
2025-12-08 11:44:49.467 | INFO     | src.keystroke_preprocessing:compute_statistical_features:131 - Computing statistical features...
2025-12-08 11:44:49.483 | INFO     | src.keystroke_preprocessing:compute_statistical_features:156 - Added 7 statistical features
2025-12-08 11:44:49.488 | INFO     | src.keystroke_preprocessing:preprocess_pipeline:293 - Preprocessing complete: torch.Size([4000, 38])
2025-12-08 11:44:49.489 | INFO     | train:load_data:80 - Preprocessing test data...
2025-12-08 11:44:49.489 | INFO     | src.keystroke_preprocessing:preprocess_pipeline:268 - Running preprocessing pipeline...
2025-12-08 11:44:49.490 | INFO     | src.keystroke_preprocessing:extract_timing_features:83 - Extracting timing features...
2025-12-08 11:44:49.495 | INFO     | src.keystroke_preprocessing:extract_timing_features:112 - Extracted 31 timing features
2025-12-08 11:44:49.495 | INFO     | src.keystroke_preprocessing:extract_timing_features:113 - Feature types: 11 hold, 10 DD, 10 UD
2025-12-08 11:44:49.498 | INFO     | src.keystroke_preprocessing:handle_outliers:197 - Handling outliers...
2025-12-08 11:44:49.514 | INFO     | src.keystroke_preprocessing:handle_outliers:205 - Clipped 1857 outlier values
2025-12-08 11:44:49.515 | INFO     | src.keystroke_preprocessing:compute_statistical_features:131 - Computing statistical features...
2025-12-08 11:44:49.545 | INFO     | src.keystroke_preprocessing:compute_statistical_features:156 - Added 7 statistical features
2025-12-08 11:44:49.553 | INFO     | src.keystroke_preprocessing:preprocess_pipeline:293 - Preprocessing complete: torch.Size([4400, 38])
2025-12-08 11:44:49.555 | INFO     | train:load_data:111 - Data loaded: Train=24000, Val=4000, Test=4400
2025-12-08 11:44:49.557 | INFO     | train:build_model:118 - Building model...
2025-12-08 11:44:49.564 | INFO     | src.keystroke_embedding:__init__:69 - KeystrokeEmbeddingModel initialized: 38 -> 128
2025-12-08 11:44:49.564 | INFO     | src.keystroke_embedding:__init__:70 - Architecture: [256, 512, 256, 128]
2025-12-08 11:44:50.698 | INFO     | train:build_model:160 - Model built with 324608 parameters
2025-12-08 11:44:50.699 | INFO     | train:train:282 - Starting training...
2025-12-08 11:45:11.719 | INFO     | train:train:299 - Epoch 1/100 - Train Loss: 0.1065, Val Loss: 0.0056
2025-12-08 11:45:11.732 | DEBUG    | train:save_checkpoint:338 - Checkpoint saved: models/checkpoints\best_model.pth
2025-12-08 11:45:11.732 | INFO     | train:train:307 - New best model saved! Val Loss: 0.0056
2025-12-08 11:45:33.056 | INFO     | train:train:299 - Epoch 2/100 - Train Loss: 0.0714, Val Loss: 0.0042
2025-12-08 11:45:33.066 | DEBUG    | train:save_checkpoint:338 - Checkpoint saved: models/checkpoints\best_model.pth
2025-12-08 11:45:33.067 | INFO     | train:train:307 - New best model saved! Val Loss: 0.0042
2025-12-08 11:45:54.703 | INFO     | train:train:299 - Epoch 3/100 - Train Loss: 0.0607, Val Loss: 0.0057
2025-12-08 11:46:17.924 | INFO     | train:train:299 - Epoch 4/100 - Train Loss: 0.0577, Val Loss: 0.0048
2025-12-08 11:46:45.820 | INFO     | train:train:299 - Epoch 5/100 - Train Loss: 0.0549, Val Loss: 0.0061
2025-12-08 11:47:13.383 | INFO     | train:train:299 - Epoch 6/100 - Train Loss: 0.0516, Val Loss: 0.0074
2025-12-08 11:47:43.782 | INFO     | train:train:299 - Epoch 7/100 - Train Loss: 0.0504, Val Loss: 0.0063
2025-12-08 11:48:10.777 | INFO     | train:train:299 - Epoch 8/100 - Train Loss: 0.0472, Val Loss: 0.0067
2025-12-08 11:48:38.118 | INFO     | train:train:299 - Epoch 9/100 - Train Loss: 0.0469, Val Loss: 0.0052
2025-12-08 11:49:06.026 | INFO     | train:train:299 - Epoch 10/100 - Train Loss: 0.0441, Val Loss: 0.0072
2025-12-08 11:49:06.048 | DEBUG    | train:save_checkpoint:338 - Checkpoint saved: models/checkpoints\checkpoint_epoch_10.pth
2025-12-08 11:49:32.830 | INFO     | train:train:299 - Epoch 11/100 - Train Loss: 0.0431, Val Loss: 0.0057
2025-12-08 11:49:59.870 | INFO     | train:train:299 - Epoch 12/100 - Train Loss: 0.0431, Val Loss: 0.0083
2025-12-08 11:50:26.278 | INFO     | train:train:299 - Epoch 13/100 - Train Loss: 0.0409, Val Loss: 0.0061
2025-12-08 11:50:55.924 | INFO     | train:train:299 - Epoch 14/100 - Train Loss: 0.0408, Val Loss: 0.0065
2025-12-08 11:51:26.424 | INFO     | train:train:299 - Epoch 15/100 - Train Loss: 0.0410, Val Loss: 0.0051
2025-12-08 11:51:55.920 | INFO     | train:train:299 - Epoch 16/100 - Train Loss: 0.0397, Val Loss: 0.0057
2025-12-08 11:52:23.965 | INFO     | train:train:299 - Epoch 17/100 - Train Loss: 0.0381, Val Loss: 0.0045
2025-12-08 11:52:52.314 | INFO     | train:train:299 - Epoch 18/100 - Train Loss: 0.0377, Val Loss: 0.0064
2025-12-08 11:53:20.182 | INFO     | train:train:299 - Epoch 19/100 - Train Loss: 0.0386, Val Loss: 0.0060
2025-12-08 11:53:48.842 | INFO     | train:train:299 - Epoch 20/100 - Train Loss: 0.0357, Val Loss: 0.0069
2025-12-08 11:53:48.870 | DEBUG    | train:save_checkpoint:338 - Checkpoint saved: models/checkpoints\checkpoint_epoch_20.pth
2025-12-08 11:54:18.334 | INFO     | train:train:299 - Epoch 21/100 - Train Loss: 0.0352, Val Loss: 0.0085
2025-12-08 11:54:47.579 | INFO     | train:train:299 - Epoch 22/100 - Train Loss: 0.0385, Val Loss: 0.0059
2025-12-08 11:55:16.689 | INFO     | train:train:299 - Epoch 23/100 - Train Loss: 0.0343, Val Loss: 0.0062
2025-12-08 11:55:47.932 | INFO     | train:train:299 - Epoch 24/100 - Train Loss: 0.0348, Val Loss: 0.0054
2025-12-08 11:56:24.408 | INFO     | train:train:299 - Epoch 25/100 - Train Loss: 0.0349, Val Loss: 0.0060
2025-12-08 11:57:15.227 | INFO     | train:train:299 - Epoch 26/100 - Train Loss: 0.0313, Val Loss: 0.0057
2025-12-08 11:57:50.743 | INFO     | train:train:299 - Epoch 27/100 - Train Loss: 0.0359, Val Loss: 0.0067
2025-12-08 11:58:26.666 | INFO     | train:train:299 - Epoch 28/100 - Train Loss: 0.0332, Val Loss: 0.0046
2025-12-08 11:59:02.663 | INFO     | train:train:299 - Epoch 29/100 - Train Loss: 0.0339, Val Loss: 0.0071
2025-12-08 11:59:39.859 | INFO     | train:train:299 - Epoch 30/100 - Train Loss: 0.0345, Val Loss: 0.0059
2025-12-08 11:59:39.873 | DEBUG    | train:save_checkpoint:338 - Checkpoint saved: models/checkpoints\checkpoint_epoch_30.pth
2025-12-08 12:00:16.740 | INFO     | train:train:299 - Epoch 31/100 - Train Loss: 0.0333, Val Loss: 0.0055
2025-12-08 12:00:51.849 | INFO     | train:train:299 - Epoch 32/100 - Train Loss: 0.0333, Val Loss: 0.0058
2025-12-08 12:00:51.849 | INFO     | train:train:313 - Early stopping triggered after 32 epochs
2025-12-08 12:00:51.849 | INFO     | train:train:320 - Training completed!
2025-12-08 12:00:52.168 | INFO     | train:plot_training_history:353 - Training history plot saved: logs\training_history.png
2025-12-08 12:00:52.180 | INFO     | train:main:377 - Training script completed successfully!
