2025-12-08 13:59:04.393 | INFO     | src.config_loader:load_config:62 - Loading configuration from: config.yaml
2025-12-08 13:59:04.414 | DEBUG    | src.config_loader:load_config:72 - Ensured directory exists: models
2025-12-08 13:59:04.415 | DEBUG    | src.config_loader:load_config:72 - Ensured directory exists: models/checkpoints
2025-12-08 13:59:04.416 | DEBUG    | src.config_loader:load_config:72 - Ensured directory exists: models/pretrained
2025-12-08 13:59:04.416 | DEBUG    | src.config_loader:load_config:72 - Ensured directory exists: models/embeddings
2025-12-08 13:59:04.418 | DEBUG    | src.config_loader:load_config:72 - Ensured directory exists: logs
2025-12-08 13:59:04.419 | DEBUG    | src.config_loader:load_config:72 - Ensured directory exists: temp
2025-12-08 13:59:04.419 | INFO     | src.config_loader:load_config:74 - Configuration loaded successfully
2025-12-08 13:59:04.421 | INFO     | train:__init__:35 - Using device: cpu
2025-12-08 13:59:04.422 | INFO     | src.keystroke_preprocessing:__init__:34 - KeystrokePreprocessor initialized
2025-12-08 13:59:04.423 | INFO     | train:load_data:51 - Loading dataset...
2025-12-08 13:59:04.423 | INFO     | train:load_data:57 - Using TUPLET dataset (pre-paired samples)
2025-12-08 13:59:04.424 | INFO     | src.keystroke_preprocessing:load_tuplet_dataset:82 - Loading tuplet dataset from: Dataset/tuplet_dataset_with_subjects1.xlsx
2025-12-08 13:59:13.380 | INFO     | src.keystroke_preprocessing:load_tuplet_dataset:104 - Loaded tuplet dataset: 10000 pairs
2025-12-08 13:59:13.380 | INFO     | src.keystroke_preprocessing:load_tuplet_dataset:105 - Features per sample: 31
2025-12-08 13:59:13.380 | INFO     | src.keystroke_preprocessing:load_tuplet_dataset:106 - Genuine pairs: 5000 (50.0%)
2025-12-08 13:59:13.381 | INFO     | src.keystroke_preprocessing:load_tuplet_dataset:107 - Impostor pairs: 5000 (50.0%)
2025-12-08 13:59:13.382 | INFO     | src.keystroke_preprocessing:load_tuplet_dataset:108 - Unique A subjects: 51
2025-12-08 13:59:13.382 | INFO     | src.keystroke_preprocessing:load_tuplet_dataset:109 - Unique B subjects: 51
2025-12-08 13:59:13.395 | INFO     | train:load_tuplet_data:134 - Applying 5x data augmentation to tuplet training data...
2025-12-08 13:59:13.499 | INFO     | train:load_tuplet_data:140 - Training data augmented: 8000 -> 40000 pairs
2025-12-08 13:59:13.723 | INFO     | train:load_tuplet_data:197 - Tuplet dataset loaded:
2025-12-08 13:59:13.724 | INFO     | train:load_tuplet_data:198 -   Train: 40000 pairs
2025-12-08 13:59:13.725 | INFO     | train:load_tuplet_data:199 -   Val: 1000 pairs
2025-12-08 13:59:13.725 | INFO     | train:load_tuplet_data:200 -   Test: 1000 pairs
2025-12-08 13:59:13.725 | INFO     | train:load_tuplet_data:201 -   Features: 31
2025-12-08 13:59:13.729 | INFO     | train:build_model:278 - Building model...
2025-12-08 13:59:13.779 | INFO     | src.keystroke_embedding:__init__:69 - KeystrokeEmbeddingModel initialized: 31 -> 128
2025-12-08 13:59:13.780 | INFO     | src.keystroke_embedding:__init__:70 - Architecture: [256, 512, 256, 128]
2025-12-08 13:59:14.772 | INFO     | train:build_model:320 - Model built with 322816 parameters
2025-12-08 13:59:14.772 | INFO     | train:train:531 - Starting training...
2025-12-08 13:59:39.069 | INFO     | train:train:548 - Epoch 1/150 - Train Loss: 0.1792, Val Loss: 0.1281
2025-12-08 13:59:39.086 | DEBUG    | train:save_checkpoint:587 - Checkpoint saved: models/checkpoints\best_model.pth
2025-12-08 13:59:39.086 | INFO     | train:train:556 - New best model saved! Val Loss: 0.1281
2025-12-08 14:00:01.708 | INFO     | train:train:548 - Epoch 2/150 - Train Loss: 0.1439, Val Loss: 0.1005
2025-12-08 14:00:01.717 | DEBUG    | train:save_checkpoint:587 - Checkpoint saved: models/checkpoints\best_model.pth
2025-12-08 14:00:01.717 | INFO     | train:train:556 - New best model saved! Val Loss: 0.1005
2025-12-08 14:00:25.324 | INFO     | train:train:548 - Epoch 3/150 - Train Loss: 0.1292, Val Loss: 0.0908
2025-12-08 14:00:25.337 | DEBUG    | train:save_checkpoint:587 - Checkpoint saved: models/checkpoints\best_model.pth
2025-12-08 14:00:25.337 | INFO     | train:train:556 - New best model saved! Val Loss: 0.0908
2025-12-08 14:00:49.183 | INFO     | train:train:548 - Epoch 4/150 - Train Loss: 0.1213, Val Loss: 0.0844
2025-12-08 14:00:49.195 | DEBUG    | train:save_checkpoint:587 - Checkpoint saved: models/checkpoints\best_model.pth
2025-12-08 14:00:49.196 | INFO     | train:train:556 - New best model saved! Val Loss: 0.0844
2025-12-08 14:01:12.300 | INFO     | train:train:548 - Epoch 5/150 - Train Loss: 0.1146, Val Loss: 0.0829
2025-12-08 14:01:12.316 | DEBUG    | train:save_checkpoint:587 - Checkpoint saved: models/checkpoints\best_model.pth
2025-12-08 14:01:12.317 | INFO     | train:train:556 - New best model saved! Val Loss: 0.0829
2025-12-08 14:01:36.829 | INFO     | train:train:548 - Epoch 6/150 - Train Loss: 0.1100, Val Loss: 0.0777
2025-12-08 14:01:36.844 | DEBUG    | train:save_checkpoint:587 - Checkpoint saved: models/checkpoints\best_model.pth
2025-12-08 14:01:36.844 | INFO     | train:train:556 - New best model saved! Val Loss: 0.0777
2025-12-08 14:02:02.748 | INFO     | train:train:548 - Epoch 7/150 - Train Loss: 0.1053, Val Loss: 0.0755
2025-12-08 14:02:02.756 | DEBUG    | train:save_checkpoint:587 - Checkpoint saved: models/checkpoints\best_model.pth
2025-12-08 14:02:02.757 | INFO     | train:train:556 - New best model saved! Val Loss: 0.0755
2025-12-08 14:02:27.107 | INFO     | train:train:548 - Epoch 8/150 - Train Loss: 0.1006, Val Loss: 0.0727
2025-12-08 14:02:27.121 | DEBUG    | train:save_checkpoint:587 - Checkpoint saved: models/checkpoints\best_model.pth
2025-12-08 14:02:27.121 | INFO     | train:train:556 - New best model saved! Val Loss: 0.0727
2025-12-08 14:02:50.238 | INFO     | train:train:548 - Epoch 9/150 - Train Loss: 0.0969, Val Loss: 0.0730
2025-12-08 14:03:13.105 | INFO     | train:train:548 - Epoch 10/150 - Train Loss: 0.0954, Val Loss: 0.0695
2025-12-08 14:03:13.118 | DEBUG    | train:save_checkpoint:587 - Checkpoint saved: models/checkpoints\best_model.pth
2025-12-08 14:03:13.118 | INFO     | train:train:556 - New best model saved! Val Loss: 0.0695
2025-12-08 14:03:13.132 | DEBUG    | train:save_checkpoint:587 - Checkpoint saved: models/checkpoints\checkpoint_epoch_10.pth
2025-12-08 14:03:36.041 | INFO     | train:train:548 - Epoch 11/150 - Train Loss: 0.0928, Val Loss: 0.0718
2025-12-08 14:03:58.752 | INFO     | train:train:548 - Epoch 12/150 - Train Loss: 0.0900, Val Loss: 0.0659
2025-12-08 14:03:58.768 | DEBUG    | train:save_checkpoint:587 - Checkpoint saved: models/checkpoints\best_model.pth
2025-12-08 14:03:58.768 | INFO     | train:train:556 - New best model saved! Val Loss: 0.0659
2025-12-08 14:04:21.394 | INFO     | train:train:548 - Epoch 13/150 - Train Loss: 0.0889, Val Loss: 0.0655
2025-12-08 14:04:21.409 | DEBUG    | train:save_checkpoint:587 - Checkpoint saved: models/checkpoints\best_model.pth
2025-12-08 14:04:21.409 | INFO     | train:train:556 - New best model saved! Val Loss: 0.0655
2025-12-08 14:04:44.222 | INFO     | train:train:548 - Epoch 14/150 - Train Loss: 0.0866, Val Loss: 0.0638
2025-12-08 14:04:44.233 | DEBUG    | train:save_checkpoint:587 - Checkpoint saved: models/checkpoints\best_model.pth
2025-12-08 14:04:44.234 | INFO     | train:train:556 - New best model saved! Val Loss: 0.0638
2025-12-08 14:05:06.336 | INFO     | train:train:548 - Epoch 15/150 - Train Loss: 0.0842, Val Loss: 0.0641
2025-12-08 14:05:33.132 | INFO     | train:train:548 - Epoch 16/150 - Train Loss: 0.0840, Val Loss: 0.0630
2025-12-08 14:05:33.145 | DEBUG    | train:save_checkpoint:587 - Checkpoint saved: models/checkpoints\best_model.pth
2025-12-08 14:05:33.145 | INFO     | train:train:556 - New best model saved! Val Loss: 0.0630
2025-12-08 14:05:56.307 | INFO     | train:train:548 - Epoch 17/150 - Train Loss: 0.0801, Val Loss: 0.0636
2025-12-08 14:06:18.439 | INFO     | train:train:548 - Epoch 18/150 - Train Loss: 0.0796, Val Loss: 0.0640
2025-12-08 14:06:40.765 | INFO     | train:train:548 - Epoch 19/150 - Train Loss: 0.0783, Val Loss: 0.0617
2025-12-08 14:06:40.780 | DEBUG    | train:save_checkpoint:587 - Checkpoint saved: models/checkpoints\best_model.pth
2025-12-08 14:06:40.780 | INFO     | train:train:556 - New best model saved! Val Loss: 0.0617
2025-12-08 14:07:03.536 | INFO     | train:train:548 - Epoch 20/150 - Train Loss: 0.0789, Val Loss: 0.0635
2025-12-08 14:07:03.550 | DEBUG    | train:save_checkpoint:587 - Checkpoint saved: models/checkpoints\checkpoint_epoch_20.pth
2025-12-08 14:07:26.122 | INFO     | train:train:548 - Epoch 21/150 - Train Loss: 0.0766, Val Loss: 0.0623
2025-12-08 14:07:53.171 | INFO     | train:train:548 - Epoch 22/150 - Train Loss: 0.0760, Val Loss: 0.0588
2025-12-08 14:07:53.184 | DEBUG    | train:save_checkpoint:587 - Checkpoint saved: models/checkpoints\best_model.pth
2025-12-08 14:07:53.184 | INFO     | train:train:556 - New best model saved! Val Loss: 0.0588
2025-12-08 14:08:16.497 | INFO     | train:train:548 - Epoch 23/150 - Train Loss: 0.0741, Val Loss: 0.0628
2025-12-08 14:08:40.295 | INFO     | train:train:548 - Epoch 24/150 - Train Loss: 0.0738, Val Loss: 0.0614
2025-12-08 14:09:03.173 | INFO     | train:train:548 - Epoch 25/150 - Train Loss: 0.0726, Val Loss: 0.0618
2025-12-08 14:09:24.582 | INFO     | train:train:548 - Epoch 26/150 - Train Loss: 0.0718, Val Loss: 0.0574
2025-12-08 14:09:24.598 | DEBUG    | train:save_checkpoint:587 - Checkpoint saved: models/checkpoints\best_model.pth
2025-12-08 14:09:24.598 | INFO     | train:train:556 - New best model saved! Val Loss: 0.0574
2025-12-08 14:09:47.286 | INFO     | train:train:548 - Epoch 27/150 - Train Loss: 0.0711, Val Loss: 0.0598
2025-12-08 14:10:13.663 | INFO     | train:train:548 - Epoch 28/150 - Train Loss: 0.0702, Val Loss: 0.0631
2025-12-08 14:10:36.167 | INFO     | train:train:548 - Epoch 29/150 - Train Loss: 0.0701, Val Loss: 0.0592
2025-12-08 14:11:01.419 | INFO     | train:train:548 - Epoch 30/150 - Train Loss: 0.0699, Val Loss: 0.0578
2025-12-08 14:11:01.434 | DEBUG    | train:save_checkpoint:587 - Checkpoint saved: models/checkpoints\checkpoint_epoch_30.pth
2025-12-08 14:11:28.496 | INFO     | train:train:548 - Epoch 31/150 - Train Loss: 0.0675, Val Loss: 0.0571
2025-12-08 14:11:28.514 | DEBUG    | train:save_checkpoint:587 - Checkpoint saved: models/checkpoints\best_model.pth
2025-12-08 14:11:28.514 | INFO     | train:train:556 - New best model saved! Val Loss: 0.0571
2025-12-08 14:12:01.944 | INFO     | train:train:548 - Epoch 32/150 - Train Loss: 0.0668, Val Loss: 0.0569
2025-12-08 14:12:01.953 | DEBUG    | train:save_checkpoint:587 - Checkpoint saved: models/checkpoints\best_model.pth
2025-12-08 14:12:01.953 | INFO     | train:train:556 - New best model saved! Val Loss: 0.0569
2025-12-08 14:12:18.246 | INFO     | train:train:548 - Epoch 33/150 - Train Loss: 0.0669, Val Loss: 0.0581
2025-12-08 14:12:34.539 | INFO     | train:train:548 - Epoch 34/150 - Train Loss: 0.0666, Val Loss: 0.0573
2025-12-08 14:12:51.137 | INFO     | train:train:548 - Epoch 35/150 - Train Loss: 0.0661, Val Loss: 0.0575
2025-12-08 14:13:07.227 | INFO     | train:train:548 - Epoch 36/150 - Train Loss: 0.0656, Val Loss: 0.0555
2025-12-08 14:13:07.240 | DEBUG    | train:save_checkpoint:587 - Checkpoint saved: models/checkpoints\best_model.pth
2025-12-08 14:13:07.241 | INFO     | train:train:556 - New best model saved! Val Loss: 0.0555
2025-12-08 14:13:23.539 | INFO     | train:train:548 - Epoch 37/150 - Train Loss: 0.0643, Val Loss: 0.0563
2025-12-08 14:13:40.582 | INFO     | train:train:548 - Epoch 38/150 - Train Loss: 0.0643, Val Loss: 0.0585
2025-12-08 14:13:59.038 | INFO     | train:train:548 - Epoch 39/150 - Train Loss: 0.0635, Val Loss: 0.0582
2025-12-08 14:14:24.097 | INFO     | train:train:548 - Epoch 40/150 - Train Loss: 0.0623, Val Loss: 0.0549
2025-12-08 14:14:24.110 | DEBUG    | train:save_checkpoint:587 - Checkpoint saved: models/checkpoints\best_model.pth
2025-12-08 14:14:24.110 | INFO     | train:train:556 - New best model saved! Val Loss: 0.0549
2025-12-08 14:14:24.121 | DEBUG    | train:save_checkpoint:587 - Checkpoint saved: models/checkpoints\checkpoint_epoch_40.pth
2025-12-08 14:14:43.964 | INFO     | train:train:548 - Epoch 41/150 - Train Loss: 0.0626, Val Loss: 0.0560
2025-12-08 14:15:04.148 | INFO     | train:train:548 - Epoch 42/150 - Train Loss: 0.0627, Val Loss: 0.0550
2025-12-08 14:15:24.760 | INFO     | train:train:548 - Epoch 43/150 - Train Loss: 0.0610, Val Loss: 0.0568
2025-12-08 14:15:46.780 | INFO     | train:train:548 - Epoch 44/150 - Train Loss: 0.0615, Val Loss: 0.0569
2025-12-08 14:16:08.714 | INFO     | train:train:548 - Epoch 45/150 - Train Loss: 0.0605, Val Loss: 0.0547
2025-12-08 14:16:08.731 | DEBUG    | train:save_checkpoint:587 - Checkpoint saved: models/checkpoints\best_model.pth
2025-12-08 14:16:08.732 | INFO     | train:train:556 - New best model saved! Val Loss: 0.0547
2025-12-08 14:16:29.395 | INFO     | train:train:548 - Epoch 46/150 - Train Loss: 0.0610, Val Loss: 0.0553
2025-12-08 14:16:50.428 | INFO     | train:train:548 - Epoch 47/150 - Train Loss: 0.0603, Val Loss: 0.0553
2025-12-08 14:17:10.991 | INFO     | train:train:548 - Epoch 48/150 - Train Loss: 0.0598, Val Loss: 0.0544
2025-12-08 14:17:11.001 | DEBUG    | train:save_checkpoint:587 - Checkpoint saved: models/checkpoints\best_model.pth
2025-12-08 14:17:11.001 | INFO     | train:train:556 - New best model saved! Val Loss: 0.0544
2025-12-08 14:17:32.638 | INFO     | train:train:548 - Epoch 49/150 - Train Loss: 0.0591, Val Loss: 0.0536
2025-12-08 14:17:32.655 | DEBUG    | train:save_checkpoint:587 - Checkpoint saved: models/checkpoints\best_model.pth
2025-12-08 14:17:32.655 | INFO     | train:train:556 - New best model saved! Val Loss: 0.0536
2025-12-08 14:17:56.820 | INFO     | train:train:548 - Epoch 50/150 - Train Loss: 0.0591, Val Loss: 0.0557
2025-12-08 14:17:56.843 | DEBUG    | train:save_checkpoint:587 - Checkpoint saved: models/checkpoints\checkpoint_epoch_50.pth
2025-12-08 14:18:19.349 | INFO     | train:train:548 - Epoch 51/150 - Train Loss: 0.0586, Val Loss: 0.0566
2025-12-08 14:18:44.845 | INFO     | train:train:548 - Epoch 52/150 - Train Loss: 0.0585, Val Loss: 0.0575
2025-12-08 14:19:08.351 | INFO     | train:train:548 - Epoch 53/150 - Train Loss: 0.0571, Val Loss: 0.0582
2025-12-08 14:19:30.119 | INFO     | train:train:548 - Epoch 54/150 - Train Loss: 0.0576, Val Loss: 0.0559
2025-12-08 14:19:52.997 | INFO     | train:train:548 - Epoch 55/150 - Train Loss: 0.0557, Val Loss: 0.0528
2025-12-08 14:19:53.019 | DEBUG    | train:save_checkpoint:587 - Checkpoint saved: models/checkpoints\best_model.pth
2025-12-08 14:19:53.021 | INFO     | train:train:556 - New best model saved! Val Loss: 0.0528
2025-12-08 14:20:14.884 | INFO     | train:train:548 - Epoch 56/150 - Train Loss: 0.0562, Val Loss: 0.0563
2025-12-08 14:20:37.181 | INFO     | train:train:548 - Epoch 57/150 - Train Loss: 0.0560, Val Loss: 0.0541
2025-12-08 14:20:59.040 | INFO     | train:train:548 - Epoch 58/150 - Train Loss: 0.0557, Val Loss: 0.0568
2025-12-08 14:21:19.589 | INFO     | train:train:548 - Epoch 59/150 - Train Loss: 0.0563, Val Loss: 0.0532
2025-12-08 14:21:41.209 | INFO     | train:train:548 - Epoch 60/150 - Train Loss: 0.0555, Val Loss: 0.0557
2025-12-08 14:21:41.220 | DEBUG    | train:save_checkpoint:587 - Checkpoint saved: models/checkpoints\checkpoint_epoch_60.pth
2025-12-08 14:22:02.745 | INFO     | train:train:548 - Epoch 61/150 - Train Loss: 0.0559, Val Loss: 0.0537
2025-12-08 14:22:23.296 | INFO     | train:train:548 - Epoch 62/150 - Train Loss: 0.0552, Val Loss: 0.0547
2025-12-08 14:22:44.332 | INFO     | train:train:548 - Epoch 63/150 - Train Loss: 0.0548, Val Loss: 0.0535
2025-12-08 14:23:05.323 | INFO     | train:train:548 - Epoch 64/150 - Train Loss: 0.0543, Val Loss: 0.0556
2025-12-08 14:23:29.603 | INFO     | train:train:548 - Epoch 65/150 - Train Loss: 0.0535, Val Loss: 0.0552
2025-12-08 14:23:52.893 | INFO     | train:train:548 - Epoch 66/150 - Train Loss: 0.0537, Val Loss: 0.0564
2025-12-08 14:24:14.990 | INFO     | train:train:548 - Epoch 67/150 - Train Loss: 0.0530, Val Loss: 0.0565
2025-12-08 14:24:38.009 | INFO     | train:train:548 - Epoch 68/150 - Train Loss: 0.0533, Val Loss: 0.0537
2025-12-08 14:24:59.219 | INFO     | train:train:548 - Epoch 69/150 - Train Loss: 0.0528, Val Loss: 0.0536
2025-12-08 14:25:20.058 | INFO     | train:train:548 - Epoch 70/150 - Train Loss: 0.0532, Val Loss: 0.0553
2025-12-08 14:25:20.071 | DEBUG    | train:save_checkpoint:587 - Checkpoint saved: models/checkpoints\checkpoint_epoch_70.pth
2025-12-08 14:25:41.474 | INFO     | train:train:548 - Epoch 71/150 - Train Loss: 0.0527, Val Loss: 0.0547
2025-12-08 14:26:03.023 | INFO     | train:train:548 - Epoch 72/150 - Train Loss: 0.0515, Val Loss: 0.0540
2025-12-08 14:26:23.385 | INFO     | train:train:548 - Epoch 73/150 - Train Loss: 0.0522, Val Loss: 0.0548
2025-12-08 14:26:55.918 | INFO     | train:train:548 - Epoch 74/150 - Train Loss: 0.0512, Val Loss: 0.0556
2025-12-08 14:27:16.389 | INFO     | train:train:548 - Epoch 75/150 - Train Loss: 0.0518, Val Loss: 0.0533
2025-12-08 14:27:37.424 | INFO     | train:train:548 - Epoch 76/150 - Train Loss: 0.0514, Val Loss: 0.0538
2025-12-08 14:27:57.658 | INFO     | train:train:548 - Epoch 77/150 - Train Loss: 0.0512, Val Loss: 0.0548
2025-12-08 14:28:17.987 | INFO     | train:train:548 - Epoch 78/150 - Train Loss: 0.0514, Val Loss: 0.0547
2025-12-08 14:28:38.966 | INFO     | train:train:548 - Epoch 79/150 - Train Loss: 0.0509, Val Loss: 0.0538
2025-12-08 14:28:59.874 | INFO     | train:train:548 - Epoch 80/150 - Train Loss: 0.0491, Val Loss: 0.0543
2025-12-08 14:29:00.203 | DEBUG    | train:save_checkpoint:587 - Checkpoint saved: models/checkpoints\checkpoint_epoch_80.pth
2025-12-08 14:29:21.614 | INFO     | train:train:548 - Epoch 81/150 - Train Loss: 0.0505, Val Loss: 0.0550
2025-12-08 14:29:42.900 | INFO     | train:train:548 - Epoch 82/150 - Train Loss: 0.0500, Val Loss: 0.0526
2025-12-08 14:29:42.916 | DEBUG    | train:save_checkpoint:587 - Checkpoint saved: models/checkpoints\best_model.pth
2025-12-08 14:29:42.916 | INFO     | train:train:556 - New best model saved! Val Loss: 0.0526
2025-12-08 14:30:05.482 | INFO     | train:train:548 - Epoch 83/150 - Train Loss: 0.0498, Val Loss: 0.0544
2025-12-08 14:30:29.064 | INFO     | train:train:548 - Epoch 84/150 - Train Loss: 0.0502, Val Loss: 0.0559
2025-12-08 14:30:51.194 | INFO     | train:train:548 - Epoch 85/150 - Train Loss: 0.0487, Val Loss: 0.0547
2025-12-08 14:31:14.228 | INFO     | train:train:548 - Epoch 86/150 - Train Loss: 0.0489, Val Loss: 0.0531
2025-12-08 14:31:35.650 | INFO     | train:train:548 - Epoch 87/150 - Train Loss: 0.0492, Val Loss: 0.0535
2025-12-08 14:32:02.343 | INFO     | train:train:548 - Epoch 88/150 - Train Loss: 0.0486, Val Loss: 0.0544
2025-12-08 14:32:23.937 | INFO     | train:train:548 - Epoch 89/150 - Train Loss: 0.0487, Val Loss: 0.0541
2025-12-08 14:32:45.180 | INFO     | train:train:548 - Epoch 90/150 - Train Loss: 0.0486, Val Loss: 0.0538
2025-12-08 14:32:45.196 | DEBUG    | train:save_checkpoint:587 - Checkpoint saved: models/checkpoints\checkpoint_epoch_90.pth
2025-12-08 14:33:05.451 | INFO     | train:train:548 - Epoch 91/150 - Train Loss: 0.0481, Val Loss: 0.0536
2025-12-08 14:33:26.326 | INFO     | train:train:548 - Epoch 92/150 - Train Loss: 0.0477, Val Loss: 0.0537
2025-12-08 14:33:46.374 | INFO     | train:train:548 - Epoch 93/150 - Train Loss: 0.0485, Val Loss: 0.0570
2025-12-08 14:34:06.919 | INFO     | train:train:548 - Epoch 94/150 - Train Loss: 0.0475, Val Loss: 0.0550
2025-12-08 14:34:27.034 | INFO     | train:train:548 - Epoch 95/150 - Train Loss: 0.0482, Val Loss: 0.0548
2025-12-08 14:34:47.834 | INFO     | train:train:548 - Epoch 96/150 - Train Loss: 0.0474, Val Loss: 0.0565
2025-12-08 14:35:07.998 | INFO     | train:train:548 - Epoch 97/150 - Train Loss: 0.0467, Val Loss: 0.0549
2025-12-08 14:35:27.740 | INFO     | train:train:548 - Epoch 98/150 - Train Loss: 0.0476, Val Loss: 0.0552
2025-12-08 14:35:47.704 | INFO     | train:train:548 - Epoch 99/150 - Train Loss: 0.0472, Val Loss: 0.0541
2025-12-08 14:36:07.962 | INFO     | train:train:548 - Epoch 100/150 - Train Loss: 0.0459, Val Loss: 0.0539
2025-12-08 14:36:07.972 | DEBUG    | train:save_checkpoint:587 - Checkpoint saved: models/checkpoints\checkpoint_epoch_100.pth
2025-12-08 14:36:27.789 | INFO     | train:train:548 - Epoch 101/150 - Train Loss: 0.0466, Val Loss: 0.0557
2025-12-08 14:36:48.870 | INFO     | train:train:548 - Epoch 102/150 - Train Loss: 0.0462, Val Loss: 0.0553
2025-12-08 14:37:09.804 | INFO     | train:train:548 - Epoch 103/150 - Train Loss: 0.0458, Val Loss: 0.0561
2025-12-08 14:37:29.670 | INFO     | train:train:548 - Epoch 104/150 - Train Loss: 0.0463, Val Loss: 0.0537
2025-12-08 14:37:50.538 | INFO     | train:train:548 - Epoch 105/150 - Train Loss: 0.0459, Val Loss: 0.0539
2025-12-08 14:38:10.487 | INFO     | train:train:548 - Epoch 106/150 - Train Loss: 0.0455, Val Loss: 0.0543
2025-12-08 14:38:30.075 | INFO     | train:train:548 - Epoch 107/150 - Train Loss: 0.0449, Val Loss: 0.0546
2025-12-08 14:38:50.287 | INFO     | train:train:548 - Epoch 108/150 - Train Loss: 0.0467, Val Loss: 0.0541
2025-12-08 14:39:11.371 | INFO     | train:train:548 - Epoch 109/150 - Train Loss: 0.0461, Val Loss: 0.0531
2025-12-08 14:39:31.179 | INFO     | train:train:548 - Epoch 110/150 - Train Loss: 0.0448, Val Loss: 0.0554
2025-12-08 14:39:31.194 | DEBUG    | train:save_checkpoint:587 - Checkpoint saved: models/checkpoints\checkpoint_epoch_110.pth
2025-12-08 14:39:51.548 | INFO     | train:train:548 - Epoch 111/150 - Train Loss: 0.0449, Val Loss: 0.0532
2025-12-08 14:40:14.364 | INFO     | train:train:548 - Epoch 112/150 - Train Loss: 0.0449, Val Loss: 0.0549
2025-12-08 14:40:34.364 | INFO     | train:train:548 - Epoch 113/150 - Train Loss: 0.0447, Val Loss: 0.0550
2025-12-08 14:40:54.522 | INFO     | train:train:548 - Epoch 114/150 - Train Loss: 0.0448, Val Loss: 0.0543
2025-12-08 14:41:15.293 | INFO     | train:train:548 - Epoch 115/150 - Train Loss: 0.0447, Val Loss: 0.0537
2025-12-08 14:41:35.748 | INFO     | train:train:548 - Epoch 116/150 - Train Loss: 0.0448, Val Loss: 0.0544
2025-12-08 14:42:07.811 | INFO     | train:train:548 - Epoch 117/150 - Train Loss: 0.0450, Val Loss: 0.0532
2025-12-08 14:42:27.578 | INFO     | train:train:548 - Epoch 118/150 - Train Loss: 0.0444, Val Loss: 0.0530
2025-12-08 14:42:47.731 | INFO     | train:train:548 - Epoch 119/150 - Train Loss: 0.0437, Val Loss: 0.0524
2025-12-08 14:42:47.741 | DEBUG    | train:save_checkpoint:587 - Checkpoint saved: models/checkpoints\best_model.pth
2025-12-08 14:42:47.741 | INFO     | train:train:556 - New best model saved! Val Loss: 0.0524
2025-12-08 14:43:08.046 | INFO     | train:train:548 - Epoch 120/150 - Train Loss: 0.0446, Val Loss: 0.0525
2025-12-08 14:43:08.091 | DEBUG    | train:save_checkpoint:587 - Checkpoint saved: models/checkpoints\checkpoint_epoch_120.pth
2025-12-08 14:43:28.609 | INFO     | train:train:548 - Epoch 121/150 - Train Loss: 0.0438, Val Loss: 0.0534
2025-12-08 14:43:49.210 | INFO     | train:train:548 - Epoch 122/150 - Train Loss: 0.0449, Val Loss: 0.0536
2025-12-08 14:44:10.456 | INFO     | train:train:548 - Epoch 123/150 - Train Loss: 0.0439, Val Loss: 0.0529
2025-12-08 14:44:31.649 | INFO     | train:train:548 - Epoch 124/150 - Train Loss: 0.0445, Val Loss: 0.0527
2025-12-08 14:44:57.355 | INFO     | train:train:548 - Epoch 125/150 - Train Loss: 0.0443, Val Loss: 0.0528
2025-12-08 14:45:17.282 | INFO     | train:train:548 - Epoch 126/150 - Train Loss: 0.0444, Val Loss: 0.0522
2025-12-08 14:45:17.608 | DEBUG    | train:save_checkpoint:587 - Checkpoint saved: models/checkpoints\best_model.pth
2025-12-08 14:45:17.609 | INFO     | train:train:556 - New best model saved! Val Loss: 0.0522
2025-12-08 14:45:37.743 | INFO     | train:train:548 - Epoch 127/150 - Train Loss: 0.0434, Val Loss: 0.0528
2025-12-08 14:45:58.749 | INFO     | train:train:548 - Epoch 128/150 - Train Loss: 0.0438, Val Loss: 0.0534
2025-12-08 14:46:19.245 | INFO     | train:train:548 - Epoch 129/150 - Train Loss: 0.0438, Val Loss: 0.0545
2025-12-08 14:46:40.037 | INFO     | train:train:548 - Epoch 130/150 - Train Loss: 0.0436, Val Loss: 0.0527
2025-12-08 14:46:40.049 | DEBUG    | train:save_checkpoint:587 - Checkpoint saved: models/checkpoints\checkpoint_epoch_130.pth
2025-12-08 14:47:00.290 | INFO     | train:train:548 - Epoch 131/150 - Train Loss: 0.0434, Val Loss: 0.0530
2025-12-08 14:47:19.929 | INFO     | train:train:548 - Epoch 132/150 - Train Loss: 0.0439, Val Loss: 0.0530
2025-12-08 14:47:40.701 | INFO     | train:train:548 - Epoch 133/150 - Train Loss: 0.0437, Val Loss: 0.0537
2025-12-08 14:48:01.015 | INFO     | train:train:548 - Epoch 134/150 - Train Loss: 0.0435, Val Loss: 0.0534
2025-12-08 14:48:20.686 | INFO     | train:train:548 - Epoch 135/150 - Train Loss: 0.0437, Val Loss: 0.0530
2025-12-08 14:48:40.905 | INFO     | train:train:548 - Epoch 136/150 - Train Loss: 0.0433, Val Loss: 0.0533
2025-12-08 14:49:01.767 | INFO     | train:train:548 - Epoch 137/150 - Train Loss: 0.0434, Val Loss: 0.0539
2025-12-08 14:49:22.553 | INFO     | train:train:548 - Epoch 138/150 - Train Loss: 0.0435, Val Loss: 0.0535
2025-12-08 14:49:42.936 | INFO     | train:train:548 - Epoch 139/150 - Train Loss: 0.0435, Val Loss: 0.0530
2025-12-08 14:50:03.252 | INFO     | train:train:548 - Epoch 140/150 - Train Loss: 0.0424, Val Loss: 0.0530
2025-12-08 14:50:03.263 | DEBUG    | train:save_checkpoint:587 - Checkpoint saved: models/checkpoints\checkpoint_epoch_140.pth
2025-12-08 14:50:23.897 | INFO     | train:train:548 - Epoch 141/150 - Train Loss: 0.0433, Val Loss: 0.0526
2025-12-08 14:50:49.867 | INFO     | train:train:548 - Epoch 142/150 - Train Loss: 0.0430, Val Loss: 0.0526
2025-12-08 14:51:12.204 | INFO     | train:train:548 - Epoch 143/150 - Train Loss: 0.0434, Val Loss: 0.0535
2025-12-08 14:51:33.534 | INFO     | train:train:548 - Epoch 144/150 - Train Loss: 0.0430, Val Loss: 0.0540
2025-12-08 14:51:54.653 | INFO     | train:train:548 - Epoch 145/150 - Train Loss: 0.0432, Val Loss: 0.0529
2025-12-08 14:52:16.316 | INFO     | train:train:548 - Epoch 146/150 - Train Loss: 0.0429, Val Loss: 0.0536
2025-12-08 14:52:37.172 | INFO     | train:train:548 - Epoch 147/150 - Train Loss: 0.0438, Val Loss: 0.0541
2025-12-08 14:52:58.637 | INFO     | train:train:548 - Epoch 148/150 - Train Loss: 0.0425, Val Loss: 0.0534
2025-12-08 14:53:19.843 | INFO     | train:train:548 - Epoch 149/150 - Train Loss: 0.0431, Val Loss: 0.0539
2025-12-08 14:53:41.424 | INFO     | train:train:548 - Epoch 150/150 - Train Loss: 0.0428, Val Loss: 0.0530
2025-12-08 14:53:41.438 | DEBUG    | train:save_checkpoint:587 - Checkpoint saved: models/checkpoints\checkpoint_epoch_150.pth
2025-12-08 14:53:41.439 | INFO     | train:train:569 - Training completed!
2025-12-08 14:53:41.864 | INFO     | train:plot_training_history:602 - Training history plot saved: logs\training_history.png
2025-12-08 14:53:41.883 | INFO     | train:main:626 - Training script completed successfully!
