2025-12-08 12:10:58.333 | INFO     | src.config_loader:load_config:62 - Loading configuration from: config.yaml
2025-12-08 12:10:58.350 | DEBUG    | src.config_loader:load_config:72 - Ensured directory exists: models
2025-12-08 12:10:58.351 | DEBUG    | src.config_loader:load_config:72 - Ensured directory exists: models/checkpoints
2025-12-08 12:10:58.351 | DEBUG    | src.config_loader:load_config:72 - Ensured directory exists: models/pretrained
2025-12-08 12:10:58.351 | DEBUG    | src.config_loader:load_config:72 - Ensured directory exists: models/embeddings
2025-12-08 12:10:58.352 | DEBUG    | src.config_loader:load_config:72 - Ensured directory exists: logs
2025-12-08 12:10:58.353 | DEBUG    | src.config_loader:load_config:72 - Ensured directory exists: temp
2025-12-08 12:10:58.353 | INFO     | src.config_loader:load_config:74 - Configuration loaded successfully
2025-12-08 12:10:58.353 | INFO     | train:__init__:35 - Using device: cpu
2025-12-08 12:10:58.354 | INFO     | src.keystroke_preprocessing:__init__:34 - KeystrokePreprocessor initialized
2025-12-08 12:10:58.354 | INFO     | train:load_data:51 - Loading dataset...
2025-12-08 12:10:58.354 | INFO     | src.keystroke_preprocessing:load_dsl_dataset:46 - Loading DSL dataset from: Dataset\DSL-StrongPasswordData-Original_Dataset.xls
2025-12-08 12:11:00.530 | INFO     | src.keystroke_preprocessing:load_dsl_dataset:59 - Loaded dataset: 20400 samples, 34 features
2025-12-08 12:11:00.532 | INFO     | src.keystroke_preprocessing:load_dsl_dataset:60 - Subjects: 51
2025-12-08 12:11:00.532 | INFO     | src.keystroke_preprocessing:split_by_subject:311 - Splitting dataset by subject...
2025-12-08 12:11:00.538 | INFO     | src.keystroke_preprocessing:split_by_subject:331 - Split: Train=12000 (30 subjects), Val=4000 (10 subjects), Test=4400 (11 subjects)
2025-12-08 12:11:00.540 | INFO     | train:load_data:70 - Preprocessing training data...
2025-12-08 12:11:00.541 | INFO     | src.keystroke_preprocessing:preprocess_pipeline:268 - Running preprocessing pipeline...
2025-12-08 12:11:00.541 | INFO     | src.keystroke_preprocessing:extract_timing_features:83 - Extracting timing features...
2025-12-08 12:11:00.550 | INFO     | src.keystroke_preprocessing:extract_timing_features:112 - Extracted 31 timing features
2025-12-08 12:11:00.550 | INFO     | src.keystroke_preprocessing:extract_timing_features:113 - Feature types: 11 hold, 10 DD, 10 UD
2025-12-08 12:11:00.556 | INFO     | src.keystroke_preprocessing:handle_outliers:197 - Handling outliers...
2025-12-08 12:11:00.591 | INFO     | src.keystroke_preprocessing:handle_outliers:205 - Clipped 4407 outlier values
2025-12-08 12:11:00.599 | INFO     | src.keystroke_preprocessing:compute_statistical_features:131 - Computing statistical features...
2025-12-08 12:11:00.681 | INFO     | src.keystroke_preprocessing:compute_statistical_features:156 - Added 7 statistical features
2025-12-08 12:11:00.682 | INFO     | src.keystroke_preprocessing:normalize_features:173 - Fitting scaler on training data...
2025-12-08 12:11:00.739 | INFO     | src.keystroke_preprocessing:augment_data:225 - Augmenting data with factor 2...
2025-12-08 12:11:00.831 | INFO     | src.keystroke_preprocessing:augment_data:250 - Augmented dataset: 12000 -> 24000 samples
2025-12-08 12:11:01.071 | INFO     | src.keystroke_preprocessing:preprocess_pipeline:293 - Preprocessing complete: torch.Size([24000, 38])
2025-12-08 12:11:01.080 | INFO     | train:load_data:75 - Preprocessing validation data...
2025-12-08 12:11:01.080 | INFO     | src.keystroke_preprocessing:preprocess_pipeline:268 - Running preprocessing pipeline...
2025-12-08 12:11:01.080 | INFO     | src.keystroke_preprocessing:extract_timing_features:83 - Extracting timing features...
2025-12-08 12:11:01.083 | INFO     | src.keystroke_preprocessing:extract_timing_features:112 - Extracted 31 timing features
2025-12-08 12:11:01.083 | INFO     | src.keystroke_preprocessing:extract_timing_features:113 - Feature types: 11 hold, 10 DD, 10 UD
2025-12-08 12:11:01.087 | INFO     | src.keystroke_preprocessing:handle_outliers:197 - Handling outliers...
2025-12-08 12:11:01.100 | INFO     | src.keystroke_preprocessing:handle_outliers:205 - Clipped 2093 outlier values
2025-12-08 12:11:01.101 | INFO     | src.keystroke_preprocessing:compute_statistical_features:131 - Computing statistical features...
2025-12-08 12:11:01.191 | INFO     | src.keystroke_preprocessing:compute_statistical_features:156 - Added 7 statistical features
2025-12-08 12:11:01.200 | INFO     | src.keystroke_preprocessing:preprocess_pipeline:293 - Preprocessing complete: torch.Size([4000, 38])
2025-12-08 12:11:01.201 | INFO     | train:load_data:80 - Preprocessing test data...
2025-12-08 12:11:01.202 | INFO     | src.keystroke_preprocessing:preprocess_pipeline:268 - Running preprocessing pipeline...
2025-12-08 12:11:01.202 | INFO     | src.keystroke_preprocessing:extract_timing_features:83 - Extracting timing features...
2025-12-08 12:11:01.207 | INFO     | src.keystroke_preprocessing:extract_timing_features:112 - Extracted 31 timing features
2025-12-08 12:11:01.208 | INFO     | src.keystroke_preprocessing:extract_timing_features:113 - Feature types: 11 hold, 10 DD, 10 UD
2025-12-08 12:11:01.218 | INFO     | src.keystroke_preprocessing:handle_outliers:197 - Handling outliers...
2025-12-08 12:11:01.252 | INFO     | src.keystroke_preprocessing:handle_outliers:205 - Clipped 1941 outlier values
2025-12-08 12:11:01.252 | INFO     | src.keystroke_preprocessing:compute_statistical_features:131 - Computing statistical features...
2025-12-08 12:11:01.285 | INFO     | src.keystroke_preprocessing:compute_statistical_features:156 - Added 7 statistical features
2025-12-08 12:11:01.290 | INFO     | src.keystroke_preprocessing:preprocess_pipeline:293 - Preprocessing complete: torch.Size([4400, 38])
2025-12-08 12:11:01.302 | INFO     | train:load_data:111 - Data loaded: Train=24000, Val=4000, Test=4400
2025-12-08 12:11:01.303 | INFO     | train:build_model:118 - Building model...
2025-12-08 12:11:01.316 | INFO     | src.keystroke_embedding:__init__:69 - KeystrokeEmbeddingModel initialized: 38 -> 128
2025-12-08 12:11:01.317 | INFO     | src.keystroke_embedding:__init__:70 - Architecture: [256, 512, 256, 128]
2025-12-08 12:11:02.751 | INFO     | train:build_model:160 - Model built with 324608 parameters
2025-12-08 12:11:02.751 | INFO     | train:train:282 - Starting training...
2025-12-08 12:11:30.848 | INFO     | train:train:299 - Epoch 1/100 - Train Loss: 0.0936, Val Loss: 0.0056
2025-12-08 12:11:30.869 | DEBUG    | train:save_checkpoint:338 - Checkpoint saved: models/checkpoints\best_model.pth
2025-12-08 12:11:30.869 | INFO     | train:train:307 - New best model saved! Val Loss: 0.0056
2025-12-08 12:12:14.955 | INFO     | train:train:299 - Epoch 2/100 - Train Loss: 0.0625, Val Loss: 0.0036
2025-12-08 12:12:14.972 | DEBUG    | train:save_checkpoint:338 - Checkpoint saved: models/checkpoints\best_model.pth
2025-12-08 12:12:14.973 | INFO     | train:train:307 - New best model saved! Val Loss: 0.0036
2025-12-08 12:12:40.011 | INFO     | train:train:299 - Epoch 3/100 - Train Loss: 0.0522, Val Loss: 0.0027
2025-12-08 12:12:40.023 | DEBUG    | train:save_checkpoint:338 - Checkpoint saved: models/checkpoints\best_model.pth
2025-12-08 12:12:40.023 | INFO     | train:train:307 - New best model saved! Val Loss: 0.0027
2025-12-08 12:13:05.094 | INFO     | train:train:299 - Epoch 4/100 - Train Loss: 0.0467, Val Loss: 0.0029
2025-12-08 12:13:39.726 | INFO     | train:train:299 - Epoch 5/100 - Train Loss: 0.0458, Val Loss: 0.0036
2025-12-08 12:14:04.786 | INFO     | train:train:299 - Epoch 6/100 - Train Loss: 0.0430, Val Loss: 0.0033
2025-12-08 12:14:27.796 | INFO     | train:train:299 - Epoch 7/100 - Train Loss: 0.0417, Val Loss: 0.0040
2025-12-08 12:14:51.311 | INFO     | train:train:299 - Epoch 8/100 - Train Loss: 0.0396, Val Loss: 0.0040
2025-12-08 12:15:14.035 | INFO     | train:train:299 - Epoch 9/100 - Train Loss: 0.0374, Val Loss: 0.0044
2025-12-08 12:15:45.439 | INFO     | train:train:299 - Epoch 10/100 - Train Loss: 0.0378, Val Loss: 0.0035
2025-12-08 12:15:45.455 | DEBUG    | train:save_checkpoint:338 - Checkpoint saved: models/checkpoints\checkpoint_epoch_10.pth
2025-12-08 12:16:08.861 | INFO     | train:train:299 - Epoch 11/100 - Train Loss: 0.0372, Val Loss: 0.0042
2025-12-08 12:16:32.017 | INFO     | train:train:299 - Epoch 12/100 - Train Loss: 0.0392, Val Loss: 0.0035
2025-12-08 12:16:59.615 | INFO     | train:train:299 - Epoch 13/100 - Train Loss: 0.0363, Val Loss: 0.0051
2025-12-08 12:17:24.186 | INFO     | train:train:299 - Epoch 14/100 - Train Loss: 0.0339, Val Loss: 0.0048
2025-12-08 12:17:50.418 | INFO     | train:train:299 - Epoch 15/100 - Train Loss: 0.0352, Val Loss: 0.0051
2025-12-08 12:18:12.637 | INFO     | train:train:299 - Epoch 16/100 - Train Loss: 0.0362, Val Loss: 0.0055
2025-12-08 12:18:35.078 | INFO     | train:train:299 - Epoch 17/100 - Train Loss: 0.0340, Val Loss: 0.0054
2025-12-08 12:18:58.200 | INFO     | train:train:299 - Epoch 18/100 - Train Loss: 0.0362, Val Loss: 0.0030
2025-12-08 12:19:21.142 | INFO     | train:train:299 - Epoch 19/100 - Train Loss: 0.0316, Val Loss: 0.0049
2025-12-08 12:19:44.783 | INFO     | train:train:299 - Epoch 20/100 - Train Loss: 0.0330, Val Loss: 0.0038
2025-12-08 12:19:44.798 | DEBUG    | train:save_checkpoint:338 - Checkpoint saved: models/checkpoints\checkpoint_epoch_20.pth
2025-12-08 12:20:11.643 | INFO     | train:train:299 - Epoch 21/100 - Train Loss: 0.0325, Val Loss: 0.0055
2025-12-08 12:20:43.587 | INFO     | train:train:299 - Epoch 22/100 - Train Loss: 0.0325, Val Loss: 0.0042
2025-12-08 12:21:17.805 | INFO     | train:train:299 - Epoch 23/100 - Train Loss: 0.0313, Val Loss: 0.0042
2025-12-08 12:21:53.469 | INFO     | train:train:299 - Epoch 24/100 - Train Loss: 0.0305, Val Loss: 0.0050
2025-12-08 12:22:21.399 | INFO     | train:train:299 - Epoch 25/100 - Train Loss: 0.0311, Val Loss: 0.0047
2025-12-08 12:22:51.066 | INFO     | train:train:299 - Epoch 26/100 - Train Loss: 0.0329, Val Loss: 0.0044
2025-12-08 12:23:21.072 | INFO     | train:train:299 - Epoch 27/100 - Train Loss: 0.0312, Val Loss: 0.0042
2025-12-08 12:23:55.531 | INFO     | train:train:299 - Epoch 28/100 - Train Loss: 0.0289, Val Loss: 0.0054
2025-12-08 12:24:37.071 | INFO     | train:train:299 - Epoch 29/100 - Train Loss: 0.0296, Val Loss: 0.0041
2025-12-08 12:25:09.858 | INFO     | train:train:299 - Epoch 30/100 - Train Loss: 0.0294, Val Loss: 0.0062
2025-12-08 12:25:09.873 | DEBUG    | train:save_checkpoint:338 - Checkpoint saved: models/checkpoints\checkpoint_epoch_30.pth
2025-12-08 12:25:47.057 | INFO     | train:train:299 - Epoch 31/100 - Train Loss: 0.0282, Val Loss: 0.0041
2025-12-08 12:26:23.253 | INFO     | train:train:299 - Epoch 32/100 - Train Loss: 0.0298, Val Loss: 0.0041
2025-12-08 12:27:11.325 | INFO     | train:train:299 - Epoch 33/100 - Train Loss: 0.0281, Val Loss: 0.0034
2025-12-08 12:27:11.326 | INFO     | train:train:313 - Early stopping triggered after 33 epochs
2025-12-08 12:27:11.326 | INFO     | train:train:320 - Training completed!
2025-12-08 12:27:11.754 | INFO     | train:plot_training_history:353 - Training history plot saved: logs\training_history.png
2025-12-08 12:27:11.768 | INFO     | train:main:377 - Training script completed successfully!
