2025-12-08 16:59:27.045 | INFO     | src.config_loader:load_config:76 - Loading configuration from: config.yaml
2025-12-08 16:59:27.076 | DEBUG    | src.config_loader:validate_config:131 - Configuration validation passed
2025-12-08 16:59:27.078 | INFO     | src.config_loader:load_config:86 - Configuration loaded successfully
2025-12-08 16:59:27.080 | INFO     | __main__:__init__:35 - Using device: cpu
2025-12-08 16:59:27.082 | INFO     | src.mouse_preprocessing:__init__:39 - MousePreprocessor initialized
2025-12-08 16:59:27.083 | INFO     | __main__:load_data:52 - Loading Balabit dataset...
2025-12-08 16:59:27.083 | INFO     | src.mouse_preprocessing:load_balabit_dataset:54 - Loading Balabit dataset from: Dataset/training_files
2025-12-08 16:59:27.100 | INFO     | src.mouse_preprocessing:load_balabit_dataset:70 - Loaded 10 users with 60 sessions
2025-12-08 16:59:27.117 | INFO     | src.mouse_preprocessing:load_balabit_dataset:76 - Loaded 816 labels
2025-12-08 16:59:27.126 | INFO     | src.mouse_preprocessing:split_by_user:556 - Split: 6 train, 2 val, 2 test users
2025-12-08 16:59:27.126 | INFO     | __main__:load_data:68 - Preprocessing training data...
2025-12-08 16:59:27.128 | INFO     | src.mouse_preprocessing:preprocess_pipeline:574 - Running preprocessing pipeline...
2025-12-08 16:59:27.160 | DEBUG    | src.mouse_preprocessing:preprocess_pipeline:580 - Processing user user9 (1/6)
2025-12-08 17:00:12.607 | DEBUG    | src.mouse_preprocessing:preprocess_pipeline:580 - Processing user user29 (2/6)
2025-12-08 17:01:09.375 | DEBUG    | src.mouse_preprocessing:preprocess_pipeline:580 - Processing user user7 (3/6)
2025-12-08 17:04:00.296 | DEBUG    | src.mouse_preprocessing:preprocess_pipeline:580 - Processing user user15 (4/6)
2025-12-08 17:05:08.254 | DEBUG    | src.mouse_preprocessing:preprocess_pipeline:580 - Processing user user20 (5/6)
2025-12-08 17:06:48.692 | DEBUG    | src.mouse_preprocessing:preprocess_pipeline:580 - Processing user user12 (6/6)
2025-12-08 17:08:16.616 | INFO     | src.mouse_preprocessing:preprocess_pipeline:597 - Extracted features: (27172, 32), Labels: (27172,)
2025-12-08 17:08:16.757 | INFO     | src.mouse_preprocessing:normalize_features:495 - Feature scaler fitted
2025-12-08 17:08:16.870 | INFO     | __main__:load_data:73 - Preprocessing validation data...
2025-12-08 17:08:16.871 | INFO     | src.mouse_preprocessing:preprocess_pipeline:574 - Running preprocessing pipeline...
2025-12-08 17:08:16.871 | DEBUG    | src.mouse_preprocessing:preprocess_pipeline:580 - Processing user user16 (1/2)
2025-12-08 17:09:54.086 | DEBUG    | src.mouse_preprocessing:preprocess_pipeline:580 - Processing user user23 (2/2)
2025-12-08 17:10:50.100 | INFO     | src.mouse_preprocessing:preprocess_pipeline:597 - Extracted features: (7273, 32), Labels: (7273,)
2025-12-08 17:10:50.111 | INFO     | __main__:load_data:78 - Preprocessing test data...
2025-12-08 17:10:50.112 | INFO     | src.mouse_preprocessing:preprocess_pipeline:574 - Running preprocessing pipeline...
2025-12-08 17:10:50.112 | DEBUG    | src.mouse_preprocessing:preprocess_pipeline:580 - Processing user user35 (1/2)
2025-12-08 17:12:02.085 | DEBUG    | src.mouse_preprocessing:preprocess_pipeline:580 - Processing user user21 (2/2)
2025-12-08 17:13:16.327 | INFO     | src.mouse_preprocessing:preprocess_pipeline:597 - Extracted features: (4478, 32), Labels: (4478,)
2025-12-08 17:13:16.398 | INFO     | __main__:load_data:109 - Data loaded: Train=27172, Val=7273, Test=4478
2025-12-08 17:13:16.404 | INFO     | __main__:build_model:116 - Building model...
2025-12-08 17:13:16.447 | INFO     | src.mouse_embedding:__init__:73 - MouseEmbeddingModel initialized: 32 -> 128
2025-12-08 17:13:16.480 | INFO     | src.mouse_embedding:__init__:74 - Architecture: [256, 512, 512, 256, 128]
2025-12-08 17:13:16.482 | INFO     | src.mouse_embedding:__init__:75 - Total parameters: 586752
2025-12-08 17:13:18.871 | INFO     | __main__:build_model:165 - Model built with 586752 parameters
2025-12-08 17:13:18.872 | INFO     | __main__:train:275 - Starting training...
2025-12-08 17:14:58.218 | INFO     | __main__:train:292 - Epoch 1/200 - Train Loss: 2.1802, Val Loss: 0.0088
2025-12-08 17:14:58.270 | DEBUG    | __main__:save_checkpoint:339 - Checkpoint saved: models/checkpoints\best_model.pth
2025-12-08 17:14:58.272 | INFO     | __main__:train:306 - New best model saved! Val Loss: 0.0088
2025-12-08 17:16:55.703 | INFO     | __main__:train:292 - Epoch 2/200 - Train Loss: 2.0783, Val Loss: 0.0088
2025-12-08 17:17:57.858 | INFO     | __main__:train:292 - Epoch 3/200 - Train Loss: 2.0418, Val Loss: 0.0088
2025-12-08 17:18:52.004 | INFO     | __main__:train:292 - Epoch 4/200 - Train Loss: 2.0292, Val Loss: 0.0088
2025-12-08 17:18:52.030 | DEBUG    | __main__:save_checkpoint:339 - Checkpoint saved: models/checkpoints\best_model.pth
2025-12-08 17:18:52.031 | INFO     | __main__:train:306 - New best model saved! Val Loss: 0.0088
2025-12-08 17:19:47.703 | INFO     | __main__:train:292 - Epoch 5/200 - Train Loss: 2.0225, Val Loss: 0.0088
2025-12-08 17:20:47.206 | INFO     | __main__:train:292 - Epoch 6/200 - Train Loss: 2.0179, Val Loss: 0.0088
2025-12-08 17:21:41.342 | INFO     | __main__:train:292 - Epoch 7/200 - Train Loss: 2.0140, Val Loss: 0.0088
2025-12-08 17:22:35.382 | INFO     | __main__:train:292 - Epoch 8/200 - Train Loss: 2.0110, Val Loss: 0.0088
2025-12-08 17:23:29.216 | INFO     | __main__:train:292 - Epoch 9/200 - Train Loss: 2.0082, Val Loss: 0.0088
2025-12-08 17:24:24.208 | INFO     | __main__:train:292 - Epoch 10/200 - Train Loss: 2.0057, Val Loss: 0.0088
2025-12-08 17:24:24.232 | DEBUG    | __main__:save_checkpoint:339 - Checkpoint saved: models/checkpoints\checkpoint_epoch_10.pth
2025-12-08 17:25:18.870 | INFO     | __main__:train:292 - Epoch 11/200 - Train Loss: 2.0035, Val Loss: 0.0088
2025-12-08 17:25:18.894 | DEBUG    | __main__:save_checkpoint:339 - Checkpoint saved: models/checkpoints\best_model.pth
2025-12-08 17:25:18.894 | INFO     | __main__:train:306 - New best model saved! Val Loss: 0.0088
2025-12-08 17:26:14.443 | INFO     | __main__:train:292 - Epoch 12/200 - Train Loss: 2.0018, Val Loss: 0.0088
2025-12-08 17:27:20.479 | INFO     | __main__:train:292 - Epoch 13/200 - Train Loss: 2.0007, Val Loss: 0.0088
2025-12-08 17:28:15.964 | INFO     | __main__:train:292 - Epoch 14/200 - Train Loss: 1.9981, Val Loss: 0.0088
2025-12-08 17:29:11.559 | INFO     | __main__:train:292 - Epoch 15/200 - Train Loss: 2.0004, Val Loss: 0.0088
2025-12-08 17:30:06.488 | INFO     | __main__:train:292 - Epoch 16/200 - Train Loss: 2.0004, Val Loss: 0.0088
2025-12-08 17:31:02.079 | INFO     | __main__:train:292 - Epoch 17/200 - Train Loss: 2.0004, Val Loss: 0.0088
2025-12-08 17:31:58.597 | INFO     | __main__:train:292 - Epoch 18/200 - Train Loss: 2.0004, Val Loss: 0.0088
2025-12-08 17:32:53.435 | INFO     | __main__:train:292 - Epoch 19/200 - Train Loss: 2.0003, Val Loss: 0.0088
2025-12-08 17:33:48.218 | INFO     | __main__:train:292 - Epoch 20/200 - Train Loss: 2.0003, Val Loss: 0.0088
2025-12-08 17:33:48.246 | DEBUG    | __main__:save_checkpoint:339 - Checkpoint saved: models/checkpoints\checkpoint_epoch_20.pth
2025-12-08 17:34:43.455 | INFO     | __main__:train:292 - Epoch 21/200 - Train Loss: 1.9978, Val Loss: 0.0088
2025-12-08 17:35:37.900 | INFO     | __main__:train:292 - Epoch 22/200 - Train Loss: 1.9977, Val Loss: 0.0088
2025-12-08 17:36:33.324 | INFO     | __main__:train:292 - Epoch 23/200 - Train Loss: 1.9977, Val Loss: 0.0088
2025-12-08 17:37:59.249 | INFO     | __main__:train:292 - Epoch 24/200 - Train Loss: 2.0000, Val Loss: 0.0088
2025-12-08 17:38:57.847 | INFO     | __main__:train:292 - Epoch 25/200 - Train Loss: 1.9977, Val Loss: 0.0088
2025-12-08 17:40:21.844 | INFO     | __main__:train:292 - Epoch 26/200 - Train Loss: 2.0000, Val Loss: 0.0088
2025-12-08 17:44:43.805 | INFO     | __main__:train:292 - Epoch 27/200 - Train Loss: 2.0000, Val Loss: 0.0088
2025-12-08 17:47:20.319 | INFO     | __main__:train:292 - Epoch 28/200 - Train Loss: 1.9977, Val Loss: 0.0088
2025-12-08 17:49:22.152 | INFO     | __main__:train:292 - Epoch 29/200 - Train Loss: 2.0000, Val Loss: 0.0088
2025-12-08 17:50:51.580 | INFO     | __main__:train:292 - Epoch 30/200 - Train Loss: 2.0000, Val Loss: 0.0088
2025-12-08 17:50:51.637 | DEBUG    | __main__:save_checkpoint:339 - Checkpoint saved: models/checkpoints\checkpoint_epoch_30.pth
2025-12-08 17:52:12.785 | INFO     | __main__:train:292 - Epoch 31/200 - Train Loss: 1.9976, Val Loss: 0.0088
2025-12-08 17:53:28.935 | INFO     | __main__:train:292 - Epoch 32/200 - Train Loss: 2.0000, Val Loss: 0.0088
2025-12-08 17:54:46.159 | INFO     | __main__:train:292 - Epoch 33/200 - Train Loss: 2.0000, Val Loss: 0.0088
2025-12-08 17:55:56.021 | INFO     | __main__:train:292 - Epoch 34/200 - Train Loss: 2.0000, Val Loss: 0.0088
2025-12-08 17:58:06.497 | INFO     | __main__:train:292 - Epoch 35/200 - Train Loss: 2.0000, Val Loss: 0.0088
2025-12-08 17:59:36.876 | INFO     | __main__:train:292 - Epoch 36/200 - Train Loss: 2.0000, Val Loss: 0.0088
2025-12-08 18:01:03.120 | INFO     | __main__:train:292 - Epoch 37/200 - Train Loss: 2.0000, Val Loss: 0.0088
2025-12-08 18:03:29.838 | INFO     | __main__:train:292 - Epoch 38/200 - Train Loss: 2.0000, Val Loss: 0.0088
2025-12-08 18:05:35.184 | INFO     | __main__:train:292 - Epoch 39/200 - Train Loss: 2.0000, Val Loss: 0.0088
2025-12-08 18:07:29.880 | INFO     | __main__:train:292 - Epoch 40/200 - Train Loss: 2.0000, Val Loss: 0.0088
2025-12-08 18:07:29.904 | DEBUG    | __main__:save_checkpoint:339 - Checkpoint saved: models/checkpoints\checkpoint_epoch_40.pth
2025-12-08 18:09:31.890 | INFO     | __main__:train:292 - Epoch 41/200 - Train Loss: 2.0000, Val Loss: 0.0088
2025-12-08 18:09:31.891 | INFO     | __main__:train:312 - Early stopping triggered after 41 epochs
2025-12-08 18:09:31.891 | INFO     | __main__:train:319 - Training completed!
2025-12-08 18:09:32.593 | INFO     | __main__:plot_training_history:355 - Training history plot saved: logs\training_history.png
2025-12-08 18:09:32.629 | INFO     | __main__:main:385 - Training script completed successfully!
