2025-12-08 16:05:55.887 | INFO     | src.config_loader:load_config:76 - Loading configuration from: config.yaml
2025-12-08 16:05:55.899 | DEBUG    | src.config_loader:validate_config:131 - Configuration validation passed
2025-12-08 16:05:55.899 | INFO     | src.config_loader:load_config:86 - Configuration loaded successfully
2025-12-08 16:05:55.899 | INFO     | __main__:__init__:35 - Using device: cpu
2025-12-08 16:05:55.899 | INFO     | src.mouse_preprocessing:__init__:39 - MousePreprocessor initialized
2025-12-08 16:05:55.899 | INFO     | __main__:load_data:52 - Loading Balabit dataset...
2025-12-08 16:05:55.906 | INFO     | src.mouse_preprocessing:load_balabit_dataset:54 - Loading Balabit dataset from: Dataset/training_files
2025-12-08 16:05:55.908 | INFO     | src.mouse_preprocessing:load_balabit_dataset:70 - Loaded 10 users with 60 sessions
2025-12-08 16:05:55.914 | INFO     | src.mouse_preprocessing:load_balabit_dataset:76 - Loaded 816 labels
2025-12-08 16:05:55.914 | INFO     | src.mouse_preprocessing:split_by_user:556 - Split: 6 train, 2 val, 2 test users
2025-12-08 16:05:55.915 | INFO     | __main__:load_data:68 - Preprocessing training data...
2025-12-08 16:05:55.915 | INFO     | src.mouse_preprocessing:preprocess_pipeline:574 - Running preprocessing pipeline...
2025-12-08 16:05:55.916 | DEBUG    | src.mouse_preprocessing:preprocess_pipeline:580 - Processing user user29 (1/6)
2025-12-08 16:06:23.633 | DEBUG    | src.mouse_preprocessing:preprocess_pipeline:580 - Processing user user16 (2/6)
2025-12-08 16:07:14.039 | DEBUG    | src.mouse_preprocessing:preprocess_pipeline:580 - Processing user user35 (3/6)
2025-12-08 16:07:34.226 | DEBUG    | src.mouse_preprocessing:preprocess_pipeline:580 - Processing user user23 (4/6)
2025-12-08 16:07:59.946 | DEBUG    | src.mouse_preprocessing:preprocess_pipeline:580 - Processing user user21 (5/6)
2025-12-08 16:08:26.023 | DEBUG    | src.mouse_preprocessing:preprocess_pipeline:580 - Processing user user7 (6/6)
2025-12-08 16:09:48.180 | INFO     | src.mouse_preprocessing:preprocess_pipeline:597 - Extracted features: (22886, 32), Labels: (22886,)
2025-12-08 16:09:48.253 | INFO     | src.mouse_preprocessing:normalize_features:495 - Feature scaler fitted
2025-12-08 16:09:48.307 | INFO     | __main__:load_data:73 - Preprocessing validation data...
2025-12-08 16:09:48.307 | INFO     | src.mouse_preprocessing:preprocess_pipeline:574 - Running preprocessing pipeline...
2025-12-08 16:09:48.308 | DEBUG    | src.mouse_preprocessing:preprocess_pipeline:580 - Processing user user12 (1/2)
2025-12-08 16:10:38.124 | DEBUG    | src.mouse_preprocessing:preprocess_pipeline:580 - Processing user user20 (2/2)
2025-12-08 16:11:35.194 | INFO     | src.mouse_preprocessing:preprocess_pipeline:597 - Extracted features: (10799, 32), Labels: (10799,)
2025-12-08 16:11:35.201 | INFO     | __main__:load_data:78 - Preprocessing test data...
2025-12-08 16:11:35.202 | INFO     | src.mouse_preprocessing:preprocess_pipeline:574 - Running preprocessing pipeline...
2025-12-08 16:11:35.202 | DEBUG    | src.mouse_preprocessing:preprocess_pipeline:580 - Processing user user15 (1/2)
2025-12-08 16:12:18.801 | DEBUG    | src.mouse_preprocessing:preprocess_pipeline:580 - Processing user user9 (2/2)
2025-12-08 16:12:39.924 | INFO     | src.mouse_preprocessing:preprocess_pipeline:597 - Extracted features: (5238, 32), Labels: (5238,)
2025-12-08 16:12:39.942 | INFO     | __main__:load_data:109 - Data loaded: Train=22886, Val=10799, Test=5238
2025-12-08 16:12:39.942 | INFO     | __main__:build_model:116 - Building model...
2025-12-08 16:12:39.957 | INFO     | src.mouse_embedding:__init__:73 - MouseEmbeddingModel initialized: 32 -> 128
2025-12-08 16:12:39.959 | INFO     | src.mouse_embedding:__init__:74 - Architecture: [256, 512, 512, 256, 128]
2025-12-08 16:12:39.960 | INFO     | src.mouse_embedding:__init__:75 - Total parameters: 586752
2025-12-08 16:12:41.001 | INFO     | __main__:build_model:165 - Model built with 586752 parameters
2025-12-08 16:12:41.001 | INFO     | __main__:train:275 - Starting training...
2025-12-08 16:13:08.159 | INFO     | __main__:train:292 - Epoch 1/100 - Train Loss: 1.1905, Val Loss: 0.0029
2025-12-08 16:13:08.177 | DEBUG    | __main__:save_checkpoint:338 - Checkpoint saved: models/checkpoints\best_model.pth
2025-12-08 16:13:08.178 | INFO     | __main__:train:306 - New best model saved! Val Loss: 0.0029
2025-12-08 16:13:35.731 | INFO     | __main__:train:292 - Epoch 2/100 - Train Loss: 1.0971, Val Loss: 0.0030
2025-12-08 16:14:03.344 | INFO     | __main__:train:292 - Epoch 3/100 - Train Loss: 1.0561, Val Loss: 0.0030
2025-12-08 16:14:31.349 | INFO     | __main__:train:292 - Epoch 4/100 - Train Loss: 1.0359, Val Loss: 0.0030
2025-12-08 16:14:59.431 | INFO     | __main__:train:292 - Epoch 5/100 - Train Loss: 1.0278, Val Loss: 0.0030
2025-12-08 16:15:27.028 | INFO     | __main__:train:292 - Epoch 6/100 - Train Loss: 1.0225, Val Loss: 0.0030
2025-12-08 16:15:55.536 | INFO     | __main__:train:292 - Epoch 7/100 - Train Loss: 1.0187, Val Loss: 0.0030
2025-12-08 16:16:24.075 | INFO     | __main__:train:292 - Epoch 8/100 - Train Loss: 1.0155, Val Loss: 0.0030
2025-12-08 16:16:52.277 | INFO     | __main__:train:292 - Epoch 9/100 - Train Loss: 1.0126, Val Loss: 0.0030
2025-12-08 16:17:20.445 | INFO     | __main__:train:292 - Epoch 10/100 - Train Loss: 1.0102, Val Loss: 0.0030
2025-12-08 16:17:20.461 | DEBUG    | __main__:save_checkpoint:338 - Checkpoint saved: models/checkpoints\checkpoint_epoch_10.pth
2025-12-08 16:17:48.980 | INFO     | __main__:train:292 - Epoch 11/100 - Train Loss: 1.0080, Val Loss: 0.0030
2025-12-08 16:18:17.804 | INFO     | __main__:train:292 - Epoch 12/100 - Train Loss: 1.0059, Val Loss: 0.0030
2025-12-08 16:18:46.346 | INFO     | __main__:train:292 - Epoch 13/100 - Train Loss: 1.0041, Val Loss: 0.0030
2025-12-08 16:19:14.894 | INFO     | __main__:train:292 - Epoch 14/100 - Train Loss: 1.0026, Val Loss: 0.0030
2025-12-08 16:19:44.375 | INFO     | __main__:train:292 - Epoch 15/100 - Train Loss: 1.0013, Val Loss: 0.0030
2025-12-08 16:20:13.085 | INFO     | __main__:train:292 - Epoch 16/100 - Train Loss: 1.0006, Val Loss: 0.0030
2025-12-08 16:20:42.221 | INFO     | __main__:train:292 - Epoch 17/100 - Train Loss: 1.0004, Val Loss: 0.0030
2025-12-08 16:21:11.754 | INFO     | __main__:train:292 - Epoch 18/100 - Train Loss: 1.0004, Val Loss: 0.0030
2025-12-08 16:21:40.849 | INFO     | __main__:train:292 - Epoch 19/100 - Train Loss: 1.0004, Val Loss: 0.0030
2025-12-08 16:22:09.706 | INFO     | __main__:train:292 - Epoch 20/100 - Train Loss: 1.0004, Val Loss: 0.0030
2025-12-08 16:22:09.722 | DEBUG    | __main__:save_checkpoint:338 - Checkpoint saved: models/checkpoints\checkpoint_epoch_20.pth
2025-12-08 16:22:39.233 | INFO     | __main__:train:292 - Epoch 21/100 - Train Loss: 1.0004, Val Loss: 0.0030
2025-12-08 16:22:39.233 | INFO     | __main__:train:312 - Early stopping triggered after 21 epochs
2025-12-08 16:22:39.233 | INFO     | __main__:train:319 - Training completed!
2025-12-08 16:22:39.595 | INFO     | __main__:plot_training_history:354 - Training history plot saved: logs\training_history.png
2025-12-08 16:22:39.612 | INFO     | __main__:main:384 - Training script completed successfully!
